<?xml version="1.0" encoding="utf-8"?>
<TestRun id="d72f92aa-2dc1-4c43-897e-85cd38dc87ab" name="2sebo@DESKTOP-OH9J6T6 2026-05-16 14:30:24" runUser="DESKTOP-OH9J6T6\2sebo" xmlns="http://microsoft.com/schemas/VisualStudio/TeamTest/2010">
  <Times creation="2026-05-16T14:30:24.8277143+02:00" queuing="2026-05-16T14:30:24.8277150+02:00" start="2026-05-16T14:30:23.8411140+02:00" finish="2026-05-16T14:30:26.2063207+02:00" />
  <TestSettings name="default" id="f076f257-9c3a-447f-a09f-6868b1dbea70">
    <Deployment runDeploymentRoot="2sebo_DESKTOP-OH9J6T6_2026-05-16_14_30_24" />
  </TestSettings>
  <Results>
    <UnitTestResult executionId="932e5d56-2ac7-41a3-bf97-ff0a3a5bd634" testId="eb5f5590-933e-85bf-0c9a-c64d2bd1bf08" testName="RestAll.Desktop.Tests.Auth.RefreshTokenTests.RefreshTokenAsync_ShouldReturnAnonymous_WhenRefreshFails" computerName="DESKTOP-OH9J6T6" duration="00:00:00.0031517" startTime="2026-05-16T14:30:24.9639838+02:00" endTime="2026-05-16T14:30:24.9639839+02:00" testType="13cdc9d9-ddb5-4fa4-a97d-d965ccfc6d4b" outcome="Passed" testListId="8c84fa94-04c1-424b-9868-57a2d4851a1d" relativeResultsDirectory="932e5d56-2ac7-41a3-bf97-ff0a3a5bd634" />
    <UnitTestResult executionId="b65fed8e-ea4a-484d-88b7-e7004f9dca74" testId="e71a359b-b886-b2f3-6342-5ab3fd03d82f" testName="RestAll.Desktop.Tests.Auth.AuthenticateUserUseCaseTests.LoginAsync_WithValidCredentials_ShouldReturnAuthenticated" computerName="DESKTOP-OH9J6T6" duration="00:00:00.0026672" startTime="2026-05-16T14:30:24.8714461+02:00" endTime="2026-05-16T14:30:24.8714462+02:00" testType="13cdc9d9-ddb5-4fa4-a97d-d965ccfc6d4b" outcome="Passed" testListId="8c84fa94-04c1-424b-9868-57a2d4851a1d" relativeResultsDirectory="b65fed8e-ea4a-484d-88b7-e7004f9dca74" />
    <UnitTestResult executionId="5cbfe4ab-cc77-44e0-b231-88b8537d693e" testId="18ff3271-956f-7d37-33d0-75a89d4af87c" testName="RestAll.Desktop.Tests.ViewModels.KitchenViewModelTests.UpdateTicketStatusCommand_WhenFailure_ShouldSetErrorMessage" computerName="DESKTOP-OH9J6T6" duration="00:00:00.2127504" startTime="2026-05-16T14:30:25.5007398+02:00" endTime="2026-05-16T14:30:25.5007401+02:00" testType="13cdc9d9-ddb5-4fa4-a97d-d965ccfc6d4b" outcome="Passed" testListId="8c84fa94-04c1-424b-9868-57a2d4851a1d" relativeResultsDirectory="5cbfe4ab-cc77-44e0-b231-88b8537d693e" />
    <UnitTestResult executionId="a4c7a39c-6ce7-463f-be49-3afe9a4e2790" testId="fab9048e-fe4e-87e9-8830-11ebd034dcc1" testName="RestAll.Desktop.Tests.Integration.OrdersIntegrationTests.OrderFlow_WithMultipleItems_ShouldWork" computerName="DESKTOP-OH9J6T6" duration="00:00:00.0122567" startTime="2026-05-16T14:30:24.9265983+02:00" endTime="2026-05-16T14:30:24.9265984+02:00" testType="13cdc9d9-ddb5-4fa4-a97d-d965ccfc6d4b" outcome="Passed" testListId="8c84fa94-04c1-424b-9868-57a2d4851a1d" relativeResultsDirectory="a4c7a39c-6ce7-463f-be49-3afe9a4e2790" />
    <UnitTestResult executionId="1a36051b-49fc-4b6c-b9a8-b32ce468a031" testId="b358c46a-376a-458f-fae7-1541d0500793" testName="RestAll.Desktop.Tests.ViewModels.KitchenViewModelTests.Cancel_ShouldCancelCancellationToken" computerName="DESKTOP-OH9J6T6" duration="00:00:00.0001722" startTime="2026-05-16T14:30:25.9305862+02:00" endTime="2026-05-16T14:30:25.9305868+02:00" testType="13cdc9d9-ddb5-4fa4-a97d-d965ccfc6d4b" outcome="Passed" testListId="8c84fa94-04c1-424b-9868-57a2d4851a1d" relativeResultsDirectory="1a36051b-49fc-4b6c-b9a8-b32ce468a031" />
    <UnitTestResult executionId="fcbbac74-b25d-4b18-97ea-da0c1a69b250" testId="2022cbe0-595c-fc5e-fb38-59a531641782" testName="RestAll.Desktop.Tests.Integration.ErrorHandlingIntegrationTests.KitchenGateway_WhenTimeout_ShouldReturnEmptyList" computerName="DESKTOP-OH9J6T6" duration="00:00:00.0017028" startTime="2026-05-16T14:30:24.9684900+02:00" endTime="2026-05-16T14:30:24.9684900+02:00" testType="13cdc9d9-ddb5-4fa4-a97d-d965ccfc6d4b" outcome="Passed" testListId="8c84fa94-04c1-424b-9868-57a2d4851a1d" relativeResultsDirectory="fcbbac74-b25d-4b18-97ea-da0c1a69b250" />
    <UnitTestResult executionId="a28bd986-3cb5-4b19-ad2b-c295940b7155" testId="7c0cdb0c-a25b-9dc8-9e17-82afe0871238" testName="RestAll.Desktop.Tests.ViewModels.OrdersViewModelTests.PayOrderCommand_WhenSuccess_ShouldCallUseCase" computerName="DESKTOP-OH9J6T6" duration="00:00:00.2242501" startTime="2026-05-16T14:30:25.0571035+02:00" endTime="2026-05-16T14:30:25.0571038+02:00" testType="13cdc9d9-ddb5-4fa4-a97d-d965ccfc6d4b" outcome="Passed" testListId="8c84fa94-04c1-424b-9868-57a2d4851a1d" relativeResultsDirectory="a28bd986-3cb5-4b19-ad2b-c295940b7155" />
    <UnitTestResult executionId="ce14b180-7994-4895-9819-2883714fc3e9" testId="75b1eea3-01c8-deae-4344-3f0d37503881" testName="RestAll.Desktop.Tests.ViewModels.OrdersViewModelTests.IsOfflineOrder_WithNegativeId_ShouldReturnTrue" computerName="DESKTOP-OH9J6T6" duration="00:00:00.0003004" startTime="2026-05-16T14:30:26.1304384+02:00" endTime="2026-05-16T14:30:26.1304385+02:00" testType="13cdc9d9-ddb5-4fa4-a97d-d965ccfc6d4b" outcome="Passed" testListId="8c84fa94-04c1-424b-9868-57a2d4851a1d" relativeResultsDirectory="ce14b180-7994-4895-9819-2883714fc3e9" />
    <UnitTestResult executionId="436b702c-9fa5-45ff-a3e8-1cbd2c2dd4c1" testId="f8365682-0c88-de4d-6ef3-b3d327170cc1" testName="RestAll.Desktop.Tests.ViewModels.OrdersViewModelTests.LoadOrdersCommand_WithOfflineOrders_ShouldCountPendingSync" computerName="DESKTOP-OH9J6T6" duration="00:00:00.2148871" startTime="2026-05-16T14:30:25.9164091+02:00" endTime="2026-05-16T14:30:25.9164094+02:00" testType="13cdc9d9-ddb5-4fa4-a97d-d965ccfc6d4b" outcome="Passed" testListId="8c84fa94-04c1-424b-9868-57a2d4851a1d" relativeResultsDirectory="436b702c-9fa5-45ff-a3e8-1cbd2c2dd4c1" />
    <UnitTestResult executionId="14ebab91-086c-4b2f-ae6b-9065c861906e" testId="7e6cbd39-7897-de75-8edd-03d36062dab6" testName="RestAll.Desktop.Tests.Auth.ManageProfileUseCaseTests.GetProfileAsync_ShouldReturnNull_WhenNoSession" computerName="DESKTOP-OH9J6T6" duration="00:00:00.0036395" startTime="2026-05-16T14:30:24.8899501+02:00" endTime="2026-05-16T14:30:24.8899504+02:00" testType="13cdc9d9-ddb5-4fa4-a97d-d965ccfc6d4b" outcome="Passed" testListId="8c84fa94-04c1-424b-9868-57a2d4851a1d" relativeResultsDirectory="14ebab91-086c-4b2f-ae6b-9065c861906e" />
    <UnitTestResult executionId="98480fd3-bcf9-4bec-9c92-8375d6db3786" testId="440c1f56-2774-9818-b3d3-5a7ea53bce27" testName="RestAll.Desktop.Tests.Integration.OrdersIntegrationTests.OrderFlow_WithComments_ShouldWork" computerName="DESKTOP-OH9J6T6" duration="00:00:00.0044427" startTime="2026-05-16T14:30:24.9045193+02:00" endTime="2026-05-16T14:30:24.9045195+02:00" testType="13cdc9d9-ddb5-4fa4-a97d-d965ccfc6d4b" outcome="Passed" testListId="8c84fa94-04c1-424b-9868-57a2d4851a1d" relativeResultsDirectory="98480fd3-bcf9-4bec-9c92-8375d6db3786" />
    <UnitTestResult executionId="2ed81f79-b6e1-4f7f-829b-9cff0a4207ba" testId="a00b6c82-10d7-d2fd-af19-105bbe7eac25" testName="RestAll.Desktop.Tests.Orders.ManageOrdersUseCaseOfflineTests.PayOrderAsync_WithOnlineOrderSuccess_ShouldNotQueue" computerName="DESKTOP-OH9J6T6" duration="00:00:00.0024364" startTime="2026-05-16T14:30:24.9696752+02:00" endTime="2026-05-16T14:30:24.9696753+02:00" testType="13cdc9d9-ddb5-4fa4-a97d-d965ccfc6d4b" outcome="Passed" testListId="8c84fa94-04c1-424b-9868-57a2d4851a1d" relativeResultsDirectory="2ed81f79-b6e1-4f7f-829b-9cff0a4207ba" />
    <UnitTestResult executionId="b14de2fc-9f3e-4686-89eb-aed7e8b4e649" testId="ce055ccd-f62c-54d5-c4a0-e93edd64ef45" testName="RestAll.Desktop.Tests.ViewModels.TablesViewModelTests.IsLoading_WhenSetToTrue_ShouldDisableCommands" computerName="DESKTOP-OH9J6T6" duration="00:00:00.0001536" startTime="2026-05-16T14:30:25.8093070+02:00" endTime="2026-05-16T14:30:25.8093070+02:00" testType="13cdc9d9-ddb5-4fa4-a97d-d965ccfc6d4b" outcome="Passed" testListId="8c84fa94-04c1-424b-9868-57a2d4851a1d" relativeResultsDirectory="b14de2fc-9f3e-4686-89eb-aed7e8b4e649" />
    <UnitTestResult executionId="6b440793-d505-4b46-bbc2-e351aee54a45" testId="e9918ec7-e571-cbfa-4410-ded269d6588e" testName="RestAll.Desktop.Tests.Infrastructure.Sync.SyncManagerTests.EnqueueCreateOrderAsync_ShouldGenerateNegativeId" computerName="DESKTOP-OH9J6T6" duration="00:00:00.0055826" startTime="2026-05-16T14:30:24.8091549+02:00" endTime="2026-05-16T14:30:24.8091551+02:00" testType="13cdc9d9-ddb5-4fa4-a97d-d965ccfc6d4b" outcome="Passed" testListId="8c84fa94-04c1-424b-9868-57a2d4851a1d" relativeResultsDirectory="6b440793-d505-4b46-bbc2-e351aee54a45" />
    <UnitTestResult executionId="4b10df1f-9943-4eaa-9175-012062790551" testId="5c5b73f7-a07d-f1c1-037d-be76a89788f0" testName="RestAll.Desktop.Tests.Auth.RefreshTokenTests.RefreshTokenAsync_ShouldResetState_WhenRefreshFails" computerName="DESKTOP-OH9J6T6" duration="00:00:00.0028297" startTime="2026-05-16T14:30:24.9607855+02:00" endTime="2026-05-16T14:30:24.9607856+02:00" testType="13cdc9d9-ddb5-4fa4-a97d-d965ccfc6d4b" outcome="Passed" testListId="8c84fa94-04c1-424b-9868-57a2d4851a1d" relativeResultsDirectory="4b10df1f-9943-4eaa-9175-012062790551" />
    <UnitTestResult executionId="7946abbe-4640-408d-90dc-61e32d01ab7c" testId="92390520-037f-a359-f78e-be70d3ac16d2" testName="RestAll.Desktop.Tests.Auth.RefreshTokenTests.RefreshTokenAsync_ShouldReturnNewSession_WhenRefreshSucceeds" computerName="DESKTOP-OH9J6T6" duration="00:00:00.0031494" startTime="2026-05-16T14:30:24.9672314+02:00" endTime="2026-05-16T14:30:24.9672315+02:00" testType="13cdc9d9-ddb5-4fa4-a97d-d965ccfc6d4b" outcome="Passed" testListId="8c84fa94-04c1-424b-9868-57a2d4851a1d" relativeResultsDirectory="7946abbe-4640-408d-90dc-61e32d01ab7c" />
    <UnitTestResult executionId="cc416879-c5c9-48e3-b7bd-e89576948ffd" testId="fe89ab32-e15c-7f60-1b46-9174dd7f44d2" testName="RestAll.Desktop.Tests.Integration.OrdersIntegrationTests.FullOrderFlow_ShouldWork" computerName="DESKTOP-OH9J6T6" duration="00:00:00.0097111" startTime="2026-05-16T14:30:24.9142722+02:00" endTime="2026-05-16T14:30:24.9142723+02:00" testType="13cdc9d9-ddb5-4fa4-a97d-d965ccfc6d4b" outcome="Passed" testListId="8c84fa94-04c1-424b-9868-57a2d4851a1d" relativeResultsDirectory="cc416879-c5c9-48e3-b7bd-e89576948ffd" />
    <UnitTestResult executionId="0aa87a23-7be0-4bd9-8518-8b8a7a9b465c" testId="782c05fa-b6d5-401a-3b82-332cd71b7860" testName="RestAll.Desktop.Tests.ViewModels.ProfileViewModelTests.UpdateProfileAsync_ShouldCallUseCaseWithProfileData" computerName="DESKTOP-OH9J6T6" duration="00:00:00.0413771" startTime="2026-05-16T14:30:24.9428347+02:00" endTime="2026-05-16T14:30:24.9428348+02:00" testType="13cdc9d9-ddb5-4fa4-a97d-d965ccfc6d4b" outcome="Passed" testListId="8c84fa94-04c1-424b-9868-57a2d4851a1d" relativeResultsDirectory="0aa87a23-7be0-4bd9-8518-8b8a7a9b465c" />
    <UnitTestResult executionId="307eb2eb-df12-4788-afb0-f117e702fdb8" testId="c40b9f4b-c8e5-64b1-da5b-b9a92c04047b" testName="RestAll.Desktop.Tests.Converters.OfflineOrderConverterTests.Convert_WithOnlineOrder_ShouldReturnBlackBrush" computerName="DESKTOP-OH9J6T6" duration="00:00:00.0251820" startTime="2026-05-16T14:30:24.7866454+02:00" endTime="2026-05-16T14:30:24.7866457+02:00" testType="13cdc9d9-ddb5-4fa4-a97d-d965ccfc6d4b" outcome="Passed" testListId="8c84fa94-04c1-424b-9868-57a2d4851a1d" relativeResultsDirectory="307eb2eb-df12-4788-afb0-f117e702fdb8" />
    <UnitTestResult executionId="8680942f-471f-454c-b2ad-3bc9a44e10c2" testId="ee7a12fc-81bb-67fa-22a5-eef2a4d9b3c1" testName="RestAll.Desktop.Tests.Infrastructure.Auth.HttpAuthGatewayTests.LogoutAsync_ShouldNotThrowException" computerName="DESKTOP-OH9J6T6" duration="00:00:00.0021810" startTime="2026-05-16T14:30:24.8928337+02:00" endTime="2026-05-16T14:30:24.8928338+02:00" testType="13cdc9d9-ddb5-4fa4-a97d-d965ccfc6d4b" outcome="Passed" testListId="8c84fa94-04c1-424b-9868-57a2d4851a1d" relativeResultsDirectory="8680942f-471f-454c-b2ad-3bc9a44e10c2" />
    <UnitTestResult executionId="686c7951-078e-456f-9436-267ba49b75b2" testId="c9f28e7d-3bc1-6b84-4f4d-b560cb4b12b1" testName="RestAll.Desktop.Tests.Orders.ManageOrdersUseCaseOfflineTests.PayOrderAsync_WhenApiFails_ShouldQueuePayment" computerName="DESKTOP-OH9J6T6" duration="00:00:00.0028495" startTime="2026-05-16T14:30:24.9726271+02:00" endTime="2026-05-16T14:30:24.9726275+02:00" testType="13cdc9d9-ddb5-4fa4-a97d-d965ccfc6d4b" outcome="Passed" testListId="8c84fa94-04c1-424b-9868-57a2d4851a1d" relativeResultsDirectory="686c7951-078e-456f-9436-267ba49b75b2" />
    <UnitTestResult executionId="37cb05bd-4436-4ef0-81e3-1dd39bdd2df7" testId="6d8eb6a4-1183-c8a3-3c5a-85e6a36e02d3" testName="RestAll.Desktop.Tests.ViewModels.AdminDashboardViewModelTests.LoadLogsCommand_ShouldPopulateLogs" computerName="DESKTOP-OH9J6T6" duration="00:00:00.0567488" startTime="2026-05-16T14:30:25.0727705+02:00" endTime="2026-05-16T14:30:25.0727706+02:00" testType="13cdc9d9-ddb5-4fa4-a97d-d965ccfc6d4b" outcome="Passed" testListId="8c84fa94-04c1-424b-9868-57a2d4851a1d" relativeResultsDirectory="37cb05bd-4436-4ef0-81e3-1dd39bdd2df7" />
    <UnitTestResult executionId="be024991-0015-4dfe-8d36-882b45ecbaf3" testId="f267c174-55c4-082a-036b-979521fdc5b6" testName="RestAll.Desktop.Tests.Converters.OfflineOrderConverterTests.Convert_WithOfflineOrder_ShouldReturnOrangeBrush" computerName="DESKTOP-OH9J6T6" duration="00:00:00.0002302" startTime="2026-05-16T14:30:24.7868981+02:00" endTime="2026-05-16T14:30:24.7868982+02:00" testType="13cdc9d9-ddb5-4fa4-a97d-d965ccfc6d4b" outcome="Passed" testListId="8c84fa94-04c1-424b-9868-57a2d4851a1d" relativeResultsDirectory="be024991-0015-4dfe-8d36-882b45ecbaf3" />
    <UnitTestResult executionId="dbc2deee-9da2-4af3-a6ff-ec5744948f8f" testId="ab01617b-b4d0-934b-e575-2c24d78a8722" testName="RestAll.Desktop.Tests.ViewModels.MainWindowViewModelTests.SessionChanged_WhenAnonymous_ShouldClearUserInfo" computerName="DESKTOP-OH9J6T6" duration="00:00:00.0022665" startTime="2026-05-16T14:30:24.8722237+02:00" endTime="2026-05-16T14:30:24.8722238+02:00" testType="13cdc9d9-ddb5-4fa4-a97d-d965ccfc6d4b" outcome="Passed" testListId="8c84fa94-04c1-424b-9868-57a2d4851a1d" relativeResultsDirectory="dbc2deee-9da2-4af3-a6ff-ec5744948f8f" />
    <UnitTestResult executionId="0a9f2c8c-0bac-4f4f-a06e-98d41c6f385a" testId="33cbc1dc-dd45-ce36-4c18-281696db624a" testName="RestAll.Desktop.Tests.App.AppTests.OnStartup_ShouldRegisterAllServicesAsTransient" computerName="DESKTOP-OH9J6T6" duration="00:00:00.0020154" startTime="2026-05-16T14:30:25.0817086+02:00" endTime="2026-05-16T14:30:25.0817088+02:00" testType="13cdc9d9-ddb5-4fa4-a97d-d965ccfc6d4b" outcome="Passed" testListId="8c84fa94-04c1-424b-9868-57a2d4851a1d" relativeResultsDirectory="0a9f2c8c-0bac-4f4f-a06e-98d41c6f385a" />
    <UnitTestResult executionId="39322574-9716-4299-aa41-2844702b96ca" testId="7e996e7e-0c11-519b-2759-1625bf0ff4c4" testName="RestAll.Desktop.Tests.Orders.ManageOrdersUseCaseTests.PayOrderAsync_ShouldReturnTrue" computerName="DESKTOP-OH9J6T6" duration="00:00:00.0030398" startTime="2026-05-16T14:30:24.8797977+02:00" endTime="2026-05-16T14:30:24.8797978+02:00" testType="13cdc9d9-ddb5-4fa4-a97d-d965ccfc6d4b" outcome="Passed" testListId="8c84fa94-04c1-424b-9868-57a2d4851a1d" relativeResultsDirectory="39322574-9716-4299-aa41-2844702b96ca" />
    <UnitTestResult executionId="145a736f-ce0c-4ded-baec-fc426638c781" testId="ded13aa4-901e-ce50-6900-8da40ad7fcbb" testName="RestAll.Desktop.Tests.Infrastructure.Menu.HttpMenuGatewayTests.GetItemsAsync_WithSuccessResponse_ShouldReturnItems" computerName="DESKTOP-OH9J6T6" duration="00:00:00.0039049" startTime="2026-05-16T14:30:24.8798236+02:00" endTime="2026-05-16T14:30:24.8798236+02:00" testType="13cdc9d9-ddb5-4fa4-a97d-d965ccfc6d4b" outcome="Passed" testListId="8c84fa94-04c1-424b-9868-57a2d4851a1d" relativeResultsDirectory="145a736f-ce0c-4ded-baec-fc426638c781" />
    <UnitTestResult executionId="f27bb41d-70d4-492a-b420-db73e05582d8" testId="8ff5fcd4-ac8f-728c-c9ea-9aaa892885a1" testName="RestAll.Desktop.Tests.Integration.ReservationsIntegrationTests.GetReservationsAfterCancellation_ShouldReturnUpdatedList" computerName="DESKTOP-OH9J6T6" duration="00:00:00.0109117" startTime="2026-05-16T14:30:24.8909455+02:00" endTime="2026-05-16T14:30:24.8909457+02:00" testType="13cdc9d9-ddb5-4fa4-a97d-d965ccfc6d4b" outcome="Passed" testListId="8c84fa94-04c1-424b-9868-57a2d4851a1d" relativeResultsDirectory="f27bb41d-70d4-492a-b420-db73e05582d8" />
    <UnitTestResult executionId="997561c8-eeab-4142-bf1d-2e1b16d072f4" testId="9851dc4c-6259-0fb1-cb27-db7f7c6129e8" testName="RestAll.Desktop.Tests.ViewModels.RelayCommandTests.Execute_WithParameter_ShouldCallAction" computerName="DESKTOP-OH9J6T6" duration="00:00:00.0011047" startTime="2026-05-16T14:30:24.9280404+02:00" endTime="2026-05-16T14:30:24.9280405+02:00" testType="13cdc9d9-ddb5-4fa4-a97d-d965ccfc6d4b" outcome="Passed" testListId="8c84fa94-04c1-424b-9868-57a2d4851a1d" relativeResultsDirectory="997561c8-eeab-4142-bf1d-2e1b16d072f4" />
    <UnitTestResult executionId="46675ca4-35b6-44a6-805c-efc3d3c73215" testId="6e612b64-cd33-dc16-2027-56b8d53debfd" testName="RestAll.Desktop.Tests.ViewModels.LoginViewModelTests.LoginCommand_WithoutValidCredentials_ShouldNotBeExecutable" computerName="DESKTOP-OH9J6T6" duration="00:00:00.0002417" startTime="2026-05-16T14:30:24.9140448+02:00" endTime="2026-05-16T14:30:24.9140450+02:00" testType="13cdc9d9-ddb5-4fa4-a97d-d965ccfc6d4b" outcome="Passed" testListId="8c84fa94-04c1-424b-9868-57a2d4851a1d" relativeResultsDirectory="46675ca4-35b6-44a6-805c-efc3d3c73215" />
    <UnitTestResult executionId="ad8fa5a9-27ba-4ec0-9d82-6cec96183f30" testId="8fd16770-e1d6-cafc-cd6e-d8d18891decc" testName="RestAll.Desktop.Tests.ViewModels.OrdersViewModelTests.IsLoading_WhenSetToTrue_ShouldDisableCommands" computerName="DESKTOP-OH9J6T6" duration="00:00:00.0003180" startTime="2026-05-16T14:30:25.7010721+02:00" endTime="2026-05-16T14:30:25.7010721+02:00" testType="13cdc9d9-ddb5-4fa4-a97d-d965ccfc6d4b" outcome="Passed" testListId="8c84fa94-04c1-424b-9868-57a2d4851a1d" relativeResultsDirectory="ad8fa5a9-27ba-4ec0-9d82-6cec96183f30" />
    <UnitTestResult executionId="970c28ec-e098-44d2-9a77-ac322c57f9da" testId="2b89cc76-aeb2-cae0-013e-7a623f2cbcb9" testName="RestAll.Desktop.Tests.ViewModels.TablesViewModelTests.UpdateTableStatusCommand_WhenFailure_ShouldSetErrorMessage" computerName="DESKTOP-OH9J6T6" duration="00:00:00.2269092" startTime="2026-05-16T14:30:25.1642747+02:00" endTime="2026-05-16T14:30:25.1642750+02:00" testType="13cdc9d9-ddb5-4fa4-a97d-d965ccfc6d4b" outcome="Passed" testListId="8c84fa94-04c1-424b-9868-57a2d4851a1d" relativeResultsDirectory="970c28ec-e098-44d2-9a77-ac322c57f9da" />
    <UnitTestResult executionId="08214fb9-354e-485c-b55d-b4e01c1dbad3" testId="e216c37e-f9d3-53f5-4021-ae4d1f426d48" testName="RestAll.Desktop.Tests.Integration.ErrorHandlingIntegrationTests.AuthGateway_WhenUnauthorized_ShouldReturnAnonymous" computerName="DESKTOP-OH9J6T6" duration="00:00:00.0027464" startTime="2026-05-16T14:30:24.9506211+02:00" endTime="2026-05-16T14:30:24.9506212+02:00" testType="13cdc9d9-ddb5-4fa4-a97d-d965ccfc6d4b" outcome="Passed" testListId="8c84fa94-04c1-424b-9868-57a2d4851a1d" relativeResultsDirectory="08214fb9-354e-485c-b55d-b4e01c1dbad3" />
    <UnitTestResult executionId="8120dd53-0d03-4c49-b6c8-7ac622321634" testId="b709e49e-f3ca-7f99-b687-7c6aa84a4ee5" testName="RestAll.Desktop.Tests.Integration.ErrorHandlingIntegrationTests.ProfileGateway_WhenUnauthorized_ShouldReturnNull" computerName="DESKTOP-OH9J6T6" duration="00:00:00.0015423" startTime="2026-05-16T14:30:24.9586332+02:00" endTime="2026-05-16T14:30:24.9586333+02:00" testType="13cdc9d9-ddb5-4fa4-a97d-d965ccfc6d4b" outcome="Passed" testListId="8c84fa94-04c1-424b-9868-57a2d4851a1d" relativeResultsDirectory="8120dd53-0d03-4c49-b6c8-7ac622321634" />
    <UnitTestResult executionId="880a5154-e6c8-4132-aca5-38caa514901c" testId="e5efeea3-1416-b484-780b-c52e35496a07" testName="RestAll.Desktop.Tests.Infrastructure.Kitchen.HttpKitchenGatewayTests.GetActiveTicketsAsync_WithSuccessResponse_ShouldReturnTickets" computerName="DESKTOP-OH9J6T6" duration="00:00:00.0201760" startTime="2026-05-16T14:30:24.8608074+02:00" endTime="2026-05-16T14:30:24.8608076+02:00" testType="13cdc9d9-ddb5-4fa4-a97d-d965ccfc6d4b" outcome="Passed" testListId="8c84fa94-04c1-424b-9868-57a2d4851a1d" relativeResultsDirectory="880a5154-e6c8-4132-aca5-38caa514901c" />
    <UnitTestResult executionId="d3666f2e-a9a1-4ef3-8dfb-4cb0fe1322f5" testId="dac8614d-1dd7-4ae3-8846-9f91e81a9eae" testName="RestAll.Desktop.Tests.ViewModels.ProfileViewModelTests.UpdateProfileAsync_ShouldShowError_WhenUpdateFails" computerName="DESKTOP-OH9J6T6" duration="00:00:00.0025293" startTime="2026-05-16T14:30:24.9515961+02:00" endTime="2026-05-16T14:30:24.9515963+02:00" testType="13cdc9d9-ddb5-4fa4-a97d-d965ccfc6d4b" outcome="Passed" testListId="8c84fa94-04c1-424b-9868-57a2d4851a1d" relativeResultsDirectory="d3666f2e-a9a1-4ef3-8dfb-4cb0fe1322f5" />
    <UnitTestResult executionId="106b02d0-11c1-417b-8597-4f361af05a77" testId="a3fed184-d03f-22b2-c831-be3375a75d6d" testName="RestAll.Desktop.Tests.ViewModels.CancelableViewModelBaseTests.Dispose_ShouldCancelCancellationToken" computerName="DESKTOP-OH9J6T6" duration="00:00:00.0010185" startTime="2026-05-16T14:30:24.9561008+02:00" endTime="2026-05-16T14:30:24.9561009+02:00" testType="13cdc9d9-ddb5-4fa4-a97d-d965ccfc6d4b" outcome="Passed" testListId="8c84fa94-04c1-424b-9868-57a2d4851a1d" relativeResultsDirectory="106b02d0-11c1-417b-8597-4f361af05a77" />
    <UnitTestResult executionId="99d7084c-defd-4fa3-abfd-f3baa1820047" testId="07fab1b9-7c1e-6ca8-5c0e-ad909ee83787" testName="RestAll.Desktop.Tests.Integration.ErrorHandlingIntegrationTests.MenuGateway_WhenServerError_ShouldReturnEmptyList" computerName="DESKTOP-OH9J6T6" duration="00:00:00.0028147" startTime="2026-05-16T14:30:24.9478059+02:00" endTime="2026-05-16T14:30:24.9478060+02:00" testType="13cdc9d9-ddb5-4fa4-a97d-d965ccfc6d4b" outcome="Passed" testListId="8c84fa94-04c1-424b-9868-57a2d4851a1d" relativeResultsDirectory="99d7084c-defd-4fa3-abfd-f3baa1820047" />
    <UnitTestResult executionId="4eb0aa39-bb2b-43d4-b82f-9400c56ed857" testId="17773f08-82b1-3d95-32f4-e659583e19c7" testName="RestAll.Desktop.Tests.Infrastructure.Orders.HttpOrderGatewayTests.GetOrdersAsync_WithErrorResponse_ShouldReturnEmptyList" computerName="DESKTOP-OH9J6T6" duration="00:00:00.0014306" startTime="2026-05-16T14:30:24.8810766+02:00" endTime="2026-05-16T14:30:24.8810768+02:00" testType="13cdc9d9-ddb5-4fa4-a97d-d965ccfc6d4b" outcome="Passed" testListId="8c84fa94-04c1-424b-9868-57a2d4851a1d" relativeResultsDirectory="4eb0aa39-bb2b-43d4-b82f-9400c56ed857" />
    <UnitTestResult executionId="563cff0c-0d05-402b-afeb-822aaf539b53" testId="10cd180b-23cd-305f-ab98-29626d4cbff6" testName="RestAll.Desktop.Tests.ViewModels.KitchenViewModelTests.Constructor_ShouldInitializeProperties" computerName="DESKTOP-OH9J6T6" duration="00:00:00.0003348" startTime="2026-05-16T14:30:25.9310338+02:00" endTime="2026-05-16T14:30:25.9310338+02:00" testType="13cdc9d9-ddb5-4fa4-a97d-d965ccfc6d4b" outcome="Passed" testListId="8c84fa94-04c1-424b-9868-57a2d4851a1d" relativeResultsDirectory="563cff0c-0d05-402b-afeb-822aaf539b53" />
    <UnitTestResult executionId="80787a65-3745-4d6a-835f-d265467697e6" testId="adf60936-2b21-8340-4097-4a4f33e52b06" testName="RestAll.Desktop.Tests.ViewModels.RelayCommandTests.CanExecute_WithPredicateReturningFalse_ShouldReturnFalse" computerName="DESKTOP-OH9J6T6" duration="00:00:00.0006555" startTime="2026-05-16T14:30:24.9327385+02:00" endTime="2026-05-16T14:30:24.9327386+02:00" testType="13cdc9d9-ddb5-4fa4-a97d-d965ccfc6d4b" outcome="Passed" testListId="8c84fa94-04c1-424b-9868-57a2d4851a1d" relativeResultsDirectory="80787a65-3745-4d6a-835f-d265467697e6" />
    <UnitTestResult executionId="43a9d189-0623-4743-986a-a611c2910fd1" testId="8eb50235-5945-d0c7-1cf5-34d6973b6b82" testName="RestAll.Desktop.Tests.Orders.ManageOrdersUseCaseOfflineTests.AddOrderItemsAsync_WithOfflineOrder_ShouldQueueOperation" computerName="DESKTOP-OH9J6T6" duration="00:00:00.0043651" startTime="2026-05-16T14:30:24.9671730+02:00" endTime="2026-05-16T14:30:24.9671731+02:00" testType="13cdc9d9-ddb5-4fa4-a97d-d965ccfc6d4b" outcome="Passed" testListId="8c84fa94-04c1-424b-9868-57a2d4851a1d" relativeResultsDirectory="43a9d189-0623-4743-986a-a611c2910fd1" />
    <UnitTestResult executionId="a88aee48-6543-41ee-b088-9dfccd3965e0" testId="368c5b2a-7bce-7033-9b61-183363fda3b8" testName="RestAll.Desktop.Tests.ViewModels.LoginViewModelTests.Constructor_ShouldInitializeProperties" computerName="DESKTOP-OH9J6T6" duration="00:00:00.0008677" startTime="2026-05-16T14:30:24.9114572+02:00" endTime="2026-05-16T14:30:24.9114574+02:00" testType="13cdc9d9-ddb5-4fa4-a97d-d965ccfc6d4b" outcome="Passed" testListId="8c84fa94-04c1-424b-9868-57a2d4851a1d" relativeResultsDirectory="a88aee48-6543-41ee-b088-9dfccd3965e0" />
    <UnitTestResult executionId="915bcacf-a534-4974-8095-05b631bdece1" testId="7e5f06df-3008-ec93-6d28-ad0fe5249806" testName="RestAll.Desktop.Tests.ViewModels.KitchenViewModelTests.LoadTicketsCommand_ShouldLoadTickets" computerName="DESKTOP-OH9J6T6" duration="00:00:00.2141618" startTime="2026-05-16T14:30:25.9303439+02:00" endTime="2026-05-16T14:30:25.9303441+02:00" testType="13cdc9d9-ddb5-4fa4-a97d-d965ccfc6d4b" outcome="Passed" testListId="8c84fa94-04c1-424b-9868-57a2d4851a1d" relativeResultsDirectory="915bcacf-a534-4974-8095-05b631bdece1" />
    <UnitTestResult executionId="b748ca6b-f79d-4606-9d86-a98f6620ed56" testId="2bcdd9b8-3f08-e020-56fc-7c01d69d5c8f" testName="RestAll.Desktop.Tests.ViewModels.LoginViewModelTests.LoginCommand_WithValidCredentials_ShouldRespectIsLoadingState" computerName="DESKTOP-OH9J6T6" duration="00:00:00.0004137" startTime="2026-05-16T14:30:24.9077073+02:00" endTime="2026-05-16T14:30:24.9077074+02:00" testType="13cdc9d9-ddb5-4fa4-a97d-d965ccfc6d4b" outcome="Passed" testListId="8c84fa94-04c1-424b-9868-57a2d4851a1d" relativeResultsDirectory="b748ca6b-f79d-4606-9d86-a98f6620ed56" />
    <UnitTestResult executionId="5e5e36ed-54e9-4194-90a4-fd8cfa0ad521" testId="20ca4d61-f51a-df26-8a35-e70954d856a5" testName="RestAll.Desktop.Tests.ViewModels.TablesViewModelTests.LoadTablesCommand_ShouldLoadTables" computerName="DESKTOP-OH9J6T6" duration="00:00:00.2096759" startTime="2026-05-16T14:30:25.5932452+02:00" endTime="2026-05-16T14:30:25.5932456+02:00" testType="13cdc9d9-ddb5-4fa4-a97d-d965ccfc6d4b" outcome="Passed" testListId="8c84fa94-04c1-424b-9868-57a2d4851a1d" relativeResultsDirectory="5e5e36ed-54e9-4194-90a4-fd8cfa0ad521" />
    <UnitTestResult executionId="7a5c0c73-47ff-4625-b89b-ffd33b9cf4ab" testId="5e032bac-7603-b844-a6d7-ba76d6db83e2" testName="RestAll.Desktop.Tests.ViewModels.ReservationsViewModelTests.LoadReservationsCommand_ShouldBeExecutable_WhenNotLoading" computerName="DESKTOP-OH9J6T6" duration="00:00:00.0004278" startTime="2026-05-16T14:30:24.9881881+02:00" endTime="2026-05-16T14:30:24.9881882+02:00" testType="13cdc9d9-ddb5-4fa4-a97d-d965ccfc6d4b" outcome="Passed" testListId="8c84fa94-04c1-424b-9868-57a2d4851a1d" relativeResultsDirectory="7a5c0c73-47ff-4625-b89b-ffd33b9cf4ab" />
    <UnitTestResult executionId="9c63cc5e-b57c-430a-8724-d32219375363" testId="b9b34c0b-72ae-01d3-f4b7-3afa8d76cd9d" testName="RestAll.Desktop.Tests.ViewModels.CancelableViewModelBaseTests.ExecuteWithCancellationAsync_WhenActionThrows_ShouldSetStatusMessage" computerName="DESKTOP-OH9J6T6" duration="00:00:00.0373787" startTime="2026-05-16T14:30:24.9438391+02:00" endTime="2026-05-16T14:30:24.9438394+02:00" testType="13cdc9d9-ddb5-4fa4-a97d-d965ccfc6d4b" outcome="Passed" testListId="8c84fa94-04c1-424b-9868-57a2d4851a1d" relativeResultsDirectory="9c63cc5e-b57c-430a-8724-d32219375363" />
    <UnitTestResult executionId="142d7111-d5b2-4425-9471-5b3976f6f303" testId="8f6a3e0d-4770-aa77-a5b9-24dfed11a624" testName="RestAll.Desktop.Tests.Orders.ManageOrdersUseCaseOfflineTests.RemoveOrderItemAsync_WithOfflineOrder_ShouldQueueOperation" computerName="DESKTOP-OH9J6T6" duration="00:00:00.0074258" startTime="2026-05-16T14:30:24.9546329+02:00" endTime="2026-05-16T14:30:24.9546330+02:00" testType="13cdc9d9-ddb5-4fa4-a97d-d965ccfc6d4b" outcome="Passed" testListId="8c84fa94-04c1-424b-9868-57a2d4851a1d" relativeResultsDirectory="142d7111-d5b2-4425-9471-5b3976f6f303" />
    <UnitTestResult executionId="2860a3ee-dd5f-4037-bdaa-5eff618cc556" testId="47caf22d-bce2-1134-740f-52de42a68944" testName="RestAll.Desktop.Tests.ViewModels.ProfileViewModelTests.UpdateProfileAsync_ShouldUpdateProfile" computerName="DESKTOP-OH9J6T6" duration="00:00:00.0023371" startTime="2026-05-16T14:30:24.9455799+02:00" endTime="2026-05-16T14:30:24.9455800+02:00" testType="13cdc9d9-ddb5-4fa4-a97d-d965ccfc6d4b" outcome="Passed" testListId="8c84fa94-04c1-424b-9868-57a2d4851a1d" relativeResultsDirectory="2860a3ee-dd5f-4037-bdaa-5eff618cc556" />
    <UnitTestResult executionId="30203851-b589-4b11-930e-0cec25262970" testId="b73fb1f9-3fc9-22a9-f430-11c8f0cb809b" testName="RestAll.Desktop.Tests.Infrastructure.Menu.HttpMenuGatewayTests.GetItemsAsync_WithErrorResponse_ShouldReturnEmptyList" computerName="DESKTOP-OH9J6T6" duration="00:00:00.0032807" startTime="2026-05-16T14:30:24.8737052+02:00" endTime="2026-05-16T14:30:24.8737053+02:00" testType="13cdc9d9-ddb5-4fa4-a97d-d965ccfc6d4b" outcome="Passed" testListId="8c84fa94-04c1-424b-9868-57a2d4851a1d" relativeResultsDirectory="30203851-b589-4b11-930e-0cec25262970" />
    <UnitTestResult executionId="6a7ba96c-d16f-4deb-a498-17e2897d8773" testId="84a276f5-7eb5-2152-b59b-d278b0750b0a" testName="RestAll.Desktop.Tests.Auth.ManageProfileUseCaseTests.UpdateProfileAsync_ShouldCallGatewayWithExpectedPayload" computerName="DESKTOP-OH9J6T6" duration="00:00:00.1482943" startTime="2026-05-16T14:30:24.8779789+02:00" endTime="2026-05-16T14:30:24.8779790+02:00" testType="13cdc9d9-ddb5-4fa4-a97d-d965ccfc6d4b" outcome="Passed" testListId="8c84fa94-04c1-424b-9868-57a2d4851a1d" relativeResultsDirectory="6a7ba96c-d16f-4deb-a498-17e2897d8773" />
    <UnitTestResult executionId="f5ca9dbe-7f88-457a-a84e-46d171a0370a" testId="723c315c-51cd-d360-6bbc-8c1842372adb" testName="RestAll.Desktop.Tests.ViewModels.OrdersViewModelTests.IsOfflineOrder_WithPositiveId_ShouldReturnFalse" computerName="DESKTOP-OH9J6T6" duration="00:00:00.0005347" startTime="2026-05-16T14:30:25.9170323+02:00" endTime="2026-05-16T14:30:25.9170324+02:00" testType="13cdc9d9-ddb5-4fa4-a97d-d965ccfc6d4b" outcome="Passed" testListId="8c84fa94-04c1-424b-9868-57a2d4851a1d" relativeResultsDirectory="f5ca9dbe-7f88-457a-a84e-46d171a0370a" />
    <UnitTestResult executionId="e02a4f23-aa7d-485f-8e19-1bce3e700d77" testId="131ebe02-8176-d6bc-dbcc-fe0c14216354" testName="RestAll.Desktop.Tests.Reservations.ManageReservationsUseCaseTests.CreateReservationAsync_ShouldReturnCreatedReservation" computerName="DESKTOP-OH9J6T6" duration="00:00:00.1482434" startTime="2026-05-16T14:30:24.8779139+02:00" endTime="2026-05-16T14:30:24.8779139+02:00" testType="13cdc9d9-ddb5-4fa4-a97d-d965ccfc6d4b" outcome="Passed" testListId="8c84fa94-04c1-424b-9868-57a2d4851a1d" relativeResultsDirectory="e02a4f23-aa7d-485f-8e19-1bce3e700d77" />
    <UnitTestResult executionId="1222a7f2-c7a9-457a-bbfa-ad00158b2a7a" testId="0370fd04-67b7-9bf5-6952-c8beeede10fd" testName="RestAll.Desktop.Tests.ViewModels.MenuViewModelTests.IsLoading_WhenSetToFalse_ShouldEnableCommand" computerName="DESKTOP-OH9J6T6" duration="00:00:00.0814097" startTime="2026-05-16T14:30:24.8110664+02:00" endTime="2026-05-16T14:30:24.8110666+02:00" testType="13cdc9d9-ddb5-4fa4-a97d-d965ccfc6d4b" outcome="Passed" testListId="8c84fa94-04c1-424b-9868-57a2d4851a1d" relativeResultsDirectory="1222a7f2-c7a9-457a-bbfa-ad00158b2a7a" />
    <UnitTestResult executionId="da8a676e-4847-4277-a52f-7b0cbf122419" testId="df30f8bf-76b0-000d-8366-25f2a6ae64e5" testName="RestAll.Desktop.Tests.Auth.HttpAuthGatewayTests.LoginAsync_WhenProfileCannotBeLoaded_ShouldFallbackToKnownDesktopSession" computerName="DESKTOP-OH9J6T6" duration="00:00:00.1176532" startTime="2026-05-16T14:30:24.8514766+02:00" endTime="2026-05-16T14:30:24.8514767+02:00" testType="13cdc9d9-ddb5-4fa4-a97d-d965ccfc6d4b" outcome="Passed" testListId="8c84fa94-04c1-424b-9868-57a2d4851a1d" relativeResultsDirectory="da8a676e-4847-4277-a52f-7b0cbf122419" />
    <UnitTestResult executionId="194a1afb-d48d-4eb0-8721-936d6b6fd103" testId="4d6fb891-ff39-e3f8-8ed8-3440f5cb55a4" testName="RestAll.Desktop.Tests.Auth.ManageProfileUseCaseTests.UpdateProfileAsync_ShouldReturnNull_WhenNoSession" computerName="DESKTOP-OH9J6T6" duration="00:00:00.0029724" startTime="2026-05-16T14:30:24.8862359+02:00" endTime="2026-05-16T14:30:24.8862363+02:00" testType="13cdc9d9-ddb5-4fa4-a97d-d965ccfc6d4b" outcome="Passed" testListId="8c84fa94-04c1-424b-9868-57a2d4851a1d" relativeResultsDirectory="194a1afb-d48d-4eb0-8721-936d6b6fd103" />
    <UnitTestResult executionId="ab502919-13b0-4b7c-a214-9214d1ea439e" testId="72ecdd0a-4cbc-841f-1b7f-22bd51d80f0e" testName="RestAll.Desktop.Tests.ViewModels.CancelableViewModelBaseTests.StatusMessage_WhenSet_ShouldRaisePropertyChanged" computerName="DESKTOP-OH9J6T6" duration="00:00:00.0009771" startTime="2026-05-16T14:30:24.9550215+02:00" endTime="2026-05-16T14:30:24.9550216+02:00" testType="13cdc9d9-ddb5-4fa4-a97d-d965ccfc6d4b" outcome="Passed" testListId="8c84fa94-04c1-424b-9868-57a2d4851a1d" relativeResultsDirectory="ab502919-13b0-4b7c-a214-9214d1ea439e" />
    <UnitTestResult executionId="6166af7d-00db-41eb-ad73-b3bc675e145e" testId="88c55893-cab0-7edb-db43-c7dbf3872fc8" testName="RestAll.Desktop.Tests.ViewModels.RelayCommandTests.CanExecute_WithTwoParameters_ShouldUsePredicate" computerName="DESKTOP-OH9J6T6" duration="00:00:00.0019855" startTime="2026-05-16T14:30:24.9301009+02:00" endTime="2026-05-16T14:30:24.9301012+02:00" testType="13cdc9d9-ddb5-4fa4-a97d-d965ccfc6d4b" outcome="Passed" testListId="8c84fa94-04c1-424b-9868-57a2d4851a1d" relativeResultsDirectory="6166af7d-00db-41eb-ad73-b3bc675e145e" />
    <UnitTestResult executionId="763b17cc-08cd-47c3-98fc-701518ec1976" testId="f40a06fe-6d9e-48a5-2b6d-160a02f8dfe0" testName="RestAll.Desktop.Tests.ViewModels.CancelableViewModelBaseTests.ExecuteWithCancellationAsync_ShouldSetIsLoadingFalseInFinally" computerName="DESKTOP-OH9J6T6" duration="00:00:00.0234541" startTime="2026-05-16T14:30:24.9824559+02:00" endTime="2026-05-16T14:30:24.9824560+02:00" testType="13cdc9d9-ddb5-4fa4-a97d-d965ccfc6d4b" outcome="Passed" testListId="8c84fa94-04c1-424b-9868-57a2d4851a1d" relativeResultsDirectory="763b17cc-08cd-47c3-98fc-701518ec1976" />
    <UnitTestResult executionId="c8c1de01-4cb3-4c72-835e-9c49e81199cb" testId="8ba2c262-ef18-583c-63d7-23cfca3106a3" testName="RestAll.Desktop.Tests.Integration.AuthenticationIntegrationTests.MultipleRefreshes_ShouldUpdateSessionCorrectly" computerName="DESKTOP-OH9J6T6" duration="00:00:00.0080035" startTime="2026-05-16T14:30:24.9336390+02:00" endTime="2026-05-16T14:30:24.9336391+02:00" testType="13cdc9d9-ddb5-4fa4-a97d-d965ccfc6d4b" outcome="Passed" testListId="8c84fa94-04c1-424b-9868-57a2d4851a1d" relativeResultsDirectory="c8c1de01-4cb3-4c72-835e-9c49e81199cb" />
    <UnitTestResult executionId="99ac3c89-e640-4086-916c-8c517de47f64" testId="ef9eb5e6-6082-e72a-83ec-bda63faf537c" testName="RestAll.Desktop.Tests.Infrastructure.Menu.HttpMenuGatewayTests.GetCategoriesAsync_WithNetworkError_ShouldReturnEmptyList" computerName="DESKTOP-OH9J6T6" duration="00:00:00.0020496" startTime="2026-05-16T14:30:24.8758701+02:00" endTime="2026-05-16T14:30:24.8758704+02:00" testType="13cdc9d9-ddb5-4fa4-a97d-d965ccfc6d4b" outcome="Passed" testListId="8c84fa94-04c1-424b-9868-57a2d4851a1d" relativeResultsDirectory="99ac3c89-e640-4086-916c-8c517de47f64" />
    <UnitTestResult executionId="b786189d-77ad-43f8-9827-9fcef2a51aec" testId="fbe14261-c303-ead0-ed13-8d0485f4b0b5" testName="RestAll.Desktop.Tests.Converters.OfflineOrderConverterTests.Convert_WithOfflineOrder_ShouldReturnVisibleForVisibility" computerName="DESKTOP-OH9J6T6" duration="00:00:00.0272712" startTime="2026-05-16T14:30:24.7616387+02:00" endTime="2026-05-16T14:30:24.7616786+02:00" testType="13cdc9d9-ddb5-4fa4-a97d-d965ccfc6d4b" outcome="Passed" testListId="8c84fa94-04c1-424b-9868-57a2d4851a1d" relativeResultsDirectory="b786189d-77ad-43f8-9827-9fcef2a51aec" />
    <UnitTestResult executionId="5b5e319e-3cd7-47e2-a39d-7fbb728571c2" testId="e6e607f4-e6a2-7ac2-1e04-dd36cb5a4164" testName="RestAll.Desktop.Tests.ViewModels.TablesViewModelTests.Constructor_ShouldInitializeProperties" computerName="DESKTOP-OH9J6T6" duration="00:00:00.0003794" startTime="2026-05-16T14:30:25.8091513+02:00" endTime="2026-05-16T14:30:25.8091516+02:00" testType="13cdc9d9-ddb5-4fa4-a97d-d965ccfc6d4b" outcome="Passed" testListId="8c84fa94-04c1-424b-9868-57a2d4851a1d" relativeResultsDirectory="5b5e319e-3cd7-47e2-a39d-7fbb728571c2" />
    <UnitTestResult executionId="13aceb45-e792-4540-8438-eb6ed8d86f95" testId="8acbdce3-88f8-9bf7-8fdd-4bf95a203a32" testName="RestAll.Desktop.Tests.ViewModels.OrdersViewModelTests.LoadOrdersCommand_WhenError_ShouldSetErrorMessage" computerName="DESKTOP-OH9J6T6" duration="00:00:00.2145712" startTime="2026-05-16T14:30:25.2720901+02:00" endTime="2026-05-16T14:30:25.2720903+02:00" testType="13cdc9d9-ddb5-4fa4-a97d-d965ccfc6d4b" outcome="Passed" testListId="8c84fa94-04c1-424b-9868-57a2d4851a1d" relativeResultsDirectory="13aceb45-e792-4540-8438-eb6ed8d86f95" />
    <UnitTestResult executionId="eb927354-549d-4b94-966a-57d0051530d4" testId="f1a94246-3816-9370-fe80-3e3e37a0f53e" testName="RestAll.Desktop.Tests.ViewModels.TablesViewModelTests.UpdateTableStatusCommand_WhenSuccess_ShouldCallUseCase" computerName="DESKTOP-OH9J6T6" duration="00:00:00.2150446" startTime="2026-05-16T14:30:25.8086759+02:00" endTime="2026-05-16T14:30:25.8086763+02:00" testType="13cdc9d9-ddb5-4fa4-a97d-d965ccfc6d4b" outcome="Passed" testListId="8c84fa94-04c1-424b-9868-57a2d4851a1d" relativeResultsDirectory="eb927354-549d-4b94-966a-57d0051530d4" />
    <UnitTestResult executionId="4924f0e0-2296-4883-a529-678417d3b11a" testId="a3156326-7054-e864-481e-836ce372d591" testName="RestAll.Desktop.Tests.Integration.ProfileIntegrationTests.FullProfileFlow_ShouldWork" computerName="DESKTOP-OH9J6T6" duration="00:00:00.0044348" startTime="2026-05-16T14:30:24.9781680+02:00" endTime="2026-05-16T14:30:24.9781683+02:00" testType="13cdc9d9-ddb5-4fa4-a97d-d965ccfc6d4b" outcome="Passed" testListId="8c84fa94-04c1-424b-9868-57a2d4851a1d" relativeResultsDirectory="4924f0e0-2296-4883-a529-678417d3b11a" />
    <UnitTestResult executionId="df3d7420-8f5c-4a3c-bf8d-3a2122920f6b" testId="95cedbcb-e347-bfc2-5902-21c1c4c37e82" testName="RestAll.Desktop.Tests.App.AppTests.OnStartup_ShouldRegisterAllViewModels" computerName="DESKTOP-OH9J6T6" duration="00:00:00.0097942" startTime="2026-05-16T14:30:25.0796309+02:00" endTime="2026-05-16T14:30:25.0796312+02:00" testType="13cdc9d9-ddb5-4fa4-a97d-d965ccfc6d4b" outcome="Passed" testListId="8c84fa94-04c1-424b-9868-57a2d4851a1d" relativeResultsDirectory="df3d7420-8f5c-4a3c-bf8d-3a2122920f6b" />
    <UnitTestResult executionId="8940703b-c7fc-45fd-b154-cd8a89b5d0b0" testId="734663be-8eaf-f06f-9fca-2d4cc329b918" testName="RestAll.Desktop.Tests.Integration.ErrorHandlingIntegrationTests.OrdersGateway_WhenUnauthorized_ShouldReturnEmptyList" computerName="DESKTOP-OH9J6T6" duration="00:00:00.0016278" startTime="2026-05-16T14:30:24.9603105+02:00" endTime="2026-05-16T14:30:24.9603106+02:00" testType="13cdc9d9-ddb5-4fa4-a97d-d965ccfc6d4b" outcome="Passed" testListId="8c84fa94-04c1-424b-9868-57a2d4851a1d" relativeResultsDirectory="8940703b-c7fc-45fd-b154-cd8a89b5d0b0" />
    <UnitTestResult executionId="039b4d72-1dab-4d32-a381-3c4821548a7a" testId="6f469198-5268-d079-652e-9e9430dab865" testName="RestAll.Desktop.Tests.Converters.OfflineOrderConverterTests.ConvertBack_ShouldThrowNotImplementedException" computerName="DESKTOP-OH9J6T6" duration="00:00:00.0015560" startTime="2026-05-16T14:30:24.7889296+02:00" endTime="2026-05-16T14:30:24.7889297+02:00" testType="13cdc9d9-ddb5-4fa4-a97d-d965ccfc6d4b" outcome="Passed" testListId="8c84fa94-04c1-424b-9868-57a2d4851a1d" relativeResultsDirectory="039b4d72-1dab-4d32-a381-3c4821548a7a" />
    <UnitTestResult executionId="e908ea39-4a3c-40f4-9509-87ee09858772" testId="146e8b31-d177-770a-01c9-b5c8e12ea7bf" testName="RestAll.Desktop.Tests.Infrastructure.Menu.HttpMenuGatewayTests.GetCategoriesAsync_WithErrorResponse_ShouldReturnEmptyList" computerName="DESKTOP-OH9J6T6" duration="00:00:00.0012604" startTime="2026-05-16T14:30:24.8703560+02:00" endTime="2026-05-16T14:30:24.8703561+02:00" testType="13cdc9d9-ddb5-4fa4-a97d-d965ccfc6d4b" outcome="Passed" testListId="8c84fa94-04c1-424b-9868-57a2d4851a1d" relativeResultsDirectory="e908ea39-4a3c-40f4-9509-87ee09858772" />
    <UnitTestResult executionId="22af50ed-6d71-42f2-8704-d8e00211f70e" testId="84c4fbab-71a8-a0df-ba75-de1e74d3f9b7" testName="RestAll.Desktop.Tests.ViewModels.CancelableViewModelBaseTests.GetCancellationToken_ShouldCancelPreviousToken" computerName="DESKTOP-OH9J6T6" duration="00:00:00.0015462" startTime="2026-05-16T14:30:24.9535362+02:00" endTime="2026-05-16T14:30:24.9535363+02:00" testType="13cdc9d9-ddb5-4fa4-a97d-d965ccfc6d4b" outcome="Passed" testListId="8c84fa94-04c1-424b-9868-57a2d4851a1d" relativeResultsDirectory="22af50ed-6d71-42f2-8704-d8e00211f70e" />
    <UnitTestResult executionId="d585f7c0-c489-4711-abc8-b39f66eb0abf" testId="97d33781-3bca-0061-4e20-2e00a902501f" testName="RestAll.Desktop.Tests.ViewModels.ReservationsViewModelTests.CreateReservationCommand_ShouldNotBeExecutable_WhenDataInvalid" computerName="DESKTOP-OH9J6T6" duration="00:00:00.0023538" startTime="2026-05-16T14:30:24.9584748+02:00" endTime="2026-05-16T14:30:24.9584749+02:00" testType="13cdc9d9-ddb5-4fa4-a97d-d965ccfc6d4b" outcome="Passed" testListId="8c84fa94-04c1-424b-9868-57a2d4851a1d" relativeResultsDirectory="d585f7c0-c489-4711-abc8-b39f66eb0abf" />
    <UnitTestResult executionId="7a4a4c0b-ad6e-4af8-8e8f-a171f7a163cd" testId="851fc33b-e0ab-9236-0962-26c7be04d60b" testName="RestAll.Desktop.Tests.ViewModels.ReservationsViewModelTests.CreateReservationAsync_ShouldCreateReservation" computerName="DESKTOP-OH9J6T6" duration="00:00:00.0256432" startTime="2026-05-16T14:30:24.9876991+02:00" endTime="2026-05-16T14:30:24.9876992+02:00" testType="13cdc9d9-ddb5-4fa4-a97d-d965ccfc6d4b" outcome="Passed" testListId="8c84fa94-04c1-424b-9868-57a2d4851a1d" relativeResultsDirectory="7a4a4c0b-ad6e-4af8-8e8f-a171f7a163cd" />
    <UnitTestResult executionId="35cf461c-1be0-4222-ab46-d9c25fe98880" testId="ba312a3f-31d5-4388-081b-ae4f889b6fba" testName="RestAll.Desktop.Tests.ViewModels.OrdersViewModelTests.PayOrderCommand_WhenFailure_ShouldSetErrorMessage" computerName="DESKTOP-OH9J6T6" duration="00:00:00.2133995" startTime="2026-05-16T14:30:25.4860221+02:00" endTime="2026-05-16T14:30:25.4860223+02:00" testType="13cdc9d9-ddb5-4fa4-a97d-d965ccfc6d4b" outcome="Passed" testListId="8c84fa94-04c1-424b-9868-57a2d4851a1d" relativeResultsDirectory="35cf461c-1be0-4222-ab46-d9c25fe98880" />
    <UnitTestResult executionId="008b580e-a53d-47ae-9da4-7944a0b37be5" testId="32157692-2ad3-3fd7-aaaf-56bdefd1a16b" testName="RestAll.Desktop.Tests.Infrastructure.Auth.HttpAuthGatewayTests.LoginAsync_WithSuccessResponse_ShouldReturnAuthenticated" computerName="DESKTOP-OH9J6T6" duration="00:00:00.0014407" startTime="2026-05-16T14:30:24.9036215+02:00" endTime="2026-05-16T14:30:24.9036216+02:00" testType="13cdc9d9-ddb5-4fa4-a97d-d965ccfc6d4b" outcome="Passed" testListId="8c84fa94-04c1-424b-9868-57a2d4851a1d" relativeResultsDirectory="008b580e-a53d-47ae-9da4-7944a0b37be5" />
    <UnitTestResult executionId="27fcf9eb-588a-4884-88a9-6b152c174e70" testId="06a3779c-0750-6f74-f3a2-29503e3a05c9" testName="RestAll.Desktop.Tests.Infrastructure.Kitchen.HttpKitchenGatewayTests.GetActiveTicketsAsync_WithErrorResponse_ShouldReturnEmptyList" computerName="DESKTOP-OH9J6T6" duration="00:00:00.0013728" startTime="2026-05-16T14:30:24.8666337+02:00" endTime="2026-05-16T14:30:24.8666340+02:00" testType="13cdc9d9-ddb5-4fa4-a97d-d965ccfc6d4b" outcome="Passed" testListId="8c84fa94-04c1-424b-9868-57a2d4851a1d" relativeResultsDirectory="27fcf9eb-588a-4884-88a9-6b152c174e70" />
    <UnitTestResult executionId="ad8a0901-1b0c-4463-b18c-be26609d14d0" testId="52827434-aa7e-e9af-cdb4-2664879a0b81" testName="RestAll.Desktop.Tests.Converters.OfflineOrderConverterTests.Convert_WithOnlineOrder_ShouldReturnCollapsedForVisibility" computerName="DESKTOP-OH9J6T6" duration="00:00:00.0001978" startTime="2026-05-16T14:30:24.7871385+02:00" endTime="2026-05-16T14:30:24.7871386+02:00" testType="13cdc9d9-ddb5-4fa4-a97d-d965ccfc6d4b" outcome="Passed" testListId="8c84fa94-04c1-424b-9868-57a2d4851a1d" relativeResultsDirectory="ad8a0901-1b0c-4463-b18c-be26609d14d0" />
    <UnitTestResult executionId="d4e56aed-6815-4a18-a4f9-d0a699344919" testId="409f92f5-4585-e3ec-39d5-028716654140" testName="RestAll.Desktop.Tests.ViewModels.MenuViewModelTests.LoadMenuCommand_ShouldLoadCategoriesAndItems" computerName="DESKTOP-OH9J6T6" duration="00:00:00.2157086" startTime="2026-05-16T14:30:25.2573183+02:00" endTime="2026-05-16T14:30:25.2573185+02:00" testType="13cdc9d9-ddb5-4fa4-a97d-d965ccfc6d4b" outcome="Passed" testListId="8c84fa94-04c1-424b-9868-57a2d4851a1d" relativeResultsDirectory="d4e56aed-6815-4a18-a4f9-d0a699344919" />
    <UnitTestResult executionId="db59422b-4545-43f2-9ed9-d4c3036b82d7" testId="ffdf3821-3a06-7a4b-2b60-4b1c4c1313d5" testName="RestAll.Desktop.Tests.Infrastructure.Menu.HttpMenuGatewayTests.GetCategoriesAsync_WithSuccessResponse_ShouldReturnCategories" computerName="DESKTOP-OH9J6T6" duration="00:00:00.0089181" startTime="2026-05-16T14:30:24.8690401+02:00" endTime="2026-05-16T14:30:24.8690402+02:00" testType="13cdc9d9-ddb5-4fa4-a97d-d965ccfc6d4b" outcome="Passed" testListId="8c84fa94-04c1-424b-9868-57a2d4851a1d" relativeResultsDirectory="db59422b-4545-43f2-9ed9-d4c3036b82d7" />
    <UnitTestResult executionId="01f19371-0f0a-40a5-9b17-34eaab6f5771" testId="70769f16-4e8b-3601-8af2-ecb48372a8fd" testName="RestAll.Desktop.Tests.ViewModels.KitchenViewModelTests.IsLoading_WhenSetToTrue_ShouldDisableCommands" computerName="DESKTOP-OH9J6T6" duration="00:00:00.0001715" startTime="2026-05-16T14:30:25.9311745+02:00" endTime="2026-05-16T14:30:25.9311745+02:00" testType="13cdc9d9-ddb5-4fa4-a97d-d965ccfc6d4b" outcome="Passed" testListId="8c84fa94-04c1-424b-9868-57a2d4851a1d" relativeResultsDirectory="01f19371-0f0a-40a5-9b17-34eaab6f5771" />
    <UnitTestResult executionId="89056717-2fe1-4ebc-b170-7d9a0d7cf294" testId="091a6460-671a-f495-eb0e-99f6794ce70d" testName="RestAll.Desktop.Tests.Integration.ErrorHandlingIntegrationTests.UseCase_WhenGatewayReturnsNull_ShouldHandleGracefully" computerName="DESKTOP-OH9J6T6" duration="00:00:00.0012608" startTime="2026-05-16T14:30:24.9650186+02:00" endTime="2026-05-16T14:30:24.9650188+02:00" testType="13cdc9d9-ddb5-4fa4-a97d-d965ccfc6d4b" outcome="Passed" testListId="8c84fa94-04c1-424b-9868-57a2d4851a1d" relativeResultsDirectory="89056717-2fe1-4ebc-b170-7d9a0d7cf294" />
    <UnitTestResult executionId="eecfd556-74e1-4871-b863-7440c0c67f9a" testId="7d6c472f-f05e-effe-63cd-a2bd23d117e1" testName="RestAll.Desktop.Tests.ViewModels.RelayCommandTests.CanExecute_WithParameter_ShouldUsePredicate" computerName="DESKTOP-OH9J6T6" duration="00:00:00.0109884" startTime="2026-05-16T14:30:24.9264211+02:00" endTime="2026-05-16T14:30:24.9264212+02:00" testType="13cdc9d9-ddb5-4fa4-a97d-d965ccfc6d4b" outcome="Passed" testListId="8c84fa94-04c1-424b-9868-57a2d4851a1d" relativeResultsDirectory="eecfd556-74e1-4871-b863-7440c0c67f9a" />
    <UnitTestResult executionId="87a73f8d-0a98-4d42-88a7-78ade9c56be5" testId="a69446e2-4ee4-5ec2-c827-f8539bbb6752" testName="RestAll.Desktop.Tests.ViewModels.CancelableViewModelBaseTests.Cancel_ShouldCancelCancellationToken" computerName="DESKTOP-OH9J6T6" duration="00:00:00.0009061" startTime="2026-05-16T14:30:24.9571118+02:00" endTime="2026-05-16T14:30:24.9571119+02:00" testType="13cdc9d9-ddb5-4fa4-a97d-d965ccfc6d4b" outcome="Passed" testListId="8c84fa94-04c1-424b-9868-57a2d4851a1d" relativeResultsDirectory="87a73f8d-0a98-4d42-88a7-78ade9c56be5" />
    <UnitTestResult executionId="b430762d-9182-42ee-a057-749ae95e7008" testId="4841c4bf-1bfa-1cd9-4395-ed7fd0ae13b3" testName="RestAll.Desktop.Tests.Auth.HttpProfileGatewayTests.GetProfileAsync_ShouldReturnNull_WhenRequestFails" computerName="DESKTOP-OH9J6T6" duration="00:00:00.0022304" startTime="2026-05-16T14:30:24.9470363+02:00" endTime="2026-05-16T14:30:24.9470364+02:00" testType="13cdc9d9-ddb5-4fa4-a97d-d965ccfc6d4b" outcome="Passed" testListId="8c84fa94-04c1-424b-9868-57a2d4851a1d" relativeResultsDirectory="b430762d-9182-42ee-a057-749ae95e7008" />
    <UnitTestResult executionId="804a3d31-3d01-49cb-ab1c-caf57cdfdb00" testId="87a3d86e-23a1-073f-5b29-436f7987245e" testName="RestAll.Desktop.Tests.ViewModels.RelayCommandTests.Execute_ShouldCallAction" computerName="DESKTOP-OH9J6T6" duration="00:00:00.0017347" startTime="2026-05-16T14:30:24.9344554+02:00" endTime="2026-05-16T14:30:24.9344555+02:00" testType="13cdc9d9-ddb5-4fa4-a97d-d965ccfc6d4b" outcome="Passed" testListId="8c84fa94-04c1-424b-9868-57a2d4851a1d" relativeResultsDirectory="804a3d31-3d01-49cb-ab1c-caf57cdfdb00" />
    <UnitTestResult executionId="9ddaf1fb-5256-405e-8812-920f6d03c444" testId="c0d29886-2993-9211-ece6-b2f6dce940de" testName="RestAll.Desktop.Tests.ViewModels.ProfileViewModelTests.LoadProfileCommand_ShouldBeExecutable_WhenNotLoading" computerName="DESKTOP-OH9J6T6" duration="00:00:00.0018329" startTime="2026-05-16T14:30:24.9014048+02:00" endTime="2026-05-16T14:30:24.9014049+02:00" testType="13cdc9d9-ddb5-4fa4-a97d-d965ccfc6d4b" outcome="Passed" testListId="8c84fa94-04c1-424b-9868-57a2d4851a1d" relativeResultsDirectory="9ddaf1fb-5256-405e-8812-920f6d03c444" />
    <UnitTestResult executionId="bd87125a-d151-4046-887f-f8dc6d1d34a0" testId="370341d0-34b0-23e9-2195-6a8659bb5c46" testName="RestAll.Desktop.Tests.Kitchen.ManageKitchenUseCaseTests.GetActiveTicketsAsync_ShouldReturnTickets" computerName="DESKTOP-OH9J6T6" duration="00:00:00.0105790" startTime="2026-05-16T14:30:24.8927243+02:00" endTime="2026-05-16T14:30:24.8927244+02:00" testType="13cdc9d9-ddb5-4fa4-a97d-d965ccfc6d4b" outcome="Passed" testListId="8c84fa94-04c1-424b-9868-57a2d4851a1d" relativeResultsDirectory="bd87125a-d151-4046-887f-f8dc6d1d34a0" />
    <UnitTestResult executionId="0cc922ce-05ac-4f57-bf17-567130da6960" testId="31f713ad-c990-cba7-c076-efd14305ff4e" testName="RestAll.Desktop.Tests.ViewModels.ViewModelBaseTests.SetProperty_WithSameValue_ShouldNotRaisePropertyChanged" computerName="DESKTOP-OH9J6T6" duration="00:00:00.0003433" startTime="2026-05-16T14:30:24.8131528+02:00" endTime="2026-05-16T14:30:24.8131528+02:00" testType="13cdc9d9-ddb5-4fa4-a97d-d965ccfc6d4b" outcome="Passed" testListId="8c84fa94-04c1-424b-9868-57a2d4851a1d" relativeResultsDirectory="0cc922ce-05ac-4f57-bf17-567130da6960" />
    <UnitTestResult executionId="ee1072ff-4908-4146-a634-379c98087fa8" testId="7d3f5988-cbf4-8e5d-f9e4-6d76d44ef885" testName="RestAll.Desktop.Tests.Auth.AuthenticateUserUseCaseTests.LoginAsync_WithFailure_ShouldResetState" computerName="DESKTOP-OH9J6T6" duration="00:00:00.0061817" startTime="2026-05-16T14:30:24.8575099+02:00" endTime="2026-05-16T14:30:24.8575100+02:00" testType="13cdc9d9-ddb5-4fa4-a97d-d965ccfc6d4b" outcome="Passed" testListId="8c84fa94-04c1-424b-9868-57a2d4851a1d" relativeResultsDirectory="ee1072ff-4908-4146-a634-379c98087fa8" />
    <UnitTestResult executionId="dd0c75dc-82c0-4402-b9f3-d7e8f721b19f" testId="e47d038f-3164-bc02-965f-14e8eaa6dc9f" testName="RestAll.Desktop.Tests.ViewModels.ProfileViewModelTests.UpdateProfileCommand_ShouldBeExecutable_WhenNameNotEmpty" computerName="DESKTOP-OH9J6T6" duration="00:00:00.0004778" startTime="2026-05-16T14:30:24.9545160+02:00" endTime="2026-05-16T14:30:24.9545161+02:00" testType="13cdc9d9-ddb5-4fa4-a97d-d965ccfc6d4b" outcome="Passed" testListId="8c84fa94-04c1-424b-9868-57a2d4851a1d" relativeResultsDirectory="dd0c75dc-82c0-4402-b9f3-d7e8f721b19f" />
    <UnitTestResult executionId="494861bc-6d97-430b-8d43-d89b703aa073" testId="f05eb0fd-d9fa-d3ea-c59d-634b047a57e1" testName="RestAll.Desktop.Tests.Auth.AuthenticateUserUseCaseTests.LoginAsync_WithEmptyEmail_ShouldReturnError" computerName="DESKTOP-OH9J6T6" duration="00:00:00.0011459" startTime="2026-05-16T14:30:24.8726677+02:00" endTime="2026-05-16T14:30:24.8726678+02:00" testType="13cdc9d9-ddb5-4fa4-a97d-d965ccfc6d4b" outcome="Passed" testListId="8c84fa94-04c1-424b-9868-57a2d4851a1d" relativeResultsDirectory="494861bc-6d97-430b-8d43-d89b703aa073" />
    <UnitTestResult executionId="e2a827e6-0415-43e3-abba-4e97e0766181" testId="355d5646-fc1b-104d-bc1a-af55ad01bcb5" testName="RestAll.Desktop.Tests.Infrastructure.Tables.HttpTableGatewayTests.GetTablesAsync_WithErrorResponse_ShouldReturnEmptyList" computerName="DESKTOP-OH9J6T6" duration="00:00:00.0082980" startTime="2026-05-16T14:30:24.9425771+02:00" endTime="2026-05-16T14:30:24.9425773+02:00" testType="13cdc9d9-ddb5-4fa4-a97d-d965ccfc6d4b" outcome="Passed" testListId="8c84fa94-04c1-424b-9868-57a2d4851a1d" relativeResultsDirectory="e2a827e6-0415-43e3-abba-4e97e0766181" />
    <UnitTestResult executionId="0f617b9c-e6d3-4edc-9bad-7f9fa91cc9a4" testId="89e25b59-9654-1d72-3770-a5400106fceb" testName="RestAll.Desktop.Tests.ViewModels.ProfileViewModelTests.UpdateProfileCommand_ShouldNotBeExecutable_WhenNameEmpty" computerName="DESKTOP-OH9J6T6" duration="00:00:00.0265120" startTime="2026-05-16T14:30:24.8994887+02:00" endTime="2026-05-16T14:30:24.8994888+02:00" testType="13cdc9d9-ddb5-4fa4-a97d-d965ccfc6d4b" outcome="Passed" testListId="8c84fa94-04c1-424b-9868-57a2d4851a1d" relativeResultsDirectory="0f617b9c-e6d3-4edc-9bad-7f9fa91cc9a4" />
    <UnitTestResult executionId="9a2fd380-33ab-4657-9189-11bed21b0882" testId="f0dbfc1a-8c90-be76-ad8a-71525b2d24e2" testName="RestAll.Desktop.Tests.ViewModels.KitchenViewModelTests.UpdateTicketStatusCommand_WhenSuccess_ShouldCallUseCase" computerName="DESKTOP-OH9J6T6" duration="00:00:00.2144724" startTime="2026-05-16T14:30:25.2875244+02:00" endTime="2026-05-16T14:30:25.2875245+02:00" testType="13cdc9d9-ddb5-4fa4-a97d-d965ccfc6d4b" outcome="Passed" testListId="8c84fa94-04c1-424b-9868-57a2d4851a1d" relativeResultsDirectory="9a2fd380-33ab-4657-9189-11bed21b0882" />
    <UnitTestResult executionId="6ce70f75-5e8b-4318-931a-b8e564b2074e" testId="cf364124-33c3-3b01-f5c3-3b1775028ad1" testName="RestAll.Desktop.Tests.Auth.HttpProfileGatewayTests.UpdateProfileAsync_ShouldReturnUpdatedProfile" computerName="DESKTOP-OH9J6T6" duration="00:00:00.0047612" startTime="2026-05-16T14:30:24.9447481+02:00" endTime="2026-05-16T14:30:24.9447481+02:00" testType="13cdc9d9-ddb5-4fa4-a97d-d965ccfc6d4b" outcome="Passed" testListId="8c84fa94-04c1-424b-9868-57a2d4851a1d" relativeResultsDirectory="6ce70f75-5e8b-4318-931a-b8e564b2074e" />
    <UnitTestResult executionId="aed8341d-698a-4c71-949f-ec7bb17b67bd" testId="c4161889-5842-c06f-523d-11ec288dd7c9" testName="RestAll.Desktop.Tests.ViewModels.ViewModelBaseTests.SetProperty_WhenValueDoesNotChange_ShouldNotRaisePropertyChanged" computerName="DESKTOP-OH9J6T6" duration="00:00:00.0002567" startTime="2026-05-16T14:30:24.8134571+02:00" endTime="2026-05-16T14:30:24.8134571+02:00" testType="13cdc9d9-ddb5-4fa4-a97d-d965ccfc6d4b" outcome="Passed" testListId="8c84fa94-04c1-424b-9868-57a2d4851a1d" relativeResultsDirectory="aed8341d-698a-4c71-949f-ec7bb17b67bd" />
    <UnitTestResult executionId="f283ba80-cf32-40a7-aa9a-309f9a0e74c1" testId="b7046513-8501-8cf2-ce4e-aee4a5c18d01" testName="RestAll.Desktop.Tests.Reservations.ManageReservationsUseCaseTests.CancelReservationAsync_ShouldReturnFalseOnFailure" computerName="DESKTOP-OH9J6T6" duration="00:00:00.0016834" startTime="2026-05-16T14:30:24.8965478+02:00" endTime="2026-05-16T14:30:24.8965479+02:00" testType="13cdc9d9-ddb5-4fa4-a97d-d965ccfc6d4b" outcome="Passed" testListId="8c84fa94-04c1-424b-9868-57a2d4851a1d" relativeResultsDirectory="f283ba80-cf32-40a7-aa9a-309f9a0e74c1" />
    <UnitTestResult executionId="25ec92e1-d6c9-4824-8479-3391be9f86a6" testId="3996c412-ecf0-044b-913c-f4318fe5e938" testName="RestAll.Desktop.Tests.ViewModels.ReservationsViewModelTests.LoadReservationsAsync_ShouldLoadReservations" computerName="DESKTOP-OH9J6T6" duration="00:00:00.0029108" startTime="2026-05-16T14:30:24.9610061+02:00" endTime="2026-05-16T14:30:24.9610063+02:00" testType="13cdc9d9-ddb5-4fa4-a97d-d965ccfc6d4b" outcome="Passed" testListId="8c84fa94-04c1-424b-9868-57a2d4851a1d" relativeResultsDirectory="25ec92e1-d6c9-4824-8479-3391be9f86a6" />
    <UnitTestResult executionId="8de0e7b9-83b5-4b4c-96a5-eae1a607b421" testId="7d042054-b92c-b74f-e357-117290376d96" testName="RestAll.Desktop.Tests.Auth.ManageProfileUseCaseTests.UpdateProfileAsync_ShouldReturnUpdatedProfile" computerName="DESKTOP-OH9J6T6" duration="00:00:00.0050823" startTime="2026-05-16T14:30:24.8832561+02:00" endTime="2026-05-16T14:30:24.8832563+02:00" testType="13cdc9d9-ddb5-4fa4-a97d-d965ccfc6d4b" outcome="Passed" testListId="8c84fa94-04c1-424b-9868-57a2d4851a1d" relativeResultsDirectory="8de0e7b9-83b5-4b4c-96a5-eae1a607b421" />
    <UnitTestResult executionId="f002145c-e7bf-46d7-a330-2f55fdf0477b" testId="873f97c5-fc9f-5925-8de7-ddc38bf6fa6c" testName="RestAll.Desktop.Tests.Menu.GetMenuUseCaseTests.GetCategoriesAsync_ShouldReturnCategories" computerName="DESKTOP-OH9J6T6" duration="00:00:00.0064496" startTime="2026-05-16T14:30:24.9447801+02:00" endTime="2026-05-16T14:30:24.9447802+02:00" testType="13cdc9d9-ddb5-4fa4-a97d-d965ccfc6d4b" outcome="Passed" testListId="8c84fa94-04c1-424b-9868-57a2d4851a1d" relativeResultsDirectory="f002145c-e7bf-46d7-a330-2f55fdf0477b" />
    <UnitTestResult executionId="f7198950-94f4-4bed-9f9b-a3f2f8a64273" testId="e28e5f03-2f40-91e7-6883-420ad77d71ed" testName="RestAll.Desktop.Tests.ViewModels.LoginViewModelTests.LoginCommand_WithError_ShouldShowErrorMessage" computerName="DESKTOP-OH9J6T6" duration="00:00:00.0022681" startTime="2026-05-16T14:30:24.9137504+02:00" endTime="2026-05-16T14:30:24.9137506+02:00" testType="13cdc9d9-ddb5-4fa4-a97d-d965ccfc6d4b" outcome="Passed" testListId="8c84fa94-04c1-424b-9868-57a2d4851a1d" relativeResultsDirectory="f7198950-94f4-4bed-9f9b-a3f2f8a64273" />
    <UnitTestResult executionId="c1ad42c1-15f7-4314-a434-45ef9ed1efad" testId="02949cb2-165d-460d-5f44-e0177ae6140d" testName="RestAll.Desktop.Tests.Reservations.HttpReservationGatewayTests.CreateReservationAsync_ShouldReturnCreatedReservation" computerName="DESKTOP-OH9J6T6" duration="00:00:00.0055834" startTime="2026-05-16T14:30:24.9956991+02:00" endTime="2026-05-16T14:30:24.9956993+02:00" testType="13cdc9d9-ddb5-4fa4-a97d-d965ccfc6d4b" outcome="Passed" testListId="8c84fa94-04c1-424b-9868-57a2d4851a1d" relativeResultsDirectory="c1ad42c1-15f7-4314-a434-45ef9ed1efad" />
    <UnitTestResult executionId="146a7bee-2616-4f0c-b0d7-0aa659696d89" testId="7bd0a64c-ddc7-a53e-e4c9-24916296ef4a" testName="RestAll.Desktop.Tests.ViewModels.ViewModelBaseTests.SetProperty_WhenValueChanges_ShouldRaisePropertyChanged" computerName="DESKTOP-OH9J6T6" duration="00:00:00.0061192" startTime="2026-05-16T14:30:24.8112471+02:00" endTime="2026-05-16T14:30:24.8112473+02:00" testType="13cdc9d9-ddb5-4fa4-a97d-d965ccfc6d4b" outcome="Passed" testListId="8c84fa94-04c1-424b-9868-57a2d4851a1d" relativeResultsDirectory="146a7bee-2616-4f0c-b0d7-0aa659696d89" />
    <UnitTestResult executionId="5d6e5fee-a3ba-4d4c-8e6d-f89fcf0e6420" testId="1e8ca8e3-982d-76af-bb44-3b4d059356e9" testName="RestAll.Desktop.Tests.ViewModels.TablesViewModelTests.LoadTablesCommand_WhenError_ShouldSetErrorMessage" computerName="DESKTOP-OH9J6T6" duration="00:00:00.2178522" startTime="2026-05-16T14:30:25.3858643+02:00" endTime="2026-05-16T14:30:25.3858645+02:00" testType="13cdc9d9-ddb5-4fa4-a97d-d965ccfc6d4b" outcome="Passed" testListId="8c84fa94-04c1-424b-9868-57a2d4851a1d" relativeResultsDirectory="5d6e5fee-a3ba-4d4c-8e6d-f89fcf0e6420" />
    <UnitTestResult executionId="7aad43f3-53fb-4b3a-bb3a-07058875e7e2" testId="614b884d-3cc0-1a6a-aa31-d30b4a340c49" testName="RestAll.Desktop.Tests.ViewModels.MenuViewModelTests.LoadMenuCommand_WhenError_ShouldSetErrorMessage" computerName="DESKTOP-OH9J6T6" duration="00:00:00.2275465" startTime="2026-05-16T14:30:25.0411372+02:00" endTime="2026-05-16T14:30:25.0411377+02:00" testType="13cdc9d9-ddb5-4fa4-a97d-d965ccfc6d4b" outcome="Passed" testListId="8c84fa94-04c1-424b-9868-57a2d4851a1d" relativeResultsDirectory="7aad43f3-53fb-4b3a-bb3a-07058875e7e2" />
    <UnitTestResult executionId="5900de11-dac4-4565-87bc-04ff5b8d67df" testId="6a7bd55e-c69c-04fd-7efb-8143a5278520" testName="RestAll.Desktop.Tests.Auth.AuthenticateUserUseCaseTests.LoginAsync_WithTwoFactorRequired_ShouldReturnRequiresTwoFactor" computerName="DESKTOP-OH9J6T6" duration="00:00:00.0039146" startTime="2026-05-16T14:30:24.8676753+02:00" endTime="2026-05-16T14:30:24.8676754+02:00" testType="13cdc9d9-ddb5-4fa4-a97d-d965ccfc6d4b" outcome="Passed" testListId="8c84fa94-04c1-424b-9868-57a2d4851a1d" relativeResultsDirectory="5900de11-dac4-4565-87bc-04ff5b8d67df" />
    <UnitTestResult executionId="5ce78849-91bd-40f1-b47a-c3b558a1e559" testId="bd2b3fc3-65a3-811e-d48b-d8502a74bbc7" testName="RestAll.Desktop.Tests.ViewModels.AdminDashboardViewModelTests.LoadStaffCommand_ShouldPopulateStaffMembers" computerName="DESKTOP-OH9J6T6" duration="00:00:00.0607288" startTime="2026-05-16T14:30:25.1952898+02:00" endTime="2026-05-16T14:30:25.1952901+02:00" testType="13cdc9d9-ddb5-4fa4-a97d-d965ccfc6d4b" outcome="Passed" testListId="8c84fa94-04c1-424b-9868-57a2d4851a1d" relativeResultsDirectory="5ce78849-91bd-40f1-b47a-c3b558a1e559" />
    <UnitTestResult executionId="646ee4af-d010-410c-934b-a20018a60d25" testId="146d3766-a247-380a-3299-128828ad047a" testName="RestAll.Desktop.Tests.Infrastructure.Orders.HttpOrderGatewayTests.CreateOrderAsync_WithErrorResponse_ShouldReturnNull" computerName="DESKTOP-OH9J6T6" duration="00:00:00.0090764" startTime="2026-05-16T14:30:24.8902051+02:00" endTime="2026-05-16T14:30:24.8902052+02:00" testType="13cdc9d9-ddb5-4fa4-a97d-d965ccfc6d4b" outcome="Passed" testListId="8c84fa94-04c1-424b-9868-57a2d4851a1d" relativeResultsDirectory="646ee4af-d010-410c-934b-a20018a60d25" />
    <UnitTestResult executionId="0c505c89-0309-4c67-9199-bcc4bb7b8a4f" testId="a5e0f1d1-0e10-2a2d-e2b2-2a8caa1b4f3d" testName="RestAll.Desktop.Tests.ViewModels.LoginViewModelTests.Cancel_ShouldCancelCancellationToken" computerName="DESKTOP-OH9J6T6" duration="00:00:00.0005142" startTime="2026-05-16T14:30:24.9072261+02:00" endTime="2026-05-16T14:30:24.9072262+02:00" testType="13cdc9d9-ddb5-4fa4-a97d-d965ccfc6d4b" outcome="Passed" testListId="8c84fa94-04c1-424b-9868-57a2d4851a1d" relativeResultsDirectory="0c505c89-0309-4c67-9199-bcc4bb7b8a4f" />
    <UnitTestResult executionId="d09f6b71-609a-4246-81c4-a9ff0b59b4a7" testId="ea410a81-cde0-86f8-c3b5-606e3cef313a" testName="RestAll.Desktop.Tests.Infrastructure.Admin.HttpAdminGatewayTests.GetStaffAsync_WithSuccessResponse_ShouldReturnUsers" computerName="DESKTOP-OH9J6T6" duration="00:00:00.1033218" startTime="2026-05-16T14:30:24.8362548+02:00" endTime="2026-05-16T14:30:24.8362550+02:00" testType="13cdc9d9-ddb5-4fa4-a97d-d965ccfc6d4b" outcome="Passed" testListId="8c84fa94-04c1-424b-9868-57a2d4851a1d" relativeResultsDirectory="d09f6b71-609a-4246-81c4-a9ff0b59b4a7" />
    <UnitTestResult executionId="468d8e70-96e6-4d11-ac43-33a547d3d8d1" testId="a12c95db-b415-ee2b-214e-8673820dab29" testName="RestAll.Desktop.Tests.Reservations.ManageReservationsUseCaseTests.CancelReservationAsync_ShouldReturnTrueOnSuccess" computerName="DESKTOP-OH9J6T6" duration="00:00:00.0020477" startTime="2026-05-16T14:30:24.8986768+02:00" endTime="2026-05-16T14:30:24.8986769+02:00" testType="13cdc9d9-ddb5-4fa4-a97d-d965ccfc6d4b" outcome="Passed" testListId="8c84fa94-04c1-424b-9868-57a2d4851a1d" relativeResultsDirectory="468d8e70-96e6-4d11-ac43-33a547d3d8d1" />
    <UnitTestResult executionId="919134a7-4eb3-495d-82fc-c07134861230" testId="d93960ac-1702-bf7b-e74f-4b984d158b5d" testName="RestAll.Desktop.Tests.ViewModels.MainWindowViewModelTests.Constructor_ShouldInitializeProperties" computerName="DESKTOP-OH9J6T6" duration="00:00:00.0017188" startTime="2026-05-16T14:30:24.8615104+02:00" endTime="2026-05-16T14:30:24.8615105+02:00" testType="13cdc9d9-ddb5-4fa4-a97d-d965ccfc6d4b" outcome="Passed" testListId="8c84fa94-04c1-424b-9868-57a2d4851a1d" relativeResultsDirectory="919134a7-4eb3-495d-82fc-c07134861230" />
    <UnitTestResult executionId="524b1f26-2c17-4506-91b3-302948e4aef6" testId="c0b804a2-a758-8926-40e2-c1d1bdd7c36d" testName="RestAll.Desktop.Tests.Infrastructure.Orders.HttpOrderGatewayTests.GetOrdersAsync_WithSuccessResponse_ShouldReturnOrders" computerName="DESKTOP-OH9J6T6" duration="00:00:00.0076561" startTime="2026-05-16T14:30:24.8743753+02:00" endTime="2026-05-16T14:30:24.8743754+02:00" testType="13cdc9d9-ddb5-4fa4-a97d-d965ccfc6d4b" outcome="Passed" testListId="8c84fa94-04c1-424b-9868-57a2d4851a1d" relativeResultsDirectory="524b1f26-2c17-4506-91b3-302948e4aef6" />
    <UnitTestResult executionId="c4fc228e-bc95-4a42-930f-7052bb9272c8" testId="8d66b843-85be-c249-17bd-8bc375dbe9cf" testName="RestAll.Desktop.Tests.ViewModels.OrdersViewModelTests.Cancel_ShouldCancelCancellationToken" computerName="DESKTOP-OH9J6T6" duration="00:00:00.0001454" startTime="2026-05-16T14:30:25.9172173+02:00" endTime="2026-05-16T14:30:25.9172175+02:00" testType="13cdc9d9-ddb5-4fa4-a97d-d965ccfc6d4b" outcome="Passed" testListId="8c84fa94-04c1-424b-9868-57a2d4851a1d" relativeResultsDirectory="c4fc228e-bc95-4a42-930f-7052bb9272c8" />
    <UnitTestResult executionId="53f2b499-e397-4c83-bc97-7210edb6582c" testId="8906522d-a706-7896-1575-13c0a5f049e1" testName="RestAll.Desktop.Tests.Integration.ErrorHandlingIntegrationTests.AuthGateway_WhenNetworkError_ShouldReturnAnonymous" computerName="DESKTOP-OH9J6T6" duration="00:00:00.0016262" startTime="2026-05-16T14:30:24.9667174+02:00" endTime="2026-05-16T14:30:24.9667178+02:00" testType="13cdc9d9-ddb5-4fa4-a97d-d965ccfc6d4b" outcome="Passed" testListId="8c84fa94-04c1-424b-9868-57a2d4851a1d" relativeResultsDirectory="53f2b499-e397-4c83-bc97-7210edb6582c" />
    <UnitTestResult executionId="6dd053a8-d2f2-4042-88d2-cf8f66496348" testId="2292f52e-5248-45de-b31b-6529d8243c67" testName="RestAll.Desktop.Tests.Auth.AuthenticateUserUseCaseTests.LoginAsync_WithEmptyPassword_ShouldReturnError" computerName="DESKTOP-OH9J6T6" duration="00:00:00.0009340" startTime="2026-05-16T14:30:24.8630823+02:00" endTime="2026-05-16T14:30:24.8630824+02:00" testType="13cdc9d9-ddb5-4fa4-a97d-d965ccfc6d4b" outcome="Passed" testListId="8c84fa94-04c1-424b-9868-57a2d4851a1d" relativeResultsDirectory="6dd053a8-d2f2-4042-88d2-cf8f66496348" />
    <UnitTestResult executionId="befd52b3-60e9-4d34-82a2-fddc366ab0f2" testId="05c5b2d7-b3c9-2b3b-67f8-26be975b1bfd" testName="RestAll.Desktop.Tests.Integration.ProfileIntegrationTests.ProfileFlow_WithoutSession_ShouldFail" computerName="DESKTOP-OH9J6T6" duration="00:00:00.0032803" startTime="2026-05-16T14:30:24.9736412+02:00" endTime="2026-05-16T14:30:24.9736413+02:00" testType="13cdc9d9-ddb5-4fa4-a97d-d965ccfc6d4b" outcome="Passed" testListId="8c84fa94-04c1-424b-9868-57a2d4851a1d" relativeResultsDirectory="befd52b3-60e9-4d34-82a2-fddc366ab0f2" />
    <UnitTestResult executionId="e42552f5-3d79-4f03-a868-93579813c709" testId="a48c9109-3d4c-d77f-17a9-50e808eda3ab" testName="RestAll.Desktop.Tests.ViewModels.ReservationsViewModelTests.LoadReservationsCommand_ShouldNotBeExecutable_WhenLoading" computerName="DESKTOP-OH9J6T6" duration="00:00:00.0009015" startTime="2026-05-16T14:30:24.9557057+02:00" endTime="2026-05-16T14:30:24.9557057+02:00" testType="13cdc9d9-ddb5-4fa4-a97d-d965ccfc6d4b" outcome="Passed" testListId="8c84fa94-04c1-424b-9868-57a2d4851a1d" relativeResultsDirectory="e42552f5-3d79-4f03-a868-93579813c709" />
    <UnitTestResult executionId="d3a5c427-cfb7-4d45-ae4c-330d3e213188" testId="54311d25-5a07-8c00-6902-b1dc60a9de5a" testName="RestAll.Desktop.Tests.Infrastructure.Auth.HttpAuthGatewayTests.LoginAsync_WithTwoFactorRequired_ShouldReturnRequiresTwoFactor" computerName="DESKTOP-OH9J6T6" duration="00:00:00.0009867" startTime="2026-05-16T14:30:24.8978626+02:00" endTime="2026-05-16T14:30:24.8978629+02:00" testType="13cdc9d9-ddb5-4fa4-a97d-d965ccfc6d4b" outcome="Passed" testListId="8c84fa94-04c1-424b-9868-57a2d4851a1d" relativeResultsDirectory="d3a5c427-cfb7-4d45-ae4c-330d3e213188" />
    <UnitTestResult executionId="dd0f8f8c-2515-48e6-8115-d1b7ebd440c7" testId="c0ae26bb-4aa6-2576-7297-cec0f3a612a4" testName="RestAll.Desktop.Tests.Orders.ManageOrdersUseCaseTests.CreateOrderAsync_ShouldReturnOrder" computerName="DESKTOP-OH9J6T6" duration="00:00:00.1469849" startTime="2026-05-16T14:30:24.8767013+02:00" endTime="2026-05-16T14:30:24.8767015+02:00" testType="13cdc9d9-ddb5-4fa4-a97d-d965ccfc6d4b" outcome="Passed" testListId="8c84fa94-04c1-424b-9868-57a2d4851a1d" relativeResultsDirectory="dd0f8f8c-2515-48e6-8115-d1b7ebd440c7" />
    <UnitTestResult executionId="a172c0bb-bb00-4a27-8006-ee18c65cca1a" testId="46d9882f-4546-bfa2-4aaa-c2b46e66f983" testName="RestAll.Desktop.Tests.Auth.ManageProfileUseCaseTests.GetProfileAsync_ShouldReturnProfile" computerName="DESKTOP-OH9J6T6" duration="00:00:00.0043355" startTime="2026-05-16T14:30:24.8943599+02:00" endTime="2026-05-16T14:30:24.8943600+02:00" testType="13cdc9d9-ddb5-4fa4-a97d-d965ccfc6d4b" outcome="Passed" testListId="8c84fa94-04c1-424b-9868-57a2d4851a1d" relativeResultsDirectory="a172c0bb-bb00-4a27-8006-ee18c65cca1a" />
    <UnitTestResult executionId="87fb0f28-12db-4341-bec8-70706f2b67e5" testId="5035986a-30f9-b125-6d60-ea8bfc589830" testName="RestAll.Desktop.Tests.Reservations.HttpReservationGatewayTests.CancelReservationAsync_ShouldReturnTrueOnSuccess" computerName="DESKTOP-OH9J6T6" duration="00:00:00.0011959" startTime="2026-05-16T14:30:24.9988409+02:00" endTime="2026-05-16T14:30:24.9988410+02:00" testType="13cdc9d9-ddb5-4fa4-a97d-d965ccfc6d4b" outcome="Passed" testListId="8c84fa94-04c1-424b-9868-57a2d4851a1d" relativeResultsDirectory="87fb0f28-12db-4341-bec8-70706f2b67e5" />
    <UnitTestResult executionId="e6d17b17-5a81-4ea6-8a95-8f04d407768f" testId="8336a10d-5280-03e3-52e3-beaa571111c9" testName="RestAll.Desktop.Tests.Auth.HttpProfileGatewayTests.GetProfileAsync_ShouldReturnProfile" computerName="DESKTOP-OH9J6T6" duration="00:00:00.0102631" startTime="2026-05-16T14:30:24.9398772+02:00" endTime="2026-05-16T14:30:24.9398773+02:00" testType="13cdc9d9-ddb5-4fa4-a97d-d965ccfc6d4b" outcome="Passed" testListId="8c84fa94-04c1-424b-9868-57a2d4851a1d" relativeResultsDirectory="e6d17b17-5a81-4ea6-8a95-8f04d407768f" />
    <UnitTestResult executionId="8b38a0b2-0f37-4f91-94ec-92dc62304355" testId="636828bc-95bd-89ba-faca-84b371aa6e7a" testName="RestAll.Desktop.Tests.ViewModels.MainWindowViewModelTests.SessionChanged_WhenAdmin_ShouldEnableAdminDashboard" computerName="DESKTOP-OH9J6T6" duration="00:00:00.0454744" startTime="2026-05-16T14:30:24.8591278+02:00" endTime="2026-05-16T14:30:24.8591279+02:00" testType="13cdc9d9-ddb5-4fa4-a97d-d965ccfc6d4b" outcome="Passed" testListId="8c84fa94-04c1-424b-9868-57a2d4851a1d" relativeResultsDirectory="8b38a0b2-0f37-4f91-94ec-92dc62304355" />
    <UnitTestResult executionId="aca88d1f-88bb-4bfb-bcbb-25bf20175e2b" testId="0dbd3568-adb7-532a-ed52-3e21b53817ee" testName="RestAll.Desktop.Tests.Integration.OfflineOrderWorkflowTests.MixedWorkflow_OnlineAndOffline_ShouldQueueOnlyOffline" computerName="DESKTOP-OH9J6T6" duration="00:00:00.0169991" startTime="2026-05-16T14:30:24.8796251+02:00" endTime="2026-05-16T14:30:24.8796252+02:00" testType="13cdc9d9-ddb5-4fa4-a97d-d965ccfc6d4b" outcome="Passed" testListId="8c84fa94-04c1-424b-9868-57a2d4851a1d" relativeResultsDirectory="aca88d1f-88bb-4bfb-bcbb-25bf20175e2b" />
    <UnitTestResult executionId="4346d91c-1c98-4523-972e-72d3a8950fb6" testId="a2c88a59-17c5-befc-c5aa-840598d90563" testName="RestAll.Desktop.Tests.ViewModels.OrdersViewModelTests.LoadOrdersCommand_WithNoOfflineOrders_ShouldShowZeroPending" computerName="DESKTOP-OH9J6T6" duration="00:00:00.2141801" startTime="2026-05-16T14:30:25.7006792+02:00" endTime="2026-05-16T14:30:25.7006794+02:00" testType="13cdc9d9-ddb5-4fa4-a97d-d965ccfc6d4b" outcome="Passed" testListId="8c84fa94-04c1-424b-9868-57a2d4851a1d" relativeResultsDirectory="4346d91c-1c98-4523-972e-72d3a8950fb6" />
    <UnitTestResult executionId="c0d7041b-a255-4dfb-a3b1-044f34b1fc38" testId="5c422f5d-ddef-2454-ce6c-a0255df606f7" testName="RestAll.Desktop.Tests.Tables.TableManagementUseCaseTests.GetTablesAsync_ShouldReturnTables" computerName="DESKTOP-OH9J6T6" duration="00:00:00.0055061" startTime="2026-05-16T14:30:24.9130257+02:00" endTime="2026-05-16T14:30:24.9130258+02:00" testType="13cdc9d9-ddb5-4fa4-a97d-d965ccfc6d4b" outcome="Passed" testListId="8c84fa94-04c1-424b-9868-57a2d4851a1d" relativeResultsDirectory="c0d7041b-a255-4dfb-a3b1-044f34b1fc38" />
    <UnitTestResult executionId="a62dca50-a543-4c9c-bb71-c2936f77a7e3" testId="a1e23cbf-65a2-0395-8140-fec587f8da34" testName="RestAll.Desktop.Tests.ViewModels.ProfileViewModelTests.LoadProfileAsync_ShouldLoadProfile" computerName="DESKTOP-OH9J6T6" duration="00:00:00.0023484" startTime="2026-05-16T14:30:24.9541966+02:00" endTime="2026-05-16T14:30:24.9541966+02:00" testType="13cdc9d9-ddb5-4fa4-a97d-d965ccfc6d4b" outcome="Passed" testListId="8c84fa94-04c1-424b-9868-57a2d4851a1d" relativeResultsDirectory="a62dca50-a543-4c9c-bb71-c2936f77a7e3" />
    <UnitTestResult executionId="020ad9d1-4989-42de-a29d-dca677a4d8d7" testId="116811c5-be28-0de0-e11b-98036d9316fe" testName="RestAll.Desktop.Tests.ViewModels.RelayCommandTests.Execute_WithParameterAndNull_ShouldNotCallAction" computerName="DESKTOP-OH9J6T6" duration="00:00:00.0015010" startTime="2026-05-16T14:30:24.9147859+02:00" endTime="2026-05-16T14:30:24.9147861+02:00" testType="13cdc9d9-ddb5-4fa4-a97d-d965ccfc6d4b" outcome="Passed" testListId="8c84fa94-04c1-424b-9868-57a2d4851a1d" relativeResultsDirectory="020ad9d1-4989-42de-a29d-dca677a4d8d7" />
    <UnitTestResult executionId="896165e0-aadf-4f26-8e7d-d6a2e01b89a4" testId="72a3eb32-b813-8810-01ae-7292da18d5b2" testName="RestAll.Desktop.Tests.ViewModels.KitchenViewModelTests.LoadTicketsCommand_WhenError_ShouldSetErrorMessage" computerName="DESKTOP-OH9J6T6" duration="00:00:00.2124619" startTime="2026-05-16T14:30:25.0726059+02:00" endTime="2026-05-16T14:30:25.0726062+02:00" testType="13cdc9d9-ddb5-4fa4-a97d-d965ccfc6d4b" outcome="Passed" testListId="8c84fa94-04c1-424b-9868-57a2d4851a1d" relativeResultsDirectory="896165e0-aadf-4f26-8e7d-d6a2e01b89a4" />
    <UnitTestResult executionId="0f7a1edf-50e4-45bf-89a9-ea378d95187a" testId="0e7ddcf4-f461-b73d-aa07-0b1d9ad3cd59" testName="RestAll.Desktop.Tests.Infrastructure.Orders.HttpOrderGatewayTests.PayOrderAsync_WithSuccessResponse_ShouldReturnTrue" computerName="DESKTOP-OH9J6T6" duration="00:00:00.0016514" startTime="2026-05-16T14:30:24.8795595+02:00" endTime="2026-05-16T14:30:24.8795598+02:00" testType="13cdc9d9-ddb5-4fa4-a97d-d965ccfc6d4b" outcome="Passed" testListId="8c84fa94-04c1-424b-9868-57a2d4851a1d" relativeResultsDirectory="0f7a1edf-50e4-45bf-89a9-ea378d95187a" />
    <UnitTestResult executionId="977d43ca-2af2-4d7e-9820-2145cf2b2125" testId="57ff9821-b581-436c-745e-4ef5aeca98a0" testName="RestAll.Desktop.Tests.ViewModels.AdminDashboardViewModelTests.CreateStaffCommand_WithValidData_ShouldAddUser" computerName="DESKTOP-OH9J6T6" duration="00:00:00.0623854" startTime="2026-05-16T14:30:25.2580732+02:00" endTime="2026-05-16T14:30:25.2580733+02:00" testType="13cdc9d9-ddb5-4fa4-a97d-d965ccfc6d4b" outcome="Passed" testListId="8c84fa94-04c1-424b-9868-57a2d4851a1d" relativeResultsDirectory="977d43ca-2af2-4d7e-9820-2145cf2b2125" />
    <UnitTestResult executionId="e195383a-3668-46a9-807e-0ec6abe44644" testId="f3647f80-33d9-12d0-11bc-8efa8a65c921" testName="RestAll.Desktop.Tests.Infrastructure.Admin.HttpAdminGatewayTests.GetAnalyticsSummaryAsync_WithSuccessResponse_ShouldReturnSummary" computerName="DESKTOP-OH9J6T6" duration="00:00:00.0100391" startTime="2026-05-16T14:30:24.8599792+02:00" endTime="2026-05-16T14:30:24.8599792+02:00" testType="13cdc9d9-ddb5-4fa4-a97d-d965ccfc6d4b" outcome="Passed" testListId="8c84fa94-04c1-424b-9868-57a2d4851a1d" relativeResultsDirectory="e195383a-3668-46a9-807e-0ec6abe44644" />
    <UnitTestResult executionId="0c289128-6f83-4c81-ad92-cbbe5cdabba0" testId="de3d051d-683d-9a20-ce7e-c2370f41e5f0" testName="RestAll.Desktop.Tests.Infrastructure.Kitchen.HttpKitchenGatewayTests.UpdateTicketStatusAsync_WithErrorResponse_ShouldReturnFalse" computerName="DESKTOP-OH9J6T6" duration="00:00:00.1077354" startTime="2026-05-16T14:30:24.8404940+02:00" endTime="2026-05-16T14:30:24.8404941+02:00" testType="13cdc9d9-ddb5-4fa4-a97d-d965ccfc6d4b" outcome="Passed" testListId="8c84fa94-04c1-424b-9868-57a2d4851a1d" relativeResultsDirectory="0c289128-6f83-4c81-ad92-cbbe5cdabba0" />
    <UnitTestResult executionId="5d934f8e-dc92-4971-a788-e689b73c5fe2" testId="80fa8e77-bb83-b334-8acc-1fb908ff09cf" testName="RestAll.Desktop.Tests.Infrastructure.Auth.HttpAuthGatewayTests.LoginAsync_WithNetworkError_ShouldReturnAnonymous" computerName="DESKTOP-OH9J6T6" duration="00:00:00.0012603" startTime="2026-05-16T14:30:24.9050954+02:00" endTime="2026-05-16T14:30:24.9050954+02:00" testType="13cdc9d9-ddb5-4fa4-a97d-d965ccfc6d4b" outcome="Passed" testListId="8c84fa94-04c1-424b-9868-57a2d4851a1d" relativeResultsDirectory="5d934f8e-dc92-4971-a788-e689b73c5fe2" />
    <UnitTestResult executionId="f3313f9b-57dc-4ea2-a7fb-25773b5462bd" testId="8412a2bf-dbd0-b5cb-7bd1-09b88932398a" testName="RestAll.Desktop.Tests.Infrastructure.Kitchen.HttpKitchenGatewayTests.UpdateTicketStatusAsync_WithSuccessResponse_ShouldReturnTrue" computerName="DESKTOP-OH9J6T6" duration="00:00:00.0043668" startTime="2026-05-16T14:30:24.8652044+02:00" endTime="2026-05-16T14:30:24.8652046+02:00" testType="13cdc9d9-ddb5-4fa4-a97d-d965ccfc6d4b" outcome="Passed" testListId="8c84fa94-04c1-424b-9868-57a2d4851a1d" relativeResultsDirectory="f3313f9b-57dc-4ea2-a7fb-25773b5462bd" />
    <UnitTestResult executionId="a58fca52-455b-4e10-8c6d-35e5b8721d3d" testId="223b41c5-dd1a-58a9-73e4-47e3fa220999" testName="RestAll.Desktop.Tests.Integration.ProfileIntegrationTests.ProfileFlow_ShouldUpdateProfileData" computerName="DESKTOP-OH9J6T6" duration="00:00:00.0029006" startTime="2026-05-16T14:30:24.9703025+02:00" endTime="2026-05-16T14:30:24.9703026+02:00" testType="13cdc9d9-ddb5-4fa4-a97d-d965ccfc6d4b" outcome="Passed" testListId="8c84fa94-04c1-424b-9868-57a2d4851a1d" relativeResultsDirectory="a58fca52-455b-4e10-8c6d-35e5b8721d3d" />
    <UnitTestResult executionId="9c3dc71c-0856-4315-b176-fdf00003e1e3" testId="96d0fc30-1187-2825-d331-305e7c22e6f7" testName="RestAll.Desktop.Tests.Kitchen.ManageKitchenUseCaseTests.UpdateTicketStatusAsync_ShouldReturnTrue" computerName="DESKTOP-OH9J6T6" duration="00:00:00.0120079" startTime="2026-05-16T14:30:24.8814456+02:00" endTime="2026-05-16T14:30:24.8814457+02:00" testType="13cdc9d9-ddb5-4fa4-a97d-d965ccfc6d4b" outcome="Passed" testListId="8c84fa94-04c1-424b-9868-57a2d4851a1d" relativeResultsDirectory="9c3dc71c-0856-4315-b176-fdf00003e1e3" />
    <UnitTestResult executionId="e39b06a8-8e81-4eef-809f-7e9e0887794e" testId="66af71e0-d64d-13ae-53aa-7ec904d51853" testName="RestAll.Desktop.Tests.ViewModels.ViewModelBaseTests.PropertyChanged_ShouldContainPropertyName" computerName="DESKTOP-OH9J6T6" duration="00:00:00.0004777" startTime="2026-05-16T14:30:24.8127644+02:00" endTime="2026-05-16T14:30:24.8127646+02:00" testType="13cdc9d9-ddb5-4fa4-a97d-d965ccfc6d4b" outcome="Passed" testListId="8c84fa94-04c1-424b-9868-57a2d4851a1d" relativeResultsDirectory="e39b06a8-8e81-4eef-809f-7e9e0887794e" />
[...]
    <TestEntry testId="355d5646-fc1b-104d-bc1a-af55ad01bcb5" executionId="e2a827e6-0415-43e3-abba-4e97e0766181" testListId="8c84fa94-04c1-424b-9868-57a2d4851a1d" />
    <TestEntry testId="89e25b59-9654-1d72-3770-a5400106fceb" executionId="0f617b9c-e6d3-4edc-9bad-7f9fa91cc9a4" testListId="8c84fa94-04c1-424b-9868-57a2d4851a1d" />
    <TestEntry testId="f0dbfc1a-8c90-be76-ad8a-71525b2d24e2" executionId="9a2fd380-33ab-4657-9189-11bed21b0882" testListId="8c84fa94-04c1-424b-9868-57a2d4851a1d" />
    <TestEntry testId="cf364124-33c3-3b01-f5c3-3b1775028ad1" executionId="6ce70f75-5e8b-4318-931a-b8e564b2074e" testListId="8c84fa94-04c1-424b-9868-57a2d4851a1d" />
    <TestEntry testId="c4161889-5842-c06f-523d-11ec288dd7c9" executionId="aed8341d-698a-4c71-949f-ec7bb17b67bd" testListId="8c84fa94-04c1-424b-9868-57a2d4851a1d" />
    <TestEntry testId="b7046513-8501-8cf2-ce4e-aee4a5c18d01" executionId="f283ba80-cf32-40a7-aa9a-309f9a0e74c1" testListId="8c84fa94-04c1-424b-9868-57a2d4851a1d" />
    <TestEntry testId="3996c412-ecf0-044b-913c-f4318fe5e938" executionId="25ec92e1-d6c9-4824-8479-3391be9f86a6" testListId="8c84fa94-04c1-424b-9868-57a2d4851a1d" />
    <TestEntry testId="7d042054-b92c-b74f-e357-117290376d96" executionId="8de0e7b9-83b5-4b4c-96a5-eae1a607b421" testListId="8c84fa94-04c1-424b-9868-57a2d4851a1d" />
    <TestEntry testId="873f97c5-fc9f-5925-8de7-ddc38bf6fa6c" executionId="f002145c-e7bf-46d7-a330-2f55fdf0477b" testListId="8c84fa94-04c1-424b-9868-57a2d4851a1d" />
    <TestEntry testId="e28e5f03-2f40-91e7-6883-420ad77d71ed" executionId="f7198950-94f4-4bed-9f9b-a3f2f8a64273" testListId="8c84fa94-04c1-424b-9868-57a2d4851a1d" />
    <TestEntry testId="02949cb2-165d-460d-5f44-e0177ae6140d" executionId="c1ad42c1-15f7-4314-a434-45ef9ed1efad" testListId="8c84fa94-04c1-424b-9868-57a2d4851a1d" />
    <TestEntry testId="7bd0a64c-ddc7-a53e-e4c9-24916296ef4a" executionId="146a7bee-2616-4f0c-b0d7-0aa659696d89" testListId="8c84fa94-04c1-424b-9868-57a2d4851a1d" />
    <TestEntry testId="1e8ca8e3-982d-76af-bb44-3b4d059356e9" executionId="5d6e5fee-a3ba-4d4c-8e6d-f89fcf0e6420" testListId="8c84fa94-04c1-424b-9868-57a2d4851a1d" />
    <TestEntry testId="614b884d-3cc0-1a6a-aa31-d30b4a340c49" executionId="7aad43f3-53fb-4b3a-bb3a-07058875e7e2" testListId="8c84fa94-04c1-424b-9868-57a2d4851a1d" />
    <TestEntry testId="6a7bd55e-c69c-04fd-7efb-8143a5278520" executionId="5900de11-dac4-4565-87bc-04ff5b8d67df" testListId="8c84fa94-04c1-424b-9868-57a2d4851a1d" />
    <TestEntry testId="bd2b3fc3-65a3-811e-d48b-d8502a74bbc7" executionId="5ce78849-91bd-40f1-b47a-c3b558a1e559" testListId="8c84fa94-04c1-424b-9868-57a2d4851a1d" />
    <TestEntry testId="146d3766-a247-380a-3299-128828ad047a" executionId="646ee4af-d010-410c-934b-a20018a60d25" testListId="8c84fa94-04c1-424b-9868-57a2d4851a1d" />
    <TestEntry testId="a5e0f1d1-0e10-2a2d-e2b2-2a8caa1b4f3d" executionId="0c505c89-0309-4c67-9199-bcc4bb7b8a4f" testListId="8c84fa94-04c1-424b-9868-57a2d4851a1d" />
    <TestEntry testId="ea410a81-cde0-86f8-c3b5-606e3cef313a" executionId="d09f6b71-609a-4246-81c4-a9ff0b59b4a7" testListId="8c84fa94-04c1-424b-9868-57a2d4851a1d" />
    <TestEntry testId="a12c95db-b415-ee2b-214e-8673820dab29" executionId="468d8e70-96e6-4d11-ac43-33a547d3d8d1" testListId="8c84fa94-04c1-424b-9868-57a2d4851a1d" />
    <TestEntry testId="d93960ac-1702-bf7b-e74f-4b984d158b5d" executionId="919134a7-4eb3-495d-82fc-c07134861230" testListId="8c84fa94-04c1-424b-9868-57a2d4851a1d" />
    <TestEntry testId="c0b804a2-a758-8926-40e2-c1d1bdd7c36d" executionId="524b1f26-2c17-4506-91b3-302948e4aef6" testListId="8c84fa94-04c1-424b-9868-57a2d4851a1d" />
    <TestEntry testId="8d66b843-85be-c249-17bd-8bc375dbe9cf" executionId="c4fc228e-bc95-4a42-930f-7052bb9272c8" testListId="8c84fa94-04c1-424b-9868-57a2d4851a1d" />
    <TestEntry testId="8906522d-a706-7896-1575-13c0a5f049e1" executionId="53f2b499-e397-4c83-bc97-7210edb6582c" testListId="8c84fa94-04c1-424b-9868-57a2d4851a1d" />
    <TestEntry testId="2292f52e-5248-45de-b31b-6529d8243c67" executionId="6dd053a8-d2f2-4042-88d2-cf8f66496348" testListId="8c84fa94-04c1-424b-9868-57a2d4851a1d" />
    <TestEntry testId="05c5b2d7-b3c9-2b3b-67f8-26be975b1bfd" executionId="befd52b3-60e9-4d34-82a2-fddc366ab0f2" testListId="8c84fa94-04c1-424b-9868-57a2d4851a1d" />
    <TestEntry testId="a48c9109-3d4c-d77f-17a9-50e808eda3ab" executionId="e42552f5-3d79-4f03-a868-93579813c709" testListId="8c84fa94-04c1-424b-9868-57a2d4851a1d" />
    <TestEntry testId="54311d25-5a07-8c00-6902-b1dc60a9de5a" executionId="d3a5c427-cfb7-4d45-ae4c-330d3e213188" testListId="8c84fa94-04c1-424b-9868-57a2d4851a1d" />
    <TestEntry testId="c0ae26bb-4aa6-2576-7297-cec0f3a612a4" executionId="dd0f8f8c-2515-48e6-8115-d1b7ebd440c7" testListId="8c84fa94-04c1-424b-9868-57a2d4851a1d" />
    <TestEntry testId="46d9882f-4546-bfa2-4aaa-c2b46e66f983" executionId="a172c0bb-bb00-4a27-8006-ee18c65cca1a" testListId="8c84fa94-04c1-424b-9868-57a2d4851a1d" />
    <TestEntry testId="5035986a-30f9-b125-6d60-ea8bfc589830" executionId="87fb0f28-12db-4341-bec8-70706f2b67e5" testListId="8c84fa94-04c1-424b-9868-57a2d4851a1d" />
    <TestEntry testId="8336a10d-5280-03e3-52e3-beaa571111c9" executionId="e6d17b17-5a81-4ea6-8a95-8f04d407768f" testListId="8c84fa94-04c1-424b-9868-57a2d4851a1d" />
    <TestEntry testId="636828bc-95bd-89ba-faca-84b371aa6e7a" executionId="8b38a0b2-0f37-4f91-94ec-92dc62304355" testListId="8c84fa94-04c1-424b-9868-57a2d4851a1d" />
    <TestEntry testId="0dbd3568-adb7-532a-ed52-3e21b53817ee" executionId="aca88d1f-88bb-4bfb-bcbb-25bf20175e2b" testListId="8c84fa94-04c1-424b-9868-57a2d4851a1d" />
    <TestEntry testId="a2c88a59-17c5-befc-c5aa-840598d90563" executionId="4346d91c-1c98-4523-972e-72d3a8950fb6" testListId="8c84fa94-04c1-424b-9868-57a2d4851a1d" />
    <TestEntry testId="5c422f5d-ddef-2454-ce6c-a0255df606f7" executionId="c0d7041b-a255-4dfb-a3b1-044f34b1fc38" testListId="8c84fa94-04c1-424b-9868-57a2d4851a1d" />
    <TestEntry testId="a1e23cbf-65a2-0395-8140-fec587f8da34" executionId="a62dca50-a543-4c9c-bb71-c2936f77a7e3" testListId="8c84fa94-04c1-424b-9868-57a2d4851a1d" />
    <TestEntry testId="116811c5-be28-0de0-e11b-98036d9316fe" executionId="020ad9d1-4989-42de-a29d-dca677a4d8d7" testListId="8c84fa94-04c1-424b-9868-57a2d4851a1d" />
    <TestEntry testId="72a3eb32-b813-8810-01ae-7292da18d5b2" executionId="896165e0-aadf-4f26-8e7d-d6a2e01b89a4" testListId="8c84fa94-04c1-424b-9868-57a2d4851a1d" />
    <TestEntry testId="0e7ddcf4-f461-b73d-aa07-0b1d9ad3cd59" executionId="0f7a1edf-50e4-45bf-89a9-ea378d95187a" testListId="8c84fa94-04c1-424b-9868-57a2d4851a1d" />
    <TestEntry testId="57ff9821-b581-436c-745e-4ef5aeca98a0" executionId="977d43ca-2af2-4d7e-9820-2145cf2b2125" testListId="8c84fa94-04c1-424b-9868-57a2d4851a1d" />
    <TestEntry testId="f3647f80-33d9-12d0-11bc-8efa8a65c921" executionId="e195383a-3668-46a9-807e-0ec6abe44644" testListId="8c84fa94-04c1-424b-9868-57a2d4851a1d" />
    <TestEntry testId="de3d051d-683d-9a20-ce7e-c2370f41e5f0" executionId="0c289128-6f83-4c81-ad92-cbbe5cdabba0" testListId="8c84fa94-04c1-424b-9868-57a2d4851a1d" />
    <TestEntry testId="80fa8e77-bb83-b334-8acc-1fb908ff09cf" executionId="5d934f8e-dc92-4971-a788-e689b73c5fe2" testListId="8c84fa94-04c1-424b-9868-57a2d4851a1d" />
    <TestEntry testId="8412a2bf-dbd0-b5cb-7bd1-09b88932398a" executionId="f3313f9b-57dc-4ea2-a7fb-25773b5462bd" testListId="8c84fa94-04c1-424b-9868-57a2d4851a1d" />
    <TestEntry testId="223b41c5-dd1a-58a9-73e4-47e3fa220999" executionId="a58fca52-455b-4e10-8c6d-35e5b8721d3d" testListId="8c84fa94-04c1-424b-9868-57a2d4851a1d" />
    <TestEntry testId="96d0fc30-1187-2825-d331-305e7c22e6f7" executionId="9c3dc71c-0856-4315-b176-fdf00003e1e3" testListId="8c84fa94-04c1-424b-9868-57a2d4851a1d" />
    <TestEntry testId="66af71e0-d64d-13ae-53aa-7ec904d51853" executionId="e39b06a8-8e81-4eef-809f-7e9e0887794e" testListId="8c84fa94-04c1-424b-9868-57a2d4851a1d" />
    <TestEntry testId="3f843bc1-706d-1595-46db-c272bea87e23" executionId="4194f2ba-93c2-469c-a6ac-b78926c2f982" testListId="8c84fa94-04c1-424b-9868-57a2d4851a1d" />
    <TestEntry testId="3f123c1e-d74c-c238-098f-8c3b869ff219" executionId="7ec73c95-96df-46bb-a82a-61df166c41e6" testListId="8c84fa94-04c1-424b-9868-57a2d4851a1d" />
    <TestEntry testId="dd35de65-84e1-824d-1836-e0fc54d505f4" executionId="21c06ffe-297a-4d17-83a0-9b63efe3ff52" testListId="8c84fa94-04c1-424b-9868-57a2d4851a1d" />
    <TestEntry testId="286ca48c-634b-f262-ba32-8ef1b30d6a4b" executionId="fea3fbcb-0293-4bb1-b05f-087942d0c285" testListId="8c84fa94-04c1-424b-9868-57a2d4851a1d" />
    <TestEntry testId="30f41284-1f0d-1527-e688-6188a0f7ff2c" executionId="52cdd247-3ced-4193-bdbb-39722fed4c75" testListId="8c84fa94-04c1-424b-9868-57a2d4851a1d" />
    <TestEntry testId="dcfdddc3-6b1d-27df-b85b-d04a167cc499" executionId="a22edeb2-ecaf-454d-82d6-b4ada52142f1" testListId="8c84fa94-04c1-424b-9868-57a2d4851a1d" />
    <TestEntry testId="ac78fcce-9212-435f-fdca-41901ab13ee5" executionId="456bea8f-2f82-463d-96bb-be5aa4821a65" testListId="8c84fa94-04c1-424b-9868-57a2d4851a1d" />
    <TestEntry testId="4356007c-ba10-69fb-f83d-3d5cd85e4bff" executionId="bdec6fa0-9127-4e64-bce3-b165fec77056" testListId="8c84fa94-04c1-424b-9868-57a2d4851a1d" />
    <TestEntry testId="9347c822-70f8-653c-452a-18beebca5927" executionId="e933cb4e-fbfd-4be0-b0f9-5bf5133ed6f5" testListId="8c84fa94-04c1-424b-9868-57a2d4851a1d" />
    <TestEntry testId="add7a457-4267-e39f-ec4c-a9b7911b9f35" executionId="c7720a27-0dd0-4538-ad87-887ef3e196c8" testListId="8c84fa94-04c1-424b-9868-57a2d4851a1d" />
    <TestEntry testId="3a285676-07d1-21f7-4eb9-e6ffa04647c4" executionId="15575c52-ba18-4ef0-a80f-6af21814e9d1" testListId="8c84fa94-04c1-424b-9868-57a2d4851a1d" />
    <TestEntry testId="e8e33c22-e4e8-3fe7-9d46-cae1c7e98a60" executionId="b9359ff1-75f9-42d4-b24b-60083054de2a" testListId="8c84fa94-04c1-424b-9868-57a2d4851a1d" />
    <TestEntry testId="c262dabc-b6ae-8c1c-bcba-136dc60cb859" executionId="8c188405-2311-4357-8308-69262a5cb384" testListId="8c84fa94-04c1-424b-9868-57a2d4851a1d" />
    <TestEntry testId="9d5d21de-4da2-15db-5d31-a300d50ec9df" executionId="268d2aa6-7738-4df2-bdff-e3f0c23e7b13" testListId="8c84fa94-04c1-424b-9868-57a2d4851a1d" />
    <TestEntry testId="afb22a7c-3659-de2a-6ff4-9044458fd2cf" executionId="76147d24-fba2-4d6b-8083-5d5ba07708ff" testListId="8c84fa94-04c1-424b-9868-57a2d4851a1d" />
    <TestEntry testId="9d8e7b59-b832-3af5-1508-20131c96b4de" executionId="c44efcb5-3019-40a3-9e3e-423a7221271a" testListId="8c84fa94-04c1-424b-9868-57a2d4851a1d" />
    <TestEntry testId="402cf93a-1683-0d5e-ed22-33669e0f7813" executionId="fde51116-23af-4909-bc5d-57f6bf391720" testListId="8c84fa94-04c1-424b-9868-57a2d4851a1d" />
    <TestEntry testId="4519d39c-c927-ebbe-8387-7a48c0939473" executionId="f9a3d7b3-983d-4a47-be1f-764d72522cfa" testListId="8c84fa94-04c1-424b-9868-57a2d4851a1d" />
    <TestEntry testId="aa7890b5-6641-cc21-d0f0-88042234c841" executionId="90d0a407-049f-4837-89c6-eab57fe0afb5" testListId="8c84fa94-04c1-424b-9868-57a2d4851a1d" />
    <TestEntry testId="360d1870-076f-2ec1-c540-e16aa4f657ca" executionId="887feb88-ed75-4f33-b5ab-89f4b297a122" testListId="8c84fa94-04c1-424b-9868-57a2d4851a1d" />
    <TestEntry testId="1a8a97ba-70d8-5ba8-d1ef-0c54ed069748" executionId="ecf6679b-c834-4ec6-8c35-1e8f64c87290" testListId="8c84fa94-04c1-424b-9868-57a2d4851a1d" />
    <TestEntry testId="daf4b7df-8c6e-0191-9a55-17c7eb48cc1f" executionId="893f041f-c9b4-4310-bacb-654863bf7ac8" testListId="8c84fa94-04c1-424b-9868-57a2d4851a1d" />
    <TestEntry testId="0ed18110-f9ba-d989-4746-310e9dfe7dd1" executionId="e0c0b6af-f6d3-4a80-a583-f12543742fd5" testListId="8c84fa94-04c1-424b-9868-57a2d4851a1d" />
    <TestEntry testId="b7faa8a8-d41a-9072-8ac4-8e9683c38622" executionId="448958c4-a527-4a4a-82d9-3f787b2591c1" testListId="8c84fa94-04c1-424b-9868-57a2d4851a1d" />
    <TestEntry testId="0dbc17e5-8515-9b37-de36-9bc77c94518d" executionId="5d886e65-c360-44e4-9553-158f1944be69" testListId="8c84fa94-04c1-424b-9868-57a2d4851a1d" />
    <TestEntry testId="53ce59b5-4c0b-6435-60da-00bc83efa5d7" executionId="bed75c1b-8224-4ced-a870-d88394747e1d" testListId="8c84fa94-04c1-424b-9868-57a2d4851a1d" />
    <TestEntry testId="20ac5098-a18e-a837-4d43-0d3ed2723564" executionId="237419a8-8d4e-43f1-a19d-314b7914c3e2" testListId="8c84fa94-04c1-424b-9868-57a2d4851a1d" />
    <TestEntry testId="502def2e-b64f-151a-029b-ff10ef798244" executionId="3a724da1-d70c-4a43-9599-13cd57842dc3" testListId="8c84fa94-04c1-424b-9868-57a2d4851a1d" />
    <TestEntry testId="079c9f71-7ba4-e7c7-761a-3cff2c6f4a97" executionId="20ce70d0-2513-4ea2-b660-b51477c5130f" testListId="8c84fa94-04c1-424b-9868-57a2d4851a1d" />
    <TestEntry testId="58c9b593-2439-5baa-ca11-5257da3927fd" executionId="b35d97ba-dbb6-4ec3-9743-48ef22c4d659" testListId="8c84fa94-04c1-424b-9868-57a2d4851a1d" />
    <TestEntry testId="3dc635af-9ab6-e871-b555-99e02484e493" executionId="2fa0dbd2-bbbf-493b-aa21-d18fdb4666f8" testListId="8c84fa94-04c1-424b-9868-57a2d4851a1d" />
    <TestEntry testId="a76d8b15-c61b-c803-6542-7dc15ab238e0" executionId="16eebab9-8059-4617-93a6-ca4834cee864" testListId="8c84fa94-04c1-424b-9868-57a2d4851a1d" />
    <TestEntry testId="301b48b5-6f45-b8b4-947d-d7b673c0c250" executionId="43ebce09-3d8c-40fc-aec4-a5b6a7d9d7b6" testListId="8c84fa94-04c1-424b-9868-57a2d4851a1d" />
    <TestEntry testId="cda4e485-4a18-743a-abf4-186c6c936639" executionId="6e98a619-169e-4a0c-a370-ac05c972bfa8" testListId="8c84fa94-04c1-424b-9868-57a2d4851a1d" />
    <TestEntry testId="ec99b289-208a-5358-8221-ca9371f98b9c" executionId="0c15e6f4-1512-42c2-92a4-25f447b71c11" testListId="8c84fa94-04c1-424b-9868-57a2d4851a1d" />
    <TestEntry testId="50a78e54-5ac3-9e99-1c17-3d4223428bf6" executionId="db0eafbf-d5bb-4c7a-b190-bc2dcc397581" testListId="8c84fa94-04c1-424b-9868-57a2d4851a1d" />
    <TestEntry testId="5b7879e7-e0d5-397c-d612-59b968155c48" executionId="ecadd19a-38ac-4490-b6e6-0f446573d457" testListId="8c84fa94-04c1-424b-9868-57a2d4851a1d" />
    <TestEntry testId="cece90b1-1eea-286f-e8b2-57b2d7ac0277" executionId="6bd0da56-22be-4f73-a350-4a1a95c15293" testListId="8c84fa94-04c1-424b-9868-57a2d4851a1d" />
    <TestEntry testId="b1b4b46d-8cce-9051-dd48-1e173ac4de69" executionId="81ff8a97-7f59-48fc-be2a-267bbc94813d" testListId="8c84fa94-04c1-424b-9868-57a2d4851a1d" />
    <TestEntry testId="83f1db31-0e35-fe90-9001-58da94794981" executionId="0eb5cbe7-4c6a-4695-a310-007f16947eed" testListId="8c84fa94-04c1-424b-9868-57a2d4851a1d" />
    <TestEntry testId="06d9e881-e014-6c2c-f05f-3314528c3518" executionId="a83e56e4-4fab-40f0-9f04-8b0df539d8b4" testListId="8c84fa94-04c1-424b-9868-57a2d4851a1d" />
    <TestEntry testId="246ca988-1420-2659-28ef-22859d73be2c" executionId="8065836a-88f4-4584-b0f2-8e9251dcd876" testListId="8c84fa94-04c1-424b-9868-57a2d4851a1d" />
    <TestEntry testId="e7a1457e-191f-f42f-88ff-9ac323498a37" executionId="f5068883-cb7b-49ba-b614-a8ffb7bc6ebb" testListId="8c84fa94-04c1-424b-9868-57a2d4851a1d" />
    <TestEntry testId="ec5ee5bb-258f-5cfc-9619-d9029c8024e6" executionId="a7052fbb-89cf-4d33-b321-dbb37459ad70" testListId="8c84fa94-04c1-424b-9868-57a2d4851a1d" />
    <TestEntry testId="b70f18ba-07f3-694e-f1b1-3c6bbaf4b30e" executionId="6fe31b32-9946-4c7b-8fdb-e87fb1b3f419" testListId="8c84fa94-04c1-424b-9868-57a2d4851a1d" />
    <TestEntry testId="d3b6c82d-6b9b-ca4a-d8d3-5f62bb9536f1" executionId="151f14c2-d178-4ccc-841b-735c86c89820" testListId="8c84fa94-04c1-424b-9868-57a2d4851a1d" />
    <TestEntry testId="0daede12-2352-8e90-5f26-da6e6ff844b7" executionId="7529b3a2-9925-4e56-99b5-49b4b0a46449" testListId="8c84fa94-04c1-424b-9868-57a2d4851a1d" />
    <TestEntry testId="b3e6bea8-0643-6f80-d8fc-adcbb3e6c2f5" executionId="4c9e04d4-e2f9-4b51-b064-14260236ce18" testListId="8c84fa94-04c1-424b-9868-57a2d4851a1d" />
    <TestEntry testId="d3777e88-a4b2-c15a-16ac-689cab8d110a" executionId="deaf0efd-c2ca-4679-a102-f36d934a1ba4" testListId="8c84fa94-04c1-424b-9868-57a2d4851a1d" />
    <TestEntry testId="c7dad7ba-9c5e-e640-dcaa-e34513661485" executionId="7e0eb715-0cd8-4265-bcb8-d0d796391c87" testListId="8c84fa94-04c1-424b-9868-57a2d4851a1d" />
    <TestEntry testId="b859e0d1-20cc-c59e-acf1-84ed77f47da1" executionId="0c850d32-415d-4866-a3b7-7129cb3b2210" testListId="8c84fa94-04c1-424b-9868-57a2d4851a1d" />
    <TestEntry testId="ed2fc43c-f183-0d84-b555-65898f6dbe66" executionId="e4e4c1bb-f352-4fc9-8928-98cd68be7bfd" testListId="8c84fa94-04c1-424b-9868-57a2d4851a1d" />
    <TestEntry testId="b0ace656-1703-3f5c-96b6-0bc4cc499e70" executionId="77eb37d9-71b3-416f-907e-10378acfde03" testListId="8c84fa94-04c1-424b-9868-57a2d4851a1d" />
    <TestEntry testId="aafee567-7b53-70d1-fab9-cc6331946c31" executionId="b900d99a-5a65-43a5-8ba9-123e2a843399" testListId="8c84fa94-04c1-424b-9868-57a2d4851a1d" />
    <TestEntry testId="93ee3ef4-c43a-288d-4087-b1b77816ba21" executionId="3180b21a-1e26-492b-b97a-67da3ba3da36" testListId="8c84fa94-04c1-424b-9868-57a2d4851a1d" />
    <TestEntry testId="24c3341d-9785-9c7b-638c-a35225afa71f" executionId="73da38a3-8d73-4ac2-8ef1-76c23bcf7f66" testListId="8c84fa94-04c1-424b-9868-57a2d4851a1d" />
    <TestEntry testId="a554fdca-55c7-a5a2-f7e9-1a8cd195e99c" executionId="d7bac6f6-07c6-42d8-8a18-f1317d814ff2" testListId="8c84fa94-04c1-424b-9868-57a2d4851a1d" />
    <TestEntry testId="550b63d3-5072-faa3-c38b-0a5d18166d61" executionId="9fd46f9a-c24c-4fb7-9e2e-b6a8023ff8cf" testListId="8c84fa94-04c1-424b-9868-57a2d4851a1d" />
    <TestEntry testId="a65a3a15-46d3-df5f-3811-18740f7a06b1" executionId="46dfb246-840c-4f98-a2e3-bfbc59156738" testListId="8c84fa94-04c1-424b-9868-57a2d4851a1d" />
    <TestEntry testId="7870f4fd-d9e3-c793-8b73-f8d35b8fbd64" executionId="69db761a-903b-4808-b1fa-7a96bc053f93" testListId="8c84fa94-04c1-424b-9868-57a2d4851a1d" />
    <TestEntry testId="c44d1767-03ab-4053-abe9-9637086c42a1" executionId="dbaf49e5-0fa6-40ce-ad35-071ead315f5d" testListId="8c84fa94-04c1-424b-9868-57a2d4851a1d" />
    <TestEntry testId="d26fc9a9-c6fd-f2f4-3170-0b90f65c5e3c" executionId="37f4eab8-7dba-40b6-adc0-686c7fc4be13" testListId="8c84fa94-04c1-424b-9868-57a2d4851a1d" />
    <TestEntry testId="872c9d1a-21a2-6e77-c80c-2e06ed49ab02" executionId="1529be3a-8ae2-4a64-8062-b355d4ac0c5e" testListId="8c84fa94-04c1-424b-9868-57a2d4851a1d" />
    <TestEntry testId="3ecef95f-606a-2a8f-85fb-209f5b3d4131" executionId="3a537557-d5e9-427d-9d43-529c7ebb3932" testListId="8c84fa94-04c1-424b-9868-57a2d4851a1d" />
    <TestEntry testId="b9f8b27e-9c09-45f2-50a6-79269b74e784" executionId="0b349116-788d-4855-92fb-03a8287f82ec" testListId="8c84fa94-04c1-424b-9868-57a2d4851a1d" />
    <TestEntry testId="ec54a5ea-f949-92ad-53c3-e167bc04be63" executionId="7df221e2-b6a0-46ea-8670-69062ffb4ddf" testListId="8c84fa94-04c1-424b-9868-57a2d4851a1d" />
    <TestEntry testId="1137e416-102c-6e27-ad80-2949e7b1e90f" executionId="5ad5d3d9-e229-474d-8885-73026435e73e" testListId="8c84fa94-04c1-424b-9868-57a2d4851a1d" />
  </TestEntries>
  <TestLists>
    <TestList name="Wyniki, których nie ma na liście" id="8c84fa94-04c1-424b-9868-57a2d4851a1d" />
    <TestList name="Wszystkie załadowane wyniki" id="19431567-8539-422a-85d7-44ee4e166bda" />
  </TestLists>
  <ResultSummary outcome="Completed">
    <Counters total="207" executed="207" passed="207" failed="0" error="0" timeout="0" aborted="0" inconclusive="0" passedButRunAborted="0" notRunnable="0" notExecuted="0" disconnected="0" warning="0" completed="0" inProgress="0" pending="0" />
    <Output>
      <StdOut>[xUnit.net 00:00:00.00] xUnit.net VSTest Adapter v2.8.2+699d445a1a (64-bit .NET 10.0.5)&#xD;
[xUnit.net 00:00:00.37]   Discovering: RestAll.Desktop.Tests&#xD;
[xUnit.net 00:00:00.42]   Discovered:  RestAll.Desktop.Tests&#xD;
[xUnit.net 00:00:00.43]   Starting:    RestAll.Desktop.Tests&#xD;
[xUnit.net 00:00:01.88]   Finished:    RestAll.Desktop.Tests&#xD;
</StdOut>
    </Output>
  </ResultSummary>
</TestRun>