<?xml version="1.0" encoding="utf-8"?>
<TestRun id="f339b4a8-7590-4e39-884c-1ada27ae53fc" name="2sebo@DESKTOP-OH9J6T6 2026-05-14 19:24:41" runUser="DESKTOP-OH9J6T6\2sebo" xmlns="http://microsoft.com/schemas/VisualStudio/TeamTest/2010">
  <Times creation="2026-05-14T19:24:41.9381568+02:00" queuing="2026-05-14T19:24:41.9381570+02:00" start="2026-05-14T19:24:40.5079176+02:00" finish="2026-05-14T19:24:43.1347408+02:00" />
  <TestSettings name="default" id="9f0575ae-bbb2-4260-8f3e-6df37e54c290">
    <Deployment runDeploymentRoot="2sebo_DESKTOP-OH9J6T6_2026-05-14_19_24_41" />
  </TestSettings>
  <Results>
    <UnitTestResult executionId="91cd035f-ba32-4de1-8eb2-1f7968c1cbef" testId="6e612b64-cd33-dc16-2027-56b8d53debfd" testName="RestAll.Desktop.Tests.ViewModels.LoginViewModelTests.LoginCommand_WithoutValidCredentials_ShouldNotBeExecutable" computerName="DESKTOP-OH9J6T6" duration="00:00:00.0005874" startTime="2026-05-14T19:24:41.9803689+02:00" endTime="2026-05-14T19:24:41.9803690+02:00" testType="13cdc9d9-ddb5-4fa4-a97d-d965ccfc6d4b" outcome="Passed" testListId="8c84fa94-04c1-424b-9868-57a2d4851a1d" relativeResultsDirectory="91cd035f-ba32-4de1-8eb2-1f7968c1cbef" />
    <UnitTestResult executionId="f7cf68db-1bfa-4180-a67b-4632d4754268" testId="20ca4d61-f51a-df26-8a35-e70954d856a5" testName="RestAll.Desktop.Tests.ViewModels.TablesViewModelTests.LoadTablesCommand_ShouldLoadTables" computerName="DESKTOP-OH9J6T6" duration="00:00:00.2118633" startTime="2026-05-14T19:24:42.7091117+02:00" endTime="2026-05-14T19:24:42.7091123+02:00" testType="13cdc9d9-ddb5-4fa4-a97d-d965ccfc6d4b" outcome="Passed" testListId="8c84fa94-04c1-424b-9868-57a2d4851a1d" relativeResultsDirectory="f7cf68db-1bfa-4180-a67b-4632d4754268" />
    <UnitTestResult executionId="92f1050e-7ef8-4a4e-acde-f0c654e5db1f" testId="b9f8b27e-9c09-45f2-50a6-79269b74e784" testName="RestAll.Desktop.Tests.App.AppTests.OnStartup_ShouldRegisterAllCoreServices" computerName="DESKTOP-OH9J6T6" duration="00:00:00.3634054" startTime="2026-05-14T19:24:42.1227721+02:00" endTime="2026-05-14T19:24:42.1227721+02:00" testType="13cdc9d9-ddb5-4fa4-a97d-d965ccfc6d4b" outcome="Passed" testListId="8c84fa94-04c1-424b-9868-57a2d4851a1d" relativeResultsDirectory="92f1050e-7ef8-4a4e-acde-f0c654e5db1f" />
    <UnitTestResult executionId="3c1f1ac4-d2e4-4f00-abbe-434077fb789b" testId="de3d051d-683d-9a20-ce7e-c2370f41e5f0" testName="RestAll.Desktop.Tests.Infrastructure.Kitchen.HttpKitchenGatewayTests.UpdateTicketStatusAsync_WithErrorResponse_ShouldReturnFalse" computerName="DESKTOP-OH9J6T6" duration="00:00:00.0051849" startTime="2026-05-14T19:24:42.0768854+02:00" endTime="2026-05-14T19:24:42.0768854+02:00" testType="13cdc9d9-ddb5-4fa4-a97d-d965ccfc6d4b" outcome="Passed" testListId="8c84fa94-04c1-424b-9868-57a2d4851a1d" relativeResultsDirectory="3c1f1ac4-d2e4-4f00-abbe-434077fb789b" />
    <UnitTestResult executionId="c5368039-b22d-4d70-ab60-99334ca25e56" testId="e5efeea3-1416-b484-780b-c52e35496a07" testName="RestAll.Desktop.Tests.Infrastructure.Kitchen.HttpKitchenGatewayTests.GetActiveTicketsAsync_WithSuccessResponse_ShouldReturnTickets" computerName="DESKTOP-OH9J6T6" duration="00:00:00.0078751" startTime="2026-05-14T19:24:42.0847960+02:00" endTime="2026-05-14T19:24:42.0847961+02:00" testType="13cdc9d9-ddb5-4fa4-a97d-d965ccfc6d4b" outcome="Passed" testListId="8c84fa94-04c1-424b-9868-57a2d4851a1d" relativeResultsDirectory="c5368039-b22d-4d70-ab60-99334ca25e56" />
    <UnitTestResult executionId="92393241-2989-4694-a562-93d0e2ed8451" testId="f0dbfc1a-8c90-be76-ad8a-71525b2d24e2" testName="RestAll.Desktop.Tests.ViewModels.KitchenViewModelTests.UpdateTicketStatusCommand_WhenSuccess_ShouldCallUseCase" computerName="DESKTOP-OH9J6T6" duration="00:00:00.2175525" startTime="2026-05-14T19:24:42.4209882+02:00" endTime="2026-05-14T19:24:42.4209885+02:00" testType="13cdc9d9-ddb5-4fa4-a97d-d965ccfc6d4b" outcome="Passed" testListId="8c84fa94-04c1-424b-9868-57a2d4851a1d" relativeResultsDirectory="92393241-2989-4694-a562-93d0e2ed8451" />
    <UnitTestResult executionId="8c2f8d69-c3b0-4ae2-8d66-f0b786df93b7" testId="b358c46a-376a-458f-fae7-1541d0500793" testName="RestAll.Desktop.Tests.ViewModels.KitchenViewModelTests.Cancel_ShouldCancelCancellationToken" computerName="DESKTOP-OH9J6T6" duration="00:00:00.0002929" startTime="2026-05-14T19:24:43.0623405+02:00" endTime="2026-05-14T19:24:43.0623406+02:00" testType="13cdc9d9-ddb5-4fa4-a97d-d965ccfc6d4b" outcome="Passed" testListId="8c84fa94-04c1-424b-9868-57a2d4851a1d" relativeResultsDirectory="8c2f8d69-c3b0-4ae2-8d66-f0b786df93b7" />
    <UnitTestResult executionId="8492f3e2-7e3f-431e-8017-0204e7649aa0" testId="72a3eb32-b813-8810-01ae-7292da18d5b2" testName="RestAll.Desktop.Tests.ViewModels.KitchenViewModelTests.LoadTicketsCommand_WhenError_ShouldSetErrorMessage" computerName="DESKTOP-OH9J6T6" duration="00:00:00.2263820" startTime="2026-05-14T19:24:42.2030400+02:00" endTime="2026-05-14T19:24:42.2030403+02:00" testType="13cdc9d9-ddb5-4fa4-a97d-d965ccfc6d4b" outcome="Passed" testListId="8c84fa94-04c1-424b-9868-57a2d4851a1d" relativeResultsDirectory="8492f3e2-7e3f-431e-8017-0204e7649aa0" />
    <UnitTestResult executionId="5eee4687-327e-4e77-9ae5-c3e0971afde5" testId="a1e23cbf-65a2-0395-8140-fec587f8da34" testName="RestAll.Desktop.Tests.ViewModels.ProfileViewModelTests.LoadProfileAsync_ShouldLoadProfile" computerName="DESKTOP-OH9J6T6" duration="00:00:00.0020200" startTime="2026-05-14T19:24:42.0831489+02:00" endTime="2026-05-14T19:24:42.0831490+02:00" testType="13cdc9d9-ddb5-4fa4-a97d-d965ccfc6d4b" outcome="Passed" testListId="8c84fa94-04c1-424b-9868-57a2d4851a1d" relativeResultsDirectory="5eee4687-327e-4e77-9ae5-c3e0971afde5" />
    <UnitTestResult executionId="c51da717-6fa5-42f7-b17b-cc79138f0c1c" testId="50a78e54-5ac3-9e99-1c17-3d4223428bf6" testName="RestAll.Desktop.Tests.Auth.AuthenticateUserUseCaseTests.ResetState_ShouldClearAllState" computerName="DESKTOP-OH9J6T6" duration="00:00:00.0005528" startTime="2026-05-14T19:24:41.9870111+02:00" endTime="2026-05-14T19:24:41.9870113+02:00" testType="13cdc9d9-ddb5-4fa4-a97d-d965ccfc6d4b" outcome="Passed" testListId="8c84fa94-04c1-424b-9868-57a2d4851a1d" relativeResultsDirectory="c51da717-6fa5-42f7-b17b-cc79138f0c1c" />
    <UnitTestResult executionId="4737508d-5669-483a-8450-2e36a04ccfb1" testId="f05eb0fd-d9fa-d3ea-c59d-634b047a57e1" testName="RestAll.Desktop.Tests.Auth.AuthenticateUserUseCaseTests.LoginAsync_WithEmptyEmail_ShouldReturnError" computerName="DESKTOP-OH9J6T6" duration="00:00:00.0014007" startTime="2026-05-14T19:24:41.9971886+02:00" endTime="2026-05-14T19:24:41.9971887+02:00" testType="13cdc9d9-ddb5-4fa4-a97d-d965ccfc6d4b" outcome="Passed" testListId="8c84fa94-04c1-424b-9868-57a2d4851a1d" relativeResultsDirectory="4737508d-5669-483a-8450-2e36a04ccfb1" />
    <UnitTestResult executionId="b77f9120-7d88-4ee2-ac19-799da89f3b7d" testId="cf364124-33c3-3b01-f5c3-3b1775028ad1" testName="RestAll.Desktop.Tests.Auth.HttpProfileGatewayTests.UpdateProfileAsync_ShouldReturnUpdatedProfile" computerName="DESKTOP-OH9J6T6" duration="00:00:00.0031099" startTime="2026-05-14T19:24:42.0689878+02:00" endTime="2026-05-14T19:24:42.0689879+02:00" testType="13cdc9d9-ddb5-4fa4-a97d-d965ccfc6d4b" outcome="Passed" testListId="8c84fa94-04c1-424b-9868-57a2d4851a1d" relativeResultsDirectory="b77f9120-7d88-4ee2-ac19-799da89f3b7d" />
    <UnitTestResult executionId="911df575-0433-4f3d-99fb-87a043e78b49" testId="fe89ab32-e15c-7f60-1b46-9174dd7f44d2" testName="RestAll.Desktop.Tests.Integration.OrdersIntegrationTests.FullOrderFlow_ShouldWork" computerName="DESKTOP-OH9J6T6" duration="00:00:00.0245340" startTime="2026-05-14T19:24:41.9656940+02:00" endTime="2026-05-14T19:24:41.9656941+02:00" testType="13cdc9d9-ddb5-4fa4-a97d-d965ccfc6d4b" outcome="Passed" testListId="8c84fa94-04c1-424b-9868-57a2d4851a1d" relativeResultsDirectory="911df575-0433-4f3d-99fb-87a043e78b49" />
    <UnitTestResult executionId="61f5e92b-ca5d-49a9-8528-127fc15b1af4" testId="93ee3ef4-c43a-288d-4087-b1b77816ba21" testName="RestAll.Desktop.Tests.Infrastructure.Auth.HttpAuthGatewayTests.VerifyTwoFactorAsync_WithSuccessResponse_ShouldReturnAuthenticated" computerName="DESKTOP-OH9J6T6" duration="00:00:00.0071798" startTime="2026-05-14T19:24:42.0752983+02:00" endTime="2026-05-14T19:24:42.0752984+02:00" testType="13cdc9d9-ddb5-4fa4-a97d-d965ccfc6d4b" outcome="Passed" testListId="8c84fa94-04c1-424b-9868-57a2d4851a1d" relativeResultsDirectory="61f5e92b-ca5d-49a9-8528-127fc15b1af4" />
    <UnitTestResult executionId="bfb8bc07-147a-4913-b196-8f33e28abbca" testId="7e996e7e-0c11-519b-2759-1625bf0ff4c4" testName="RestAll.Desktop.Tests.Orders.ManageOrdersUseCaseTests.PayOrderAsync_ShouldReturnTrue" computerName="DESKTOP-OH9J6T6" duration="00:00:00.0046689" startTime="2026-05-14T19:24:41.9766496+02:00" endTime="2026-05-14T19:24:41.9766497+02:00" testType="13cdc9d9-ddb5-4fa4-a97d-d965ccfc6d4b" outcome="Passed" testListId="8c84fa94-04c1-424b-9868-57a2d4851a1d" relativeResultsDirectory="bfb8bc07-147a-4913-b196-8f33e28abbca" />
    <UnitTestResult executionId="e77fcbdb-4271-4956-89ae-3a389d6b73a9" testId="7e5f06df-3008-ec93-6d28-ad0fe5249806" testName="RestAll.Desktop.Tests.ViewModels.KitchenViewModelTests.LoadTicketsCommand_ShouldLoadTickets" computerName="DESKTOP-OH9J6T6" duration="00:00:00.2154562" startTime="2026-05-14T19:24:43.0619453+02:00" endTime="2026-05-14T19:24:43.0619459+02:00" testType="13cdc9d9-ddb5-4fa4-a97d-d965ccfc6d4b" outcome="Passed" testListId="8c84fa94-04c1-424b-9868-57a2d4851a1d" relativeResultsDirectory="e77fcbdb-4271-4956-89ae-3a389d6b73a9" />
    <UnitTestResult executionId="778de8be-29d7-46be-b663-595bf95d5184" testId="0370fd04-67b7-9bf5-6952-c8beeede10fd" testName="RestAll.Desktop.Tests.ViewModels.MenuViewModelTests.IsLoading_WhenSetToFalse_ShouldEnableCommand" computerName="DESKTOP-OH9J6T6" duration="00:00:00.1469241" startTime="2026-05-14T19:24:41.9028345+02:00" endTime="2026-05-14T19:24:41.9028348+02:00" testType="13cdc9d9-ddb5-4fa4-a97d-d965ccfc6d4b" outcome="Passed" testListId="8c84fa94-04c1-424b-9868-57a2d4851a1d" relativeResultsDirectory="778de8be-29d7-46be-b663-595bf95d5184" />
    <UnitTestResult executionId="17977b74-1454-4102-af63-a200fc94c4dd" testId="afb22a7c-3659-de2a-6ff4-9044458fd2cf" testName="RestAll.Desktop.Tests.Auth.AuthenticateUserUseCaseTests.VerifyTwoFactorAsync_WithValidCode_ShouldReturnAuthenticated" computerName="DESKTOP-OH9J6T6" duration="00:00:00.0070066" startTime="2026-05-14T19:24:41.9845394+02:00" endTime="2026-05-14T19:24:41.9845396+02:00" testType="13cdc9d9-ddb5-4fa4-a97d-d965ccfc6d4b" outcome="Passed" testListId="8c84fa94-04c1-424b-9868-57a2d4851a1d" relativeResultsDirectory="17977b74-1454-4102-af63-a200fc94c4dd" />
    <UnitTestResult executionId="131b9252-d974-43fa-8481-24a92c02ba91" testId="a12c95db-b415-ee2b-214e-8673820dab29" testName="RestAll.Desktop.Tests.Reservations.ManageReservationsUseCaseTests.CancelReservationAsync_ShouldReturnTrueOnSuccess" computerName="DESKTOP-OH9J6T6" duration="00:00:00.0022757" startTime="2026-05-14T19:24:42.0044947+02:00" endTime="2026-05-14T19:24:42.0044948+02:00" testType="13cdc9d9-ddb5-4fa4-a97d-d965ccfc6d4b" outcome="Passed" testListId="8c84fa94-04c1-424b-9868-57a2d4851a1d" relativeResultsDirectory="131b9252-d974-43fa-8481-24a92c02ba91" />
    <UnitTestResult executionId="ed2788bc-fc46-402c-a09c-50ce6d9d3ae0" testId="e6e607f4-e6a2-7ac2-1e04-dd36cb5a4164" testName="RestAll.Desktop.Tests.ViewModels.TablesViewModelTests.Constructor_ShouldInitializeProperties" computerName="DESKTOP-OH9J6T6" duration="00:00:00.0004340" startTime="2026-05-14T19:24:42.9234664+02:00" endTime="2026-05-14T19:24:42.9234665+02:00" testType="13cdc9d9-ddb5-4fa4-a97d-d965ccfc6d4b" outcome="Passed" testListId="8c84fa94-04c1-424b-9868-57a2d4851a1d" relativeResultsDirectory="ed2788bc-fc46-402c-a09c-50ce6d9d3ae0" />
    <UnitTestResult executionId="c466fb49-8d31-4262-8d07-9244b8a56bd6" testId="02949cb2-165d-460d-5f44-e0177ae6140d" testName="RestAll.Desktop.Tests.Reservations.HttpReservationGatewayTests.CreateReservationAsync_ShouldReturnCreatedReservation" computerName="DESKTOP-OH9J6T6" duration="00:00:00.0092976" startTime="2026-05-14T19:24:42.0825916+02:00" endTime="2026-05-14T19:24:42.0825917+02:00" testType="13cdc9d9-ddb5-4fa4-a97d-d965ccfc6d4b" outcome="Passed" testListId="8c84fa94-04c1-424b-9868-57a2d4851a1d" relativeResultsDirectory="c466fb49-8d31-4262-8d07-9244b8a56bd6" />
    <UnitTestResult executionId="1722e28d-7160-4d74-b090-2782a1e00fd6" testId="502def2e-b64f-151a-029b-ff10ef798244" testName="RestAll.Desktop.Tests.ViewModels.TablesViewModelTests.Cancel_ShouldCancelCancellationToken" computerName="DESKTOP-OH9J6T6" duration="00:00:00.0003836" startTime="2026-05-14T19:24:42.2822498+02:00" endTime="2026-05-14T19:24:42.2822501+02:00" testType="13cdc9d9-ddb5-4fa4-a97d-d965ccfc6d4b" outcome="Passed" testListId="8c84fa94-04c1-424b-9868-57a2d4851a1d" relativeResultsDirectory="1722e28d-7160-4d74-b090-2782a1e00fd6" />
    <UnitTestResult executionId="fc2e3410-dab0-4590-8e52-3b363540efb2" testId="8412a2bf-dbd0-b5cb-7bd1-09b88932398a" testName="RestAll.Desktop.Tests.Infrastructure.Kitchen.HttpKitchenGatewayTests.UpdateTicketStatusAsync_WithSuccessResponse_ShouldReturnTrue" computerName="DESKTOP-OH9J6T6" duration="00:00:00.0016359" startTime="2026-05-14T19:24:42.0865287+02:00" endTime="2026-05-14T19:24:42.0865288+02:00" testType="13cdc9d9-ddb5-4fa4-a97d-d965ccfc6d4b" outcome="Passed" testListId="8c84fa94-04c1-424b-9868-57a2d4851a1d" relativeResultsDirectory="fc2e3410-dab0-4590-8e52-3b363540efb2" />
    <UnitTestResult executionId="3da32354-31e5-4834-9a91-ebbf36587f63" testId="ac78fcce-9212-435f-fdca-41901ab13ee5" testName="RestAll.Desktop.Tests.ViewModels.RelayCommandTests.RaiseCanExecuteChanged_ShouldRaiseCanExecuteChangedEvent" computerName="DESKTOP-OH9J6T6" duration="00:00:00.0013688" startTime="2026-05-14T19:24:42.0228834+02:00" endTime="2026-05-14T19:24:42.0228834+02:00" testType="13cdc9d9-ddb5-4fa4-a97d-d965ccfc6d4b" outcome="Passed" testListId="8c84fa94-04c1-424b-9868-57a2d4851a1d" relativeResultsDirectory="3da32354-31e5-4834-9a91-ebbf36587f63" />
    <UnitTestResult executionId="186f9733-edaf-4776-a7b3-9447d8fc97b4" testId="4d6fb891-ff39-e3f8-8ed8-3440f5cb55a4" testName="RestAll.Desktop.Tests.Auth.ManageProfileUseCaseTests.UpdateProfileAsync_ShouldReturnNull_WhenNoSession" computerName="DESKTOP-OH9J6T6" duration="00:00:00.0045533" startTime="2026-05-14T19:24:41.9838270+02:00" endTime="2026-05-14T19:24:41.9838271+02:00" testType="13cdc9d9-ddb5-4fa4-a97d-d965ccfc6d4b" outcome="Passed" testListId="8c84fa94-04c1-424b-9868-57a2d4851a1d" relativeResultsDirectory="186f9733-edaf-4776-a7b3-9447d8fc97b4" />
    <UnitTestResult executionId="119e2879-b8dd-44b9-975d-baf99ab86da7" testId="9d5d21de-4da2-15db-5d31-a300d50ec9df" testName="RestAll.Desktop.Tests.App.AppTests.OnStartup_ShouldRegisterRestAllApiOptionsAsSingleton" computerName="DESKTOP-OH9J6T6" duration="00:00:00.0003462" startTime="2026-05-14T19:24:42.1305281+02:00" endTime="2026-05-14T19:24:42.1305281+02:00" testType="13cdc9d9-ddb5-4fa4-a97d-d965ccfc6d4b" outcome="Passed" testListId="8c84fa94-04c1-424b-9868-57a2d4851a1d" relativeResultsDirectory="119e2879-b8dd-44b9-975d-baf99ab86da7" />
    <UnitTestResult executionId="2628f79e-9730-4afa-96fb-c29165180745" testId="33cbc1dc-dd45-ce36-4c18-281696db624a" testName="RestAll.Desktop.Tests.App.AppTests.OnStartup_ShouldRegisterAllServicesAsTransient" computerName="DESKTOP-OH9J6T6" duration="00:00:00.0028794" startTime="2026-05-14T19:24:42.1438266+02:00" endTime="2026-05-14T19:24:42.1438268+02:00" testType="13cdc9d9-ddb5-4fa4-a97d-d965ccfc6d4b" outcome="Passed" testListId="8c84fa94-04c1-424b-9868-57a2d4851a1d" relativeResultsDirectory="2628f79e-9730-4afa-96fb-c29165180745" />
    <UnitTestResult executionId="162f25d5-7abf-4565-872a-d5bb72aa67e3" testId="370341d0-34b0-23e9-2195-6a8659bb5c46" testName="RestAll.Desktop.Tests.Kitchen.ManageKitchenUseCaseTests.GetActiveTicketsAsync_ShouldReturnTickets" computerName="DESKTOP-OH9J6T6" duration="00:00:00.0519611" startTime="2026-05-14T19:24:41.9718409+02:00" endTime="2026-05-14T19:24:41.9718410+02:00" testType="13cdc9d9-ddb5-4fa4-a97d-d965ccfc6d4b" outcome="Passed" testListId="8c84fa94-04c1-424b-9868-57a2d4851a1d" relativeResultsDirectory="162f25d5-7abf-4565-872a-d5bb72aa67e3" />
    <UnitTestResult executionId="269b8132-09e5-4193-a438-85803ee1e124" testId="246ca988-1420-2659-28ef-22859d73be2c" testName="RestAll.Desktop.Tests.ViewModels.ProfileViewModelTests.LoadProfileCommand_ShouldNotBeExecutable_WhenLoading" computerName="DESKTOP-OH9J6T6" duration="00:00:00.0003139" startTime="2026-05-14T19:24:42.0792784+02:00" endTime="2026-05-14T19:24:42.0792785+02:00" testType="13cdc9d9-ddb5-4fa4-a97d-d965ccfc6d4b" outcome="Passed" testListId="8c84fa94-04c1-424b-9868-57a2d4851a1d" relativeResultsDirectory="269b8132-09e5-4193-a438-85803ee1e124" />
    <UnitTestResult executionId="2cfaab29-7b73-48c5-9022-4d37389ea715" testId="368c5b2a-7bce-7033-9b61-183363fda3b8" testName="RestAll.Desktop.Tests.ViewModels.LoginViewModelTests.Constructor_ShouldInitializeProperties" computerName="DESKTOP-OH9J6T6" duration="00:00:00.0007022" startTime="2026-05-14T19:24:41.9761199+02:00" endTime="2026-05-14T19:24:41.9761200+02:00" testType="13cdc9d9-ddb5-4fa4-a97d-d965ccfc6d4b" outcome="Passed" testListId="8c84fa94-04c1-424b-9868-57a2d4851a1d" relativeResultsDirectory="2cfaab29-7b73-48c5-9022-4d37389ea715" />
    <UnitTestResult executionId="bc03ba1e-7930-4965-a0be-c813e9fc485f" testId="d3777e88-a4b2-c15a-16ac-689cab8d110a" testName="RestAll.Desktop.Tests.ViewModels.RelayCommandTests.CanExecute_WithPredicateReturningTrue_ShouldReturnTrue" computerName="DESKTOP-OH9J6T6" duration="00:00:00.0013024" startTime="2026-05-14T19:24:42.0103621+02:00" endTime="2026-05-14T19:24:42.0103623+02:00" testType="13cdc9d9-ddb5-4fa4-a97d-d965ccfc6d4b" outcome="Passed" testListId="8c84fa94-04c1-424b-9868-57a2d4851a1d" relativeResultsDirectory="bc03ba1e-7930-4965-a0be-c813e9fc485f" />
    <UnitTestResult executionId="598fa6ab-6235-4d94-83d7-b9b1cb50e309" testId="daf4b7df-8c6e-0191-9a55-17c7eb48cc1f" testName="RestAll.Desktop.Tests.ViewModels.RelayCommandTests.Execute_WithTwoParameters_ShouldCallAction" computerName="DESKTOP-OH9J6T6" duration="00:00:00.0023304" startTime="2026-05-14T19:24:42.0185218+02:00" endTime="2026-05-14T19:24:42.0185221+02:00" testType="13cdc9d9-ddb5-4fa4-a97d-d965ccfc6d4b" outcome="Passed" testListId="8c84fa94-04c1-424b-9868-57a2d4851a1d" relativeResultsDirectory="598fa6ab-6235-4d94-83d7-b9b1cb50e309" />
    <UnitTestResult executionId="f6aabe91-3edd-4df8-8808-ca7d390a8bc2" testId="3996c412-ecf0-044b-913c-f4318fe5e938" testName="RestAll.Desktop.Tests.ViewModels.ReservationsViewModelTests.LoadReservationsAsync_ShouldLoadReservations" computerName="DESKTOP-OH9J6T6" duration="00:00:00.0047494" startTime="2026-05-14T19:24:42.0650551+02:00" endTime="2026-05-14T19:24:42.0650553+02:00" testType="13cdc9d9-ddb5-4fa4-a97d-d965ccfc6d4b" outcome="Passed" testListId="8c84fa94-04c1-424b-9868-57a2d4851a1d" relativeResultsDirectory="f6aabe91-3edd-4df8-8808-ca7d390a8bc2" />
    <UnitTestResult executionId="f5c1b145-8888-44e0-b76e-794280d50a59" testId="614b884d-3cc0-1a6a-aa31-d30b4a340c49" testName="RestAll.Desktop.Tests.ViewModels.MenuViewModelTests.LoadMenuCommand_WhenError_ShouldSetErrorMessage" computerName="DESKTOP-OH9J6T6" duration="00:00:00.2180568" startTime="2026-05-14T19:24:42.1266649+02:00" endTime="2026-05-14T19:24:42.1266650+02:00" testType="13cdc9d9-ddb5-4fa4-a97d-d965ccfc6d4b" outcome="Passed" testListId="8c84fa94-04c1-424b-9868-57a2d4851a1d" relativeResultsDirectory="f5c1b145-8888-44e0-b76e-794280d50a59" />
    <UnitTestResult executionId="4fd187f9-32a4-4108-85d6-d48bde831588" testId="355d5646-fc1b-104d-bc1a-af55ad01bcb5" testName="RestAll.Desktop.Tests.Infrastructure.Tables.HttpTableGatewayTests.GetTablesAsync_WithErrorResponse_ShouldReturnEmptyList" computerName="DESKTOP-OH9J6T6" duration="00:00:00.1681255" startTime="2026-05-14T19:24:41.9239821+02:00" endTime="2026-05-14T19:24:41.9239823+02:00" testType="13cdc9d9-ddb5-4fa4-a97d-d965ccfc6d4b" outcome="Passed" testListId="8c84fa94-04c1-424b-9868-57a2d4851a1d" relativeResultsDirectory="4fd187f9-32a4-4108-85d6-d48bde831588" />
    <UnitTestResult executionId="764cbc27-c0b0-45cb-bd5b-56fb3a93586f" testId="ab01617b-b4d0-934b-e575-2c24d78a8722" testName="RestAll.Desktop.Tests.ViewModels.MainWindowViewModelTests.SessionChanged_WhenAnonymous_ShouldClearUserInfo" computerName="DESKTOP-OH9J6T6" duration="00:00:00.0025578" startTime="2026-05-14T19:24:42.0492965+02:00" endTime="2026-05-14T19:24:42.0492967+02:00" testType="13cdc9d9-ddb5-4fa4-a97d-d965ccfc6d4b" outcome="Passed" testListId="8c84fa94-04c1-424b-9868-57a2d4851a1d" relativeResultsDirectory="764cbc27-c0b0-45cb-bd5b-56fb3a93586f" />
    <UnitTestResult executionId="12328a39-2a49-48c4-b5ae-551c94cf55f3" testId="734663be-8eaf-f06f-9fca-2d4cc329b918" testName="RestAll.Desktop.Tests.Integration.ErrorHandlingIntegrationTests.OrdersGateway_WhenUnauthorized_ShouldReturnEmptyList" computerName="DESKTOP-OH9J6T6" duration="00:00:00.0025756" startTime="2026-05-14T19:24:42.0668370+02:00" endTime="2026-05-14T19:24:42.0668371+02:00" testType="13cdc9d9-ddb5-4fa4-a97d-d965ccfc6d4b" outcome="Passed" testListId="8c84fa94-04c1-424b-9868-57a2d4851a1d" relativeResultsDirectory="12328a39-2a49-48c4-b5ae-551c94cf55f3" />
    <UnitTestResult executionId="2b69c5b2-b1a6-46c9-92d9-ed0151928a36" testId="07fab1b9-7c1e-6ca8-5c0e-ad909ee83787" testName="RestAll.Desktop.Tests.Integration.ErrorHandlingIntegrationTests.MenuGateway_WhenServerError_ShouldReturnEmptyList" computerName="DESKTOP-OH9J6T6" duration="00:00:00.0439774" startTime="2026-05-14T19:24:42.0414397+02:00" endTime="2026-05-14T19:24:42.0414398+02:00" testType="13cdc9d9-ddb5-4fa4-a97d-d965ccfc6d4b" outcome="Passed" testListId="8c84fa94-04c1-424b-9868-57a2d4851a1d" relativeResultsDirectory="2b69c5b2-b1a6-46c9-92d9-ed0151928a36" />
    <UnitTestResult executionId="d0048c91-9082-4f3f-b98f-10133fb8c747" testId="aafee567-7b53-70d1-fab9-cc6331946c31" testName="RestAll.Desktop.Tests.Integration.ErrorHandlingIntegrationTests.TablesGateway_WhenNetworkError_ShouldReturnEmptyList" computerName="DESKTOP-OH9J6T6" duration="00:00:00.0023448" startTime="2026-05-14T19:24:42.0720851+02:00" endTime="2026-05-14T19:24:42.0720852+02:00" testType="13cdc9d9-ddb5-4fa4-a97d-d965ccfc6d4b" outcome="Passed" testListId="8c84fa94-04c1-424b-9868-57a2d4851a1d" relativeResultsDirectory="d0048c91-9082-4f3f-b98f-10133fb8c747" />
    <UnitTestResult executionId="1cbb4074-dfbb-4b9f-a368-3fbfb7f96a3e" testId="7d042054-b92c-b74f-e357-117290376d96" testName="RestAll.Desktop.Tests.Auth.ManageProfileUseCaseTests.UpdateProfileAsync_ShouldReturnUpdatedProfile" computerName="DESKTOP-OH9J6T6" duration="00:00:00.0058128" startTime="2026-05-14T19:24:41.9792009+02:00" endTime="2026-05-14T19:24:41.9792010+02:00" testType="13cdc9d9-ddb5-4fa4-a97d-d965ccfc6d4b" outcome="Passed" testListId="8c84fa94-04c1-424b-9868-57a2d4851a1d" relativeResultsDirectory="1cbb4074-dfbb-4b9f-a368-3fbfb7f96a3e" />
    <UnitTestResult executionId="ded372d2-5d31-40b0-b736-f545890654df" testId="e71a359b-b886-b2f3-6342-5ab3fd03d82f" testName="RestAll.Desktop.Tests.Auth.AuthenticateUserUseCaseTests.LoginAsync_WithValidCredentials_ShouldReturnAuthenticated" computerName="DESKTOP-OH9J6T6" duration="00:00:00.0040657" startTime="2026-05-14T19:24:41.9957385+02:00" endTime="2026-05-14T19:24:41.9957385+02:00" testType="13cdc9d9-ddb5-4fa4-a97d-d965ccfc6d4b" outcome="Passed" testListId="8c84fa94-04c1-424b-9868-57a2d4851a1d" relativeResultsDirectory="ded372d2-5d31-40b0-b736-f545890654df" />
    <UnitTestResult executionId="4b8cf94a-8c9a-467e-acde-3a890f369c12" testId="b7faa8a8-d41a-9072-8ac4-8e9683c38622" testName="RestAll.Desktop.Tests.Infrastructure.Auth.HttpAuthGatewayTests.LogoutAsync_WithError_ShouldNotThrowException" computerName="DESKTOP-OH9J6T6" duration="00:00:00.0012826" startTime="2026-05-14T19:24:42.0801852+02:00" endTime="2026-05-14T19:24:42.0801853+02:00" testType="13cdc9d9-ddb5-4fa4-a97d-d965ccfc6d4b" outcome="Passed" testListId="8c84fa94-04c1-424b-9868-57a2d4851a1d" relativeResultsDirectory="4b8cf94a-8c9a-467e-acde-3a890f369c12" />
    <UnitTestResult executionId="d3fae8e0-fc4f-4f90-8873-bf8ac14753f7" testId="89e25b59-9654-1d72-3770-a5400106fceb" testName="RestAll.Desktop.Tests.ViewModels.ProfileViewModelTests.UpdateProfileCommand_ShouldNotBeExecutable_WhenNameEmpty" computerName="DESKTOP-OH9J6T6" duration="00:00:00.0040577" startTime="2026-05-14T19:24:42.0264059+02:00" endTime="2026-05-14T19:24:42.0264061+02:00" testType="13cdc9d9-ddb5-4fa4-a97d-d965ccfc6d4b" outcome="Passed" testListId="8c84fa94-04c1-424b-9868-57a2d4851a1d" relativeResultsDirectory="d3fae8e0-fc4f-4f90-8873-bf8ac14753f7" />
    <UnitTestResult executionId="4887b6c1-ea34-48e3-9fb1-d3f96e71465b" testId="18ff3271-956f-7d37-33d0-75a89d4af87c" testName="RestAll.Desktop.Tests.ViewModels.KitchenViewModelTests.UpdateTicketStatusCommand_WhenFailure_ShouldSetErrorMessage" computerName="DESKTOP-OH9J6T6" duration="00:00:00.2119819" startTime="2026-05-14T19:24:42.6335654+02:00" endTime="2026-05-14T19:24:42.6335657+02:00" testType="13cdc9d9-ddb5-4fa4-a97d-d965ccfc6d4b" outcome="Passed" testListId="8c84fa94-04c1-424b-9868-57a2d4851a1d" relativeResultsDirectory="4887b6c1-ea34-48e3-9fb1-d3f96e71465b" />
    <UnitTestResult executionId="5a102bdf-b0ef-48ee-a542-c96c74af6b00" testId="9347c822-70f8-653c-452a-18beebca5927" testName="RestAll.Desktop.Tests.Infrastructure.Tables.HttpTableGatewayTests.UpdateTableStatusAsync_WithSuccessResponse_ShouldReturnTrue" computerName="DESKTOP-OH9J6T6" duration="00:00:00.0194951" startTime="2026-05-14T19:24:41.9889252+02:00" endTime="2026-05-14T19:24:41.9889252+02:00" testType="13cdc9d9-ddb5-4fa4-a97d-d965ccfc6d4b" outcome="Passed" testListId="8c84fa94-04c1-424b-9868-57a2d4851a1d" relativeResultsDirectory="5a102bdf-b0ef-48ee-a542-c96c74af6b00" />
    <UnitTestResult executionId="385fa4d1-af52-4486-ae64-d24e7dcaa30c" testId="53ce59b5-4c0b-6435-60da-00bc83efa5d7" testName="RestAll.Desktop.Tests.Tables.TableManagementUseCaseTests.UpdateTableStatusAsync_ShouldReturnTrue" computerName="DESKTOP-OH9J6T6" duration="00:00:00.1759862" startTime="2026-05-14T19:24:41.9316181+02:00" endTime="2026-05-14T19:24:41.9316184+02:00" testType="13cdc9d9-ddb5-4fa4-a97d-d965ccfc6d4b" outcome="Passed" testListId="8c84fa94-04c1-424b-9868-57a2d4851a1d" relativeResultsDirectory="385fa4d1-af52-4486-ae64-d24e7dcaa30c" />
    <UnitTestResult executionId="dd4cbabe-c407-4c72-9e61-e63f638691aa" testId="8ff5fcd4-ac8f-728c-c9ea-9aaa892885a1" testName="RestAll.Desktop.Tests.Integration.ReservationsIntegrationTests.GetReservationsAfterCancellation_ShouldReturnUpdatedList" computerName="DESKTOP-OH9J6T6" duration="00:00:00.1812275" startTime="2026-05-14T19:24:41.9368305+02:00" endTime="2026-05-14T19:24:41.9368309+02:00" testType="13cdc9d9-ddb5-4fa4-a97d-d965ccfc6d4b" outcome="Passed" testListId="8c84fa94-04c1-424b-9868-57a2d4851a1d" relativeResultsDirectory="dd4cbabe-c407-4c72-9e61-e63f638691aa" />
    <UnitTestResult executionId="48ef1334-41d8-4e21-81d7-44831de53c8d" testId="e28e5f03-2f40-91e7-6883-420ad77d71ed" testName="RestAll.Desktop.Tests.ViewModels.LoginViewModelTests.LoginCommand_WithError_ShouldShowErrorMessage" computerName="DESKTOP-OH9J6T6" duration="00:00:00.0036202" startTime="2026-05-14T19:24:41.9798305+02:00" endTime="2026-05-14T19:24:41.9798305+02:00" testType="13cdc9d9-ddb5-4fa4-a97d-d965ccfc6d4b" outcome="Passed" testListId="8c84fa94-04c1-424b-9868-57a2d4851a1d" relativeResultsDirectory="48ef1334-41d8-4e21-81d7-44831de53c8d" />
    <UnitTestResult executionId="071d7bd5-de5c-47b3-bdf1-de7e5db71843" testId="c44d1767-03ab-4053-abe9-9637086c42a1" testName="RestAll.Desktop.Tests.App.AppTests.OnStartup_ShouldRegisterAllInfrastructureServices" computerName="DESKTOP-OH9J6T6" duration="00:00:00.0073080" startTime="2026-05-14T19:24:42.1301494+02:00" endTime="2026-05-14T19:24:42.1301496+02:00" testType="13cdc9d9-ddb5-4fa4-a97d-d965ccfc6d4b" outcome="Passed" testListId="8c84fa94-04c1-424b-9868-57a2d4851a1d" relativeResultsDirectory="071d7bd5-de5c-47b3-bdf1-de7e5db71843" />
    <UnitTestResult executionId="e7ef12e4-7279-424f-ba25-2a828817c037" testId="3dc635af-9ab6-e871-b555-99e02484e493" testName="RestAll.Desktop.Tests.ViewModels.MainWindowViewModelTests.SessionChanged_WhenAuthenticated_ShouldUpdateUserInfo" computerName="DESKTOP-OH9J6T6" duration="00:00:00.0029809" startTime="2026-05-14T19:24:42.0436021+02:00" endTime="2026-05-14T19:24:42.0436022+02:00" testType="13cdc9d9-ddb5-4fa4-a97d-d965ccfc6d4b" outcome="Passed" testListId="8c84fa94-04c1-424b-9868-57a2d4851a1d" relativeResultsDirectory="e7ef12e4-7279-424f-ba25-2a828817c037" />
    <UnitTestResult executionId="65857e3b-3481-474c-9b49-8858fe2b2f61" testId="872c9d1a-21a2-6e77-c80c-2e06ed49ab02" testName="RestAll.Desktop.Tests.ViewModels.MenuViewModelTests.IsLoading_WhenSetToTrue_ShouldDisableCommand" computerName="DESKTOP-OH9J6T6" duration="00:00:00.0001744" startTime="2026-05-14T19:24:42.3445309+02:00" endTime="2026-05-14T19:24:42.3445310+02:00" testType="13cdc9d9-ddb5-4fa4-a97d-d965ccfc6d4b" outcome="Passed" testListId="8c84fa94-04c1-424b-9868-57a2d4851a1d" relativeResultsDirectory="65857e3b-3481-474c-9b49-8858fe2b2f61" />
    <UnitTestResult executionId="c346e073-0b21-4da1-96e2-ef47e977754a" testId="b70f18ba-07f3-694e-f1b1-3c6bbaf4b30e" testName="RestAll.Desktop.Tests.ViewModels.MainWindowViewModelTests.Dispose_ShouldUnsubscribeFromSessionChanged" computerName="DESKTOP-OH9J6T6" duration="00:00:00.0029912" startTime="2026-05-14T19:24:42.0471881+02:00" endTime="2026-05-14T19:24:42.0471881+02:00" testType="13cdc9d9-ddb5-4fa4-a97d-d965ccfc6d4b" outcome="Passed" testListId="8c84fa94-04c1-424b-9868-57a2d4851a1d" relativeResultsDirectory="c346e073-0b21-4da1-96e2-ef47e977754a" />
    <UnitTestResult executionId="321493e8-5c20-4ab9-99d8-bbb8a1f92851" testId="58c9b593-2439-5baa-ca11-5257da3927fd" testName="RestAll.Desktop.Tests.ViewModels.ReservationsViewModelTests.CreateReservationCommand_ShouldBeExecutable_WhenDataValid" computerName="DESKTOP-OH9J6T6" duration="00:00:00.0024702" startTime="2026-05-14T19:24:42.0675887+02:00" endTime="2026-05-14T19:24:42.0675888+02:00" testType="13cdc9d9-ddb5-4fa4-a97d-d965ccfc6d4b" outcome="Passed" testListId="8c84fa94-04c1-424b-9868-57a2d4851a1d" relativeResultsDirectory="321493e8-5c20-4ab9-99d8-bbb8a1f92851" />
    <UnitTestResult executionId="9884bf92-db02-47b0-a181-709bb3e8b443" testId="b3e6bea8-0643-6f80-d8fc-adcbb3e6c2f5" testName="RestAll.Desktop.Tests.ViewModels.MenuViewModelTests.Constructor_ShouldInitializeProperties" computerName="DESKTOP-OH9J6T6" duration="00:00:00.0052486" startTime="2026-05-14T19:24:41.9081714+02:00" endTime="2026-05-14T19:24:41.9081716+02:00" testType="13cdc9d9-ddb5-4fa4-a97d-d965ccfc6d4b" outcome="Passed" testListId="8c84fa94-04c1-424b-9868-57a2d4851a1d" relativeResultsDirectory="9884bf92-db02-47b0-a181-709bb3e8b443" />
    <UnitTestResult executionId="ce224606-5e94-4d92-8f68-4b67e7c6b3f1" testId="ee7a12fc-81bb-67fa-22a5-eef2a4d9b3c1" testName="RestAll.Desktop.Tests.Infrastructure.Auth.HttpAuthGatewayTests.LogoutAsync_ShouldNotThrowException" computerName="DESKTOP-OH9J6T6" duration="00:00:00.0031690" startTime="2026-05-14T19:24:42.0682299+02:00" endTime="2026-05-14T19:24:42.0682299+02:00" testType="13cdc9d9-ddb5-4fa4-a97d-d965ccfc6d4b" outcome="Passed" testListId="8c84fa94-04c1-424b-9868-57a2d4851a1d" relativeResultsDirectory="ce224606-5e94-4d92-8f68-4b67e7c6b3f1" />
    <UnitTestResult executionId="6186811c-46b5-4182-b005-2b26efd9b229" testId="402cf93a-1683-0d5e-ed22-33669e0f7813" testName="RestAll.Desktop.Tests.Infrastructure.Auth.HttpAuthGatewayTests.LoginAsync_WithErrorResponse_ShouldReturnAnonymous" computerName="DESKTOP-OH9J6T6" duration="00:00:00.0018997" startTime="2026-05-14T19:24:42.0787870+02:00" endTime="2026-05-14T19:24:42.0787871+02:00" testType="13cdc9d9-ddb5-4fa4-a97d-d965ccfc6d4b" outcome="Passed" testListId="8c84fa94-04c1-424b-9868-57a2d4851a1d" relativeResultsDirectory="6186811c-46b5-4182-b005-2b26efd9b229" />
    <UnitTestResult executionId="14b80887-a92c-45d7-8883-928ca7004d57" testId="7d3f5988-cbf4-8e5d-f9e4-6d76d44ef885" testName="RestAll.Desktop.Tests.Auth.AuthenticateUserUseCaseTests.LoginAsync_WithFailure_ShouldResetState" computerName="DESKTOP-OH9J6T6" duration="00:00:00.0062972" startTime="2026-05-14T19:24:41.9777203+02:00" endTime="2026-05-14T19:24:41.9777204+02:00" testType="13cdc9d9-ddb5-4fa4-a97d-d965ccfc6d4b" outcome="Passed" testListId="8c84fa94-04c1-424b-9868-57a2d4851a1d" relativeResultsDirectory="14b80887-a92c-45d7-8883-928ca7004d57" />
    <UnitTestResult executionId="1826b4b9-b956-4af5-9cdf-8130c2cfbb51" testId="0ed18110-f9ba-d989-4746-310e9dfe7dd1" testName="RestAll.Desktop.Tests.Integration.AuthenticationIntegrationTests.FullAuthFlow_ShouldWork" computerName="DESKTOP-OH9J6T6" duration="00:00:00.0150607" startTime="2026-05-14T19:24:42.0026004+02:00" endTime="2026-05-14T19:24:42.0026005+02:00" testType="13cdc9d9-ddb5-4fa4-a97d-d965ccfc6d4b" outcome="Passed" testListId="8c84fa94-04c1-424b-9868-57a2d4851a1d" relativeResultsDirectory="1826b4b9-b956-4af5-9cdf-8130c2cfbb51" />
    <UnitTestResult executionId="2968a733-6d55-41a2-83cf-62ee3d96c91d" testId="df30f8bf-76b0-000d-8366-25f2a6ae64e5" testName="RestAll.Desktop.Tests.Auth.HttpAuthGatewayTests.LoginAsync_WhenProfileCannotBeLoaded_ShouldFallbackToKnownDesktopSession" computerName="DESKTOP-OH9J6T6" duration="00:00:00.0218747" startTime="2026-05-14T19:24:42.0119277+02:00" endTime="2026-05-14T19:24:42.0119280+02:00" testType="13cdc9d9-ddb5-4fa4-a97d-d965ccfc6d4b" outcome="Passed" testListId="8c84fa94-04c1-424b-9868-57a2d4851a1d" relativeResultsDirectory="2968a733-6d55-41a2-83cf-62ee3d96c91d" />
    <UnitTestResult executionId="878582fb-8438-45ba-b00f-59c1eb960fd3" testId="1137e416-102c-6e27-ad80-2949e7b1e90f" testName="RestAll.Desktop.Tests.ViewModels.ProfileViewModelTests.LoadProfileAsync_ShouldShowError_WhenLoadFails" computerName="DESKTOP-OH9J6T6" duration="00:00:00.0029362" startTime="2026-05-14T19:24:42.0788944+02:00" endTime="2026-05-14T19:24:42.0788945+02:00" testType="13cdc9d9-ddb5-4fa4-a97d-d965ccfc6d4b" outcome="Passed" testListId="8c84fa94-04c1-424b-9868-57a2d4851a1d" relativeResultsDirectory="878582fb-8438-45ba-b00f-59c1eb960fd3" />
    <UnitTestResult executionId="862f226b-7cc0-43b6-abe9-727bde656d0e" testId="b1b4b46d-8cce-9051-dd48-1e173ac4de69" testName="RestAll.Desktop.Tests.Auth.HttpAuthGatewayTests.LoginAsync_WhenBackendReturnsLegacyTokenPayload_ShouldParseSession" computerName="DESKTOP-OH9J6T6" duration="00:00:00.0025433" startTime="2026-05-14T19:24:42.0189681+02:00" endTime="2026-05-14T19:24:42.0189682+02:00" testType="13cdc9d9-ddb5-4fa4-a97d-d965ccfc6d4b" outcome="Passed" testListId="8c84fa94-04c1-424b-9868-57a2d4851a1d" relativeResultsDirectory="862f226b-7cc0-43b6-abe9-727bde656d0e" />
    <UnitTestResult executionId="0e18fb4d-bb0a-4a34-a309-0d1e9552a34a" testId="851fc33b-e0ab-9236-0962-26c7be04d60b" testName="RestAll.Desktop.Tests.ViewModels.ReservationsViewModelTests.CreateReservationAsync_ShouldCreateReservation" computerName="DESKTOP-OH9J6T6" duration="00:00:00.0271256" startTime="2026-05-14T19:24:42.0947959+02:00" endTime="2026-05-14T19:24:42.0947960+02:00" testType="13cdc9d9-ddb5-4fa4-a97d-d965ccfc6d4b" outcome="Passed" testListId="8c84fa94-04c1-424b-9868-57a2d4851a1d" relativeResultsDirectory="0e18fb4d-bb0a-4a34-a309-0d1e9552a34a" />
    <UnitTestResult executionId="1a7866f7-5b00-4b6b-b078-ef386791a90d" testId="72ecdd0a-4cbc-841f-1b7f-22bd51d80f0e" testName="RestAll.Desktop.Tests.ViewModels.CancelableViewModelBaseTests.StatusMessage_WhenSet_ShouldRaisePropertyChanged" computerName="DESKTOP-OH9J6T6" duration="00:00:00.0006875" startTime="2026-05-14T19:24:42.0228217+02:00" endTime="2026-05-14T19:24:42.0228218+02:00" testType="13cdc9d9-ddb5-4fa4-a97d-d965ccfc6d4b" outcome="Passed" testListId="8c84fa94-04c1-424b-9868-57a2d4851a1d" relativeResultsDirectory="1a7866f7-5b00-4b6b-b078-ef386791a90d" />
    <UnitTestResult executionId="fb922112-af8d-45b9-ab11-b4a27279b213" testId="b709e49e-f3ca-7f99-b687-7c6aa84a4ee5" testName="RestAll.Desktop.Tests.Integration.ErrorHandlingIntegrationTests.ProfileGateway_WhenUnauthorized_ShouldReturnNull" computerName="DESKTOP-OH9J6T6" duration="00:00:00.0141068" startTime="2026-05-14T19:24:42.0642081+02:00" endTime="2026-05-14T19:24:42.0642082+02:00" testType="13cdc9d9-ddb5-4fa4-a97d-d965ccfc6d4b" outcome="Passed" testListId="8c84fa94-04c1-424b-9868-57a2d4851a1d" relativeResultsDirectory="fb922112-af8d-45b9-ab11-b4a27279b213" />
    <UnitTestResult executionId="9ee0a80c-7882-49bb-8eac-9ccb55af2b0a" testId="54311d25-5a07-8c00-6902-b1dc60a9de5a" testName="RestAll.Desktop.Tests.Infrastructure.Auth.HttpAuthGatewayTests.LoginAsync_WithTwoFactorRequired_ShouldReturnRequiresTwoFactor" computerName="DESKTOP-OH9J6T6" duration="00:00:00.0014706" startTime="2026-05-14T19:24:42.0768149+02:00" endTime="2026-05-14T19:24:42.0768150+02:00" testType="13cdc9d9-ddb5-4fa4-a97d-d965ccfc6d4b" outcome="Passed" testListId="8c84fa94-04c1-424b-9868-57a2d4851a1d" relativeResultsDirectory="9ee0a80c-7882-49bb-8eac-9ccb55af2b0a" />
    <UnitTestResult executionId="7bb8db0a-b02d-4037-8d02-71bdcbe027b4" testId="5035986a-30f9-b125-6d60-ea8bfc589830" testName="RestAll.Desktop.Tests.Reservations.HttpReservationGatewayTests.CancelReservationAsync_ShouldReturnTrueOnSuccess" computerName="DESKTOP-OH9J6T6" duration="00:00:00.0013291" startTime="2026-05-14T19:24:42.0863835+02:00" endTime="2026-05-14T19:24:42.0863836+02:00" testType="13cdc9d9-ddb5-4fa4-a97d-d965ccfc6d4b" outcome="Passed" testListId="8c84fa94-04c1-424b-9868-57a2d4851a1d" relativeResultsDirectory="7bb8db0a-b02d-4037-8d02-71bdcbe027b4" />
    <UnitTestResult executionId="9e9b46a0-268c-420a-b9b5-5678ab7c9fb3" testId="8336a10d-5280-03e3-52e3-beaa571111c9" testName="RestAll.Desktop.Tests.Auth.HttpProfileGatewayTests.GetProfileAsync_ShouldReturnProfile" computerName="DESKTOP-OH9J6T6" duration="00:00:00.0178165" startTime="2026-05-14T19:24:42.0658279+02:00" endTime="2026-05-14T19:24:42.0658279+02:00" testType="13cdc9d9-ddb5-4fa4-a97d-d965ccfc6d4b" outcome="Passed" testListId="8c84fa94-04c1-424b-9868-57a2d4851a1d" relativeResultsDirectory="9e9b46a0-268c-420a-b9b5-5678ab7c9fb3" />
    <UnitTestResult executionId="3d89411c-bcfd-4a1e-b8f7-94720ae85c57" testId="8d66b843-85be-c249-17bd-8bc375dbe9cf" testName="RestAll.Desktop.Tests.ViewModels.OrdersViewModelTests.Cancel_ShouldCancelCancellationToken" computerName="DESKTOP-OH9J6T6" duration="00:00:00.0001408" startTime="2026-05-14T19:24:42.6636247+02:00" endTime="2026-05-14T19:24:42.6636248+02:00" testType="13cdc9d9-ddb5-4fa4-a97d-d965ccfc6d4b" outcome="Passed" testListId="8c84fa94-04c1-424b-9868-57a2d4851a1d" relativeResultsDirectory="3d89411c-bcfd-4a1e-b8f7-94720ae85c57" />
    <UnitTestResult executionId="60d0ea28-5408-459b-9c6c-f051ecac5f06" testId="091a6460-671a-f495-eb0e-99f6794ce70d" testName="RestAll.Desktop.Tests.Integration.ErrorHandlingIntegrationTests.UseCase_WhenGatewayReturnsNull_ShouldHandleGracefully" computerName="DESKTOP-OH9J6T6" duration="00:00:00.0021220" startTime="2026-05-14T19:24:42.0742708+02:00" endTime="2026-05-14T19:24:42.0742709+02:00" testType="13cdc9d9-ddb5-4fa4-a97d-d965ccfc6d4b" outcome="Passed" testListId="8c84fa94-04c1-424b-9868-57a2d4851a1d" relativeResultsDirectory="60d0ea28-5408-459b-9c6c-f051ecac5f06" />
    <UnitTestResult executionId="274caaf7-c25f-42c9-902b-7d646564cfe1" testId="286ca48c-634b-f262-ba32-8ef1b30d6a4b" testName="RestAll.Desktop.Tests.ViewModels.MainWindowViewModelTests.Constructor_ShouldSubscribeToSessionChanged" computerName="DESKTOP-OH9J6T6" duration="00:00:00.0147316" startTime="2026-05-14T19:24:42.0405500+02:00" endTime="2026-05-14T19:24:42.0405504+02:00" testType="13cdc9d9-ddb5-4fa4-a97d-d965ccfc6d4b" outcome="Passed" testListId="8c84fa94-04c1-424b-9868-57a2d4851a1d" relativeResultsDirectory="274caaf7-c25f-42c9-902b-7d646564cfe1" />
    <UnitTestResult executionId="1de53cde-88fa-444f-aabe-4187eded5fa9" testId="b73fb1f9-3fc9-22a9-f430-11c8f0cb809b" testName="RestAll.Desktop.Tests.Infrastructure.Menu.HttpMenuGatewayTests.GetItemsAsync_WithErrorResponse_ShouldReturnEmptyList" computerName="DESKTOP-OH9J6T6" duration="00:00:00.0042714" startTime="2026-05-14T19:24:41.9907965+02:00" endTime="2026-05-14T19:24:41.9907966+02:00" testType="13cdc9d9-ddb5-4fa4-a97d-d965ccfc6d4b" outcome="Passed" testListId="8c84fa94-04c1-424b-9868-57a2d4851a1d" relativeResultsDirectory="1de53cde-88fa-444f-aabe-4187eded5fa9" />
    <UnitTestResult executionId="6bcd9af0-b64a-49f8-9bdd-9ddb51e6e4a5" testId="8fd16770-e1d6-cafc-cd6e-d8d18891decc" testName="RestAll.Desktop.Tests.ViewModels.OrdersViewModelTests.IsLoading_WhenSetToTrue_ShouldDisableCommands" computerName="DESKTOP-OH9J6T6" duration="00:00:00.0004240" startTime="2026-05-14T19:24:42.6634662+02:00" endTime="2026-05-14T19:24:42.6634664+02:00" testType="13cdc9d9-ddb5-4fa4-a97d-d965ccfc6d4b" outcome="Passed" testListId="8c84fa94-04c1-424b-9868-57a2d4851a1d" relativeResultsDirectory="6bcd9af0-b64a-49f8-9bdd-9ddb51e6e4a5" />
    <UnitTestResult executionId="9e9490b7-ab5f-4a67-b7f3-096cba048182" testId="a3fed184-d03f-22b2-c831-be3375a75d6d" testName="RestAll.Desktop.Tests.ViewModels.CancelableViewModelBaseTests.Dispose_ShouldCancelCancellationToken" computerName="DESKTOP-OH9J6T6" duration="00:00:00.0012354" startTime="2026-05-14T19:24:42.0238583+02:00" endTime="2026-05-14T19:24:42.0238584+02:00" testType="13cdc9d9-ddb5-4fa4-a97d-d965ccfc6d4b" outcome="Passed" testListId="8c84fa94-04c1-424b-9868-57a2d4851a1d" relativeResultsDirectory="9e9490b7-ab5f-4a67-b7f3-096cba048182" />
    <UnitTestResult executionId="3619e40a-83c7-4649-ae22-e39affa0f091" testId="409f92f5-4585-e3ec-39d5-028716654140" testName="RestAll.Desktop.Tests.ViewModels.MenuViewModelTests.LoadMenuCommand_ShouldLoadCategoriesAndItems" computerName="DESKTOP-OH9J6T6" duration="00:00:00.2170541" startTime="2026-05-14T19:24:42.3440972+02:00" endTime="2026-05-14T19:24:42.3440976+02:00" testType="13cdc9d9-ddb5-4fa4-a97d-d965ccfc6d4b" outcome="Passed" testListId="8c84fa94-04c1-424b-9868-57a2d4851a1d" relativeResultsDirectory="3619e40a-83c7-4649-ae22-e39affa0f091" />
    <UnitTestResult executionId="f7120e21-6fca-40db-aa2e-eb401fa784e2" testId="5c422f5d-ddef-2454-ce6c-a0255df606f7" testName="RestAll.Desktop.Tests.Tables.TableManagementUseCaseTests.GetTablesAsync_ShouldReturnTables" computerName="DESKTOP-OH9J6T6" duration="00:00:00.0401554" startTime="2026-05-14T19:24:41.9723729+02:00" endTime="2026-05-14T19:24:41.9723729+02:00" testType="13cdc9d9-ddb5-4fa4-a97d-d965ccfc6d4b" outcome="Passed" testListId="8c84fa94-04c1-424b-9868-57a2d4851a1d" relativeResultsDirectory="f7120e21-6fca-40db-aa2e-eb401fa784e2" />
    <UnitTestResult executionId="e7f55107-265a-4f9f-8f8a-d8078bdcbc6c" testId="7e6cbd39-7897-de75-8edd-03d36062dab6" testName="RestAll.Desktop.Tests.Auth.ManageProfileUseCaseTests.GetProfileAsync_ShouldReturnNull_WhenNoSession" computerName="DESKTOP-OH9J6T6" duration="00:00:00.0029825" startTime="2026-05-14T19:24:41.9868726+02:00" endTime="2026-05-14T19:24:41.9868728+02:00" testType="13cdc9d9-ddb5-4fa4-a97d-d965ccfc6d4b" outcome="Passed" testListId="8c84fa94-04c1-424b-9868-57a2d4851a1d" relativeResultsDirectory="e7f55107-265a-4f9f-8f8a-d8078bdcbc6c" />
    <UnitTestResult executionId="6fcf0809-2949-4d1a-8646-4c083400c1cf" testId="b9b34c0b-72ae-01d3-f4b7-3afa8d76cd9d" testName="RestAll.Desktop.Tests.ViewModels.CancelableViewModelBaseTests.ExecuteWithCancellationAsync_WhenActionThrows_ShouldSetStatusMessage" computerName="DESKTOP-OH9J6T6" duration="00:00:00.0249431" startTime="2026-05-14T19:24:42.0136358+02:00" endTime="2026-05-14T19:24:42.0136360+02:00" testType="13cdc9d9-ddb5-4fa4-a97d-d965ccfc6d4b" outcome="Passed" testListId="8c84fa94-04c1-424b-9868-57a2d4851a1d" relativeResultsDirectory="6fcf0809-2949-4d1a-8646-4c083400c1cf" />
    <UnitTestResult executionId="1b8820aa-7ce0-4a91-990a-887f50ed44c5" testId="ce055ccd-f62c-54d5-c4a0-e93edd64ef45" testName="RestAll.Desktop.Tests.ViewModels.TablesViewModelTests.IsLoading_WhenSetToTrue_ShouldDisableCommands" computerName="DESKTOP-OH9J6T6" duration="00:00:00.0001812" startTime="2026-05-14T19:24:42.9236893+02:00" endTime="2026-05-14T19:24:42.9236894+02:00" testType="13cdc9d9-ddb5-4fa4-a97d-d965ccfc6d4b" outcome="Passed" testListId="8c84fa94-04c1-424b-9868-57a2d4851a1d" relativeResultsDirectory="1b8820aa-7ce0-4a91-990a-887f50ed44c5" />
    <UnitTestResult executionId="008b88c7-b163-454c-8dcd-0200072ec2aa" testId="c0ae26bb-4aa6-2576-7297-cec0f3a612a4" testName="RestAll.Desktop.Tests.Orders.ManageOrdersUseCaseTests.CreateOrderAsync_ShouldReturnOrder" computerName="DESKTOP-OH9J6T6" duration="00:00:00.1051675" startTime="2026-05-14T19:24:41.9724009+02:00" endTime="2026-05-14T19:24:41.9724010+02:00" testType="13cdc9d9-ddb5-4fa4-a97d-d965ccfc6d4b" outcome="Passed" testListId="8c84fa94-04c1-424b-9868-57a2d4851a1d" relativeResultsDirectory="008b88c7-b163-454c-8dcd-0200072ec2aa" />
    <UnitTestResult executionId="56a4d317-376d-425c-9618-7d08f9e10fd1" testId="2b89cc76-aeb2-cae0-013e-7a623f2cbcb9" testName="RestAll.Desktop.Tests.ViewModels.TablesViewModelTests.UpdateTableStatusCommand_WhenFailure_ShouldSetErrorMessage" computerName="DESKTOP-OH9J6T6" duration="00:00:00.2317595" startTime="2026-05-14T19:24:42.2818024+02:00" endTime="2026-05-14T19:24:42.2818027+02:00" testType="13cdc9d9-ddb5-4fa4-a97d-d965ccfc6d4b" outcome="Passed" testListId="8c84fa94-04c1-424b-9868-57a2d4851a1d" relativeResultsDirectory="56a4d317-376d-425c-9618-7d08f9e10fd1" />
    <UnitTestResult executionId="f234e9e3-1bf5-4cb6-aed9-2cda99f5aa68" testId="9851dc4c-6259-0fb1-cb27-db7f7c6129e8" testName="RestAll.Desktop.Tests.ViewModels.RelayCommandTests.Execute_WithParameter_ShouldCallAction" computerName="DESKTOP-OH9J6T6" duration="00:00:00.0010623" startTime="2026-05-14T19:24:42.0114643+02:00" endTime="2026-05-14T19:24:42.0114644+02:00" testType="13cdc9d9-ddb5-4fa4-a97d-d965ccfc6d4b" outcome="Passed" testListId="8c84fa94-04c1-424b-9868-57a2d4851a1d" relativeResultsDirectory="f234e9e3-1bf5-4cb6-aed9-2cda99f5aa68" />
    <UnitTestResult executionId="a9701f4b-ab6c-4a82-b0c9-63a18ca88b7b" testId="7bd0a64c-ddc7-a53e-e4c9-24916296ef4a" testName="RestAll.Desktop.Tests.ViewModels.ViewModelBaseTests.SetProperty_WhenValueChanges_ShouldRaisePropertyChanged" computerName="DESKTOP-OH9J6T6" duration="00:00:00.0899684" startTime="2026-05-14T19:24:41.8538232+02:00" endTime="2026-05-14T19:24:41.8538813+02:00" testType="13cdc9d9-ddb5-4fa4-a97d-d965ccfc6d4b" outcome="Passed" testListId="8c84fa94-04c1-424b-9868-57a2d4851a1d" relativeResultsDirectory="a9701f4b-ab6c-4a82-b0c9-63a18ca88b7b" />
    <UnitTestResult executionId="bb9f328b-2c21-4178-a262-261f5a6d5bfe" testId="6a7bd55e-c69c-04fd-7efb-8143a5278520" testName="RestAll.Desktop.Tests.Auth.AuthenticateUserUseCaseTests.LoginAsync_WithTwoFactorRequired_ShouldReturnRequiresTwoFactor" computerName="DESKTOP-OH9J6T6" duration="00:00:00.0031858" startTime="2026-05-14T19:24:41.9902292+02:00" endTime="2026-05-14T19:24:41.9902293+02:00" testType="13cdc9d9-ddb5-4fa4-a97d-d965ccfc6d4b" outcome="Passed" testListId="8c84fa94-04c1-424b-9868-57a2d4851a1d" relativeResultsDirectory="bb9f328b-2c21-4178-a262-261f5a6d5bfe" />
    <UnitTestResult executionId="9b5162ec-4ef2-440a-83ab-322f93b48e80" testId="3a285676-07d1-21f7-4eb9-e6ffa04647c4" testName="RestAll.Desktop.Tests.Infrastructure.Orders.HttpOrderGatewayTests.PayOrderAsync_WithErrorResponse_ShouldReturnFalse" computerName="DESKTOP-OH9J6T6" duration="00:00:00.0031520" startTime="2026-05-14T19:24:41.9728474+02:00" endTime="2026-05-14T19:24:41.9728475+02:00" testType="13cdc9d9-ddb5-4fa4-a97d-d965ccfc6d4b" outcome="Passed" testListId="8c84fa94-04c1-424b-9868-57a2d4851a1d" relativeResultsDirectory="9b5162ec-4ef2-440a-83ab-322f93b48e80" />
    <UnitTestResult executionId="aeba2a15-88a1-4885-829a-3107c1b40745" testId="b0ace656-1703-3f5c-96b6-0bc4cc499e70" testName="RestAll.Desktop.Tests.Integration.ErrorHandlingIntegrationTests.AuthGateway_WhenServerError_ShouldReturnAnonymous" computerName="DESKTOP-OH9J6T6" duration="00:00:00.0027927" startTime="2026-05-14T19:24:42.0696860+02:00" endTime="2026-05-14T19:24:42.0696861+02:00" testType="13cdc9d9-ddb5-4fa4-a97d-d965ccfc6d4b" outcome="Passed" testListId="8c84fa94-04c1-424b-9868-57a2d4851a1d" relativeResultsDirectory="aeba2a15-88a1-4885-829a-3107c1b40745" />
    <UnitTestResult executionId="0450708a-0094-4899-97dd-98984fa2ef29" testId="47caf22d-bce2-1134-740f-52de42a68944" testName="RestAll.Desktop.Tests.ViewModels.ProfileViewModelTests.UpdateProfileAsync_ShouldUpdateProfile" computerName="DESKTOP-OH9J6T6" duration="00:00:00.0021256" startTime="2026-05-14T19:24:42.0758929+02:00" endTime="2026-05-14T19:24:42.0758930+02:00" testType="13cdc9d9-ddb5-4fa4-a97d-d965ccfc6d4b" outcome="Passed" testListId="8c84fa94-04c1-424b-9868-57a2d4851a1d" relativeResultsDirectory="0450708a-0094-4899-97dd-98984fa2ef29" />
    <UnitTestResult executionId="a8ae11fe-556e-4af5-bb23-1b3b9f2846e8" testId="95cedbcb-e347-bfc2-5902-21c1c4c37e82" testName="RestAll.Desktop.Tests.App.AppTests.OnStartup_ShouldRegisterAllViewModels" computerName="DESKTOP-OH9J6T6" duration="00:00:00.0101970" startTime="2026-05-14T19:24:42.1408463+02:00" endTime="2026-05-14T19:24:42.1408465+02:00" testType="13cdc9d9-ddb5-4fa4-a97d-d965ccfc6d4b" outcome="Passed" testListId="8c84fa94-04c1-424b-9868-57a2d4851a1d" relativeResultsDirectory="a8ae11fe-556e-4af5-bb23-1b3b9f2846e8" />
    <UnitTestResult executionId="58ff6531-2286-4f37-aefb-94f4af54f873" testId="8acbdce3-88f8-9bf7-8fdd-4bf95a203a32" testName="RestAll.Desktop.Tests.ViewModels.OrdersViewModelTests.LoadOrdersCommand_WhenError_ShouldSetErrorMessage" computerName="DESKTOP-OH9J6T6" duration="00:00:00.2154700" startTime="2026-05-14T19:24:42.4505932+02:00" endTime="2026-05-14T19:24:42.4505935+02:00" testType="13cdc9d9-ddb5-4fa4-a97d-d965ccfc6d4b" outcome="Passed" testListId="8c84fa94-04c1-424b-9868-57a2d4851a1d" relativeResultsDirectory="58ff6531-2286-4f37-aefb-94f4af54f873" />
    <UnitTestResult executionId="83529f14-bc5b-41bc-96ba-7610e7a22f10" testId="223b41c5-dd1a-58a9-73e4-47e3fa220999" testName="RestAll.Desktop.Tests.Integration.ProfileIntegrationTests.ProfileFlow_ShouldUpdateProfileData" computerName="DESKTOP-OH9J6T6" duration="00:00:00.0093884" startTime="2026-05-14T19:24:41.9631869+02:00" endTime="2026-05-14T19:24:41.9631870+02:00" testType="13cdc9d9-ddb5-4fa4-a97d-d965ccfc6d4b" outcome="Passed" testListId="8c84fa94-04c1-424b-9868-57a2d4851a1d" relativeResultsDirectory="83529f14-bc5b-41bc-96ba-7610e7a22f10" />
    <UnitTestResult executionId="0ba6a700-4cee-4f28-9420-70d810bb22ca" testId="d3b6c82d-6b9b-ca4a-d8d3-5f62bb9536f1" testName="RestAll.Desktop.Tests.Orders.ManageOrdersUseCaseTests.GetOrdersAsync_ShouldReturnOrders" computerName="DESKTOP-OH9J6T6" duration="00:00:00.0022038" startTime="2026-05-14T19:24:41.9788750+02:00" endTime="2026-05-14T19:24:41.9788751+02:00" testType="13cdc9d9-ddb5-4fa4-a97d-d965ccfc6d4b" outcome="Passed" testListId="8c84fa94-04c1-424b-9868-57a2d4851a1d" relativeResultsDirectory="0ba6a700-4cee-4f28-9420-70d810bb22ca" />
    <UnitTestResult executionId="190958ae-dc81-452e-b40c-a203aa1d3302" testId="1e8ca8e3-982d-76af-bb44-3b4d059356e9" testName="RestAll.Desktop.Tests.ViewModels.TablesViewModelTests.LoadTablesCommand_WhenError_ShouldSetErrorMessage" computerName="DESKTOP-OH9J6T6" duration="00:00:00.2139922" startTime="2026-05-14T19:24:42.4966834+02:00" endTime="2026-05-14T19:24:42.4966837+02:00" testType="13cdc9d9-ddb5-4fa4-a97d-d965ccfc6d4b" outcome="Passed" testListId="8c84fa94-04c1-424b-9868-57a2d4851a1d" relativeResultsDirectory="190958ae-dc81-452e-b40c-a203aa1d3302" />
    <UnitTestResult executionId="3005d486-0275-453f-85fe-c74a32bc9a74" testId="873f97c5-fc9f-5925-8de7-ddc38bf6fa6c" testName="RestAll.Desktop.Tests.Menu.GetMenuUseCaseTests.GetCategoriesAsync_ShouldReturnCategories" computerName="DESKTOP-OH9J6T6" duration="00:00:00.0095173" startTime="2026-05-14T19:24:42.0220805+02:00" endTime="2026-05-14T19:24:42.0220806+02:00" testType="13cdc9d9-ddb5-4fa4-a97d-d965ccfc6d4b" outcome="Passed" testListId="8c84fa94-04c1-424b-9868-57a2d4851a1d" relativeResultsDirectory="3005d486-0275-453f-85fe-c74a32bc9a74" />
    <UnitTestResult executionId="119fb323-204a-45b6-a227-8183de4299fb" testId="84a276f5-7eb5-2152-b59b-d278b0750b0a" testName="RestAll.Desktop.Tests.Auth.ManageProfileUseCaseTests.UpdateProfileAsync_ShouldCallGatewayWithExpectedPayload" computerName="DESKTOP-OH9J6T6" duration="00:00:00.2177295" startTime="2026-05-14T19:24:41.9733175+02:00" endTime="2026-05-14T19:24:41.9733176+02:00" testType="13cdc9d9-ddb5-4fa4-a97d-d965ccfc6d4b" outcome="Passed" testListId="8c84fa94-04c1-424b-9868-57a2d4851a1d" relativeResultsDirectory="119fb323-204a-45b6-a227-8183de4299fb" />
    <UnitTestResult executionId="d49321aa-d886-4517-9bc8-3e005dc63cd1" testId="7c0cdb0c-a25b-9dc8-9e17-82afe0871238" testName="RestAll.Desktop.Tests.ViewModels.OrdersViewModelTests.PayOrderCommand_WhenSuccess_ShouldCallUseCase" computerName="DESKTOP-OH9J6T6" duration="00:00:00.2305255" startTime="2026-05-14T19:24:42.2347117+02:00" endTime="2026-05-14T19:24:42.2347120+02:00" testType="13cdc9d9-ddb5-4fa4-a97d-d965ccfc6d4b" outcome="Passed" testListId="8c84fa94-04c1-424b-9868-57a2d4851a1d" relativeResultsDirectory="d49321aa-d886-4517-9bc8-3e005dc63cd1" />
    <UnitTestResult executionId="01488c7c-485a-437d-b8d0-d28a096893cf" testId="83f1db31-0e35-fe90-9001-58da94794981" testName="RestAll.Desktop.Tests.Menu.GetMenuUseCaseTests.GetItemsAsync_ShouldReturnItems" computerName="DESKTOP-OH9J6T6" duration="00:00:00.0202309" startTime="2026-05-14T19:24:42.0126158+02:00" endTime="2026-05-14T19:24:42.0126159+02:00" testType="13cdc9d9-ddb5-4fa4-a97d-d965ccfc6d4b" outcome="Passed" testListId="8c84fa94-04c1-424b-9868-57a2d4851a1d" relativeResultsDirectory="01488c7c-485a-437d-b8d0-d28a096893cf" />
    <UnitTestResult executionId="3fd64cc1-b396-4859-bc71-685e1f18b60b" testId="a3156326-7054-e864-481e-836ce372d591" testName="RestAll.Desktop.Tests.Integration.ProfileIntegrationTests.FullProfileFlow_ShouldWork" computerName="DESKTOP-OH9J6T6" duration="00:00:00.0076674" startTime="2026-05-14T19:24:41.9761907+02:00" endTime="2026-05-14T19:24:41.9761907+02:00" testType="13cdc9d9-ddb5-4fa4-a97d-d965ccfc6d4b" outcome="Passed" testListId="8c84fa94-04c1-424b-9868-57a2d4851a1d" relativeResultsDirectory="3fd64cc1-b396-4859-bc71-685e1f18b60b" />
    <UnitTestResult executionId="2fab2d80-7158-40f3-ad86-c0d717a93a44" testId="a48c9109-3d4c-d77f-17a9-50e808eda3ab" testName="RestAll.Desktop.Tests.ViewModels.ReservationsViewModelTests.LoadReservationsCommand_ShouldNotBeExecutable_WhenLoading" computerName="DESKTOP-OH9J6T6" duration="00:00:00.0012080" startTime="2026-05-14T19:24:42.0478507+02:00" endTime="2026-05-14T19:24:42.0478508+02:00" testType="13cdc9d9-ddb5-4fa4-a97d-d965ccfc6d4b" outcome="Passed" testListId="8c84fa94-04c1-424b-9868-57a2d4851a1d" relativeResultsDirectory="2fab2d80-7158-40f3-ad86-c0d717a93a44" />
    <UnitTestResult executionId="f3a72e44-5279-41f6-a147-2e03dc480cf3" testId="ffdf3821-3a06-7a4b-2b60-4b1c4c1313d5" testName="RestAll.Desktop.Tests.Infrastructure.Menu.HttpMenuGatewayTests.GetCategoriesAsync_WithSuccessResponse_ShouldReturnCategories" computerName="DESKTOP-OH9J6T6" duration="00:00:00.0120403" startTime="2026-05-14T19:24:41.9841635+02:00" endTime="2026-05-14T19:24:41.9841636+02:00" testType="13cdc9d9-ddb5-4fa4-a97d-d965ccfc6d4b" outcome="Passed" testListId="8c84fa94-04c1-424b-9868-57a2d4851a1d" relativeResultsDirectory="f3a72e44-5279-41f6-a147-2e03dc480cf3" />
    <UnitTestResult executionId="c7d7c12b-c865-46af-b1fe-6489343bc1d4" testId="c7dad7ba-9c5e-e640-dcaa-e34513661485" testName="RestAll.Desktop.Tests.ViewModels.ReservationsViewModelTests.CancelReservationAsync_ShouldCancelReservation" computerName="DESKTOP-OH9J6T6" duration="00:00:00.0675411" startTime="2026-05-14T19:24:42.0465988+02:00" endTime="2026-05-14T19:24:42.0465988+02:00" testType="13cdc9d9-ddb5-4fa4-a97d-d965ccfc6d4b" outcome="Passed" testListId="8c84fa94-04c1-424b-9868-57a2d4851a1d" relativeResultsDirectory="c7d7c12b-c865-46af-b1fe-6489343bc1d4" />
    <UnitTestResult executionId="06a88041-286d-4753-90fa-dc19157ea748" testId="17773f08-82b1-3d95-32f4-e659583e19c7" testName="RestAll.Desktop.Tests.Infrastructure.Orders.HttpOrderGatewayTests.GetOrdersAsync_WithErrorResponse_ShouldReturnEmptyList" computerName="DESKTOP-OH9J6T6" duration="00:00:00.0018567" startTime="2026-05-14T19:24:41.9773034+02:00" endTime="2026-05-14T19:24:41.9773034+02:00" testType="13cdc9d9-ddb5-4fa4-a97d-d965ccfc6d4b" outcome="Passed" testListId="8c84fa94-04c1-424b-9868-57a2d4851a1d" relativeResultsDirectory="06a88041-286d-4753-90fa-dc19157ea748" />
    <UnitTestResult executionId="c6ef7e48-b0e6-4ac1-a4f4-921b854b360b" testId="1a8a97ba-70d8-5ba8-d1ef-0c54ed069748" testName="RestAll.Desktop.Tests.Auth.HttpAuthGatewayTests.LoginAsync_WhenBackendReturnsFortifyLoginResponse_ShouldLoadUserProfile" computerName="DESKTOP-OH9J6T6" duration="00:00:00.0043793" startTime="2026-05-14T19:24:42.0163780+02:00" endTime="2026-05-14T19:24:42.0163781+02:00" testType="13cdc9d9-ddb5-4fa4-a97d-d965ccfc6d4b" outcome="Passed" testListId="8c84fa94-04c1-424b-9868-57a2d4851a1d" relativeResultsDirectory="c6ef7e48-b0e6-4ac1-a4f4-921b854b360b" />
    <UnitTestResult executionId="9306bbb9-18e5-4d8e-82ea-c70f7796817c" testId="add7a457-4267-e39f-ec4c-a9b7911b9f35" testName="RestAll.Desktop.Tests.ViewModels.CancelableViewModelBaseTests.Constructor_ShouldInitializeProperties" computerName="DESKTOP-OH9J6T6" duration="00:00:00.0003079" startTime="2026-05-14T19:24:42.0218380+02:00" endTime="2026-05-14T19:24:42.0218381+02:00" testType="13cdc9d9-ddb5-4fa4-a97d-d965ccfc6d4b" outcome="Passed" testListId="8c84fa94-04c1-424b-9868-57a2d4851a1d" relativeResultsDirectory="9306bbb9-18e5-4d8e-82ea-c70f7796817c" />
    <UnitTestResult executionId="ec2e02f2-1b59-4898-9dd6-da33c67744b9" testId="131ebe02-8176-d6bc-dbcc-fe0c14216354" testName="RestAll.Desktop.Tests.Reservations.ManageReservationsUseCaseTests.CreateReservationAsync_ShouldReturnCreatedReservation" computerName="DESKTOP-OH9J6T6" duration="00:00:00.0040111" startTime="2026-05-14T19:24:41.9956799+02:00" endTime="2026-05-14T19:24:41.9956800+02:00" testType="13cdc9d9-ddb5-4fa4-a97d-d965ccfc6d4b" outcome="Passed" testListId="8c84fa94-04c1-424b-9868-57a2d4851a1d" relativeResultsDirectory="ec2e02f2-1b59-4898-9dd6-da33c67744b9" />
    <UnitTestResult executionId="520adad6-e726-4ba3-b222-5a369ac653b5" testId="0daede12-2352-8e90-5f26-da6e6ff844b7" testName="RestAll.Desktop.Tests.ViewModels.LoginViewModelTests.LoginCommand_WithAuthenticated_ShouldRaiseLoginSuccessfulEvent" computerName="DESKTOP-OH9J6T6" duration="00:00:00.2137326" startTime="2026-05-14T19:24:41.9693304+02:00" endTime="2026-05-14T19:24:41.9693305+02:00" testType="13cdc9d9-ddb5-4fa4-a97d-d965ccfc6d4b" outcome="Passed" testListId="8c84fa94-04c1-424b-9868-57a2d4851a1d" relativeResultsDirectory="520adad6-e726-4ba3-b222-5a369ac653b5" />
    <UnitTestResult executionId="12258226-25b4-4de8-88e6-0553043b8088" testId="eb5f5590-933e-85bf-0c9a-c64d2bd1bf08" testName="RestAll.Desktop.Tests.Auth.RefreshTokenTests.RefreshTokenAsync_ShouldReturnAnonymous_WhenRefreshFails" computerName="DESKTOP-OH9J6T6" duration="00:00:00.0050064" startTime="2026-05-14T19:24:41.9881883+02:00" endTime="2026-05-14T19:24:41.9881884+02:00" testType="13cdc9d9-ddb5-4fa4-a97d-d965ccfc6d4b" outcome="Passed" testListId="8c84fa94-04c1-424b-9868-57a2d4851a1d" relativeResultsDirectory="12258226-25b4-4de8-88e6-0553043b8088" />
    <UnitTestResult executionId="c8e1e82c-1880-4a9d-b20f-f2eaa918d7cf" testId="c0d29886-2993-9211-ece6-b2f6dce940de" testName="RestAll.Desktop.Tests.ViewModels.ProfileViewModelTests.LoadProfileCommand_ShouldBeExecutable_WhenNotLoading" computerName="DESKTOP-OH9J6T6" duration="00:00:00.0011637" startTime="2026-05-14T19:24:42.0276276+02:00" endTime="2026-05-14T19:24:42.0276277+02:00" testType="13cdc9d9-ddb5-4fa4-a97d-d965ccfc6d4b" outcome="Passed" testListId="8c84fa94-04c1-424b-9868-57a2d4851a1d" relativeResultsDirectory="c8e1e82c-1880-4a9d-b20f-f2eaa918d7cf" />
    <UnitTestResult executionId="e2efae5b-8808-4cd2-a22b-c59e39817157" testId="ef9eb5e6-6082-e72a-83ec-bda63faf537c" testName="RestAll.Desktop.Tests.Infrastructure.Menu.HttpMenuGatewayTests.GetCategoriesAsync_WithNetworkError_ShouldReturnEmptyList" computerName="DESKTOP-OH9J6T6" duration="00:00:00.0029037" startTime="2026-05-14T19:24:41.9937539+02:00" endTime="2026-05-14T19:24:41.9937540+02:00" testType="13cdc9d9-ddb5-4fa4-a97d-d965ccfc6d4b" outcome="Passed" testListId="8c84fa94-04c1-424b-9868-57a2d4851a1d" relativeResultsDirectory="e2efae5b-8808-4cd2-a22b-c59e39817157" />
    <UnitTestResult executionId="a3255fc4-0adc-490b-a426-dd5dbc52a483" testId="06d9e881-e014-6c2c-f05f-3314528c3518" testName="RestAll.Desktop.Tests.ViewModels.MenuViewModelTests.Cancel_ShouldCancelCancellationToken" computerName="DESKTOP-OH9J6T6" duration="00:00:00.0001606" startTime="2026-05-14T19:24:42.3443371+02:00" endTime="2026-05-14T19:24:42.3443372+02:00" testType="13cdc9d9-ddb5-4fa4-a97d-d965ccfc6d4b" outcome="Passed" testListId="8c84fa94-04c1-424b-9868-57a2d4851a1d" relativeResultsDirectory="a3255fc4-0adc-490b-a426-dd5dbc52a483" />
    <UnitTestResult executionId="1502cb00-029e-4b8d-b2ad-f89f76eec0e6" testId="e216c37e-f9d3-53f5-4021-ae4d1f426d48" testName="RestAll.Desktop.Tests.Integration.ErrorHandlingIntegrationTests.AuthGateway_WhenUnauthorized_ShouldReturnAnonymous" computerName="DESKTOP-OH9J6T6" duration="00:00:00.0032002" startTime="2026-05-14T19:24:42.0447255+02:00" endTime="2026-05-14T19:24:42.0447256+02:00" testType="13cdc9d9-ddb5-4fa4-a97d-d965ccfc6d4b" outcome="Passed" testListId="8c84fa94-04c1-424b-9868-57a2d4851a1d" relativeResultsDirectory="1502cb00-029e-4b8d-b2ad-f89f76eec0e6" />
    <UnitTestResult executionId="f29b058f-87fb-411b-bbe7-6488096f3e40" testId="e7a1457e-191f-f42f-88ff-9ac323498a37" testName="RestAll.Desktop.Tests.ViewModels.CancelableViewModelBaseTests.IsLoading_WhenSetToTrue_ShouldRaisePropertyChanged" computerName="DESKTOP-OH9J6T6" duration="00:00:00.0008168" startTime="2026-05-14T19:24:42.0205407+02:00" endTime="2026-05-14T19:24:42.0205409+02:00" testType="13cdc9d9-ddb5-4fa4-a97d-d965ccfc6d4b" outcome="Passed" testListId="8c84fa94-04c1-424b-9868-57a2d4851a1d" relativeResultsDirectory="f29b058f-87fb-411b-bbe7-6488096f3e40" />
    <UnitTestResult executionId="86eec9e2-19d1-42b3-950c-f6c3d858f542" testId="10cd180b-23cd-305f-ab98-29626d4cbff6" testName="RestAll.Desktop.Tests.ViewModels.KitchenViewModelTests.Constructor_ShouldInitializeProperties" computerName="DESKTOP-OH9J6T6" duration="00:00:00.0003377" startTime="2026-05-14T19:24:43.0627351+02:00" endTime="2026-05-14T19:24:43.0627353+02:00" testType="13cdc9d9-ddb5-4fa4-a97d-d965ccfc6d4b" outcome="Passed" testListId="8c84fa94-04c1-424b-9868-57a2d4851a1d" relativeResultsDirectory="86eec9e2-19d1-42b3-950c-f6c3d858f542" />
    <UnitTestResult executionId="028599e9-f772-4061-a9dd-7136134219a3" testId="a65a3a15-46d3-df5f-3811-18740f7a06b1" testName="RestAll.Desktop.Tests.Integration.ReservationsIntegrationTests.FullReservationFlow_ShouldWork" computerName="DESKTOP-OH9J6T6" duration="00:00:00.0170061" startTime="2026-05-14T19:24:41.9539234+02:00" endTime="2026-05-14T19:24:41.9539235+02:00" testType="13cdc9d9-ddb5-4fa4-a97d-d965ccfc6d4b" outcome="Passed" testListId="8c84fa94-04c1-424b-9868-57a2d4851a1d" relativeResultsDirectory="028599e9-f772-4061-a9dd-7136134219a3" />
    <UnitTestResult executionId="7805443b-2b55-4e3d-8b9f-9a0ef6fe624f" testId="32157692-2ad3-3fd7-aaaf-56bdefd1a16b" testName="RestAll.Desktop.Tests.Infrastructure.Auth.HttpAuthGatewayTests.LoginAsync_WithSuccessResponse_ShouldReturnAuthenticated" computerName="DESKTOP-OH9J6T6" duration="00:00:00.0016482" startTime="2026-05-14T19:24:42.0818809+02:00" endTime="2026-05-14T19:24:42.0818810+02:00" testType="13cdc9d9-ddb5-4fa4-a97d-d965ccfc6d4b" outcome="Passed" testListId="8c84fa94-04c1-424b-9868-57a2d4851a1d" relativeResultsDirectory="7805443b-2b55-4e3d-8b9f-9a0ef6fe624f" />
    <UnitTestResult executionId="54898b54-46f7-433f-bc64-57bc8b84b0b2" testId="31f713ad-c990-cba7-c076-efd14305ff4e" testName="RestAll.Desktop.Tests.ViewModels.ViewModelBaseTests.SetProperty_WithSameValue_ShouldNotRaisePropertyChanged" computerName="DESKTOP-OH9J6T6" duration="00:00:00.0006990" startTime="2026-05-14T19:24:41.8661461+02:00" endTime="2026-05-14T19:24:41.8661461+02:00" testType="13cdc9d9-ddb5-4fa4-a97d-d965ccfc6d4b" outcome="Passed" testListId="8c84fa94-04c1-424b-9868-57a2d4851a1d" relativeResultsDirectory="54898b54-46f7-433f-bc64-57bc8b84b0b2" />
    <UnitTestResult executionId="d10cd339-60c7-44a4-848c-3e85bd912e0c" testId="c0b804a2-a758-8926-40e2-c1d1bdd7c36d" testName="RestAll.Desktop.Tests.Infrastructure.Orders.HttpOrderGatewayTests.GetOrdersAsync_WithSuccessResponse_ShouldReturnOrders" computerName="DESKTOP-OH9J6T6" duration="00:00:00.2139267" startTime="2026-05-14T19:24:41.9699609+02:00" endTime="2026-05-14T19:24:41.9699609+02:00" testType="13cdc9d9-ddb5-4fa4-a97d-d965ccfc6d4b" outcome="Passed" testListId="8c84fa94-04c1-424b-9868-57a2d4851a1d" relativeResultsDirectory="d10cd339-60c7-44a4-848c-3e85bd912e0c" />
    <UnitTestResult executionId="1175ad1b-fb1b-49c8-ba61-75ff73da4b05" testId="20ac5098-a18e-a837-4d43-0d3ed2723564" testName="RestAll.Desktop.Tests.Infrastructure.Tables.HttpTableGatewayTests.GetTablesAsync_WithSuccessResponse_ShouldReturnTables" computerName="DESKTOP-OH9J6T6" duration="00:00:00.0451678" startTime="2026-05-14T19:24:41.9692062+02:00" endTime="2026-05-14T19:24:41.9692064+02:00" testType="13cdc9d9-ddb5-4fa4-a97d-d965ccfc6d4b" outcome="Passed" testListId="8c84fa94-04c1-424b-9868-57a2d4851a1d" relativeResultsDirectory="1175ad1b-fb1b-49c8-ba61-75ff73da4b05" />
    <UnitTestResult executionId="392cf74a-ee85-4f68-9e08-e29b707e7ecc" testId="dcfdddc3-6b1d-27df-b85b-d04a167cc499" testName="RestAll.Desktop.Tests.ViewModels.OrdersViewModelTests.LoadOrdersCommand_ShouldLoadOrders" computerName="DESKTOP-OH9J6T6" duration="00:00:00.2122616" startTime="2026-05-14T19:24:42.8763887+02:00" endTime="2026-05-14T19:24:42.8763891+02:00" testType="13cdc9d9-ddb5-4fa4-a97d-d965ccfc6d4b" outcome="Passed" testListId="8c84fa94-04c1-424b-9868-57a2d4851a1d" relativeResultsDirectory="392cf74a-ee85-4f68-9e08-e29b707e7ecc" />
    <UnitTestResult executionId="ee1088cd-f5a0-4f90-8c9d-db56638cc165" testId="f1a94246-3816-9370-fe80-3e3e37a0f53e" testName="RestAll.Desktop.Tests.ViewModels.TablesViewModelTests.UpdateTableStatusCommand_WhenSuccess_ShouldCallUseCase" computerName="DESKTOP-OH9J6T6" duration="00:00:00.2132908" startTime="2026-05-14T19:24:42.9229191+02:00" endTime="2026-05-14T19:24:42.9229194+02:00" testType="13cdc9d9-ddb5-4fa4-a97d-d965ccfc6d4b" outcome="Passed" testListId="8c84fa94-04c1-424b-9868-57a2d4851a1d" relativeResultsDirectory="ee1088cd-f5a0-4f90-8c9d-db56638cc165" />
    <UnitTestResult executionId="52e547ab-d344-4ea0-8624-7ac0da823a70" testId="e8e33c22-e4e8-3fe7-9d46-cae1c7e98a60" testName="RestAll.Desktop.Tests.Integration.AuthenticationIntegrationTests.TokenRefreshFlow_AfterExpiredToken_ShouldHandleGracefully" computerName="DESKTOP-OH9J6T6" duration="00:00:00.0049802" startTime="2026-05-14T19:24:41.9874863+02:00" endTime="2026-05-14T19:24:41.9874864+02:00" testType="13cdc9d9-ddb5-4fa4-a97d-d965ccfc6d4b" outcome="Passed" testListId="8c84fa94-04c1-424b-9868-57a2d4851a1d" relativeResultsDirectory="52e547ab-d344-4ea0-8624-7ac0da823a70" />
    <UnitTestResult executionId="2e19cd64-3628-4a3c-a7d7-39f8f74c4bcd" testId="cda4e485-4a18-743a-abf4-186c6c936639" testName="RestAll.Desktop.Tests.ViewModels.LoginViewModelTests.LoginCommand_WithTwoFactorRequired_ShouldSwitchToTwoFactorMode" computerName="DESKTOP-OH9J6T6" duration="00:00:00.0044193" startTime="2026-05-14T19:24:41.9752067+02:00" endTime="2026-05-14T19:24:41.9752069+02:00" testType="13cdc9d9-ddb5-4fa4-a97d-d965ccfc6d4b" outcome="Passed" testListId="8c84fa94-04c1-424b-9868-57a2d4851a1d" relativeResultsDirectory="2e19cd64-3628-4a3c-a7d7-39f8f74c4bcd" />
    <UnitTestResult executionId="1003bad8-370d-45bb-b6d0-6e3ee20fa8ce" testId="8ba2c262-ef18-583c-63d7-23cfca3106a3" testName="RestAll.Desktop.Tests.Integration.AuthenticationIntegrationTests.MultipleRefreshes_ShouldUpdateSessionCorrectly" computerName="DESKTOP-OH9J6T6" duration="00:00:00.0092753" startTime="2026-05-14T19:24:42.0119673+02:00" endTime="2026-05-14T19:24:42.0119673+02:00" testType="13cdc9d9-ddb5-4fa4-a97d-d965ccfc6d4b" outcome="Passed" testListId="8c84fa94-04c1-424b-9868-57a2d4851a1d" relativeResultsDirectory="1003bad8-370d-45bb-b6d0-6e3ee20fa8ce" />
    <UnitTestResult executionId="fedc25df-2eb0-4eab-8be3-cc52504aa243" testId="ed2fc43c-f183-0d84-b555-65898f6dbe66" testName="RestAll.Desktop.Tests.ViewModels.RelayCommandTests.CanExecute_WithoutPredicate_ShouldReturnTrue" computerName="DESKTOP-OH9J6T6" duration="00:00:00.0005362" startTime="2026-05-14T19:24:42.0214450+02:00" endTime="2026-05-14T19:24:42.0214451+02:00" testType="13cdc9d9-ddb5-4fa4-a97d-d965ccfc6d4b" outcome="Passed" testListId="8c84fa94-04c1-424b-9868-57a2d4851a1d" relativeResultsDirectory="fedc25df-2eb0-4eab-8be3-cc52504aa243" />
    <UnitTestResult executionId="f08489d0-ba50-401a-9193-3ab1f5204e8a" testId="87a3d86e-23a1-073f-5b29-436f7987245e" testName="RestAll.Desktop.Tests.ViewModels.RelayCommandTests.Execute_ShouldCallAction" computerName="DESKTOP-OH9J6T6" duration="00:00:00.0016128" startTime="2026-05-14T19:24:42.0208542+02:00" endTime="2026-05-14T19:24:42.0208544+02:00" testType="13cdc9d9-ddb5-4fa4-a97d-d965ccfc6d4b" outcome="Passed" testListId="8c84fa94-04c1-424b-9868-57a2d4851a1d" relativeResultsDirectory="f08489d0-ba50-401a-9193-3ab1f5204e8a" />
    <UnitTestResult executionId="ed42d9d9-2da1-4a54-ada4-d8aa3f39ebe1" testId="2bcdd9b8-3f08-e020-56fc-7c01d69d5c8f" testName="RestAll.Desktop.Tests.ViewModels.LoginViewModelTests.LoginCommand_WithValidCredentials_ShouldRespectIsLoadingState" computerName="DESKTOP-OH9J6T6" duration="00:00:00.0005030" startTime="2026-05-14T19:24:41.9707125+02:00" endTime="2026-05-14T19:24:41.9707126+02:00" testType="13cdc9d9-ddb5-4fa4-a97d-d965ccfc6d4b" outcome="Passed" testListId="8c84fa94-04c1-424b-9868-57a2d4851a1d" relativeResultsDirectory="ed42d9d9-2da1-4a54-ada4-d8aa3f39ebe1" />
    <UnitTestResult executionId="d10f1e81-db56-490e-a09b-2bc713e0a26a" testId="96d0fc30-1187-2825-d331-305e7c22e6f7" testName="RestAll.Desktop.Tests.Kitchen.ManageKitchenUseCaseTests.UpdateTicketStatusAsync_ShouldReturnTrue" computerName="DESKTOP-OH9J6T6" duration="00:00:00.1641934" startTime="2026-05-14T19:24:41.9213154+02:00" endTime="2026-05-14T19:24:41.9213155+02:00" testType="13cdc9d9-ddb5-4fa4-a97d-d965ccfc6d4b" outcome="Passed" testListId="8c84fa94-04c1-424b-9868-57a2d4851a1d" relativeResultsDirectory="d10f1e81-db56-490e-a09b-2bc713e0a26a" />
    <UnitTestResult executionId="13b31541-968b-4353-b8da-152ab2e8f029" testId="d93960ac-1702-bf7b-e74f-4b984d158b5d" testName="RestAll.Desktop.Tests.ViewModels.MainWindowViewModelTests.Constructor_ShouldInitializeProperties" computerName="DESKTOP-OH9J6T6" duration="00:00:00.0065199" startTime="2026-05-14T19:24:42.0257203+02:00" endTime="2026-05-14T19:24:42.0257204+02:00" testType="13cdc9d9-ddb5-4fa4-a97d-d965ccfc6d4b" outcome="Passed" testListId="8c84fa94-04c1-424b-9868-57a2d4851a1d" relativeResultsDirectory="13b31541-968b-4353-b8da-152ab2e8f029" />
    <UnitTestResult executionId="f7a51d3d-2b26-417c-ade7-22f4cfa5d272" testId="adf60936-2b21-8340-4097-4a4f33e52b06" testName="RestAll.Desktop.Tests.ViewModels.RelayCommandTests.CanExecute_WithPredicateReturningFalse_ShouldReturnFalse" computerName="DESKTOP-OH9J6T6" duration="00:00:00.0005745" startTime="2026-05-14T19:24:42.0197974+02:00" endTime="2026-05-14T19:24:42.0197974+02:00" testType="13cdc9d9-ddb5-4fa4-a97d-d965ccfc6d4b" outcome="Passed" testListId="8c84fa94-04c1-424b-9868-57a2d4851a1d" relativeResultsDirectory="f7a51d3d-2b26-417c-ade7-22f4cfa5d272" />
    <UnitTestResult executionId="38716f2f-6592-43a3-adb8-a81f3b9e4d45" testId="360d1870-076f-2ec1-c540-e16aa4f657ca" testName="RestAll.Desktop.Tests.Auth.AuthenticateUserUseCaseTests.VerifyTwoFactorAsync_WithoutActiveTwoFactor_ShouldReturnError" computerName="DESKTOP-OH9J6T6" duration="00:00:00.0012771" startTime="2026-05-14T19:24:41.9915888+02:00" endTime="2026-05-14T19:24:41.9915889+02:00" testType="13cdc9d9-ddb5-4fa4-a97d-d965ccfc6d4b" outcome="Passed" testListId="8c84fa94-04c1-424b-9868-57a2d4851a1d" relativeResultsDirectory="38716f2f-6592-43a3-adb8-a81f3b9e4d45" />
    <UnitTestResult executionId="2a0b53ee-4494-463d-8e12-5dcf0891e58b" testId="ec54a5ea-f949-92ad-53c3-e167bc04be63" testName="RestAll.Desktop.Tests.ViewModels.CancelableViewModelBaseTests.GetCancellationToken_ShouldReturnNewCancellationToken" computerName="DESKTOP-OH9J6T6" duration="00:00:00.0008830" startTime="2026-05-14T19:24:42.0261560+02:00" endTime="2026-05-14T19:24:42.0261562+02:00" testType="13cdc9d9-ddb5-4fa4-a97d-d965ccfc6d4b" outcome="Passed" testListId="8c84fa94-04c1-424b-9868-57a2d4851a1d" relativeResultsDirectory="2a0b53ee-4494-463d-8e12-5dcf0891e58b" />
    <UnitTestResult executionId="393351cb-ceb3-4ce0-9703-e16127edfb19" testId="079c9f71-7ba4-e7c7-761a-3cff2c6f4a97" testName="RestAll.Desktop.Tests.Realtime.RealtimeFunctionalTests.WebSocketRealtimeService_Receives_ItemReady_Event_From_Server" computerName="DESKTOP-OH9J6T6" duration="00:00:00.1595813" startTime="2026-05-14T19:24:42.1584393+02:00" endTime="2026-05-14T19:24:42.1584397+02:00" testType="13cdc9d9-ddb5-4fa4-a97d-d965ccfc6d4b" outcome="Passed" testListId="8c84fa94-04c1-424b-9868-57a2d4851a1d" relativeResultsDirectory="393351cb-ceb3-4ce0-9703-e16127edfb19" />
    <UnitTestResult executionId="7355353f-5eec-4460-b61d-ca95099d8301" testId="4519d39c-c927-ebbe-8387-7a48c0939473" testName="RestAll.Desktop.Tests.Infrastructure.Tables.HttpTableGatewayTests.UpdateTableStatusAsync_WithErrorResponse_ShouldReturnFalse" computerName="DESKTOP-OH9J6T6" duration="00:00:00.0026545" startTime="2026-05-14T19:24:41.9914531+02:00" endTime="2026-05-14T19:24:41.9914532+02:00" testType="13cdc9d9-ddb5-4fa4-a97d-d965ccfc6d4b" outcome="Passed" testListId="8c84fa94-04c1-424b-9868-57a2d4851a1d" relativeResultsDirectory="7355353f-5eec-4460-b61d-ca95099d8301" />
    <UnitTestResult executionId="4ecd2faf-61a0-40bc-a77d-5e66d60bda47" testId="4841c4bf-1bfa-1cd9-4395-ed7fd0ae13b3" testName="RestAll.Desktop.Tests.Auth.HttpProfileGatewayTests.GetProfileAsync_ShouldReturnNull_WhenRequestFails" computerName="DESKTOP-OH9J6T6" duration="00:00:00.0023896" startTime="2026-05-14T19:24:42.0714590+02:00" endTime="2026-05-14T19:24:42.0714593+02:00" testType="13cdc9d9-ddb5-4fa4-a97d-d965ccfc6d4b" outcome="Passed" testListId="8c84fa94-04c1-424b-9868-57a2d4851a1d" relativeResultsDirectory="4ecd2faf-61a0-40bc-a77d-5e66d60bda47" />
    <UnitTestResult executionId="8eed5a30-0743-4fa5-b852-7abe7309b0d9" testId="a69446e2-4ee4-5ec2-c827-f8539bbb6752" testName="RestAll.Desktop.Tests.ViewModels.CancelableViewModelBaseTests.Cancel_ShouldCancelCancellationToken" computerName="DESKTOP-OH9J6T6" duration="00:00:00.0013067" startTime="2026-05-14T19:24:42.0252242+02:00" endTime="2026-05-14T19:24:42.0252243+02:00" testType="13cdc9d9-ddb5-4fa4-a97d-d965ccfc6d4b" outcome="Passed" testListId="8c84fa94-04c1-424b-9868-57a2d4851a1d" relativeResultsDirectory="8eed5a30-0743-4fa5-b852-7abe7309b0d9" />
    <UnitTestResult executionId="1fb47d17-dc10-4c9c-84d7-638037f9c0ac" testId="f40a06fe-6d9e-48a5-2b6d-160a02f8dfe0" testName="RestAll.Desktop.Tests.ViewModels.CancelableViewModelBaseTests.ExecuteWithCancellationAsync_ShouldSetIsLoadingFalseInFinally" computerName="DESKTOP-OH9J6T6" duration="00:00:00.0233973" startTime="2026-05-14T19:24:42.0599486+02:00" endTime="2026-05-14T19:24:42.0599489+02:00" testType="13cdc9d9-ddb5-4fa4-a97d-d965ccfc6d4b" outcome="Passed" testListId="8c84fa94-04c1-424b-9868-57a2d4851a1d" relativeResultsDirectory="1fb47d17-dc10-4c9c-84d7-638037f9c0ac" />
    <UnitTestResult executionId="b289289d-6a90-4248-be44-67009e29e040" testId="c262dabc-b6ae-8c1c-bcba-136dc60cb859" testName="RestAll.Desktop.Tests.Reservations.HttpReservationGatewayTests.GetReservationsAsync_ShouldReturnReservations" computerName="DESKTOP-OH9J6T6" duration="00:00:00.0501673" startTime="2026-05-14T19:24:42.0732416+02:00" endTime="2026-05-14T19:24:42.0732419+02:00" testType="13cdc9d9-ddb5-4fa4-a97d-d965ccfc6d4b" outcome="Passed" testListId="8c84fa94-04c1-424b-9868-57a2d4851a1d" relativeResultsDirectory="b289289d-6a90-4248-be44-67009e29e040" />
    <UnitTestResult executionId="96de807a-13ed-4b1b-8894-20ea42fcb51d" testId="116811c5-be28-0de0-e11b-98036d9316fe" testName="RestAll.Desktop.Tests.ViewModels.RelayCommandTests.Execute_WithParameterAndNull_ShouldNotCallAction" computerName="DESKTOP-OH9J6T6" duration="00:00:00.0029991" startTime="2026-05-14T19:24:42.0075277+02:00" endTime="2026-05-14T19:24:42.0075278+02:00" testType="13cdc9d9-ddb5-4fa4-a97d-d965ccfc6d4b" outcome="Passed" testListId="8c84fa94-04c1-424b-9868-57a2d4851a1d" relativeResultsDirectory="96de807a-13ed-4b1b-8894-20ea42fcb51d" />
    <UnitTestResult executionId="ed4cbc38-c496-49dc-9438-e82726e876d7" testId="cece90b1-1eea-286f-e8b2-57b2d7ac0277" testName="RestAll.Desktop.Tests.ViewModels.ViewModelBaseTests.SetProperty_WithIntValue_ShouldRaisePropertyChanged" computerName="DESKTOP-OH9J6T6" duration="00:00:00.0082307" startTime="2026-05-14T19:24:41.8656745+02:00" endTime="2026-05-14T19:24:41.8656745+02:00" testType="13cdc9d9-ddb5-4fa4-a97d-d965ccfc6d4b" outcome="Passed" testListId="8c84fa94-04c1-424b-9868-57a2d4851a1d" relativeResultsDirectory="ed4cbc38-c496-49dc-9438-e82726e876d7" />
    <UnitTestResult executionId="0c985fb0-b457-4041-bc18-acf9cbb4b32d" testId="146d3766-a247-380a-3299-128828ad047a" testName="RestAll.Desktop.Tests.Infrastructure.Orders.HttpOrderGatewayTests.CreateOrderAsync_WithErrorResponse_ShouldReturnNull" computerName="DESKTOP-OH9J6T6" duration="00:00:00.0114105" startTime="2026-05-14T19:24:41.9888783+02:00" endTime="2026-05-14T19:24:41.9888783+02:00" testType="13cdc9d9-ddb5-4fa4-a97d-d965ccfc6d4b" outcome="Passed" testListId="8c84fa94-04c1-424b-9868-57a2d4851a1d" relativeResultsDirectory="0c985fb0-b457-4041-bc18-acf9cbb4b32d" />
    <UnitTestResult executionId="4565590a-0b01-4c15-9650-cd75227cc7ed" testId="0e7ddcf4-f461-b73d-aa07-0b1d9ad3cd59" testName="RestAll.Desktop.Tests.Infrastructure.Orders.HttpOrderGatewayTests.PayOrderAsync_WithSuccessResponse_ShouldReturnTrue" computerName="DESKTOP-OH9J6T6" duration="00:00:00.0023341" startTime="2026-05-14T19:24:41.9760393+02:00" endTime="2026-05-14T19:24:41.9760394+02:00" testType="13cdc9d9-ddb5-4fa4-a97d-d965ccfc6d4b" outcome="Passed" testListId="8c84fa94-04c1-424b-9868-57a2d4851a1d" relativeResultsDirectory="4565590a-0b01-4c15-9650-cd75227cc7ed" />
    <UnitTestResult executionId="970e219e-cbe3-42fe-b7aa-b9d353c957d6" testId="a5e0f1d1-0e10-2a2d-e2b2-2a8caa1b4f3d" testName="RestAll.Desktop.Tests.ViewModels.LoginViewModelTests.Cancel_ShouldCancelCancellationToken" computerName="DESKTOP-OH9J6T6" duration="00:00:00.0007718" startTime="2026-05-14T19:24:41.9701767+02:00" endTime="2026-05-14T19:24:41.9701768+02:00" testType="13cdc9d9-ddb5-4fa4-a97d-d965ccfc6d4b" outcome="Passed" testListId="8c84fa94-04c1-424b-9868-57a2d4851a1d" relativeResultsDirectory="970e219e-cbe3-42fe-b7aa-b9d353c957d6" />
[...]
    <TestEntry testId="b1b4b46d-8cce-9051-dd48-1e173ac4de69" executionId="862f226b-7cc0-43b6-abe9-727bde656d0e" testListId="8c84fa94-04c1-424b-9868-57a2d4851a1d" />
    <TestEntry testId="851fc33b-e0ab-9236-0962-26c7be04d60b" executionId="0e18fb4d-bb0a-4a34-a309-0d1e9552a34a" testListId="8c84fa94-04c1-424b-9868-57a2d4851a1d" />
    <TestEntry testId="72ecdd0a-4cbc-841f-1b7f-22bd51d80f0e" executionId="1a7866f7-5b00-4b6b-b078-ef386791a90d" testListId="8c84fa94-04c1-424b-9868-57a2d4851a1d" />
    <TestEntry testId="b709e49e-f3ca-7f99-b687-7c6aa84a4ee5" executionId="fb922112-af8d-45b9-ab11-b4a27279b213" testListId="8c84fa94-04c1-424b-9868-57a2d4851a1d" />
    <TestEntry testId="54311d25-5a07-8c00-6902-b1dc60a9de5a" executionId="9ee0a80c-7882-49bb-8eac-9ccb55af2b0a" testListId="8c84fa94-04c1-424b-9868-57a2d4851a1d" />
    <TestEntry testId="5035986a-30f9-b125-6d60-ea8bfc589830" executionId="7bb8db0a-b02d-4037-8d02-71bdcbe027b4" testListId="8c84fa94-04c1-424b-9868-57a2d4851a1d" />
    <TestEntry testId="8336a10d-5280-03e3-52e3-beaa571111c9" executionId="9e9b46a0-268c-420a-b9b5-5678ab7c9fb3" testListId="8c84fa94-04c1-424b-9868-57a2d4851a1d" />
    <TestEntry testId="8d66b843-85be-c249-17bd-8bc375dbe9cf" executionId="3d89411c-bcfd-4a1e-b8f7-94720ae85c57" testListId="8c84fa94-04c1-424b-9868-57a2d4851a1d" />
    <TestEntry testId="091a6460-671a-f495-eb0e-99f6794ce70d" executionId="60d0ea28-5408-459b-9c6c-f051ecac5f06" testListId="8c84fa94-04c1-424b-9868-57a2d4851a1d" />
    <TestEntry testId="286ca48c-634b-f262-ba32-8ef1b30d6a4b" executionId="274caaf7-c25f-42c9-902b-7d646564cfe1" testListId="8c84fa94-04c1-424b-9868-57a2d4851a1d" />
    <TestEntry testId="b73fb1f9-3fc9-22a9-f430-11c8f0cb809b" executionId="1de53cde-88fa-444f-aabe-4187eded5fa9" testListId="8c84fa94-04c1-424b-9868-57a2d4851a1d" />
    <TestEntry testId="8fd16770-e1d6-cafc-cd6e-d8d18891decc" executionId="6bcd9af0-b64a-49f8-9bdd-9ddb51e6e4a5" testListId="8c84fa94-04c1-424b-9868-57a2d4851a1d" />
    <TestEntry testId="a3fed184-d03f-22b2-c831-be3375a75d6d" executionId="9e9490b7-ab5f-4a67-b7f3-096cba048182" testListId="8c84fa94-04c1-424b-9868-57a2d4851a1d" />
    <TestEntry testId="409f92f5-4585-e3ec-39d5-028716654140" executionId="3619e40a-83c7-4649-ae22-e39affa0f091" testListId="8c84fa94-04c1-424b-9868-57a2d4851a1d" />
    <TestEntry testId="5c422f5d-ddef-2454-ce6c-a0255df606f7" executionId="f7120e21-6fca-40db-aa2e-eb401fa784e2" testListId="8c84fa94-04c1-424b-9868-57a2d4851a1d" />
    <TestEntry testId="7e6cbd39-7897-de75-8edd-03d36062dab6" executionId="e7f55107-265a-4f9f-8f8a-d8078bdcbc6c" testListId="8c84fa94-04c1-424b-9868-57a2d4851a1d" />
    <TestEntry testId="b9b34c0b-72ae-01d3-f4b7-3afa8d76cd9d" executionId="6fcf0809-2949-4d1a-8646-4c083400c1cf" testListId="8c84fa94-04c1-424b-9868-57a2d4851a1d" />
    <TestEntry testId="ce055ccd-f62c-54d5-c4a0-e93edd64ef45" executionId="1b8820aa-7ce0-4a91-990a-887f50ed44c5" testListId="8c84fa94-04c1-424b-9868-57a2d4851a1d" />
    <TestEntry testId="c0ae26bb-4aa6-2576-7297-cec0f3a612a4" executionId="008b88c7-b163-454c-8dcd-0200072ec2aa" testListId="8c84fa94-04c1-424b-9868-57a2d4851a1d" />
    <TestEntry testId="2b89cc76-aeb2-cae0-013e-7a623f2cbcb9" executionId="56a4d317-376d-425c-9618-7d08f9e10fd1" testListId="8c84fa94-04c1-424b-9868-57a2d4851a1d" />
    <TestEntry testId="9851dc4c-6259-0fb1-cb27-db7f7c6129e8" executionId="f234e9e3-1bf5-4cb6-aed9-2cda99f5aa68" testListId="8c84fa94-04c1-424b-9868-57a2d4851a1d" />
    <TestEntry testId="7bd0a64c-ddc7-a53e-e4c9-24916296ef4a" executionId="a9701f4b-ab6c-4a82-b0c9-63a18ca88b7b" testListId="8c84fa94-04c1-424b-9868-57a2d4851a1d" />
    <TestEntry testId="6a7bd55e-c69c-04fd-7efb-8143a5278520" executionId="bb9f328b-2c21-4178-a262-261f5a6d5bfe" testListId="8c84fa94-04c1-424b-9868-57a2d4851a1d" />
    <TestEntry testId="3a285676-07d1-21f7-4eb9-e6ffa04647c4" executionId="9b5162ec-4ef2-440a-83ab-322f93b48e80" testListId="8c84fa94-04c1-424b-9868-57a2d4851a1d" />
    <TestEntry testId="b0ace656-1703-3f5c-96b6-0bc4cc499e70" executionId="aeba2a15-88a1-4885-829a-3107c1b40745" testListId="8c84fa94-04c1-424b-9868-57a2d4851a1d" />
    <TestEntry testId="47caf22d-bce2-1134-740f-52de42a68944" executionId="0450708a-0094-4899-97dd-98984fa2ef29" testListId="8c84fa94-04c1-424b-9868-57a2d4851a1d" />
    <TestEntry testId="95cedbcb-e347-bfc2-5902-21c1c4c37e82" executionId="a8ae11fe-556e-4af5-bb23-1b3b9f2846e8" testListId="8c84fa94-04c1-424b-9868-57a2d4851a1d" />
    <TestEntry testId="8acbdce3-88f8-9bf7-8fdd-4bf95a203a32" executionId="58ff6531-2286-4f37-aefb-94f4af54f873" testListId="8c84fa94-04c1-424b-9868-57a2d4851a1d" />
    <TestEntry testId="223b41c5-dd1a-58a9-73e4-47e3fa220999" executionId="83529f14-bc5b-41bc-96ba-7610e7a22f10" testListId="8c84fa94-04c1-424b-9868-57a2d4851a1d" />
    <TestEntry testId="d3b6c82d-6b9b-ca4a-d8d3-5f62bb9536f1" executionId="0ba6a700-4cee-4f28-9420-70d810bb22ca" testListId="8c84fa94-04c1-424b-9868-57a2d4851a1d" />
    <TestEntry testId="1e8ca8e3-982d-76af-bb44-3b4d059356e9" executionId="190958ae-dc81-452e-b40c-a203aa1d3302" testListId="8c84fa94-04c1-424b-9868-57a2d4851a1d" />
    <TestEntry testId="873f97c5-fc9f-5925-8de7-ddc38bf6fa6c" executionId="3005d486-0275-453f-85fe-c74a32bc9a74" testListId="8c84fa94-04c1-424b-9868-57a2d4851a1d" />
    <TestEntry testId="84a276f5-7eb5-2152-b59b-d278b0750b0a" executionId="119fb323-204a-45b6-a227-8183de4299fb" testListId="8c84fa94-04c1-424b-9868-57a2d4851a1d" />
    <TestEntry testId="7c0cdb0c-a25b-9dc8-9e17-82afe0871238" executionId="d49321aa-d886-4517-9bc8-3e005dc63cd1" testListId="8c84fa94-04c1-424b-9868-57a2d4851a1d" />
    <TestEntry testId="83f1db31-0e35-fe90-9001-58da94794981" executionId="01488c7c-485a-437d-b8d0-d28a096893cf" testListId="8c84fa94-04c1-424b-9868-57a2d4851a1d" />
    <TestEntry testId="a3156326-7054-e864-481e-836ce372d591" executionId="3fd64cc1-b396-4859-bc71-685e1f18b60b" testListId="8c84fa94-04c1-424b-9868-57a2d4851a1d" />
    <TestEntry testId="a48c9109-3d4c-d77f-17a9-50e808eda3ab" executionId="2fab2d80-7158-40f3-ad86-c0d717a93a44" testListId="8c84fa94-04c1-424b-9868-57a2d4851a1d" />
    <TestEntry testId="ffdf3821-3a06-7a4b-2b60-4b1c4c1313d5" executionId="f3a72e44-5279-41f6-a147-2e03dc480cf3" testListId="8c84fa94-04c1-424b-9868-57a2d4851a1d" />
    <TestEntry testId="c7dad7ba-9c5e-e640-dcaa-e34513661485" executionId="c7d7c12b-c865-46af-b1fe-6489343bc1d4" testListId="8c84fa94-04c1-424b-9868-57a2d4851a1d" />
    <TestEntry testId="17773f08-82b1-3d95-32f4-e659583e19c7" executionId="06a88041-286d-4753-90fa-dc19157ea748" testListId="8c84fa94-04c1-424b-9868-57a2d4851a1d" />
    <TestEntry testId="1a8a97ba-70d8-5ba8-d1ef-0c54ed069748" executionId="c6ef7e48-b0e6-4ac1-a4f4-921b854b360b" testListId="8c84fa94-04c1-424b-9868-57a2d4851a1d" />
    <TestEntry testId="add7a457-4267-e39f-ec4c-a9b7911b9f35" executionId="9306bbb9-18e5-4d8e-82ea-c70f7796817c" testListId="8c84fa94-04c1-424b-9868-57a2d4851a1d" />
    <TestEntry testId="131ebe02-8176-d6bc-dbcc-fe0c14216354" executionId="ec2e02f2-1b59-4898-9dd6-da33c67744b9" testListId="8c84fa94-04c1-424b-9868-57a2d4851a1d" />
    <TestEntry testId="0daede12-2352-8e90-5f26-da6e6ff844b7" executionId="520adad6-e726-4ba3-b222-5a369ac653b5" testListId="8c84fa94-04c1-424b-9868-57a2d4851a1d" />
    <TestEntry testId="eb5f5590-933e-85bf-0c9a-c64d2bd1bf08" executionId="12258226-25b4-4de8-88e6-0553043b8088" testListId="8c84fa94-04c1-424b-9868-57a2d4851a1d" />
    <TestEntry testId="c0d29886-2993-9211-ece6-b2f6dce940de" executionId="c8e1e82c-1880-4a9d-b20f-f2eaa918d7cf" testListId="8c84fa94-04c1-424b-9868-57a2d4851a1d" />
    <TestEntry testId="ef9eb5e6-6082-e72a-83ec-bda63faf537c" executionId="e2efae5b-8808-4cd2-a22b-c59e39817157" testListId="8c84fa94-04c1-424b-9868-57a2d4851a1d" />
    <TestEntry testId="06d9e881-e014-6c2c-f05f-3314528c3518" executionId="a3255fc4-0adc-490b-a426-dd5dbc52a483" testListId="8c84fa94-04c1-424b-9868-57a2d4851a1d" />
    <TestEntry testId="e216c37e-f9d3-53f5-4021-ae4d1f426d48" executionId="1502cb00-029e-4b8d-b2ad-f89f76eec0e6" testListId="8c84fa94-04c1-424b-9868-57a2d4851a1d" />
    <TestEntry testId="e7a1457e-191f-f42f-88ff-9ac323498a37" executionId="f29b058f-87fb-411b-bbe7-6488096f3e40" testListId="8c84fa94-04c1-424b-9868-57a2d4851a1d" />
    <TestEntry testId="10cd180b-23cd-305f-ab98-29626d4cbff6" executionId="86eec9e2-19d1-42b3-950c-f6c3d858f542" testListId="8c84fa94-04c1-424b-9868-57a2d4851a1d" />
    <TestEntry testId="a65a3a15-46d3-df5f-3811-18740f7a06b1" executionId="028599e9-f772-4061-a9dd-7136134219a3" testListId="8c84fa94-04c1-424b-9868-57a2d4851a1d" />
    <TestEntry testId="32157692-2ad3-3fd7-aaaf-56bdefd1a16b" executionId="7805443b-2b55-4e3d-8b9f-9a0ef6fe624f" testListId="8c84fa94-04c1-424b-9868-57a2d4851a1d" />
    <TestEntry testId="31f713ad-c990-cba7-c076-efd14305ff4e" executionId="54898b54-46f7-433f-bc64-57bc8b84b0b2" testListId="8c84fa94-04c1-424b-9868-57a2d4851a1d" />
    <TestEntry testId="c0b804a2-a758-8926-40e2-c1d1bdd7c36d" executionId="d10cd339-60c7-44a4-848c-3e85bd912e0c" testListId="8c84fa94-04c1-424b-9868-57a2d4851a1d" />
    <TestEntry testId="20ac5098-a18e-a837-4d43-0d3ed2723564" executionId="1175ad1b-fb1b-49c8-ba61-75ff73da4b05" testListId="8c84fa94-04c1-424b-9868-57a2d4851a1d" />
    <TestEntry testId="dcfdddc3-6b1d-27df-b85b-d04a167cc499" executionId="392cf74a-ee85-4f68-9e08-e29b707e7ecc" testListId="8c84fa94-04c1-424b-9868-57a2d4851a1d" />
    <TestEntry testId="f1a94246-3816-9370-fe80-3e3e37a0f53e" executionId="ee1088cd-f5a0-4f90-8c9d-db56638cc165" testListId="8c84fa94-04c1-424b-9868-57a2d4851a1d" />
    <TestEntry testId="e8e33c22-e4e8-3fe7-9d46-cae1c7e98a60" executionId="52e547ab-d344-4ea0-8624-7ac0da823a70" testListId="8c84fa94-04c1-424b-9868-57a2d4851a1d" />
    <TestEntry testId="cda4e485-4a18-743a-abf4-186c6c936639" executionId="2e19cd64-3628-4a3c-a7d7-39f8f74c4bcd" testListId="8c84fa94-04c1-424b-9868-57a2d4851a1d" />
    <TestEntry testId="8ba2c262-ef18-583c-63d7-23cfca3106a3" executionId="1003bad8-370d-45bb-b6d0-6e3ee20fa8ce" testListId="8c84fa94-04c1-424b-9868-57a2d4851a1d" />
    <TestEntry testId="ed2fc43c-f183-0d84-b555-65898f6dbe66" executionId="fedc25df-2eb0-4eab-8be3-cc52504aa243" testListId="8c84fa94-04c1-424b-9868-57a2d4851a1d" />
    <TestEntry testId="87a3d86e-23a1-073f-5b29-436f7987245e" executionId="f08489d0-ba50-401a-9193-3ab1f5204e8a" testListId="8c84fa94-04c1-424b-9868-57a2d4851a1d" />
    <TestEntry testId="2bcdd9b8-3f08-e020-56fc-7c01d69d5c8f" executionId="ed42d9d9-2da1-4a54-ada4-d8aa3f39ebe1" testListId="8c84fa94-04c1-424b-9868-57a2d4851a1d" />
    <TestEntry testId="96d0fc30-1187-2825-d331-305e7c22e6f7" executionId="d10f1e81-db56-490e-a09b-2bc713e0a26a" testListId="8c84fa94-04c1-424b-9868-57a2d4851a1d" />
    <TestEntry testId="d93960ac-1702-bf7b-e74f-4b984d158b5d" executionId="13b31541-968b-4353-b8da-152ab2e8f029" testListId="8c84fa94-04c1-424b-9868-57a2d4851a1d" />
    <TestEntry testId="adf60936-2b21-8340-4097-4a4f33e52b06" executionId="f7a51d3d-2b26-417c-ade7-22f4cfa5d272" testListId="8c84fa94-04c1-424b-9868-57a2d4851a1d" />
    <TestEntry testId="360d1870-076f-2ec1-c540-e16aa4f657ca" executionId="38716f2f-6592-43a3-adb8-a81f3b9e4d45" testListId="8c84fa94-04c1-424b-9868-57a2d4851a1d" />
    <TestEntry testId="ec54a5ea-f949-92ad-53c3-e167bc04be63" executionId="2a0b53ee-4494-463d-8e12-5dcf0891e58b" testListId="8c84fa94-04c1-424b-9868-57a2d4851a1d" />
    <TestEntry testId="079c9f71-7ba4-e7c7-761a-3cff2c6f4a97" executionId="393351cb-ceb3-4ce0-9703-e16127edfb19" testListId="8c84fa94-04c1-424b-9868-57a2d4851a1d" />
    <TestEntry testId="4519d39c-c927-ebbe-8387-7a48c0939473" executionId="7355353f-5eec-4460-b61d-ca95099d8301" testListId="8c84fa94-04c1-424b-9868-57a2d4851a1d" />
    <TestEntry testId="4841c4bf-1bfa-1cd9-4395-ed7fd0ae13b3" executionId="4ecd2faf-61a0-40bc-a77d-5e66d60bda47" testListId="8c84fa94-04c1-424b-9868-57a2d4851a1d" />
    <TestEntry testId="a69446e2-4ee4-5ec2-c827-f8539bbb6752" executionId="8eed5a30-0743-4fa5-b852-7abe7309b0d9" testListId="8c84fa94-04c1-424b-9868-57a2d4851a1d" />
    <TestEntry testId="f40a06fe-6d9e-48a5-2b6d-160a02f8dfe0" executionId="1fb47d17-dc10-4c9c-84d7-638037f9c0ac" testListId="8c84fa94-04c1-424b-9868-57a2d4851a1d" />
    <TestEntry testId="c262dabc-b6ae-8c1c-bcba-136dc60cb859" executionId="b289289d-6a90-4248-be44-67009e29e040" testListId="8c84fa94-04c1-424b-9868-57a2d4851a1d" />
    <TestEntry testId="116811c5-be28-0de0-e11b-98036d9316fe" executionId="96de807a-13ed-4b1b-8894-20ea42fcb51d" testListId="8c84fa94-04c1-424b-9868-57a2d4851a1d" />
    <TestEntry testId="cece90b1-1eea-286f-e8b2-57b2d7ac0277" executionId="ed4cbc38-c496-49dc-9438-e82726e876d7" testListId="8c84fa94-04c1-424b-9868-57a2d4851a1d" />
    <TestEntry testId="146d3766-a247-380a-3299-128828ad047a" executionId="0c985fb0-b457-4041-bc18-acf9cbb4b32d" testListId="8c84fa94-04c1-424b-9868-57a2d4851a1d" />
    <TestEntry testId="0e7ddcf4-f461-b73d-aa07-0b1d9ad3cd59" executionId="4565590a-0b01-4c15-9650-cd75227cc7ed" testListId="8c84fa94-04c1-424b-9868-57a2d4851a1d" />
    <TestEntry testId="a5e0f1d1-0e10-2a2d-e2b2-2a8caa1b4f3d" executionId="970e219e-cbe3-42fe-b7aa-b9d353c957d6" testListId="8c84fa94-04c1-424b-9868-57a2d4851a1d" />
    <TestEntry testId="ded13aa4-901e-ce50-6900-8da40ad7fcbb" executionId="4047839e-392f-417f-b684-7036d46233d9" testListId="8c84fa94-04c1-424b-9868-57a2d4851a1d" />
    <TestEntry testId="06a3779c-0750-6f74-f3a2-29503e3a05c9" executionId="a3dd5ad6-a471-4e10-a6de-0e0916e5ba12" testListId="8c84fa94-04c1-424b-9868-57a2d4851a1d" />
    <TestEntry testId="8906522d-a706-7896-1575-13c0a5f049e1" executionId="2647b17e-c535-49a8-83b4-c7995b00f2d2" testListId="8c84fa94-04c1-424b-9868-57a2d4851a1d" />
    <TestEntry testId="7d6c472f-f05e-effe-63cd-a2bd23d117e1" executionId="114b6253-fb75-41ea-995b-70c644e2dffb" testListId="8c84fa94-04c1-424b-9868-57a2d4851a1d" />
    <TestEntry testId="a554fdca-55c7-a5a2-f7e9-1a8cd195e99c" executionId="1c584015-f2dd-415b-8b24-95b2604d24a7" testListId="8c84fa94-04c1-424b-9868-57a2d4851a1d" />
    <TestEntry testId="dd35de65-84e1-824d-1836-e0fc54d505f4" executionId="8ccdded8-e1ab-4aa7-b84b-e44c3cb9a890" testListId="8c84fa94-04c1-424b-9868-57a2d4851a1d" />
    <TestEntry testId="5c5b73f7-a07d-f1c1-037d-be76a89788f0" executionId="6dba1161-bca7-472e-8e17-6127090487b7" testListId="8c84fa94-04c1-424b-9868-57a2d4851a1d" />
    <TestEntry testId="2292f52e-5248-45de-b31b-6529d8243c67" executionId="3cb607c1-95e7-481c-bdce-0d8a86bc66b7" testListId="8c84fa94-04c1-424b-9868-57a2d4851a1d" />
    <TestEntry testId="e47d038f-3164-bc02-965f-14e8eaa6dc9f" executionId="a50184ce-651b-4be4-98d3-6f3f77f01e3f" testListId="8c84fa94-04c1-424b-9868-57a2d4851a1d" />
    <TestEntry testId="440c1f56-2774-9818-b3d3-5a7ea53bce27" executionId="6ef74040-0f53-478b-8c26-70b4b7977c37" testListId="8c84fa94-04c1-424b-9868-57a2d4851a1d" />
    <TestEntry testId="05c5b2d7-b3c9-2b3b-67f8-26be975b1bfd" executionId="ecac9c99-6048-48fb-8c6c-8cdb11fc3c64" testListId="8c84fa94-04c1-424b-9868-57a2d4851a1d" />
    <TestEntry testId="b7046513-8501-8cf2-ce4e-aee4a5c18d01" executionId="ca85091d-61ce-4f93-88be-e36db5f2d485" testListId="8c84fa94-04c1-424b-9868-57a2d4851a1d" />
    <TestEntry testId="dac8614d-1dd7-4ae3-8846-9f91e81a9eae" executionId="fcd02606-12fa-41f5-a505-0810e4a25dfc" testListId="8c84fa94-04c1-424b-9868-57a2d4851a1d" />
    <TestEntry testId="5e032bac-7603-b844-a6d7-ba76d6db83e2" executionId="b4f7ed14-beba-4f89-8e73-b18529ca8281" testListId="8c84fa94-04c1-424b-9868-57a2d4851a1d" />
    <TestEntry testId="92390520-037f-a359-f78e-be70d3ac16d2" executionId="971d802b-0bca-407a-b656-798aae078816" testListId="8c84fa94-04c1-424b-9868-57a2d4851a1d" />
    <TestEntry testId="2022cbe0-595c-fc5e-fb38-59a531641782" executionId="04bf111b-f78b-45c4-b514-7e041c41dc70" testListId="8c84fa94-04c1-424b-9868-57a2d4851a1d" />
    <TestEntry testId="782c05fa-b6d5-401a-3b82-332cd71b7860" executionId="31547a31-da9d-4ed7-aab1-c459c7b24011" testListId="8c84fa94-04c1-424b-9868-57a2d4851a1d" />
    <TestEntry testId="301b48b5-6f45-b8b4-947d-d7b673c0c250" executionId="1063d5f3-c026-4a2d-a5b0-9411e015f051" testListId="8c84fa94-04c1-424b-9868-57a2d4851a1d" />
    <TestEntry testId="46d9882f-4546-bfa2-4aaa-c2b46e66f983" executionId="ee0e379a-3bbd-435f-a3a6-9bd638cccca6" testListId="8c84fa94-04c1-424b-9868-57a2d4851a1d" />
    <TestEntry testId="88c55893-cab0-7edb-db43-c7dbf3872fc8" executionId="22d54c6b-e2c0-4dc2-aab4-cc1c8a1e894b" testListId="8c84fa94-04c1-424b-9868-57a2d4851a1d" />
    <TestEntry testId="4356007c-ba10-69fb-f83d-3d5cd85e4bff" executionId="d907df23-8118-409a-a4d4-78b87ecc129f" testListId="8c84fa94-04c1-424b-9868-57a2d4851a1d" />
    <TestEntry testId="97d33781-3bca-0061-4e20-2e00a902501f" executionId="902b1707-500a-47e2-9eed-42136b50b29f" testListId="8c84fa94-04c1-424b-9868-57a2d4851a1d" />
    <TestEntry testId="c4161889-5842-c06f-523d-11ec288dd7c9" executionId="414bbea8-3be5-4fd3-be34-b2c8002a38c4" testListId="8c84fa94-04c1-424b-9868-57a2d4851a1d" />
    <TestEntry testId="fab9048e-fe4e-87e9-8830-11ebd034dcc1" executionId="6964da9a-9031-4ae5-b47e-e6c31fca1286" testListId="8c84fa94-04c1-424b-9868-57a2d4851a1d" />
    <TestEntry testId="66af71e0-d64d-13ae-53aa-7ec904d51853" executionId="24269b95-122b-4864-a5b6-50d16b73fde2" testListId="8c84fa94-04c1-424b-9868-57a2d4851a1d" />
    <TestEntry testId="ec5ee5bb-258f-5cfc-9619-d9029c8024e6" executionId="b5be2b8c-0606-4d78-a142-30a945307347" testListId="8c84fa94-04c1-424b-9868-57a2d4851a1d" />
    <TestEntry testId="ba312a3f-31d5-4388-081b-ae4f889b6fba" executionId="0bba7af3-259f-4113-ae05-fcbb1dcd55a2" testListId="8c84fa94-04c1-424b-9868-57a2d4851a1d" />
    <TestEntry testId="24c3341d-9785-9c7b-638c-a35225afa71f" executionId="ada34a9f-c8f0-49a4-8d38-09f50e67f34c" testListId="8c84fa94-04c1-424b-9868-57a2d4851a1d" />
    <TestEntry testId="84c4fbab-71a8-a0df-ba75-de1e74d3f9b7" executionId="53d42cab-c33a-4f94-b930-3a01f82ac581" testListId="8c84fa94-04c1-424b-9868-57a2d4851a1d" />
    <TestEntry testId="30f41284-1f0d-1527-e688-6188a0f7ff2c" executionId="a029340a-b3d1-46f3-8d79-729d8880fb29" testListId="8c84fa94-04c1-424b-9868-57a2d4851a1d" />
    <TestEntry testId="ec99b289-208a-5358-8221-ca9371f98b9c" executionId="eb6dc11e-36f9-4448-9067-16643bae443b" testListId="8c84fa94-04c1-424b-9868-57a2d4851a1d" />
    <TestEntry testId="0dbc17e5-8515-9b37-de36-9bc77c94518d" executionId="80bd9437-9bb7-4d25-ad9a-1a65ad920556" testListId="8c84fa94-04c1-424b-9868-57a2d4851a1d" />
    <TestEntry testId="70769f16-4e8b-3601-8af2-ecb48372a8fd" executionId="b4b2a3be-5fe4-40dc-b4d0-a6b71f29adc9" testListId="8c84fa94-04c1-424b-9868-57a2d4851a1d" />
    <TestEntry testId="146e8b31-d177-770a-01c9-b5c8e12ea7bf" executionId="f5eb957c-46df-42e4-8f3e-b154b677e8db" testListId="8c84fa94-04c1-424b-9868-57a2d4851a1d" />
    <TestEntry testId="80fa8e77-bb83-b334-8acc-1fb908ff09cf" executionId="0d6e2bad-652a-457c-913a-a6a0e300ba10" testListId="8c84fa94-04c1-424b-9868-57a2d4851a1d" />
  </TestEntries>
  <TestLists>
    <TestList name="Wyniki, których nie ma na liście" id="8c84fa94-04c1-424b-9868-57a2d4851a1d" />
    <TestList name="Wszystkie załadowane wyniki" id="19431567-8539-422a-85d7-44ee4e166bda" />
  </TestLists>
  <ResultSummary outcome="Completed">
    <Counters total="175" executed="175" passed="175" failed="0" error="0" timeout="0" aborted="0" inconclusive="0" passedButRunAborted="0" notRunnable="0" notExecuted="0" disconnected="0" warning="0" completed="0" inProgress="0" pending="0" />
    <Output>
      <StdOut>[xUnit.net 00:00:00.00] xUnit.net VSTest Adapter v2.8.2+699d445a1a (64-bit .NET 10.0.5)&#xD;
[xUnit.net 00:00:00.70]   Discovering: RestAll.Desktop.Tests&#xD;
[xUnit.net 00:00:00.75]   Discovered:  RestAll.Desktop.Tests&#xD;
[xUnit.net 00:00:00.76]   Starting:    RestAll.Desktop.Tests&#xD;
[xUnit.net 00:00:02.11]   Finished:    RestAll.Desktop.Tests&#xD;
</StdOut>
    </Output>
  </ResultSummary>
</TestRun>