<?xml version="1.0" encoding="utf-8"?>
<TestRun id="9a19691f-0b50-4dac-8a85-bf5b82fd9ecd" name="2sebo@DESKTOP-OH9J6T6 2026-05-14 18:47:11" runUser="DESKTOP-OH9J6T6\2sebo" xmlns="http://microsoft.com/schemas/VisualStudio/TeamTest/2010">
  <Times creation="2026-05-14T18:47:11.4002585+02:00" queuing="2026-05-14T18:47:11.4002588+02:00" start="2026-05-14T18:47:09.8072766+02:00" finish="2026-05-14T18:47:12.6310721+02:00" />
  <TestSettings name="default" id="eb494f37-0652-418c-85cb-68acd9f438b3">
    <Deployment runDeploymentRoot="2sebo_DESKTOP-OH9J6T6_2026-05-14_18_47_11" />
  </TestSettings>
  <Results>
    <UnitTestResult executionId="c7ded4c1-530e-495f-817c-fc53b292e544" testId="7d042054-b92c-b74f-e357-117290376d96" testName="RestAll.Desktop.Tests.Auth.ManageProfileUseCaseTests.UpdateProfileAsync_ShouldReturnUpdatedProfile" computerName="DESKTOP-OH9J6T6" duration="00:00:00.0086515" startTime="2026-05-14T18:47:11.3841545+02:00" endTime="2026-05-14T18:47:11.3841545+02:00" testType="13cdc9d9-ddb5-4fa4-a97d-d965ccfc6d4b" outcome="Passed" testListId="8c84fa94-04c1-424b-9868-57a2d4851a1d" relativeResultsDirectory="c7ded4c1-530e-495f-817c-fc53b292e544" />
    <UnitTestResult executionId="c4d7565f-fff2-4140-9b1b-65b9a3c2e103" testId="f05eb0fd-d9fa-d3ea-c59d-634b047a57e1" testName="RestAll.Desktop.Tests.Auth.AuthenticateUserUseCaseTests.LoginAsync_WithEmptyEmail_ShouldReturnError" computerName="DESKTOP-OH9J6T6" duration="00:00:00.0022430" startTime="2026-05-14T18:47:11.4008295+02:00" endTime="2026-05-14T18:47:11.4008300+02:00" testType="13cdc9d9-ddb5-4fa4-a97d-d965ccfc6d4b" outcome="Passed" testListId="8c84fa94-04c1-424b-9868-57a2d4851a1d" relativeResultsDirectory="c4d7565f-fff2-4140-9b1b-65b9a3c2e103" />
    <UnitTestResult executionId="cc7458f4-bed5-4a20-8b98-1ddf09906a9e" testId="a1e23cbf-65a2-0395-8140-fec587f8da34" testName="RestAll.Desktop.Tests.ViewModels.ProfileViewModelTests.LoadProfileAsync_ShouldLoadProfile" computerName="DESKTOP-OH9J6T6" duration="00:00:00.0052549" startTime="2026-05-14T18:47:11.4230959+02:00" endTime="2026-05-14T18:47:11.4230962+02:00" testType="13cdc9d9-ddb5-4fa4-a97d-d965ccfc6d4b" outcome="Passed" testListId="8c84fa94-04c1-424b-9868-57a2d4851a1d" relativeResultsDirectory="cc7458f4-bed5-4a20-8b98-1ddf09906a9e" />
    <UnitTestResult executionId="661430e3-899a-493f-a41a-f4880c249ec5" testId="3a285676-07d1-21f7-4eb9-e6ffa04647c4" testName="RestAll.Desktop.Tests.Infrastructure.Orders.HttpOrderGatewayTests.PayOrderAsync_WithErrorResponse_ShouldReturnFalse" computerName="DESKTOP-OH9J6T6" duration="00:00:00.0036405" startTime="2026-05-14T18:47:11.3758188+02:00" endTime="2026-05-14T18:47:11.3758189+02:00" testType="13cdc9d9-ddb5-4fa4-a97d-d965ccfc6d4b" outcome="Passed" testListId="8c84fa94-04c1-424b-9868-57a2d4851a1d" relativeResultsDirectory="661430e3-899a-493f-a41a-f4880c249ec5" />
    <UnitTestResult executionId="12f7a470-98d4-4765-b559-11184efffd1e" testId="b1b4b46d-8cce-9051-dd48-1e173ac4de69" testName="RestAll.Desktop.Tests.Auth.HttpAuthGatewayTests.LoginAsync_WhenBackendReturnsLegacyTokenPayload_ShouldParseSession" computerName="DESKTOP-OH9J6T6" duration="00:00:00.0020163" startTime="2026-05-14T18:47:11.4352597+02:00" endTime="2026-05-14T18:47:11.4352598+02:00" testType="13cdc9d9-ddb5-4fa4-a97d-d965ccfc6d4b" outcome="Passed" testListId="8c84fa94-04c1-424b-9868-57a2d4851a1d" relativeResultsDirectory="12f7a470-98d4-4765-b559-11184efffd1e" />
    <UnitTestResult executionId="6d7b7a83-a90f-4ac7-8dc1-c773294a40b1" testId="091a6460-671a-f495-eb0e-99f6794ce70d" testName="RestAll.Desktop.Tests.Integration.ErrorHandlingIntegrationTests.UseCase_WhenGatewayReturnsNull_ShouldHandleGracefully" computerName="DESKTOP-OH9J6T6" duration="00:00:00.0024530" startTime="2026-05-14T18:47:11.3963680+02:00" endTime="2026-05-14T18:47:11.3963681+02:00" testType="13cdc9d9-ddb5-4fa4-a97d-d965ccfc6d4b" outcome="Passed" testListId="8c84fa94-04c1-424b-9868-57a2d4851a1d" relativeResultsDirectory="6d7b7a83-a90f-4ac7-8dc1-c773294a40b1" />
    <UnitTestResult executionId="113e356e-a6ec-4598-82fc-99114b3552ac" testId="ec99b289-208a-5358-8221-ca9371f98b9c" testName="RestAll.Desktop.Tests.Auth.RefreshTokenTests.RefreshTokenAsync_ShouldReturnAnonymous_WhenNoSession" computerName="DESKTOP-OH9J6T6" duration="00:00:00.0056270" startTime="2026-05-14T18:47:11.4577743+02:00" endTime="2026-05-14T18:47:11.4577743+02:00" testType="13cdc9d9-ddb5-4fa4-a97d-d965ccfc6d4b" outcome="Passed" testListId="8c84fa94-04c1-424b-9868-57a2d4851a1d" relativeResultsDirectory="113e356e-a6ec-4598-82fc-99114b3552ac" />
    <UnitTestResult executionId="62d5d356-1680-45b5-a358-6630bd1fe53b" testId="7d3f5988-cbf4-8e5d-f9e4-6d76d44ef885" testName="RestAll.Desktop.Tests.Auth.AuthenticateUserUseCaseTests.LoginAsync_WithFailure_ShouldResetState" computerName="DESKTOP-OH9J6T6" duration="00:00:00.0043278" startTime="2026-05-14T18:47:11.3879019+02:00" endTime="2026-05-14T18:47:11.3879019+02:00" testType="13cdc9d9-ddb5-4fa4-a97d-d965ccfc6d4b" outcome="Passed" testListId="8c84fa94-04c1-424b-9868-57a2d4851a1d" relativeResultsDirectory="62d5d356-1680-45b5-a358-6630bd1fe53b" />
    <UnitTestResult executionId="396e76da-5c00-44ab-ac61-c94b913739c9" testId="ba312a3f-31d5-4388-081b-ae4f889b6fba" testName="RestAll.Desktop.Tests.ViewModels.OrdersViewModelTests.PayOrderCommand_WhenFailure_ShouldSetErrorMessage" computerName="DESKTOP-OH9J6T6" duration="00:00:00.2154452" startTime="2026-05-14T18:47:12.0539556+02:00" endTime="2026-05-14T18:47:12.0539558+02:00" testType="13cdc9d9-ddb5-4fa4-a97d-d965ccfc6d4b" outcome="Passed" testListId="8c84fa94-04c1-424b-9868-57a2d4851a1d" relativeResultsDirectory="396e76da-5c00-44ab-ac61-c94b913739c9" />
    <UnitTestResult executionId="4a93a823-6eab-402d-b02c-ac59a7e61a75" testId="ce055ccd-f62c-54d5-c4a0-e93edd64ef45" testName="RestAll.Desktop.Tests.ViewModels.TablesViewModelTests.IsLoading_WhenSetToTrue_ShouldDisableCommands" computerName="DESKTOP-OH9J6T6" duration="00:00:00.0001600" startTime="2026-05-14T18:47:12.2878133+02:00" endTime="2026-05-14T18:47:12.2878135+02:00" testType="13cdc9d9-ddb5-4fa4-a97d-d965ccfc6d4b" outcome="Passed" testListId="8c84fa94-04c1-424b-9868-57a2d4851a1d" relativeResultsDirectory="4a93a823-6eab-402d-b02c-ac59a7e61a75" />
    <UnitTestResult executionId="9a27f9c3-b4c7-4793-9bd5-2479113d3202" testId="a3fed184-d03f-22b2-c831-be3375a75d6d" testName="RestAll.Desktop.Tests.ViewModels.CancelableViewModelBaseTests.Dispose_ShouldCancelCancellationToken" computerName="DESKTOP-OH9J6T6" duration="00:00:00.0030326" startTime="2026-05-14T18:47:11.4114390+02:00" endTime="2026-05-14T18:47:11.4114391+02:00" testType="13cdc9d9-ddb5-4fa4-a97d-d965ccfc6d4b" outcome="Passed" testListId="8c84fa94-04c1-424b-9868-57a2d4851a1d" relativeResultsDirectory="9a27f9c3-b4c7-4793-9bd5-2479113d3202" />
    <UnitTestResult executionId="16136f3a-c1e3-4632-aad6-0872754197f4" testId="b0ace656-1703-3f5c-96b6-0bc4cc499e70" testName="RestAll.Desktop.Tests.Integration.ErrorHandlingIntegrationTests.AuthGateway_WhenServerError_ShouldReturnAnonymous" computerName="DESKTOP-OH9J6T6" duration="00:00:00.0063108" startTime="2026-05-14T18:47:11.3873066+02:00" endTime="2026-05-14T18:47:11.3873067+02:00" testType="13cdc9d9-ddb5-4fa4-a97d-d965ccfc6d4b" outcome="Passed" testListId="8c84fa94-04c1-424b-9868-57a2d4851a1d" relativeResultsDirectory="16136f3a-c1e3-4632-aad6-0872754197f4" />
    <UnitTestResult executionId="e4d430ba-543c-4308-b831-ccaf13e8217a" testId="a5e0f1d1-0e10-2a2d-e2b2-2a8caa1b4f3d" testName="RestAll.Desktop.Tests.ViewModels.LoginViewModelTests.Cancel_ShouldCancelCancellationToken" computerName="DESKTOP-OH9J6T6" duration="00:00:00.0001317" startTime="2026-05-14T18:47:11.4759293+02:00" endTime="2026-05-14T18:47:11.4759294+02:00" testType="13cdc9d9-ddb5-4fa4-a97d-d965ccfc6d4b" outcome="Passed" testListId="8c84fa94-04c1-424b-9868-57a2d4851a1d" relativeResultsDirectory="e4d430ba-543c-4308-b831-ccaf13e8217a" />
    <UnitTestResult executionId="627cbbcc-ff7d-4397-9e56-ca39bba85af4" testId="782c05fa-b6d5-401a-3b82-332cd71b7860" testName="RestAll.Desktop.Tests.ViewModels.ProfileViewModelTests.UpdateProfileAsync_ShouldCallUseCaseWithProfileData" computerName="DESKTOP-OH9J6T6" duration="00:00:00.0625681" startTime="2026-05-14T18:47:11.4024232+02:00" endTime="2026-05-14T18:47:11.4024233+02:00" testType="13cdc9d9-ddb5-4fa4-a97d-d965ccfc6d4b" outcome="Passed" testListId="8c84fa94-04c1-424b-9868-57a2d4851a1d" relativeResultsDirectory="627cbbcc-ff7d-4397-9e56-ca39bba85af4" />
    <UnitTestResult executionId="b75a5a0f-349e-43f6-a84c-3fc0ca089149" testId="88c55893-cab0-7edb-db43-c7dbf3872fc8" testName="RestAll.Desktop.Tests.ViewModels.RelayCommandTests.CanExecute_WithTwoParameters_ShouldUsePredicate" computerName="DESKTOP-OH9J6T6" duration="00:00:00.0023626" startTime="2026-05-14T18:47:11.4536449+02:00" endTime="2026-05-14T18:47:11.4536452+02:00" testType="13cdc9d9-ddb5-4fa4-a97d-d965ccfc6d4b" outcome="Passed" testListId="8c84fa94-04c1-424b-9868-57a2d4851a1d" relativeResultsDirectory="b75a5a0f-349e-43f6-a84c-3fc0ca089149" />
    <UnitTestResult executionId="19030b03-3b5e-4c6e-acc9-cdebea1e283c" testId="1137e416-102c-6e27-ad80-2949e7b1e90f" testName="RestAll.Desktop.Tests.ViewModels.ProfileViewModelTests.LoadProfileAsync_ShouldShowError_WhenLoadFails" computerName="DESKTOP-OH9J6T6" duration="00:00:00.0061953" startTime="2026-05-14T18:47:11.4120810+02:00" endTime="2026-05-14T18:47:11.4120811+02:00" testType="13cdc9d9-ddb5-4fa4-a97d-d965ccfc6d4b" outcome="Passed" testListId="8c84fa94-04c1-424b-9868-57a2d4851a1d" relativeResultsDirectory="19030b03-3b5e-4c6e-acc9-cdebea1e283c" />
    <UnitTestResult executionId="b4aad5be-7591-43e6-89df-92c8aed7ae98" testId="2022cbe0-595c-fc5e-fb38-59a531641782" testName="RestAll.Desktop.Tests.Integration.ErrorHandlingIntegrationTests.KitchenGateway_WhenTimeout_ShouldReturnEmptyList" computerName="DESKTOP-OH9J6T6" duration="00:00:00.0041537" startTime="2026-05-14T18:47:11.4031527+02:00" endTime="2026-05-14T18:47:11.4031529+02:00" testType="13cdc9d9-ddb5-4fa4-a97d-d965ccfc6d4b" outcome="Passed" testListId="8c84fa94-04c1-424b-9868-57a2d4851a1d" relativeResultsDirectory="b4aad5be-7591-43e6-89df-92c8aed7ae98" />
    <UnitTestResult executionId="51f02517-8e3d-4008-93b5-11cd0f08ac13" testId="8336a10d-5280-03e3-52e3-beaa571111c9" testName="RestAll.Desktop.Tests.Auth.HttpProfileGatewayTests.GetProfileAsync_ShouldReturnProfile" computerName="DESKTOP-OH9J6T6" duration="00:00:00.0183470" startTime="2026-05-14T18:47:11.3848599+02:00" endTime="2026-05-14T18:47:11.3848600+02:00" testType="13cdc9d9-ddb5-4fa4-a97d-d965ccfc6d4b" outcome="Passed" testListId="8c84fa94-04c1-424b-9868-57a2d4851a1d" relativeResultsDirectory="51f02517-8e3d-4008-93b5-11cd0f08ac13" />
    <UnitTestResult executionId="cb2d4029-2fc8-445d-bb2f-85d35f6679ed" testId="05c5b2d7-b3c9-2b3b-67f8-26be975b1bfd" testName="RestAll.Desktop.Tests.Integration.ProfileIntegrationTests.ProfileFlow_WithoutSession_ShouldFail" computerName="DESKTOP-OH9J6T6" duration="00:00:00.0065475" startTime="2026-05-14T18:47:11.3888133+02:00" endTime="2026-05-14T18:47:11.3888134+02:00" testType="13cdc9d9-ddb5-4fa4-a97d-d965ccfc6d4b" outcome="Passed" testListId="8c84fa94-04c1-424b-9868-57a2d4851a1d" relativeResultsDirectory="cb2d4029-2fc8-445d-bb2f-85d35f6679ed" />
    <UnitTestResult executionId="3c659784-2a03-44ea-a82a-7c8a8a1bc802" testId="58c9b593-2439-5baa-ca11-5257da3927fd" testName="RestAll.Desktop.Tests.ViewModels.ReservationsViewModelTests.CreateReservationCommand_ShouldBeExecutable_WhenDataValid" computerName="DESKTOP-OH9J6T6" duration="00:00:00.0021999" startTime="2026-05-14T18:47:11.3851110+02:00" endTime="2026-05-14T18:47:11.3851111+02:00" testType="13cdc9d9-ddb5-4fa4-a97d-d965ccfc6d4b" outcome="Passed" testListId="8c84fa94-04c1-424b-9868-57a2d4851a1d" relativeResultsDirectory="3c659784-2a03-44ea-a82a-7c8a8a1bc802" />
    <UnitTestResult executionId="1b3e3838-e429-4068-a487-504b3b243370" testId="b358c46a-376a-458f-fae7-1541d0500793" testName="RestAll.Desktop.Tests.ViewModels.KitchenViewModelTests.Cancel_ShouldCancelCancellationToken" computerName="DESKTOP-OH9J6T6" duration="00:00:00.0011204" startTime="2026-05-14T18:47:12.5361685+02:00" endTime="2026-05-14T18:47:12.5361689+02:00" testType="13cdc9d9-ddb5-4fa4-a97d-d965ccfc6d4b" outcome="Passed" testListId="8c84fa94-04c1-424b-9868-57a2d4851a1d" relativeResultsDirectory="1b3e3838-e429-4068-a487-504b3b243370" />
    <UnitTestResult executionId="39b87957-7c42-429d-8f05-3266c6e2595d" testId="8ff5fcd4-ac8f-728c-c9ea-9aaa892885a1" testName="RestAll.Desktop.Tests.Integration.ReservationsIntegrationTests.GetReservationsAfterCancellation_ShouldReturnUpdatedList" computerName="DESKTOP-OH9J6T6" duration="00:00:00.0121542" startTime="2026-05-14T18:47:11.4094336+02:00" endTime="2026-05-14T18:47:11.4094337+02:00" testType="13cdc9d9-ddb5-4fa4-a97d-d965ccfc6d4b" outcome="Passed" testListId="8c84fa94-04c1-424b-9868-57a2d4851a1d" relativeResultsDirectory="39b87957-7c42-429d-8f05-3266c6e2595d" />
    <UnitTestResult executionId="0bfe0de2-cd58-468a-9d10-fcf6135b3213" testId="53ce59b5-4c0b-6435-60da-00bc83efa5d7" testName="RestAll.Desktop.Tests.Tables.TableManagementUseCaseTests.UpdateTableStatusAsync_ShouldReturnTrue" computerName="DESKTOP-OH9J6T6" duration="00:00:00.0109376" startTime="2026-05-14T18:47:11.4335087+02:00" endTime="2026-05-14T18:47:11.4335088+02:00" testType="13cdc9d9-ddb5-4fa4-a97d-d965ccfc6d4b" outcome="Passed" testListId="8c84fa94-04c1-424b-9868-57a2d4851a1d" relativeResultsDirectory="0bfe0de2-cd58-468a-9d10-fcf6135b3213" />
    <UnitTestResult executionId="a8548f5b-cd31-420f-a13a-9d2869179308" testId="873f97c5-fc9f-5925-8de7-ddc38bf6fa6c" testName="RestAll.Desktop.Tests.Menu.GetMenuUseCaseTests.GetCategoriesAsync_ShouldReturnCategories" computerName="DESKTOP-OH9J6T6" duration="00:00:00.0110964" startTime="2026-05-14T18:47:11.3856470+02:00" endTime="2026-05-14T18:47:11.3856471+02:00" testType="13cdc9d9-ddb5-4fa4-a97d-d965ccfc6d4b" outcome="Passed" testListId="8c84fa94-04c1-424b-9868-57a2d4851a1d" relativeResultsDirectory="a8548f5b-cd31-420f-a13a-9d2869179308" />
    <UnitTestResult executionId="3c0bb6aa-c543-4527-a440-56313aa3f615" testId="e5efeea3-1416-b484-780b-c52e35496a07" testName="RestAll.Desktop.Tests.Infrastructure.Kitchen.HttpKitchenGatewayTests.GetActiveTicketsAsync_WithSuccessResponse_ShouldReturnTickets" computerName="DESKTOP-OH9J6T6" duration="00:00:00.0267517" startTime="2026-05-14T18:47:11.3858318+02:00" endTime="2026-05-14T18:47:11.3858319+02:00" testType="13cdc9d9-ddb5-4fa4-a97d-d965ccfc6d4b" outcome="Passed" testListId="8c84fa94-04c1-424b-9868-57a2d4851a1d" relativeResultsDirectory="3c0bb6aa-c543-4527-a440-56313aa3f615" />
    <UnitTestResult executionId="a6cfe9ec-90b6-439a-a0a4-6f87f2e09c6c" testId="dcfdddc3-6b1d-27df-b85b-d04a167cc499" testName="RestAll.Desktop.Tests.ViewModels.OrdersViewModelTests.LoadOrdersCommand_ShouldLoadOrders" computerName="DESKTOP-OH9J6T6" duration="00:00:00.2160490" startTime="2026-05-14T18:47:12.2711790+02:00" endTime="2026-05-14T18:47:12.2711794+02:00" testType="13cdc9d9-ddb5-4fa4-a97d-d965ccfc6d4b" outcome="Passed" testListId="8c84fa94-04c1-424b-9868-57a2d4851a1d" relativeResultsDirectory="a6cfe9ec-90b6-439a-a0a4-6f87f2e09c6c" />
    <UnitTestResult executionId="ebc296fd-d1a8-4c2c-bc1f-9a6e96476a09" testId="c0b804a2-a758-8926-40e2-c1d1bdd7c36d" testName="RestAll.Desktop.Tests.Infrastructure.Orders.HttpOrderGatewayTests.GetOrdersAsync_WithSuccessResponse_ShouldReturnOrders" computerName="DESKTOP-OH9J6T6" duration="00:00:00.2023791" startTime="2026-05-14T18:47:11.3537541+02:00" endTime="2026-05-14T18:47:11.3537541+02:00" testType="13cdc9d9-ddb5-4fa4-a97d-d965ccfc6d4b" outcome="Passed" testListId="8c84fa94-04c1-424b-9868-57a2d4851a1d" relativeResultsDirectory="ebc296fd-d1a8-4c2c-bc1f-9a6e96476a09" />
    <UnitTestResult executionId="4892bc91-1ded-41c2-a4b7-8fffbe714759" testId="96d0fc30-1187-2825-d331-305e7c22e6f7" testName="RestAll.Desktop.Tests.Kitchen.ManageKitchenUseCaseTests.UpdateTicketStatusAsync_ShouldReturnTrue" computerName="DESKTOP-OH9J6T6" duration="00:00:00.0179651" startTime="2026-05-14T18:47:11.4213484+02:00" endTime="2026-05-14T18:47:11.4213486+02:00" testType="13cdc9d9-ddb5-4fa4-a97d-d965ccfc6d4b" outcome="Passed" testListId="8c84fa94-04c1-424b-9868-57a2d4851a1d" relativeResultsDirectory="4892bc91-1ded-41c2-a4b7-8fffbe714759" />
    <UnitTestResult executionId="13b760ec-1370-4648-b5ee-525ba20b2465" testId="9851dc4c-6259-0fb1-cb27-db7f7c6129e8" testName="RestAll.Desktop.Tests.ViewModels.RelayCommandTests.Execute_WithParameter_ShouldCallAction" computerName="DESKTOP-OH9J6T6" duration="00:00:00.0006971" startTime="2026-05-14T18:47:11.4512214+02:00" endTime="2026-05-14T18:47:11.4512215+02:00" testType="13cdc9d9-ddb5-4fa4-a97d-d965ccfc6d4b" outcome="Passed" testListId="8c84fa94-04c1-424b-9868-57a2d4851a1d" relativeResultsDirectory="13b760ec-1370-4648-b5ee-525ba20b2465" />
    <UnitTestResult executionId="2184efb3-0236-4a18-b1bb-72c41dde507a" testId="72a3eb32-b813-8810-01ae-7292da18d5b2" testName="RestAll.Desktop.Tests.ViewModels.KitchenViewModelTests.LoadTicketsCommand_WhenError_ShouldSetErrorMessage" computerName="DESKTOP-OH9J6T6" duration="00:00:00.2152514" startTime="2026-05-14T18:47:11.6685479+02:00" endTime="2026-05-14T18:47:11.6685481+02:00" testType="13cdc9d9-ddb5-4fa4-a97d-d965ccfc6d4b" outcome="Passed" testListId="8c84fa94-04c1-424b-9868-57a2d4851a1d" relativeResultsDirectory="2184efb3-0236-4a18-b1bb-72c41dde507a" />
    <UnitTestResult executionId="d2ef13e5-1609-4efc-bc39-b33d4eac8777" testId="1e8ca8e3-982d-76af-bb44-3b4d059356e9" testName="RestAll.Desktop.Tests.ViewModels.TablesViewModelTests.LoadTablesCommand_WhenError_ShouldSetErrorMessage" computerName="DESKTOP-OH9J6T6" duration="00:00:00.2215373" startTime="2026-05-14T18:47:11.8600527+02:00" endTime="2026-05-14T18:47:11.8600530+02:00" testType="13cdc9d9-ddb5-4fa4-a97d-d965ccfc6d4b" outcome="Passed" testListId="8c84fa94-04c1-424b-9868-57a2d4851a1d" relativeResultsDirectory="d2ef13e5-1609-4efc-bc39-b33d4eac8777" />
    <UnitTestResult executionId="ef21518a-d8db-43ac-8981-75d3c2488d41" testId="eb5f5590-933e-85bf-0c9a-c64d2bd1bf08" testName="RestAll.Desktop.Tests.Auth.RefreshTokenTests.RefreshTokenAsync_ShouldReturnAnonymous_WhenRefreshFails" computerName="DESKTOP-OH9J6T6" duration="00:00:00.0028320" startTime="2026-05-14T18:47:11.4639396+02:00" endTime="2026-05-14T18:47:11.4639398+02:00" testType="13cdc9d9-ddb5-4fa4-a97d-d965ccfc6d4b" outcome="Passed" testListId="8c84fa94-04c1-424b-9868-57a2d4851a1d" relativeResultsDirectory="ef21518a-d8db-43ac-8981-75d3c2488d41" />
    <UnitTestResult executionId="2f843a07-e62b-4312-9046-c5c8e1ab836e" testId="cf364124-33c3-3b01-f5c3-3b1775028ad1" testName="RestAll.Desktop.Tests.Auth.HttpProfileGatewayTests.UpdateProfileAsync_ShouldReturnUpdatedProfile" computerName="DESKTOP-OH9J6T6" duration="00:00:00.0032141" startTime="2026-05-14T18:47:11.3851704+02:00" endTime="2026-05-14T18:47:11.3851704+02:00" testType="13cdc9d9-ddb5-4fa4-a97d-d965ccfc6d4b" outcome="Passed" testListId="8c84fa94-04c1-424b-9868-57a2d4851a1d" relativeResultsDirectory="2f843a07-e62b-4312-9046-c5c8e1ab836e" />
    <UnitTestResult executionId="395079a2-423c-4fc2-8ad2-c9476d9f1fab" testId="872c9d1a-21a2-6e77-c80c-2e06ed49ab02" testName="RestAll.Desktop.Tests.ViewModels.MenuViewModelTests.IsLoading_WhenSetToTrue_ShouldDisableCommand" computerName="DESKTOP-OH9J6T6" duration="00:00:00.0001630" startTime="2026-05-14T18:47:11.8627470+02:00" endTime="2026-05-14T18:47:11.8627470+02:00" testType="13cdc9d9-ddb5-4fa4-a97d-d965ccfc6d4b" outcome="Passed" testListId="8c84fa94-04c1-424b-9868-57a2d4851a1d" relativeResultsDirectory="395079a2-423c-4fc2-8ad2-c9476d9f1fab" />
    <UnitTestResult executionId="e8591fed-8f8f-44cd-a66f-09748661e212" testId="47caf22d-bce2-1134-740f-52de42a68944" testName="RestAll.Desktop.Tests.ViewModels.ProfileViewModelTests.UpdateProfileAsync_ShouldUpdateProfile" computerName="DESKTOP-OH9J6T6" duration="00:00:00.0033291" startTime="2026-05-14T18:47:11.4058106+02:00" endTime="2026-05-14T18:47:11.4058107+02:00" testType="13cdc9d9-ddb5-4fa4-a97d-d965ccfc6d4b" outcome="Passed" testListId="8c84fa94-04c1-424b-9868-57a2d4851a1d" relativeResultsDirectory="e8591fed-8f8f-44cd-a66f-09748661e212" />
    <UnitTestResult executionId="cf203044-f1cb-4cd0-a547-30e6ab9b3381" testId="4356007c-ba10-69fb-f83d-3d5cd85e4bff" testName="RestAll.Desktop.Tests.Integration.OrdersIntegrationTests.OrderFlow_WithPayment_ShouldWork" computerName="DESKTOP-OH9J6T6" duration="00:00:00.0034618" startTime="2026-05-14T18:47:11.4756541+02:00" endTime="2026-05-14T18:47:11.4756543+02:00" testType="13cdc9d9-ddb5-4fa4-a97d-d965ccfc6d4b" outcome="Passed" testListId="8c84fa94-04c1-424b-9868-57a2d4851a1d" relativeResultsDirectory="cf203044-f1cb-4cd0-a547-30e6ab9b3381" />
    <UnitTestResult executionId="f26eeb3f-ab6e-4e4f-ab65-50c0b7dd750b" testId="e71a359b-b886-b2f3-6342-5ab3fd03d82f" testName="RestAll.Desktop.Tests.Auth.AuthenticateUserUseCaseTests.LoginAsync_WithValidCredentials_ShouldReturnAuthenticated" computerName="DESKTOP-OH9J6T6" duration="00:00:00.0045942" startTime="2026-05-14T18:47:11.3985036+02:00" endTime="2026-05-14T18:47:11.3985039+02:00" testType="13cdc9d9-ddb5-4fa4-a97d-d965ccfc6d4b" outcome="Passed" testListId="8c84fa94-04c1-424b-9868-57a2d4851a1d" relativeResultsDirectory="f26eeb3f-ab6e-4e4f-ab65-50c0b7dd750b" />
    <UnitTestResult executionId="8163a6f4-a4f0-44d4-8423-3fb907d09fcd" testId="7e5f06df-3008-ec93-6d28-ad0fe5249806" testName="RestAll.Desktop.Tests.ViewModels.KitchenViewModelTests.LoadTicketsCommand_ShouldLoadTickets" computerName="DESKTOP-OH9J6T6" duration="00:00:00.2174778" startTime="2026-05-14T18:47:12.5348399+02:00" endTime="2026-05-14T18:47:12.5348403+02:00" testType="13cdc9d9-ddb5-4fa4-a97d-d965ccfc6d4b" outcome="Passed" testListId="8c84fa94-04c1-424b-9868-57a2d4851a1d" relativeResultsDirectory="8163a6f4-a4f0-44d4-8423-3fb907d09fcd" />
    <UnitTestResult executionId="4e58e61b-8de9-4690-8c2c-85762740ab38" testId="614b884d-3cc0-1a6a-aa31-d30b4a340c49" testName="RestAll.Desktop.Tests.ViewModels.MenuViewModelTests.LoadMenuCommand_WhenError_ShouldSetErrorMessage" computerName="DESKTOP-OH9J6T6" duration="00:00:00.2189838" startTime="2026-05-14T18:47:11.6527055+02:00" endTime="2026-05-14T18:47:11.6527056+02:00" testType="13cdc9d9-ddb5-4fa4-a97d-d965ccfc6d4b" outcome="Passed" testListId="8c84fa94-04c1-424b-9868-57a2d4851a1d" relativeResultsDirectory="4e58e61b-8de9-4690-8c2c-85762740ab38" />
    <UnitTestResult executionId="bbf33195-8721-4b61-b75c-22c094f1c822" testId="8906522d-a706-7896-1575-13c0a5f049e1" testName="RestAll.Desktop.Tests.Integration.ErrorHandlingIntegrationTests.AuthGateway_WhenNetworkError_ShouldReturnAnonymous" computerName="DESKTOP-OH9J6T6" duration="00:00:00.0025071" startTime="2026-05-14T18:47:11.3989475+02:00" endTime="2026-05-14T18:47:11.3989477+02:00" testType="13cdc9d9-ddb5-4fa4-a97d-d965ccfc6d4b" outcome="Passed" testListId="8c84fa94-04c1-424b-9868-57a2d4851a1d" relativeResultsDirectory="bbf33195-8721-4b61-b75c-22c094f1c822" />
    <UnitTestResult executionId="56243a8e-c1ac-45d3-9ae3-261186bb3d87" testId="301b48b5-6f45-b8b4-947d-d7b673c0c250" testName="RestAll.Desktop.Tests.Integration.ErrorHandlingIntegrationTests.ReservationsGateway_WhenBadRequest_ShouldReturnEmptyList" computerName="DESKTOP-OH9J6T6" duration="00:00:00.0093101" startTime="2026-05-14T18:47:11.3850520+02:00" endTime="2026-05-14T18:47:11.3850521+02:00" testType="13cdc9d9-ddb5-4fa4-a97d-d965ccfc6d4b" outcome="Passed" testListId="8c84fa94-04c1-424b-9868-57a2d4851a1d" relativeResultsDirectory="56243a8e-c1ac-45d3-9ae3-261186bb3d87" />
    <UnitTestResult executionId="29725ad6-0047-4765-a47f-2b7ed40a38d6" testId="1a8a97ba-70d8-5ba8-d1ef-0c54ed069748" testName="RestAll.Desktop.Tests.Auth.HttpAuthGatewayTests.LoginAsync_WhenBackendReturnsFortifyLoginResponse_ShouldLoadUserProfile" computerName="DESKTOP-OH9J6T6" duration="00:00:00.0051729" startTime="2026-05-14T18:47:11.4331335+02:00" endTime="2026-05-14T18:47:11.4331336+02:00" testType="13cdc9d9-ddb5-4fa4-a97d-d965ccfc6d4b" outcome="Passed" testListId="8c84fa94-04c1-424b-9868-57a2d4851a1d" relativeResultsDirectory="29725ad6-0047-4765-a47f-2b7ed40a38d6" />
    <UnitTestResult executionId="dfb524e6-177c-4893-b33a-84b906378f5b" testId="b709e49e-f3ca-7f99-b687-7c6aa84a4ee5" testName="RestAll.Desktop.Tests.Integration.ErrorHandlingIntegrationTests.ProfileGateway_WhenUnauthorized_ShouldReturnNull" computerName="DESKTOP-OH9J6T6" duration="00:00:00.0024985" startTime="2026-05-14T18:47:11.3857199+02:00" endTime="2026-05-14T18:47:11.3857199+02:00" testType="13cdc9d9-ddb5-4fa4-a97d-d965ccfc6d4b" outcome="Passed" testListId="8c84fa94-04c1-424b-9868-57a2d4851a1d" relativeResultsDirectory="dfb524e6-177c-4893-b33a-84b906378f5b" />
    <UnitTestResult executionId="0d6749cd-5833-46bb-bdce-7dae89ffb106" testId="ac78fcce-9212-435f-fdca-41901ab13ee5" testName="RestAll.Desktop.Tests.ViewModels.RelayCommandTests.RaiseCanExecuteChanged_ShouldRaiseCanExecuteChangedEvent" computerName="DESKTOP-OH9J6T6" duration="00:00:00.0010498" startTime="2026-05-14T18:47:11.4591971+02:00" endTime="2026-05-14T18:47:11.4591972+02:00" testType="13cdc9d9-ddb5-4fa4-a97d-d965ccfc6d4b" outcome="Passed" testListId="8c84fa94-04c1-424b-9868-57a2d4851a1d" relativeResultsDirectory="0d6749cd-5833-46bb-bdce-7dae89ffb106" />
    <UnitTestResult executionId="b5873fc5-74f0-4e1e-bc70-843ee4b77273" testId="0e7ddcf4-f461-b73d-aa07-0b1d9ad3cd59" testName="RestAll.Desktop.Tests.Infrastructure.Orders.HttpOrderGatewayTests.PayOrderAsync_WithSuccessResponse_ShouldReturnTrue" computerName="DESKTOP-OH9J6T6" duration="00:00:00.0024692" startTime="2026-05-14T18:47:11.3831636+02:00" endTime="2026-05-14T18:47:11.3831636+02:00" testType="13cdc9d9-ddb5-4fa4-a97d-d965ccfc6d4b" outcome="Passed" testListId="8c84fa94-04c1-424b-9868-57a2d4851a1d" relativeResultsDirectory="b5873fc5-74f0-4e1e-bc70-843ee4b77273" />
    <UnitTestResult executionId="8aed7092-524e-4876-89c3-50b815133d40" testId="b73fb1f9-3fc9-22a9-f430-11c8f0cb809b" testName="RestAll.Desktop.Tests.Infrastructure.Menu.HttpMenuGatewayTests.GetItemsAsync_WithErrorResponse_ShouldReturnEmptyList" computerName="DESKTOP-OH9J6T6" duration="00:00:00.0078946" startTime="2026-05-14T18:47:11.4352001+02:00" endTime="2026-05-14T18:47:11.4352003+02:00" testType="13cdc9d9-ddb5-4fa4-a97d-d965ccfc6d4b" outcome="Passed" testListId="8c84fa94-04c1-424b-9868-57a2d4851a1d" relativeResultsDirectory="8aed7092-524e-4876-89c3-50b815133d40" />
    <UnitTestResult executionId="3d9400a4-8f59-4e50-93fe-139e49cad989" testId="ffdf3821-3a06-7a4b-2b60-4b1c4c1313d5" testName="RestAll.Desktop.Tests.Infrastructure.Menu.HttpMenuGatewayTests.GetCategoriesAsync_WithSuccessResponse_ShouldReturnCategories" computerName="DESKTOP-OH9J6T6" duration="00:00:00.0061359" startTime="2026-05-14T18:47:11.4261383+02:00" endTime="2026-05-14T18:47:11.4261386+02:00" testType="13cdc9d9-ddb5-4fa4-a97d-d965ccfc6d4b" outcome="Passed" testListId="8c84fa94-04c1-424b-9868-57a2d4851a1d" relativeResultsDirectory="3d9400a4-8f59-4e50-93fe-139e49cad989" />
    <UnitTestResult executionId="a861cd86-e24d-4df7-b049-658ce9c12b9f" testId="72ecdd0a-4cbc-841f-1b7f-22bd51d80f0e" testName="RestAll.Desktop.Tests.ViewModels.CancelableViewModelBaseTests.StatusMessage_WhenSet_ShouldRaisePropertyChanged" computerName="DESKTOP-OH9J6T6" duration="00:00:00.0009606" startTime="2026-05-14T18:47:11.4083458+02:00" endTime="2026-05-14T18:47:11.4083460+02:00" testType="13cdc9d9-ddb5-4fa4-a97d-d965ccfc6d4b" outcome="Passed" testListId="8c84fa94-04c1-424b-9868-57a2d4851a1d" relativeResultsDirectory="a861cd86-e24d-4df7-b049-658ce9c12b9f" />
    <UnitTestResult executionId="62f7c338-0acf-4c17-9bac-570c66bfce1c" testId="17773f08-82b1-3d95-32f4-e659583e19c7" testName="RestAll.Desktop.Tests.Infrastructure.Orders.HttpOrderGatewayTests.GetOrdersAsync_WithErrorResponse_ShouldReturnEmptyList" computerName="DESKTOP-OH9J6T6" duration="00:00:00.0026130" startTime="2026-05-14T18:47:11.3834551+02:00" endTime="2026-05-14T18:47:11.3834552+02:00" testType="13cdc9d9-ddb5-4fa4-a97d-d965ccfc6d4b" outcome="Passed" testListId="8c84fa94-04c1-424b-9868-57a2d4851a1d" relativeResultsDirectory="62f7c338-0acf-4c17-9bac-570c66bfce1c" />
    <UnitTestResult executionId="4dd7bc74-ae44-4b43-80de-c8af7b41e274" testId="cece90b1-1eea-286f-e8b2-57b2d7ac0277" testName="RestAll.Desktop.Tests.ViewModels.ViewModelBaseTests.SetProperty_WithIntValue_ShouldRaisePropertyChanged" computerName="DESKTOP-OH9J6T6" duration="00:00:00.0037421" startTime="2026-05-14T18:47:11.3873576+02:00" endTime="2026-05-14T18:47:11.3873577+02:00" testType="13cdc9d9-ddb5-4fa4-a97d-d965ccfc6d4b" outcome="Passed" testListId="8c84fa94-04c1-424b-9868-57a2d4851a1d" relativeResultsDirectory="4dd7bc74-ae44-4b43-80de-c8af7b41e274" />
    <UnitTestResult executionId="1bdeeaff-2738-4f0b-8152-50a54788c887" testId="e8e33c22-e4e8-3fe7-9d46-cae1c7e98a60" testName="RestAll.Desktop.Tests.Integration.AuthenticationIntegrationTests.TokenRefreshFlow_AfterExpiredToken_ShouldHandleGracefully" computerName="DESKTOP-OH9J6T6" duration="00:00:00.1149902" startTime="2026-05-14T18:47:11.3831201+02:00" endTime="2026-05-14T18:47:11.3831202+02:00" testType="13cdc9d9-ddb5-4fa4-a97d-d965ccfc6d4b" outcome="Passed" testListId="8c84fa94-04c1-424b-9868-57a2d4851a1d" relativeResultsDirectory="1bdeeaff-2738-4f0b-8152-50a54788c887" />
    <UnitTestResult executionId="68880f7c-a7f8-4d6d-bcfa-177b2ac7c657" testId="aafee567-7b53-70d1-fab9-cc6331946c31" testName="RestAll.Desktop.Tests.Integration.ErrorHandlingIntegrationTests.TablesGateway_WhenNetworkError_ShouldReturnEmptyList" computerName="DESKTOP-OH9J6T6" duration="00:00:00.0163871" startTime="2026-05-14T18:47:11.3938305+02:00" endTime="2026-05-14T18:47:11.3938307+02:00" testType="13cdc9d9-ddb5-4fa4-a97d-d965ccfc6d4b" outcome="Passed" testListId="8c84fa94-04c1-424b-9868-57a2d4851a1d" relativeResultsDirectory="68880f7c-a7f8-4d6d-bcfa-177b2ac7c657" />
    <UnitTestResult executionId="acfa72ee-6ffd-42ff-acad-86ee2ae9ff67" testId="20ca4d61-f51a-df26-8a35-e70954d856a5" testName="RestAll.Desktop.Tests.ViewModels.TablesViewModelTests.LoadTablesCommand_ShouldLoadTables" computerName="DESKTOP-OH9J6T6" duration="00:00:00.2095180" startTime="2026-05-14T18:47:12.0700996+02:00" endTime="2026-05-14T18:47:12.0700998+02:00" testType="13cdc9d9-ddb5-4fa4-a97d-d965ccfc6d4b" outcome="Passed" testListId="8c84fa94-04c1-424b-9868-57a2d4851a1d" relativeResultsDirectory="acfa72ee-6ffd-42ff-acad-86ee2ae9ff67" />
    <UnitTestResult executionId="562d6264-f3c6-409c-a25d-c168ff9508ba" testId="502def2e-b64f-151a-029b-ff10ef798244" testName="RestAll.Desktop.Tests.ViewModels.TablesViewModelTests.Cancel_ShouldCancelCancellationToken" computerName="DESKTOP-OH9J6T6" duration="00:00:00.0002396" startTime="2026-05-14T18:47:11.6381038+02:00" endTime="2026-05-14T18:47:11.6381039+02:00" testType="13cdc9d9-ddb5-4fa4-a97d-d965ccfc6d4b" outcome="Passed" testListId="8c84fa94-04c1-424b-9868-57a2d4851a1d" relativeResultsDirectory="562d6264-f3c6-409c-a25d-c168ff9508ba" />
    <UnitTestResult executionId="2007c19e-f920-4170-affa-284fc4a79260" testId="ee7a12fc-81bb-67fa-22a5-eef2a4d9b3c1" testName="RestAll.Desktop.Tests.Infrastructure.Auth.HttpAuthGatewayTests.LogoutAsync_ShouldNotThrowException" computerName="DESKTOP-OH9J6T6" duration="00:00:00.0045831" startTime="2026-05-14T18:47:11.4041516+02:00" endTime="2026-05-14T18:47:11.4041517+02:00" testType="13cdc9d9-ddb5-4fa4-a97d-d965ccfc6d4b" outcome="Passed" testListId="8c84fa94-04c1-424b-9868-57a2d4851a1d" relativeResultsDirectory="2007c19e-f920-4170-affa-284fc4a79260" />
    <UnitTestResult executionId="0234d3d9-5247-4bbd-a532-217df346694f" testId="4841c4bf-1bfa-1cd9-4395-ed7fd0ae13b3" testName="RestAll.Desktop.Tests.Auth.HttpProfileGatewayTests.GetProfileAsync_ShouldReturnNull_WhenRequestFails" computerName="DESKTOP-OH9J6T6" duration="00:00:00.0034774" startTime="2026-05-14T18:47:11.3858847+02:00" endTime="2026-05-14T18:47:11.3858848+02:00" testType="13cdc9d9-ddb5-4fa4-a97d-d965ccfc6d4b" outcome="Passed" testListId="8c84fa94-04c1-424b-9868-57a2d4851a1d" relativeResultsDirectory="0234d3d9-5247-4bbd-a532-217df346694f" />
    <UnitTestResult executionId="200f306b-ffc1-4a6a-86bb-3751c930b675" testId="7d6c472f-f05e-effe-63cd-a2bd23d117e1" testName="RestAll.Desktop.Tests.ViewModels.RelayCommandTests.CanExecute_WithParameter_ShouldUsePredicate" computerName="DESKTOP-OH9J6T6" duration="00:00:00.0011852" startTime="2026-05-14T18:47:11.4385753+02:00" endTime="2026-05-14T18:47:11.4385754+02:00" testType="13cdc9d9-ddb5-4fa4-a97d-d965ccfc6d4b" outcome="Passed" testListId="8c84fa94-04c1-424b-9868-57a2d4851a1d" relativeResultsDirectory="200f306b-ffc1-4a6a-86bb-3751c930b675" />
    <UnitTestResult executionId="3d4a2ec6-3f97-47cd-af71-98abba782dd0" testId="5e032bac-7603-b844-a6d7-ba76d6db83e2" testName="RestAll.Desktop.Tests.ViewModels.ReservationsViewModelTests.LoadReservationsCommand_ShouldBeExecutable_WhenNotLoading" computerName="DESKTOP-OH9J6T6" duration="00:00:00.0005830" startTime="2026-05-14T18:47:11.4529553+02:00" endTime="2026-05-14T18:47:11.4529554+02:00" testType="13cdc9d9-ddb5-4fa4-a97d-d965ccfc6d4b" outcome="Passed" testListId="8c84fa94-04c1-424b-9868-57a2d4851a1d" relativeResultsDirectory="3d4a2ec6-3f97-47cd-af71-98abba782dd0" />
    <UnitTestResult executionId="6dcf7023-5367-41df-86ac-5ea553f80e5b" testId="8fd16770-e1d6-cafc-cd6e-d8d18891decc" testName="RestAll.Desktop.Tests.ViewModels.OrdersViewModelTests.IsLoading_WhenSetToTrue_ShouldDisableCommands" computerName="DESKTOP-OH9J6T6" duration="00:00:00.0003768" startTime="2026-05-14T18:47:12.0544677+02:00" endTime="2026-05-14T18:47:12.0544678+02:00" testType="13cdc9d9-ddb5-4fa4-a97d-d965ccfc6d4b" outcome="Passed" testListId="8c84fa94-04c1-424b-9868-57a2d4851a1d" relativeResultsDirectory="6dcf7023-5367-41df-86ac-5ea553f80e5b" />
    <UnitTestResult executionId="2d9dbd2f-53dd-4c29-aac5-5cd62c321318" testId="a12c95db-b415-ee2b-214e-8673820dab29" testName="RestAll.Desktop.Tests.Reservations.ManageReservationsUseCaseTests.CancelReservationAsync_ShouldReturnTrueOnSuccess" computerName="DESKTOP-OH9J6T6" duration="00:00:00.0050535" startTime="2026-05-14T18:47:11.3879773+02:00" endTime="2026-05-14T18:47:11.3879773+02:00" testType="13cdc9d9-ddb5-4fa4-a97d-d965ccfc6d4b" outcome="Passed" testListId="8c84fa94-04c1-424b-9868-57a2d4851a1d" relativeResultsDirectory="2d9dbd2f-53dd-4c29-aac5-5cd62c321318" />
    <UnitTestResult executionId="e0a2d9b9-2305-46e3-bf52-53c2c476569c" testId="0370fd04-67b7-9bf5-6952-c8beeede10fd" testName="RestAll.Desktop.Tests.ViewModels.MenuViewModelTests.IsLoading_WhenSetToFalse_ShouldEnableCommand" computerName="DESKTOP-OH9J6T6" duration="00:00:00.0074760" startTime="2026-05-14T18:47:11.4315201+02:00" endTime="2026-05-14T18:47:11.4316638+02:00" testType="13cdc9d9-ddb5-4fa4-a97d-d965ccfc6d4b" outcome="Passed" testListId="8c84fa94-04c1-424b-9868-57a2d4851a1d" relativeResultsDirectory="e0a2d9b9-2305-46e3-bf52-53c2c476569c" />
    <UnitTestResult executionId="57545d11-753f-4e6c-9199-86446856d973" testId="b9f8b27e-9c09-45f2-50a6-79269b74e784" testName="RestAll.Desktop.Tests.App.AppTests.OnStartup_ShouldRegisterAllCoreServices" computerName="DESKTOP-OH9J6T6" duration="00:00:00.1759083" startTime="2026-05-14T18:47:11.5439398+02:00" endTime="2026-05-14T18:47:11.5439400+02:00" testType="13cdc9d9-ddb5-4fa4-a97d-d965ccfc6d4b" outcome="Passed" testListId="8c84fa94-04c1-424b-9868-57a2d4851a1d" relativeResultsDirectory="57545d11-753f-4e6c-9199-86446856d973" />
    <UnitTestResult executionId="11a8c11f-7257-4c97-819f-23afa3c1ff61" testId="31f713ad-c990-cba7-c076-efd14305ff4e" testName="RestAll.Desktop.Tests.ViewModels.ViewModelBaseTests.SetProperty_WithSameValue_ShouldNotRaisePropertyChanged" computerName="DESKTOP-OH9J6T6" duration="00:00:00.0006942" startTime="2026-05-14T18:47:11.3885908+02:00" endTime="2026-05-14T18:47:11.3885909+02:00" testType="13cdc9d9-ddb5-4fa4-a97d-d965ccfc6d4b" outcome="Passed" testListId="8c84fa94-04c1-424b-9868-57a2d4851a1d" relativeResultsDirectory="11a8c11f-7257-4c97-819f-23afa3c1ff61" />
    <UnitTestResult executionId="b67a3034-61fc-4852-b949-6d1a9bb9ce92" testId="409f92f5-4585-e3ec-39d5-028716654140" testName="RestAll.Desktop.Tests.ViewModels.MenuViewModelTests.LoadMenuCommand_ShouldLoadCategoriesAndItems" computerName="DESKTOP-OH9J6T6" duration="00:00:00.2093222" startTime="2026-05-14T18:47:11.8623648+02:00" endTime="2026-05-14T18:47:11.8623649+02:00" testType="13cdc9d9-ddb5-4fa4-a97d-d965ccfc6d4b" outcome="Passed" testListId="8c84fa94-04c1-424b-9868-57a2d4851a1d" relativeResultsDirectory="b67a3034-61fc-4852-b949-6d1a9bb9ce92" />
    <UnitTestResult executionId="08a1faec-e63a-4ca3-adab-e58d2c3ac174" testId="ec54a5ea-f949-92ad-53c3-e167bc04be63" testName="RestAll.Desktop.Tests.ViewModels.CancelableViewModelBaseTests.GetCancellationToken_ShouldReturnNewCancellationToken" computerName="DESKTOP-OH9J6T6" duration="00:00:00.0009115" startTime="2026-05-14T18:47:11.4150417+02:00" endTime="2026-05-14T18:47:11.4150418+02:00" testType="13cdc9d9-ddb5-4fa4-a97d-d965ccfc6d4b" outcome="Passed" testListId="8c84fa94-04c1-424b-9868-57a2d4851a1d" relativeResultsDirectory="08a1faec-e63a-4ca3-adab-e58d2c3ac174" />
    <UnitTestResult executionId="829ae1b4-072f-4cae-88e6-19816c777853" testId="84a276f5-7eb5-2152-b59b-d278b0750b0a" testName="RestAll.Desktop.Tests.Auth.ManageProfileUseCaseTests.UpdateProfileAsync_ShouldCallGatewayWithExpectedPayload" computerName="DESKTOP-OH9J6T6" duration="00:00:00.2069475" startTime="2026-05-14T18:47:11.3758660+02:00" endTime="2026-05-14T18:47:11.3758660+02:00" testType="13cdc9d9-ddb5-4fa4-a97d-d965ccfc6d4b" outcome="Passed" testListId="8c84fa94-04c1-424b-9868-57a2d4851a1d" relativeResultsDirectory="829ae1b4-072f-4cae-88e6-19816c777853" />
    <UnitTestResult executionId="291c3b58-5863-45d9-b4fe-fd1a035cae9b" testId="20ac5098-a18e-a837-4d43-0d3ed2723564" testName="RestAll.Desktop.Tests.Infrastructure.Tables.HttpTableGatewayTests.GetTablesAsync_WithSuccessResponse_ShouldReturnTables" computerName="DESKTOP-OH9J6T6" duration="00:00:00.0040634" startTime="2026-05-14T18:47:11.4100562+02:00" endTime="2026-05-14T18:47:11.4100564+02:00" testType="13cdc9d9-ddb5-4fa4-a97d-d965ccfc6d4b" outcome="Passed" testListId="8c84fa94-04c1-424b-9868-57a2d4851a1d" relativeResultsDirectory="291c3b58-5863-45d9-b4fe-fd1a035cae9b" />
    <UnitTestResult executionId="de865f0e-0bab-44eb-bfad-14cd4b36ab45" testId="2bcdd9b8-3f08-e020-56fc-7c01d69d5c8f" testName="RestAll.Desktop.Tests.ViewModels.LoginViewModelTests.LoginCommand_WithValidCredentials_ShouldRespectIsLoadingState" computerName="DESKTOP-OH9J6T6" duration="00:00:00.0002905" startTime="2026-05-14T18:47:11.4765962+02:00" endTime="2026-05-14T18:47:11.4765963+02:00" testType="13cdc9d9-ddb5-4fa4-a97d-d965ccfc6d4b" outcome="Passed" testListId="8c84fa94-04c1-424b-9868-57a2d4851a1d" relativeResultsDirectory="de865f0e-0bab-44eb-bfad-14cd4b36ab45" />
    <UnitTestResult executionId="198cddea-b59c-4016-b847-2d0c2f495f61" testId="146e8b31-d177-770a-01c9-b5c8e12ea7bf" testName="RestAll.Desktop.Tests.Infrastructure.Menu.HttpMenuGatewayTests.GetCategoriesAsync_WithErrorResponse_ShouldReturnEmptyList" computerName="DESKTOP-OH9J6T6" duration="00:00:00.0012160" startTime="2026-05-14T18:47:11.4272213+02:00" endTime="2026-05-14T18:47:11.4272214+02:00" testType="13cdc9d9-ddb5-4fa4-a97d-d965ccfc6d4b" outcome="Passed" testListId="8c84fa94-04c1-424b-9868-57a2d4851a1d" relativeResultsDirectory="198cddea-b59c-4016-b847-2d0c2f495f61" />
    <UnitTestResult executionId="bc222b8f-563b-4507-acf6-b640734e9153" testId="b3e6bea8-0643-6f80-d8fc-adcbb3e6c2f5" testName="RestAll.Desktop.Tests.ViewModels.MenuViewModelTests.Constructor_ShouldInitializeProperties" computerName="DESKTOP-OH9J6T6" duration="00:00:00.0016734" startTime="2026-05-14T18:47:11.4333502+02:00" endTime="2026-05-14T18:47:11.4333502+02:00" testType="13cdc9d9-ddb5-4fa4-a97d-d965ccfc6d4b" outcome="Passed" testListId="8c84fa94-04c1-424b-9868-57a2d4851a1d" relativeResultsDirectory="bc222b8f-563b-4507-acf6-b640734e9153" />
    <UnitTestResult executionId="2cad6f6f-97c0-4f77-ac7a-1373095a58f7" testId="0dbc17e5-8515-9b37-de36-9bc77c94518d" testName="RestAll.Desktop.Tests.Reservations.HttpReservationGatewayTests.CancelReservationAsync_ShouldReturnFalseOnFailure" computerName="DESKTOP-OH9J6T6" duration="00:00:00.0023570" startTime="2026-05-14T18:47:11.4769049+02:00" endTime="2026-05-14T18:47:11.4769050+02:00" testType="13cdc9d9-ddb5-4fa4-a97d-d965ccfc6d4b" outcome="Passed" testListId="8c84fa94-04c1-424b-9868-57a2d4851a1d" relativeResultsDirectory="2cad6f6f-97c0-4f77-ac7a-1373095a58f7" />
    <UnitTestResult executionId="1a1acc23-d471-4d10-8c32-9d751bb3f27d" testId="7bd0a64c-ddc7-a53e-e4c9-24916296ef4a" testName="RestAll.Desktop.Tests.ViewModels.ViewModelBaseTests.SetProperty_WhenValueChanges_ShouldRaisePropertyChanged" computerName="DESKTOP-OH9J6T6" duration="00:00:00.0055817" startTime="2026-05-14T18:47:11.3871780+02:00" endTime="2026-05-14T18:47:11.3871780+02:00" testType="13cdc9d9-ddb5-4fa4-a97d-d965ccfc6d4b" outcome="Passed" testListId="8c84fa94-04c1-424b-9868-57a2d4851a1d" relativeResultsDirectory="1a1acc23-d471-4d10-8c32-9d751bb3f27d" />
    <UnitTestResult executionId="57a24888-61a3-4ada-bcf1-8c54abea36b5" testId="9347c822-70f8-653c-452a-18beebca5927" testName="RestAll.Desktop.Tests.Infrastructure.Tables.HttpTableGatewayTests.UpdateTableStatusAsync_WithSuccessResponse_ShouldReturnTrue" computerName="DESKTOP-OH9J6T6" duration="00:00:00.0045738" startTime="2026-05-14T18:47:11.4147249+02:00" endTime="2026-05-14T18:47:11.4147251+02:00" testType="13cdc9d9-ddb5-4fa4-a97d-d965ccfc6d4b" outcome="Passed" testListId="8c84fa94-04c1-424b-9868-57a2d4851a1d" relativeResultsDirectory="57a24888-61a3-4ada-bcf1-8c54abea36b5" />
    <UnitTestResult executionId="68653a9c-5be9-4e9d-aecb-4c10c0f6217e" testId="83f1db31-0e35-fe90-9001-58da94794981" testName="RestAll.Desktop.Tests.Menu.GetMenuUseCaseTests.GetItemsAsync_ShouldReturnItems" computerName="DESKTOP-OH9J6T6" duration="00:00:00.2186704" startTime="2026-05-14T18:47:11.3842158+02:00" endTime="2026-05-14T18:47:11.3842159+02:00" testType="13cdc9d9-ddb5-4fa4-a97d-d965ccfc6d4b" outcome="Passed" testListId="8c84fa94-04c1-424b-9868-57a2d4851a1d" relativeResultsDirectory="68653a9c-5be9-4e9d-aecb-4c10c0f6217e" />
    <UnitTestResult executionId="a9c16e69-359b-423a-a6d1-84f3be780859" testId="ed2fc43c-f183-0d84-b555-65898f6dbe66" testName="RestAll.Desktop.Tests.ViewModels.RelayCommandTests.CanExecute_WithoutPredicate_ShouldReturnTrue" computerName="DESKTOP-OH9J6T6" duration="00:00:00.0003230" startTime="2026-05-14T18:47:11.4580997+02:00" endTime="2026-05-14T18:47:11.4580999+02:00" testType="13cdc9d9-ddb5-4fa4-a97d-d965ccfc6d4b" outcome="Passed" testListId="8c84fa94-04c1-424b-9868-57a2d4851a1d" relativeResultsDirectory="a9c16e69-359b-423a-a6d1-84f3be780859" />
    <UnitTestResult executionId="1d0a6400-706e-4495-a8bb-57bf9d94feb9" testId="f0dbfc1a-8c90-be76-ad8a-71525b2d24e2" testName="RestAll.Desktop.Tests.ViewModels.KitchenViewModelTests.UpdateTicketStatusCommand_WhenSuccess_ShouldCallUseCase" computerName="DESKTOP-OH9J6T6" duration="00:00:00.2160573" startTime="2026-05-14T18:47:11.8850194+02:00" endTime="2026-05-14T18:47:11.8850196+02:00" testType="13cdc9d9-ddb5-4fa4-a97d-d965ccfc6d4b" outcome="Passed" testListId="8c84fa94-04c1-424b-9868-57a2d4851a1d" relativeResultsDirectory="1d0a6400-706e-4495-a8bb-57bf9d94feb9" />
    <UnitTestResult executionId="01b4888f-0ff7-48fd-b9da-10bbdd88d78a" testId="246ca988-1420-2659-28ef-22859d73be2c" testName="RestAll.Desktop.Tests.ViewModels.ProfileViewModelTests.LoadProfileCommand_ShouldNotBeExecutable_WhenLoading" computerName="DESKTOP-OH9J6T6" duration="00:00:00.0008280" startTime="2026-05-14T18:47:11.4129520+02:00" endTime="2026-05-14T18:47:11.4129521+02:00" testType="13cdc9d9-ddb5-4fa4-a97d-d965ccfc6d4b" outcome="Passed" testListId="8c84fa94-04c1-424b-9868-57a2d4851a1d" relativeResultsDirectory="01b4888f-0ff7-48fd-b9da-10bbdd88d78a" />
    <UnitTestResult executionId="72e3e584-34bd-4378-991e-e49f6fb209ec" testId="e6e607f4-e6a2-7ac2-1e04-dd36cb5a4164" testName="RestAll.Desktop.Tests.ViewModels.TablesViewModelTests.Constructor_ShouldInitializeProperties" computerName="DESKTOP-OH9J6T6" duration="00:00:00.0003788" startTime="2026-05-14T18:47:12.2872602+02:00" endTime="2026-05-14T18:47:12.2872604+02:00" testType="13cdc9d9-ddb5-4fa4-a97d-d965ccfc6d4b" outcome="Passed" testListId="8c84fa94-04c1-424b-9868-57a2d4851a1d" relativeResultsDirectory="72e3e584-34bd-4378-991e-e49f6fb209ec" />
    <UnitTestResult executionId="ae6c78aa-db80-4bb4-aa77-dc119ffc24ae" testId="c44d1767-03ab-4053-abe9-9637086c42a1" testName="RestAll.Desktop.Tests.App.AppTests.OnStartup_ShouldRegisterAllInfrastructureServices" computerName="DESKTOP-OH9J6T6" duration="00:00:00.0069665" startTime="2026-05-14T18:47:11.5509739+02:00" endTime="2026-05-14T18:47:11.5509742+02:00" testType="13cdc9d9-ddb5-4fa4-a97d-d965ccfc6d4b" outcome="Passed" testListId="8c84fa94-04c1-424b-9868-57a2d4851a1d" relativeResultsDirectory="ae6c78aa-db80-4bb4-aa77-dc119ffc24ae" />
    <UnitTestResult executionId="1c97bb11-dff3-4e68-b838-a341b0a7933e" testId="c7dad7ba-9c5e-e640-dcaa-e34513661485" testName="RestAll.Desktop.Tests.ViewModels.ReservationsViewModelTests.CancelReservationAsync_ShouldCancelReservation" computerName="DESKTOP-OH9J6T6" duration="00:00:00.2069921" startTime="2026-05-14T18:47:11.3759090+02:00" endTime="2026-05-14T18:47:11.3759090+02:00" testType="13cdc9d9-ddb5-4fa4-a97d-d965ccfc6d4b" outcome="Passed" testListId="8c84fa94-04c1-424b-9868-57a2d4851a1d" relativeResultsDirectory="1c97bb11-dff3-4e68-b838-a341b0a7933e" />
    <UnitTestResult executionId="7ecaaa93-bf57-4030-9c5a-27e4fa21bac7" testId="6a7bd55e-c69c-04fd-7efb-8143a5278520" testName="RestAll.Desktop.Tests.Auth.AuthenticateUserUseCaseTests.LoginAsync_WithTwoFactorRequired_ShouldReturnRequiresTwoFactor" computerName="DESKTOP-OH9J6T6" duration="00:00:00.0041117" startTime="2026-05-14T18:47:11.3921372+02:00" endTime="2026-05-14T18:47:11.3921373+02:00" testType="13cdc9d9-ddb5-4fa4-a97d-d965ccfc6d4b" outcome="Passed" testListId="8c84fa94-04c1-424b-9868-57a2d4851a1d" relativeResultsDirectory="7ecaaa93-bf57-4030-9c5a-27e4fa21bac7" />
    <UnitTestResult executionId="f1e6f3ce-2c42-43f8-960b-753ccd118757" testId="06a3779c-0750-6f74-f3a2-29503e3a05c9" testName="RestAll.Desktop.Tests.Infrastructure.Kitchen.HttpKitchenGatewayTests.GetActiveTicketsAsync_WithErrorResponse_ShouldReturnEmptyList" computerName="DESKTOP-OH9J6T6" duration="00:00:00.0024996" startTime="2026-05-14T18:47:11.3872243+02:00" endTime="2026-05-14T18:47:11.3872243+02:00" testType="13cdc9d9-ddb5-4fa4-a97d-d965ccfc6d4b" outcome="Passed" testListId="8c84fa94-04c1-424b-9868-57a2d4851a1d" relativeResultsDirectory="f1e6f3ce-2c42-43f8-960b-753ccd118757" />
    <UnitTestResult executionId="529ce5c2-a91a-4942-aebd-82f5f88f8652" testId="92390520-037f-a359-f78e-be70d3ac16d2" testName="RestAll.Desktop.Tests.Auth.RefreshTokenTests.RefreshTokenAsync_ShouldReturnNewSession_WhenRefreshSucceeds" computerName="DESKTOP-OH9J6T6" duration="00:00:00.0044013" startTime="2026-05-14T18:47:11.4684420+02:00" endTime="2026-05-14T18:47:11.4684421+02:00" testType="13cdc9d9-ddb5-4fa4-a97d-d965ccfc6d4b" outcome="Passed" testListId="8c84fa94-04c1-424b-9868-57a2d4851a1d" relativeResultsDirectory="529ce5c2-a91a-4942-aebd-82f5f88f8652" />
    <UnitTestResult executionId="e78455c4-4a02-4039-8a26-cbd0bac52a7a" testId="e7a1457e-191f-f42f-88ff-9ac323498a37" testName="RestAll.Desktop.Tests.ViewModels.CancelableViewModelBaseTests.IsLoading_WhenSetToTrue_ShouldRaisePropertyChanged" computerName="DESKTOP-OH9J6T6" duration="00:00:00.0024358" startTime="2026-05-14T18:47:11.4042263+02:00" endTime="2026-05-14T18:47:11.4042264+02:00" testType="13cdc9d9-ddb5-4fa4-a97d-d965ccfc6d4b" outcome="Passed" testListId="8c84fa94-04c1-424b-9868-57a2d4851a1d" relativeResultsDirectory="e78455c4-4a02-4039-8a26-cbd0bac52a7a" />
    <UnitTestResult executionId="8a1dd1f4-a661-4a31-8f6a-0c6b6a1cea4e" testId="a3156326-7054-e864-481e-836ce372d591" testName="RestAll.Desktop.Tests.Integration.ProfileIntegrationTests.FullProfileFlow_ShouldWork" computerName="DESKTOP-OH9J6T6" duration="00:00:00.0114580" startTime="2026-05-14T18:47:11.3970209+02:00" endTime="2026-05-14T18:47:11.3970210+02:00" testType="13cdc9d9-ddb5-4fa4-a97d-d965ccfc6d4b" outcome="Passed" testListId="8c84fa94-04c1-424b-9868-57a2d4851a1d" relativeResultsDirectory="8a1dd1f4-a661-4a31-8f6a-0c6b6a1cea4e" />
    <UnitTestResult executionId="2446d159-798d-48f3-b17f-aff933a2c7c5" testId="6e612b64-cd33-dc16-2027-56b8d53debfd" testName="RestAll.Desktop.Tests.ViewModels.LoginViewModelTests.LoginCommand_WithoutValidCredentials_ShouldNotBeExecutable" computerName="DESKTOP-OH9J6T6" duration="00:00:00.0001557" startTime="2026-05-14T18:47:11.4801640+02:00" endTime="2026-05-14T18:47:11.4801641+02:00" testType="13cdc9d9-ddb5-4fa4-a97d-d965ccfc6d4b" outcome="Passed" testListId="8c84fa94-04c1-424b-9868-57a2d4851a1d" relativeResultsDirectory="2446d159-798d-48f3-b17f-aff933a2c7c5" />
    <UnitTestResult executionId="3ddd96e9-75fe-4d85-8c63-9e23f38550ef" testId="b9b34c0b-72ae-01d3-f4b7-3afa8d76cd9d" testName="RestAll.Desktop.Tests.ViewModels.CancelableViewModelBaseTests.ExecuteWithCancellationAsync_WhenActionThrows_ShouldSetStatusMessage" computerName="DESKTOP-OH9J6T6" duration="00:00:00.2344448" startTime="2026-05-14T18:47:11.3913779+02:00" endTime="2026-05-14T18:47:11.3913780+02:00" testType="13cdc9d9-ddb5-4fa4-a97d-d965ccfc6d4b" outcome="Passed" testListId="8c84fa94-04c1-424b-9868-57a2d4851a1d" relativeResultsDirectory="3ddd96e9-75fe-4d85-8c63-9e23f38550ef" />
    <UnitTestResult executionId="c0793515-505d-4966-a341-bd06ef17eaf9" testId="7e6cbd39-7897-de75-8edd-03d36062dab6" testName="RestAll.Desktop.Tests.Auth.ManageProfileUseCaseTests.GetProfileAsync_ShouldReturnNull_WhenNoSession" computerName="DESKTOP-OH9J6T6" duration="00:00:00.0063791" startTime="2026-05-14T18:47:11.3849928+02:00" endTime="2026-05-14T18:47:11.3849929+02:00" testType="13cdc9d9-ddb5-4fa4-a97d-d965ccfc6d4b" outcome="Passed" testListId="8c84fa94-04c1-424b-9868-57a2d4851a1d" relativeResultsDirectory="c0793515-505d-4966-a341-bd06ef17eaf9" />
    <UnitTestResult executionId="89466bc0-b6e9-4905-98db-8a8580a168ba" testId="80fa8e77-bb83-b334-8acc-1fb908ff09cf" testName="RestAll.Desktop.Tests.Infrastructure.Auth.HttpAuthGatewayTests.LoginAsync_WithNetworkError_ShouldReturnAnonymous" computerName="DESKTOP-OH9J6T6" duration="00:00:00.0019536" startTime="2026-05-14T18:47:11.4333989+02:00" endTime="2026-05-14T18:47:11.4333990+02:00" testType="13cdc9d9-ddb5-4fa4-a97d-d965ccfc6d4b" outcome="Passed" testListId="8c84fa94-04c1-424b-9868-57a2d4851a1d" relativeResultsDirectory="89466bc0-b6e9-4905-98db-8a8580a168ba" />
    <UnitTestResult executionId="a0507780-d328-45cd-b08e-a10e31439717" testId="0ed18110-f9ba-d989-4746-310e9dfe7dd1" testName="RestAll.Desktop.Tests.Integration.AuthenticationIntegrationTests.FullAuthFlow_ShouldWork" computerName="DESKTOP-OH9J6T6" duration="00:00:00.0342673" startTime="2026-05-14T18:47:11.3878509+02:00" endTime="2026-05-14T18:47:11.3878510+02:00" testType="13cdc9d9-ddb5-4fa4-a97d-d965ccfc6d4b" outcome="Passed" testListId="8c84fa94-04c1-424b-9868-57a2d4851a1d" relativeResultsDirectory="a0507780-d328-45cd-b08e-a10e31439717" />
    <UnitTestResult executionId="f14c565f-1af8-46b4-be8c-d1271fdf8758" testId="402cf93a-1683-0d5e-ed22-33669e0f7813" testName="RestAll.Desktop.Tests.Infrastructure.Auth.HttpAuthGatewayTests.LoginAsync_WithErrorResponse_ShouldReturnAnonymous" computerName="DESKTOP-OH9J6T6" duration="00:00:00.0014889" startTime="2026-05-14T18:47:11.4264230+02:00" endTime="2026-05-14T18:47:11.4264231+02:00" testType="13cdc9d9-ddb5-4fa4-a97d-d965ccfc6d4b" outcome="Passed" testListId="8c84fa94-04c1-424b-9868-57a2d4851a1d" relativeResultsDirectory="f14c565f-1af8-46b4-be8c-d1271fdf8758" />
    <UnitTestResult executionId="9be469f9-f50b-455c-8459-e972e244864c" testId="32157692-2ad3-3fd7-aaaf-56bdefd1a16b" testName="RestAll.Desktop.Tests.Infrastructure.Auth.HttpAuthGatewayTests.LoginAsync_WithSuccessResponse_ShouldReturnAuthenticated" computerName="DESKTOP-OH9J6T6" duration="00:00:00.0020779" startTime="2026-05-14T18:47:11.4312347+02:00" endTime="2026-05-14T18:47:11.4312349+02:00" testType="13cdc9d9-ddb5-4fa4-a97d-d965ccfc6d4b" outcome="Passed" testListId="8c84fa94-04c1-424b-9868-57a2d4851a1d" relativeResultsDirectory="9be469f9-f50b-455c-8459-e972e244864c" />
    <UnitTestResult executionId="2dd60c7f-0299-46d1-9a7b-04acb00258f9" testId="360d1870-076f-2ec1-c540-e16aa4f657ca" testName="RestAll.Desktop.Tests.Auth.AuthenticateUserUseCaseTests.VerifyTwoFactorAsync_WithoutActiveTwoFactor_ShouldReturnError" computerName="DESKTOP-OH9J6T6" duration="00:00:00.0015854" startTime="2026-05-14T18:47:11.3939028+02:00" endTime="2026-05-14T18:47:11.3939028+02:00" testType="13cdc9d9-ddb5-4fa4-a97d-d965ccfc6d4b" outcome="Passed" testListId="8c84fa94-04c1-424b-9868-57a2d4851a1d" relativeResultsDirectory="2dd60c7f-0299-46d1-9a7b-04acb00258f9" />
    <UnitTestResult executionId="1d5b68dc-a59c-48c9-9440-e8900ed453a0" testId="dd35de65-84e1-824d-1836-e0fc54d505f4" testName="RestAll.Desktop.Tests.ViewModels.OrdersViewModelTests.Constructor_ShouldInitializeProperties" computerName="DESKTOP-OH9J6T6" duration="00:00:00.0095930" startTime="2026-05-14T18:47:11.3905918+02:00" endTime="2026-05-14T18:47:11.3905918+02:00" testType="13cdc9d9-ddb5-4fa4-a97d-d965ccfc6d4b" outcome="Passed" testListId="8c84fa94-04c1-424b-9868-57a2d4851a1d" relativeResultsDirectory="1d5b68dc-a59c-48c9-9440-e8900ed453a0" />
    <UnitTestResult executionId="2788296c-1304-43d8-a7fe-c593103f4f64" testId="fe89ab32-e15c-7f60-1b46-9174dd7f44d2" testName="RestAll.Desktop.Tests.Integration.OrdersIntegrationTests.FullOrderFlow_ShouldWork" computerName="DESKTOP-OH9J6T6" duration="00:00:00.0155097" startTime="2026-05-14T18:47:11.4695720+02:00" endTime="2026-05-14T18:47:11.4695721+02:00" testType="13cdc9d9-ddb5-4fa4-a97d-d965ccfc6d4b" outcome="Passed" testListId="8c84fa94-04c1-424b-9868-57a2d4851a1d" relativeResultsDirectory="2788296c-1304-43d8-a7fe-c593103f4f64" />
    <UnitTestResult executionId="9e70d43a-b99b-41e7-b391-1ca43322870f" testId="c4161889-5842-c06f-523d-11ec288dd7c9" testName="RestAll.Desktop.Tests.ViewModels.ViewModelBaseTests.SetProperty_WhenValueDoesNotChange_ShouldNotRaisePropertyChanged" computerName="DESKTOP-OH9J6T6" duration="00:00:00.0005925" startTime="2026-05-14T18:47:11.3886431+02:00" endTime="2026-05-14T18:47:11.3886432+02:00" testType="13cdc9d9-ddb5-4fa4-a97d-d965ccfc6d4b" outcome="Passed" testListId="8c84fa94-04c1-424b-9868-57a2d4851a1d" relativeResultsDirectory="9e70d43a-b99b-41e7-b391-1ca43322870f" />
    <UnitTestResult executionId="cebe114b-2b39-43c3-936b-f82749fa2088" testId="adf60936-2b21-8340-4097-4a4f33e52b06" testName="RestAll.Desktop.Tests.ViewModels.RelayCommandTests.CanExecute_WithPredicateReturningFalse_ShouldReturnFalse" computerName="DESKTOP-OH9J6T6" duration="00:00:00.0007580" startTime="2026-05-14T18:47:11.4566008+02:00" endTime="2026-05-14T18:47:11.4566012+02:00" testType="13cdc9d9-ddb5-4fa4-a97d-d965ccfc6d4b" outcome="Passed" testListId="8c84fa94-04c1-424b-9868-57a2d4851a1d" relativeResultsDirectory="cebe114b-2b39-43c3-936b-f82749fa2088" />
    <UnitTestResult executionId="d175cbec-99a7-4bc3-b1d0-4534f1bd981a" testId="368c5b2a-7bce-7033-9b61-183363fda3b8" testName="RestAll.Desktop.Tests.ViewModels.LoginViewModelTests.Constructor_ShouldInitializeProperties" computerName="DESKTOP-OH9J6T6" duration="00:00:00.0004145" startTime="2026-05-14T18:47:11.4786810+02:00" endTime="2026-05-14T18:47:11.4786811+02:00" testType="13cdc9d9-ddb5-4fa4-a97d-d965ccfc6d4b" outcome="Passed" testListId="8c84fa94-04c1-424b-9868-57a2d4851a1d" relativeResultsDirectory="d175cbec-99a7-4bc3-b1d0-4534f1bd981a" />
    <UnitTestResult executionId="56758fa3-8ebc-469e-9daf-a92774d024c5" testId="b70f18ba-07f3-694e-f1b1-3c6bbaf4b30e" testName="RestAll.Desktop.Tests.ViewModels.MainWindowViewModelTests.Dispose_ShouldUnsubscribeFromSessionChanged" computerName="DESKTOP-OH9J6T6" duration="00:00:00.0068581" startTime="2026-05-14T18:47:11.3906618+02:00" endTime="2026-05-14T18:47:11.3906618+02:00" testType="13cdc9d9-ddb5-4fa4-a97d-d965ccfc6d4b" outcome="Passed" testListId="8c84fa94-04c1-424b-9868-57a2d4851a1d" relativeResultsDirectory="56758fa3-8ebc-469e-9daf-a92774d024c5" />
    <UnitTestResult executionId="e820641e-b52e-4cf7-9f28-aeb108c2333c" testId="851fc33b-e0ab-9236-0962-26c7be04d60b" testName="RestAll.Desktop.Tests.ViewModels.ReservationsViewModelTests.CreateReservationAsync_ShouldCreateReservation" computerName="DESKTOP-OH9J6T6" duration="00:00:00.0887854" startTime="2026-05-14T18:47:11.4523137+02:00" endTime="2026-05-14T18:47:11.4523139+02:00" testType="13cdc9d9-ddb5-4fa4-a97d-d965ccfc6d4b" outcome="Passed" testListId="8c84fa94-04c1-424b-9868-57a2d4851a1d" relativeResultsDirectory="e820641e-b52e-4cf7-9f28-aeb108c2333c" />
    <UnitTestResult executionId="47e30819-6254-485c-979c-4f4285c5b535" testId="66af71e0-d64d-13ae-53aa-7ec904d51853" testName="RestAll.Desktop.Tests.ViewModels.ViewModelBaseTests.PropertyChanged_ShouldContainPropertyName" computerName="DESKTOP-OH9J6T6" duration="00:00:00.0018224" startTime="2026-05-14T18:47:11.3880988+02:00" endTime="2026-05-14T18:47:11.3880989+02:00" testType="13cdc9d9-ddb5-4fa4-a97d-d965ccfc6d4b" outcome="Passed" testListId="8c84fa94-04c1-424b-9868-57a2d4851a1d" relativeResultsDirectory="47e30819-6254-485c-979c-4f4285c5b535" />
    <UnitTestResult executionId="7ef83546-dbfa-4237-8faf-f54d8f4c7031" testId="33cbc1dc-dd45-ce36-4c18-281696db624a" testName="RestAll.Desktop.Tests.App.AppTests.OnStartup_ShouldRegisterAllServicesAsTransient" computerName="DESKTOP-OH9J6T6" duration="00:00:00.0022412" startTime="2026-05-14T18:47:11.5609529+02:00" endTime="2026-05-14T18:47:11.5609531+02:00" testType="13cdc9d9-ddb5-4fa4-a97d-d965ccfc6d4b" outcome="Passed" testListId="8c84fa94-04c1-424b-9868-57a2d4851a1d" relativeResultsDirectory="7ef83546-dbfa-4237-8faf-f54d8f4c7031" />
    <UnitTestResult executionId="2c188cd1-975d-42be-aee0-3c9644f7896d" testId="df30f8bf-76b0-000d-8366-25f2a6ae64e5" testName="RestAll.Desktop.Tests.Auth.HttpAuthGatewayTests.LoginAsync_WhenProfileCannotBeLoaded_ShouldFallbackToKnownDesktopSession" computerName="DESKTOP-OH9J6T6" duration="00:00:00.0077829" startTime="2026-05-14T18:47:11.4278777+02:00" endTime="2026-05-14T18:47:11.4278778+02:00" testType="13cdc9d9-ddb5-4fa4-a97d-d965ccfc6d4b" outcome="Passed" testListId="8c84fa94-04c1-424b-9868-57a2d4851a1d" relativeResultsDirectory="2c188cd1-975d-42be-aee0-3c9644f7896d" />
    <UnitTestResult executionId="90eec4c1-5b37-435d-b8de-250691a6cae1" testId="d3b6c82d-6b9b-ca4a-d8d3-5f62bb9536f1" testName="RestAll.Desktop.Tests.Orders.ManageOrdersUseCaseTests.GetOrdersAsync_ShouldReturnOrders" computerName="DESKTOP-OH9J6T6" duration="00:00:00.0099350" startTime="2026-05-14T18:47:11.4198738+02:00" endTime="2026-05-14T18:47:11.4198739+02:00" testType="13cdc9d9-ddb5-4fa4-a97d-d965ccfc6d4b" outcome="Passed" testListId="8c84fa94-04c1-424b-9868-57a2d4851a1d" relativeResultsDirectory="90eec4c1-5b37-435d-b8de-250691a6cae1" />
    <UnitTestResult executionId="39010668-1e7f-471d-a9f1-aa786ee049c8" testId="116811c5-be28-0de0-e11b-98036d9316fe" testName="RestAll.Desktop.Tests.ViewModels.RelayCommandTests.Execute_WithParameterAndNull_ShouldNotCallAction" computerName="DESKTOP-OH9J6T6" duration="00:00:00.0015479" startTime="2026-05-14T18:47:11.4372169+02:00" endTime="2026-05-14T18:47:11.4372169+02:00" testType="13cdc9d9-ddb5-4fa4-a97d-d965ccfc6d4b" outcome="Passed" testListId="8c84fa94-04c1-424b-9868-57a2d4851a1d" relativeResultsDirectory="39010668-1e7f-471d-a9f1-aa786ee049c8" />
    <UnitTestResult executionId="cb1ece41-3ce9-45c8-8607-38d9218ea5f9" testId="cda4e485-4a18-743a-abf4-186c6c936639" testName="RestAll.Desktop.Tests.ViewModels.LoginViewModelTests.LoginCommand_WithTwoFactorRequired_ShouldSwitchToTwoFactorMode" computerName="DESKTOP-OH9J6T6" duration="00:00:00.0018802" startTime="2026-05-14T18:47:11.4782159+02:00" endTime="2026-05-14T18:47:11.4782160+02:00" testType="13cdc9d9-ddb5-4fa4-a97d-d965ccfc6d4b" outcome="Passed" testListId="8c84fa94-04c1-424b-9868-57a2d4851a1d" relativeResultsDirectory="cb1ece41-3ce9-45c8-8607-38d9218ea5f9" />
    <UnitTestResult executionId="734dc8a1-ef3a-408a-8c17-9fe61ecc7dfc" testId="5c422f5d-ddef-2454-ce6c-a0255df606f7" testName="RestAll.Desktop.Tests.Tables.TableManagementUseCaseTests.GetTablesAsync_ShouldReturnTables" computerName="DESKTOP-OH9J6T6" duration="00:00:00.0181827" startTime="2026-05-14T18:47:11.4521161+02:00" endTime="2026-05-14T18:47:11.4521161+02:00" testType="13cdc9d9-ddb5-4fa4-a97d-d965ccfc6d4b" outcome="Passed" testListId="8c84fa94-04c1-424b-9868-57a2d4851a1d" relativeResultsDirectory="734dc8a1-ef3a-408a-8c17-9fe61ecc7dfc" />
    <UnitTestResult executionId="fb6ac6f9-84f8-4206-a849-1c8d3a7139cb" testId="c262dabc-b6ae-8c1c-bcba-136dc60cb859" testName="RestAll.Desktop.Tests.Reservations.HttpReservationGatewayTests.GetReservationsAsync_ShouldReturnReservations" computerName="DESKTOP-OH9J6T6" duration="00:00:00.0409146" startTime="2026-05-14T18:47:11.4676949+02:00" endTime="2026-05-14T18:47:11.4676950+02:00" testType="13cdc9d9-ddb5-4fa4-a97d-d965ccfc6d4b" outcome="Passed" testListId="8c84fa94-04c1-424b-9868-57a2d4851a1d" relativeResultsDirectory="fb6ac6f9-84f8-4206-a849-1c8d3a7139cb" />
    <UnitTestResult executionId="813bf84c-4603-4803-a302-fb68dee1b855" testId="370341d0-34b0-23e9-2195-6a8659bb5c46" testName="RestAll.Desktop.Tests.Kitchen.ManageKitchenUseCaseTests.GetActiveTicketsAsync_ShouldReturnTickets" computerName="DESKTOP-OH9J6T6" duration="00:00:00.0049883" startTime="2026-05-14T18:47:11.4264550+02:00" endTime="2026-05-14T18:47:11.4264550+02:00" testType="13cdc9d9-ddb5-4fa4-a97d-d965ccfc6d4b" outcome="Passed" testListId="8c84fa94-04c1-424b-9868-57a2d4851a1d" relativeResultsDirectory="813bf84c-4603-4803-a302-fb68dee1b855" />
    <UnitTestResult executionId="d86056d3-b098-4758-8410-30baf0ec00f3" testId="355d5646-fc1b-104d-bc1a-af55ad01bcb5" testName="RestAll.Desktop.Tests.Infrastructure.Tables.HttpTableGatewayTests.GetTablesAsync_WithErrorResponse_ShouldReturnEmptyList" computerName="DESKTOP-OH9J6T6" duration="00:00:00.0048424" startTime="2026-05-14T18:47:11.4058636+02:00" endTime="2026-05-14T18:47:11.4058637+02:00" testType="13cdc9d9-ddb5-4fa4-a97d-d965ccfc6d4b" outcome="Passed" testListId="8c84fa94-04c1-424b-9868-57a2d4851a1d" relativeResultsDirectory="d86056d3-b098-4758-8410-30baf0ec00f3" />
    <UnitTestResult executionId="f286d476-7152-4357-bc6d-1f4d68f935a5" testId="131ebe02-8176-d6bc-dbcc-fe0c14216354" testName="RestAll.Desktop.Tests.Reservations.ManageReservationsUseCaseTests.CreateReservationAsync_ShouldReturnCreatedReservation" computerName="DESKTOP-OH9J6T6" duration="00:00:00.2069313" startTime="2026-05-14T18:47:11.3758936+02:00" endTime="2026-05-14T18:47:11.3758937+02:00" testType="13cdc9d9-ddb5-4fa4-a97d-d965ccfc6d4b" outcome="Passed" testListId="8c84fa94-04c1-424b-9868-57a2d4851a1d" relativeResultsDirectory="f286d476-7152-4357-bc6d-1f4d68f935a5" />
    <UnitTestResult executionId="3fe49ef0-a3a0-4775-b00b-fa8c4ad7d2d2" testId="ab01617b-b4d0-934b-e575-2c24d78a8722" testName="RestAll.Desktop.Tests.ViewModels.MainWindowViewModelTests.SessionChanged_WhenAnonymous_ShouldClearUserInfo" computerName="DESKTOP-OH9J6T6" duration="00:00:00.0055220" startTime="2026-05-14T18:47:11.3946979+02:00" endTime="2026-05-14T18:47:11.3946980+02:00" testType="13cdc9d9-ddb5-4fa4-a97d-d965ccfc6d4b" outcome="Passed" testListId="8c84fa94-04c1-424b-9868-57a2d4851a1d" relativeResultsDirectory="3fe49ef0-a3a0-4775-b00b-fa8c4ad7d2d2" />
    <UnitTestResult executionId="1a8cbf3b-b4ae-47e2-b894-a26b7b739fad" testId="4d6fb891-ff39-e3f8-8ed8-3440f5cb55a4" testName="RestAll.Desktop.Tests.Auth.ManageProfileUseCaseTests.UpdateProfileAsync_ShouldReturnNull_WhenNoSession" computerName="DESKTOP-OH9J6T6" duration="00:00:00.0056510" startTime="2026-05-14T18:47:11.3843348+02:00" endTime="2026-05-14T18:47:11.3843348+02:00" testType="13cdc9d9-ddb5-4fa4-a97d-d965ccfc6d4b" outcome="Passed" testListId="8c84fa94-04c1-424b-9868-57a2d4851a1d" relativeResultsDirectory="1a8cbf3b-b4ae-47e2-b894-a26b7b739fad" />
    <UnitTestResult executionId="f3081662-e9a8-4c0c-92c6-fd877f4d4fa8" testId="e28e5f03-2f40-91e7-6883-420ad77d71ed" testName="RestAll.Desktop.Tests.ViewModels.LoginViewModelTests.LoginCommand_WithError_ShouldShowErrorMessage" computerName="DESKTOP-OH9J6T6" duration="00:00:00.0012217" startTime="2026-05-14T18:47:11.4799600+02:00" endTime="2026-05-14T18:47:11.4799601+02:00" testType="13cdc9d9-ddb5-4fa4-a97d-d965ccfc6d4b" outcome="Passed" testListId="8c84fa94-04c1-424b-9868-57a2d4851a1d" relativeResultsDirectory="f3081662-e9a8-4c0c-92c6-fd877f4d4fa8" />
    <UnitTestResult executionId="78caaac2-1490-4758-9b85-d37b6c5ce87d" testId="02949cb2-165d-460d-5f44-e0177ae6140d" testName="RestAll.Desktop.Tests.Reservations.HttpReservationGatewayTests.CreateReservationAsync_ShouldReturnCreatedReservation" computerName="DESKTOP-OH9J6T6" duration="00:00:00.0067415" startTime="2026-05-14T18:47:11.4744350+02:00" endTime="2026-05-14T18:47:11.4744352+02:00" testType="13cdc9d9-ddb5-4fa4-a97d-d965ccfc6d4b" outcome="Passed" testListId="8c84fa94-04c1-424b-9868-57a2d4851a1d" relativeResultsDirectory="78caaac2-1490-4758-9b85-d37b6c5ce87d" />
    <UnitTestResult executionId="cb985106-cb56-4395-b025-3b1ee31b7790" testId="b7046513-8501-8cf2-ce4e-aee4a5c18d01" testName="RestAll.Desktop.Tests.Reservations.ManageReservationsUseCaseTests.CancelReservationAsync_ShouldReturnFalseOnFailure" computerName="DESKTOP-OH9J6T6" duration="00:00:00.0069984" startTime="2026-05-14T18:47:11.3865395+02:00" endTime="2026-05-14T18:47:11.3865396+02:00" testType="13cdc9d9-ddb5-4fa4-a97d-d965ccfc6d4b" outcome="Passed" testListId="8c84fa94-04c1-424b-9868-57a2d4851a1d" relativeResultsDirectory="cb985106-cb56-4395-b025-3b1ee31b7790" />
    <UnitTestResult executionId="90b5e658-f97d-4d88-af3c-cdb2d4c00f43" testId="223b41c5-dd1a-58a9-73e4-47e3fa220999" testName="RestAll.Desktop.Tests.Integration.ProfileIntegrationTests.ProfileFlow_ShouldUpdateProfileData" computerName="DESKTOP-OH9J6T6" duration="00:00:00.0090610" startTime="2026-05-14T18:47:11.3880479+02:00" endTime="2026-05-14T18:47:11.3880479+02:00" testType="13cdc9d9-ddb5-4fa4-a97d-d965ccfc6d4b" outcome="Passed" testListId="8c84fa94-04c1-424b-9868-57a2d4851a1d" relativeResultsDirectory="90b5e658-f97d-4d88-af3c-cdb2d4c00f43" />
    <UnitTestResult executionId="bfec072d-a1ed-4533-94fd-e26778ae3ac1" testId="8d66b843-85be-c249-17bd-8bc375dbe9cf" testName="RestAll.Desktop.Tests.ViewModels.OrdersViewModelTests.Cancel_ShouldCancelCancellationToken" computerName="DESKTOP-OH9J6T6" duration="00:00:00.0001283" startTime="2026-05-14T18:47:12.0546665+02:00" endTime="2026-05-14T18:47:12.0546669+02:00" testType="13cdc9d9-ddb5-4fa4-a97d-d965ccfc6d4b" outcome="Passed" testListId="8c84fa94-04c1-424b-9868-57a2d4851a1d" relativeResultsDirectory="bfec072d-a1ed-4533-94fd-e26778ae3ac1" />
    <UnitTestResult executionId="821dfc72-3145-449e-b6e8-845cf6e35e2e" testId="440c1f56-2774-9818-b3d3-5a7ea53bce27" testName="RestAll.Desktop.Tests.Integration.OrdersIntegrationTests.OrderFlow_WithComments_ShouldWork" computerName="DESKTOP-OH9J6T6" duration="00:00:00.0202978" startTime="2026-05-14T18:47:11.4538021+02:00" endTime="2026-05-14T18:47:11.4538022+02:00" testType="13cdc9d9-ddb5-4fa4-a97d-d965ccfc6d4b" outcome="Passed" testListId="8c84fa94-04c1-424b-9868-57a2d4851a1d" relativeResultsDirectory="821dfc72-3145-449e-b6e8-845cf6e35e2e" />
    <UnitTestResult executionId="d7f9aa59-2748-41b9-8f21-80d97e042cb5" testId="734663be-8eaf-f06f-9fca-2d4cc329b918" testName="RestAll.Desktop.Tests.Integration.ErrorHandlingIntegrationTests.OrdersGateway_WhenUnauthorized_ShouldReturnEmptyList" computerName="DESKTOP-OH9J6T6" duration="00:00:00.0049702" startTime="2026-05-14T18:47:11.3864898+02:00" endTime="2026-05-14T18:47:11.3864899+02:00" testType="13cdc9d9-ddb5-4fa4-a97d-d965ccfc6d4b" outcome="Passed" testListId="8c84fa94-04c1-424b-9868-57a2d4851a1d" relativeResultsDirectory="d7f9aa59-2748-41b9-8f21-80d97e042cb5" />
    <UnitTestResult executionId="7bc68c2e-c729-40a0-a6a1-cb65fe52f92f" testId="8acbdce3-88f8-9bf7-8fdd-4bf95a203a32" testName="RestAll.Desktop.Tests.ViewModels.OrdersViewModelTests.LoadOrdersCommand_WhenError_ShouldSetErrorMessage" computerName="DESKTOP-OH9J6T6" duration="00:00:00.2142282" startTime="2026-05-14T18:47:11.8379942+02:00" endTime="2026-05-14T18:47:11.8379961+02:00" testType="13cdc9d9-ddb5-4fa4-a97d-d965ccfc6d4b" outcome="Passed" testListId="8c84fa94-04c1-424b-9868-57a2d4851a1d" relativeResultsDirectory="7bc68c2e-c729-40a0-a6a1-cb65fe52f92f" />
    <UnitTestResult executionId="78b609fb-86ab-43a0-b6f0-60a27af578fc" testId="3dc635af-9ab6-e871-b555-99e02484e493" testName="RestAll.Desktop.Tests.ViewModels.MainWindowViewModelTests.SessionChanged_WhenAuthenticated_ShouldUpdateUserInfo" computerName="DESKTOP-OH9J6T6" duration="00:00:00.0055957" startTime="2026-05-14T18:47:11.3887109+02:00" endTime="2026-05-14T18:47:11.3887109+02:00" testType="13cdc9d9-ddb5-4fa4-a97d-d965ccfc6d4b" outcome="Passed" testListId="8c84fa94-04c1-424b-9868-57a2d4851a1d" relativeResultsDirectory="78b609fb-86ab-43a0-b6f0-60a27af578fc" />
    <UnitTestResult executionId="f9fed1a0-9e35-4ab3-99c4-7e1133822e1c" testId="ded13aa4-901e-ce50-6900-8da40ad7fcbb" testName="RestAll.Desktop.Tests.Infrastructure.Menu.HttpMenuGatewayTests.GetItemsAsync_WithSuccessResponse_ShouldReturnItems" computerName="DESKTOP-OH9J6T6" duration="00:00:00.0148077" startTime="2026-05-14T18:47:11.4527648+02:00" endTime="2026-05-14T18:47:11.4527649+02:00" testType="13cdc9d9-ddb5-4fa4-a97d-d965ccfc6d4b" outcome="Passed" testListId="8c84fa94-04c1-424b-9868-57a2d4851a1d" relativeResultsDirectory="f9fed1a0-9e35-4ab3-99c4-7e1133822e1c" />
    <UnitTestResult executionId="22df9486-c000-49bd-9107-239a7608e47a" testId="95cedbcb-e347-bfc2-5902-21c1c4c37e82" testName="RestAll.Desktop.Tests.App.AppTests.OnStartup_ShouldRegisterAllViewModels" computerName="DESKTOP-OH9J6T6" duration="00:00:00.0072100" startTime="2026-05-14T18:47:11.5586280+02:00" endTime="2026-05-14T18:47:11.5586281+02:00" testType="13cdc9d9-ddb5-4fa4-a97d-d965ccfc6d4b" outcome="Passed" testListId="8c84fa94-04c1-424b-9868-57a2d4851a1d" relativeResultsDirectory="22df9486-c000-49bd-9107-239a7608e47a" />
    <UnitTestResult executionId="dc8c9b13-1770-4daa-9d71-90fb87f333e9" testId="c0d29886-2993-9211-ece6-b2f6dce940de" testName="RestAll.Desktop.Tests.ViewModels.ProfileViewModelTests.LoadProfileCommand_ShouldBeExecutable_WhenNotLoading" computerName="DESKTOP-OH9J6T6" duration="00:00:00.0055998" startTime="2026-05-14T18:47:11.3747614+02:00" endTime="2026-05-14T18:47:11.3747615+02:00" testType="13cdc9d9-ddb5-4fa4-a97d-d965ccfc6d4b" outcome="Passed" testListId="8c84fa94-04c1-424b-9868-57a2d4851a1d" relativeResultsDirectory="dc8c9b13-1770-4daa-9d71-90fb87f333e9" />
    <UnitTestResult executionId="a7d76a42-d0e2-495f-af4d-911e7724b7ed" testId="c0ae26bb-4aa6-2576-7297-cec0f3a612a4" testName="RestAll.Desktop.Tests.Orders.ManageOrdersUseCaseTests.CreateOrderAsync_ShouldReturnOrder" computerName="DESKTOP-OH9J6T6" duration="00:00:00.0247583" startTime="2026-05-14T18:47:11.4014329+02:00" endTime="2026-05-14T18:47:11.4014330+02:00" testType="13cdc9d9-ddb5-4fa4-a97d-d965ccfc6d4b" outcome="Passed" testListId="8c84fa94-04c1-424b-9868-57a2d4851a1d" relativeResultsDirectory="a7d76a42-d0e2-495f-af4d-911e7724b7ed" />
    <UnitTestResult executionId="17203587-5ad5-4ce9-bbaf-286989f3ac2d" testId="87a3d86e-23a1-073f-5b29-436f7987245e" testName="RestAll.Desktop.Tests.ViewModels.RelayCommandTests.Execute_ShouldCallAction" computerName="DESKTOP-OH9J6T6" duration="00:00:00.0017268" startTime="2026-05-14T18:47:11.4576742+02:00" endTime="2026-05-14T18:47:11.4576744+02:00" testType="13cdc9d9-ddb5-4fa4-a97d-d965ccfc6d4b" outcome="Passed" testListId="8c84fa94-04c1-424b-9868-57a2d4851a1d" relativeResultsDirectory="17203587-5ad5-4ce9-bbaf-286989f3ac2d" />
    <UnitTestResult executionId="977ec11d-dd12-4183-90bf-aae6d6c2bed8" testId="a48c9109-3d4c-d77f-17a9-50e808eda3ab" testName="RestAll.Desktop.Tests.ViewModels.ReservationsViewModelTests.LoadReservationsCommand_ShouldNotBeExecutable_WhenLoading" computerName="DESKTOP-OH9J6T6" duration="00:00:00.0018195" startTime="2026-05-14T18:47:11.3832184+02:00" endTime="2026-05-14T18:47:11.3832185+02:00" testType="13cdc9d9-ddb5-4fa4-a97d-d965ccfc6d4b" outcome="Passed" testListId="8c84fa94-04c1-424b-9868-57a2d4851a1d" relativeResultsDirectory="977ec11d-dd12-4183-90bf-aae6d6c2bed8" />
    <UnitTestResult executionId="1e2df25d-b271-4675-8e8a-632924b4c5be" testId="ec5ee5bb-258f-5cfc-9619-d9029c8024e6" testName="RestAll.Desktop.Tests.Auth.HttpProfileGatewayTests.UpdateProfileAsync_ShouldReturnNull_WhenRequestFails" computerName="DESKTOP-OH9J6T6" duration="00:00:00.2074766" startTime="2026-05-14T18:47:11.3830076+02:00" endTime="2026-05-14T18:47:11.3830078+02:00" testType="13cdc9d9-ddb5-4fa4-a97d-d965ccfc6d4b" outcome="Passed" testListId="8c84fa94-04c1-424b-9868-57a2d4851a1d" relativeResultsDirectory="1e2df25d-b271-4675-8e8a-632924b4c5be" />
    <UnitTestResult executionId="a3906a5c-7181-48bb-868a-cbe1f85a423b" testId="fab9048e-fe4e-87e9-8830-11ebd034dcc1" testName="RestAll.Desktop.Tests.Integration.OrdersIntegrationTests.OrderFlow_WithMultipleItems_ShouldWork" computerName="DESKTOP-OH9J6T6" duration="00:00:00.0025217" startTime="2026-05-14T18:47:11.4720975+02:00" endTime="2026-05-14T18:47:11.4720978+02:00" testType="13cdc9d9-ddb5-4fa4-a97d-d965ccfc6d4b" outcome="Passed" testListId="8c84fa94-04c1-424b-9868-57a2d4851a1d" relativeResultsDirectory="a3906a5c-7181-48bb-868a-cbe1f85a423b" />
    <UnitTestResult executionId="8e2f1b66-f673-42c6-8c1b-d67542f37719" testId="dac8614d-1dd7-4ae3-8846-9f91e81a9eae" testName="RestAll.Desktop.Tests.ViewModels.ProfileViewModelTests.UpdateProfileAsync_ShouldShowError_WhenUpdateFails" computerName="DESKTOP-OH9J6T6" duration="00:00:00.0045772" startTime="2026-05-14T18:47:11.4176874+02:00" endTime="2026-05-14T18:47:11.4176875+02:00" testType="13cdc9d9-ddb5-4fa4-a97d-d965ccfc6d4b" outcome="Passed" testListId="8c84fa94-04c1-424b-9868-57a2d4851a1d" relativeResultsDirectory="8e2f1b66-f673-42c6-8c1b-d67542f37719" />
    <UnitTestResult executionId="b1865c6d-d0a5-49d2-bec9-dbd296923491" testId="5c5b73f7-a07d-f1c1-037d-be76a89788f0" testName="RestAll.Desktop.Tests.Auth.RefreshTokenTests.RefreshTokenAsync_ShouldResetState_WhenRefreshFails" computerName="DESKTOP-OH9J6T6" duration="00:00:00.0031015" startTime="2026-05-14T18:47:11.4610079+02:00" endTime="2026-05-14T18:47:11.4610083+02:00" testType="13cdc9d9-ddb5-4fa4-a97d-d965ccfc6d4b" outcome="Passed" testListId="8c84fa94-04c1-424b-9868-57a2d4851a1d" relativeResultsDirectory="b1865c6d-d0a5-49d2-bec9-dbd296923491" />
    <UnitTestResult executionId="d71b9027-1708-4055-90fe-1eb06be5eaa1" testId="50a78e54-5ac3-9e99-1c17-3d4223428bf6" testName="RestAll.Desktop.Tests.Auth.AuthenticateUserUseCaseTests.ResetState_ShouldClearAllState" computerName="DESKTOP-OH9J6T6" duration="00:00:00.0008907" startTime="2026-05-14T18:47:11.3904203+02:00" endTime="2026-05-14T18:47:11.3904204+02:00" testType="13cdc9d9-ddb5-4fa4-a97d-d965ccfc6d4b" outcome="Passed" testListId="8c84fa94-04c1-424b-9868-57a2d4851a1d" relativeResultsDirectory="d71b9027-1708-4055-90fe-1eb06be5eaa1" />
    <UnitTestResult executionId="8244db62-96ec-400f-965b-daf5db968cab" testId="146d3766-a247-380a-3299-128828ad047a" testName="RestAll.Desktop.Tests.Infrastructure.Orders.HttpOrderGatewayTests.CreateOrderAsync_WithErrorResponse_ShouldReturnNull" computerName="DESKTOP-OH9J6T6" duration="00:00:00.0072553" startTime="2026-05-14T18:47:11.3842548+02:00" endTime="2026-05-14T18:47:11.3842548+02:00" testType="13cdc9d9-ddb5-4fa4-a97d-d965ccfc6d4b" outcome="Passed" testListId="8c84fa94-04c1-424b-9868-57a2d4851a1d" relativeResultsDirectory="8244db62-96ec-400f-965b-daf5db968cab" />
    <UnitTestResult executionId="46b0f767-ae9e-4dc5-bd8c-b099359471a1" testId="d3777e88-a4b2-c15a-16ac-689cab8d110a" testName="RestAll.Desktop.Tests.ViewModels.RelayCommandTests.CanExecute_WithPredicateReturningTrue_ShouldReturnTrue" computerName="DESKTOP-OH9J6T6" duration="00:00:00.0118844" startTime="2026-05-14T18:47:11.4504972+02:00" endTime="2026-05-14T18:47:11.4504975+02:00" testType="13cdc9d9-ddb5-4fa4-a97d-d965ccfc6d4b" outcome="Passed" testListId="8c84fa94-04c1-424b-9868-57a2d4851a1d" relativeResultsDirectory="46b0f767-ae9e-4dc5-bd8c-b099359471a1" />
    <UnitTestResult executionId="4b33ffd5-c25d-40dd-9880-888c0d8f4f2b" testId="4519d39c-c927-ebbe-8387-7a48c0939473" testName="RestAll.Desktop.Tests.Infrastructure.Tables.HttpTableGatewayTests.UpdateTableStatusAsync_WithErrorResponse_ShouldReturnFalse" computerName="DESKTOP-OH9J6T6" duration="00:00:00.0029941" startTime="2026-05-14T18:47:11.4177972+02:00" endTime="2026-05-14T18:47:11.4177973+02:00" testType="13cdc9d9-ddb5-4fa4-a97d-d965ccfc6d4b" outcome="Passed" testListId="8c84fa94-04c1-424b-9868-57a2d4851a1d" relativeResultsDirectory="4b33ffd5-c25d-40dd-9880-888c0d8f4f2b" />
    <UnitTestResult executionId="87cb6d8e-7571-4e72-b196-77450d2e477e" testId="ef9eb5e6-6082-e72a-83ec-bda63faf537c" testName="RestAll.Desktop.Tests.Infrastructure.Menu.HttpMenuGatewayTests.GetCategoriesAsync_WithNetworkError_ShouldReturnEmptyList" computerName="DESKTOP-OH9J6T6" duration="00:00:00.0026486" startTime="2026-05-14T18:47:11.4379024+02:00" endTime="2026-05-14T18:47:11.4379025+02:00" testType="13cdc9d9-ddb5-4fa4-a97d-d965ccfc6d4b" outcome="Passed" testListId="8c84fa94-04c1-424b-9868-57a2d4851a1d" relativeResultsDirectory="87cb6d8e-7571-4e72-b196-77450d2e477e" />
    <UnitTestResult executionId="97f6db22-1bb9-4152-9c27-aa4565d7c983" testId="07fab1b9-7c1e-6ca8-5c0e-ad909ee83787" testName="RestAll.Desktop.Tests.Integration.ErrorHandlingIntegrationTests.MenuGateway_WhenServerError_ShouldReturnEmptyList" computerName="DESKTOP-OH9J6T6" duration="00:00:00.1859727" startTime="2026-05-14T18:47:11.3338385+02:00" endTime="2026-05-14T18:47:11.3342145+02:00" testType="13cdc9d9-ddb5-4fa4-a97d-d965ccfc6d4b" outcome="Passed" testListId="8c84fa94-04c1-424b-9868-57a2d4851a1d" relativeResultsDirectory="97f6db22-1bb9-4152-9c27-aa4565d7c983" />
    <UnitTestResult executionId="d320c651-ef64-48ba-8ad9-4901a54c927e" testId="e47d038f-3164-bc02-965f-14e8eaa6dc9f" testName="RestAll.Desktop.Tests.ViewModels.ProfileViewModelTests.UpdateProfileCommand_ShouldBeExecutable_WhenNameNotEmpty" computerName="DESKTOP-OH9J6T6" duration="00:00:00.0007455" startTime="2026-05-14T18:47:11.4238195+02:00" endTime="2026-05-14T18:47:11.4238195+02:00" testType="13cdc9d9-ddb5-4fa4-a97d-d965ccfc6d4b" outcome="Passed" testListId="8c84fa94-04c1-424b-9868-57a2d4851a1d" relativeResultsDirectory="d320c651-ef64-48ba-8ad9-4901a54c927e" />
    <UnitTestResult executionId="1640f5da-ca0c-41af-b5d5-213e9b2b5acb" testId="3996c412-ecf0-044b-913c-f4318fe5e938" testName="RestAll.Desktop.Tests.ViewModels.ReservationsViewModelTests.LoadReservationsAsync_ShouldLoadReservations" computerName="DESKTOP-OH9J6T6" duration="00:00:00.0114711" startTime="2026-05-14T18:47:11.3849174+02:00" endTime="2026-05-14T18:47:11.3849174+02:00" testType="13cdc9d9-ddb5-4fa4-a97d-d965ccfc6d4b" outcome="Passed" testListId="8c84fa94-04c1-424b-9868-57a2d4851a1d" relativeResultsDirectory="1640f5da-ca0c-41af-b5d5-213e9b2b5acb" />
[...]
    <TestEntry testId="a12c95db-b415-ee2b-214e-8673820dab29" executionId="2d9dbd2f-53dd-4c29-aac5-5cd62c321318" testListId="8c84fa94-04c1-424b-9868-57a2d4851a1d" />
    <TestEntry testId="0370fd04-67b7-9bf5-6952-c8beeede10fd" executionId="e0a2d9b9-2305-46e3-bf52-53c2c476569c" testListId="8c84fa94-04c1-424b-9868-57a2d4851a1d" />
    <TestEntry testId="b9f8b27e-9c09-45f2-50a6-79269b74e784" executionId="57545d11-753f-4e6c-9199-86446856d973" testListId="8c84fa94-04c1-424b-9868-57a2d4851a1d" />
    <TestEntry testId="31f713ad-c990-cba7-c076-efd14305ff4e" executionId="11a8c11f-7257-4c97-819f-23afa3c1ff61" testListId="8c84fa94-04c1-424b-9868-57a2d4851a1d" />
    <TestEntry testId="409f92f5-4585-e3ec-39d5-028716654140" executionId="b67a3034-61fc-4852-b949-6d1a9bb9ce92" testListId="8c84fa94-04c1-424b-9868-57a2d4851a1d" />
    <TestEntry testId="ec54a5ea-f949-92ad-53c3-e167bc04be63" executionId="08a1faec-e63a-4ca3-adab-e58d2c3ac174" testListId="8c84fa94-04c1-424b-9868-57a2d4851a1d" />
    <TestEntry testId="84a276f5-7eb5-2152-b59b-d278b0750b0a" executionId="829ae1b4-072f-4cae-88e6-19816c777853" testListId="8c84fa94-04c1-424b-9868-57a2d4851a1d" />
    <TestEntry testId="20ac5098-a18e-a837-4d43-0d3ed2723564" executionId="291c3b58-5863-45d9-b4fe-fd1a035cae9b" testListId="8c84fa94-04c1-424b-9868-57a2d4851a1d" />
    <TestEntry testId="2bcdd9b8-3f08-e020-56fc-7c01d69d5c8f" executionId="de865f0e-0bab-44eb-bfad-14cd4b36ab45" testListId="8c84fa94-04c1-424b-9868-57a2d4851a1d" />
    <TestEntry testId="146e8b31-d177-770a-01c9-b5c8e12ea7bf" executionId="198cddea-b59c-4016-b847-2d0c2f495f61" testListId="8c84fa94-04c1-424b-9868-57a2d4851a1d" />
    <TestEntry testId="b3e6bea8-0643-6f80-d8fc-adcbb3e6c2f5" executionId="bc222b8f-563b-4507-acf6-b640734e9153" testListId="8c84fa94-04c1-424b-9868-57a2d4851a1d" />
    <TestEntry testId="0dbc17e5-8515-9b37-de36-9bc77c94518d" executionId="2cad6f6f-97c0-4f77-ac7a-1373095a58f7" testListId="8c84fa94-04c1-424b-9868-57a2d4851a1d" />
    <TestEntry testId="7bd0a64c-ddc7-a53e-e4c9-24916296ef4a" executionId="1a1acc23-d471-4d10-8c32-9d751bb3f27d" testListId="8c84fa94-04c1-424b-9868-57a2d4851a1d" />
    <TestEntry testId="9347c822-70f8-653c-452a-18beebca5927" executionId="57a24888-61a3-4ada-bcf1-8c54abea36b5" testListId="8c84fa94-04c1-424b-9868-57a2d4851a1d" />
    <TestEntry testId="83f1db31-0e35-fe90-9001-58da94794981" executionId="68653a9c-5be9-4e9d-aecb-4c10c0f6217e" testListId="8c84fa94-04c1-424b-9868-57a2d4851a1d" />
    <TestEntry testId="ed2fc43c-f183-0d84-b555-65898f6dbe66" executionId="a9c16e69-359b-423a-a6d1-84f3be780859" testListId="8c84fa94-04c1-424b-9868-57a2d4851a1d" />
    <TestEntry testId="f0dbfc1a-8c90-be76-ad8a-71525b2d24e2" executionId="1d0a6400-706e-4495-a8bb-57bf9d94feb9" testListId="8c84fa94-04c1-424b-9868-57a2d4851a1d" />
    <TestEntry testId="246ca988-1420-2659-28ef-22859d73be2c" executionId="01b4888f-0ff7-48fd-b9da-10bbdd88d78a" testListId="8c84fa94-04c1-424b-9868-57a2d4851a1d" />
    <TestEntry testId="e6e607f4-e6a2-7ac2-1e04-dd36cb5a4164" executionId="72e3e584-34bd-4378-991e-e49f6fb209ec" testListId="8c84fa94-04c1-424b-9868-57a2d4851a1d" />
    <TestEntry testId="c44d1767-03ab-4053-abe9-9637086c42a1" executionId="ae6c78aa-db80-4bb4-aa77-dc119ffc24ae" testListId="8c84fa94-04c1-424b-9868-57a2d4851a1d" />
    <TestEntry testId="c7dad7ba-9c5e-e640-dcaa-e34513661485" executionId="1c97bb11-dff3-4e68-b838-a341b0a7933e" testListId="8c84fa94-04c1-424b-9868-57a2d4851a1d" />
    <TestEntry testId="6a7bd55e-c69c-04fd-7efb-8143a5278520" executionId="7ecaaa93-bf57-4030-9c5a-27e4fa21bac7" testListId="8c84fa94-04c1-424b-9868-57a2d4851a1d" />
    <TestEntry testId="06a3779c-0750-6f74-f3a2-29503e3a05c9" executionId="f1e6f3ce-2c42-43f8-960b-753ccd118757" testListId="8c84fa94-04c1-424b-9868-57a2d4851a1d" />
    <TestEntry testId="92390520-037f-a359-f78e-be70d3ac16d2" executionId="529ce5c2-a91a-4942-aebd-82f5f88f8652" testListId="8c84fa94-04c1-424b-9868-57a2d4851a1d" />
    <TestEntry testId="e7a1457e-191f-f42f-88ff-9ac323498a37" executionId="e78455c4-4a02-4039-8a26-cbd0bac52a7a" testListId="8c84fa94-04c1-424b-9868-57a2d4851a1d" />
    <TestEntry testId="a3156326-7054-e864-481e-836ce372d591" executionId="8a1dd1f4-a661-4a31-8f6a-0c6b6a1cea4e" testListId="8c84fa94-04c1-424b-9868-57a2d4851a1d" />
    <TestEntry testId="6e612b64-cd33-dc16-2027-56b8d53debfd" executionId="2446d159-798d-48f3-b17f-aff933a2c7c5" testListId="8c84fa94-04c1-424b-9868-57a2d4851a1d" />
    <TestEntry testId="b9b34c0b-72ae-01d3-f4b7-3afa8d76cd9d" executionId="3ddd96e9-75fe-4d85-8c63-9e23f38550ef" testListId="8c84fa94-04c1-424b-9868-57a2d4851a1d" />
    <TestEntry testId="7e6cbd39-7897-de75-8edd-03d36062dab6" executionId="c0793515-505d-4966-a341-bd06ef17eaf9" testListId="8c84fa94-04c1-424b-9868-57a2d4851a1d" />
    <TestEntry testId="80fa8e77-bb83-b334-8acc-1fb908ff09cf" executionId="89466bc0-b6e9-4905-98db-8a8580a168ba" testListId="8c84fa94-04c1-424b-9868-57a2d4851a1d" />
    <TestEntry testId="0ed18110-f9ba-d989-4746-310e9dfe7dd1" executionId="a0507780-d328-45cd-b08e-a10e31439717" testListId="8c84fa94-04c1-424b-9868-57a2d4851a1d" />
    <TestEntry testId="402cf93a-1683-0d5e-ed22-33669e0f7813" executionId="f14c565f-1af8-46b4-be8c-d1271fdf8758" testListId="8c84fa94-04c1-424b-9868-57a2d4851a1d" />
    <TestEntry testId="32157692-2ad3-3fd7-aaaf-56bdefd1a16b" executionId="9be469f9-f50b-455c-8459-e972e244864c" testListId="8c84fa94-04c1-424b-9868-57a2d4851a1d" />
    <TestEntry testId="360d1870-076f-2ec1-c540-e16aa4f657ca" executionId="2dd60c7f-0299-46d1-9a7b-04acb00258f9" testListId="8c84fa94-04c1-424b-9868-57a2d4851a1d" />
    <TestEntry testId="dd35de65-84e1-824d-1836-e0fc54d505f4" executionId="1d5b68dc-a59c-48c9-9440-e8900ed453a0" testListId="8c84fa94-04c1-424b-9868-57a2d4851a1d" />
    <TestEntry testId="fe89ab32-e15c-7f60-1b46-9174dd7f44d2" executionId="2788296c-1304-43d8-a7fe-c593103f4f64" testListId="8c84fa94-04c1-424b-9868-57a2d4851a1d" />
    <TestEntry testId="c4161889-5842-c06f-523d-11ec288dd7c9" executionId="9e70d43a-b99b-41e7-b391-1ca43322870f" testListId="8c84fa94-04c1-424b-9868-57a2d4851a1d" />
    <TestEntry testId="adf60936-2b21-8340-4097-4a4f33e52b06" executionId="cebe114b-2b39-43c3-936b-f82749fa2088" testListId="8c84fa94-04c1-424b-9868-57a2d4851a1d" />
    <TestEntry testId="368c5b2a-7bce-7033-9b61-183363fda3b8" executionId="d175cbec-99a7-4bc3-b1d0-4534f1bd981a" testListId="8c84fa94-04c1-424b-9868-57a2d4851a1d" />
    <TestEntry testId="b70f18ba-07f3-694e-f1b1-3c6bbaf4b30e" executionId="56758fa3-8ebc-469e-9daf-a92774d024c5" testListId="8c84fa94-04c1-424b-9868-57a2d4851a1d" />
    <TestEntry testId="851fc33b-e0ab-9236-0962-26c7be04d60b" executionId="e820641e-b52e-4cf7-9f28-aeb108c2333c" testListId="8c84fa94-04c1-424b-9868-57a2d4851a1d" />
    <TestEntry testId="66af71e0-d64d-13ae-53aa-7ec904d51853" executionId="47e30819-6254-485c-979c-4f4285c5b535" testListId="8c84fa94-04c1-424b-9868-57a2d4851a1d" />
    <TestEntry testId="33cbc1dc-dd45-ce36-4c18-281696db624a" executionId="7ef83546-dbfa-4237-8faf-f54d8f4c7031" testListId="8c84fa94-04c1-424b-9868-57a2d4851a1d" />
    <TestEntry testId="df30f8bf-76b0-000d-8366-25f2a6ae64e5" executionId="2c188cd1-975d-42be-aee0-3c9644f7896d" testListId="8c84fa94-04c1-424b-9868-57a2d4851a1d" />
    <TestEntry testId="d3b6c82d-6b9b-ca4a-d8d3-5f62bb9536f1" executionId="90eec4c1-5b37-435d-b8de-250691a6cae1" testListId="8c84fa94-04c1-424b-9868-57a2d4851a1d" />
    <TestEntry testId="116811c5-be28-0de0-e11b-98036d9316fe" executionId="39010668-1e7f-471d-a9f1-aa786ee049c8" testListId="8c84fa94-04c1-424b-9868-57a2d4851a1d" />
    <TestEntry testId="cda4e485-4a18-743a-abf4-186c6c936639" executionId="cb1ece41-3ce9-45c8-8607-38d9218ea5f9" testListId="8c84fa94-04c1-424b-9868-57a2d4851a1d" />
    <TestEntry testId="5c422f5d-ddef-2454-ce6c-a0255df606f7" executionId="734dc8a1-ef3a-408a-8c17-9fe61ecc7dfc" testListId="8c84fa94-04c1-424b-9868-57a2d4851a1d" />
    <TestEntry testId="c262dabc-b6ae-8c1c-bcba-136dc60cb859" executionId="fb6ac6f9-84f8-4206-a849-1c8d3a7139cb" testListId="8c84fa94-04c1-424b-9868-57a2d4851a1d" />
    <TestEntry testId="370341d0-34b0-23e9-2195-6a8659bb5c46" executionId="813bf84c-4603-4803-a302-fb68dee1b855" testListId="8c84fa94-04c1-424b-9868-57a2d4851a1d" />
    <TestEntry testId="355d5646-fc1b-104d-bc1a-af55ad01bcb5" executionId="d86056d3-b098-4758-8410-30baf0ec00f3" testListId="8c84fa94-04c1-424b-9868-57a2d4851a1d" />
    <TestEntry testId="131ebe02-8176-d6bc-dbcc-fe0c14216354" executionId="f286d476-7152-4357-bc6d-1f4d68f935a5" testListId="8c84fa94-04c1-424b-9868-57a2d4851a1d" />
    <TestEntry testId="ab01617b-b4d0-934b-e575-2c24d78a8722" executionId="3fe49ef0-a3a0-4775-b00b-fa8c4ad7d2d2" testListId="8c84fa94-04c1-424b-9868-57a2d4851a1d" />
    <TestEntry testId="4d6fb891-ff39-e3f8-8ed8-3440f5cb55a4" executionId="1a8cbf3b-b4ae-47e2-b894-a26b7b739fad" testListId="8c84fa94-04c1-424b-9868-57a2d4851a1d" />
    <TestEntry testId="e28e5f03-2f40-91e7-6883-420ad77d71ed" executionId="f3081662-e9a8-4c0c-92c6-fd877f4d4fa8" testListId="8c84fa94-04c1-424b-9868-57a2d4851a1d" />
    <TestEntry testId="02949cb2-165d-460d-5f44-e0177ae6140d" executionId="78caaac2-1490-4758-9b85-d37b6c5ce87d" testListId="8c84fa94-04c1-424b-9868-57a2d4851a1d" />
    <TestEntry testId="b7046513-8501-8cf2-ce4e-aee4a5c18d01" executionId="cb985106-cb56-4395-b025-3b1ee31b7790" testListId="8c84fa94-04c1-424b-9868-57a2d4851a1d" />
    <TestEntry testId="223b41c5-dd1a-58a9-73e4-47e3fa220999" executionId="90b5e658-f97d-4d88-af3c-cdb2d4c00f43" testListId="8c84fa94-04c1-424b-9868-57a2d4851a1d" />
    <TestEntry testId="8d66b843-85be-c249-17bd-8bc375dbe9cf" executionId="bfec072d-a1ed-4533-94fd-e26778ae3ac1" testListId="8c84fa94-04c1-424b-9868-57a2d4851a1d" />
    <TestEntry testId="440c1f56-2774-9818-b3d3-5a7ea53bce27" executionId="821dfc72-3145-449e-b6e8-845cf6e35e2e" testListId="8c84fa94-04c1-424b-9868-57a2d4851a1d" />
    <TestEntry testId="734663be-8eaf-f06f-9fca-2d4cc329b918" executionId="d7f9aa59-2748-41b9-8f21-80d97e042cb5" testListId="8c84fa94-04c1-424b-9868-57a2d4851a1d" />
    <TestEntry testId="8acbdce3-88f8-9bf7-8fdd-4bf95a203a32" executionId="7bc68c2e-c729-40a0-a6a1-cb65fe52f92f" testListId="8c84fa94-04c1-424b-9868-57a2d4851a1d" />
    <TestEntry testId="3dc635af-9ab6-e871-b555-99e02484e493" executionId="78b609fb-86ab-43a0-b6f0-60a27af578fc" testListId="8c84fa94-04c1-424b-9868-57a2d4851a1d" />
    <TestEntry testId="ded13aa4-901e-ce50-6900-8da40ad7fcbb" executionId="f9fed1a0-9e35-4ab3-99c4-7e1133822e1c" testListId="8c84fa94-04c1-424b-9868-57a2d4851a1d" />
    <TestEntry testId="95cedbcb-e347-bfc2-5902-21c1c4c37e82" executionId="22df9486-c000-49bd-9107-239a7608e47a" testListId="8c84fa94-04c1-424b-9868-57a2d4851a1d" />
    <TestEntry testId="c0d29886-2993-9211-ece6-b2f6dce940de" executionId="dc8c9b13-1770-4daa-9d71-90fb87f333e9" testListId="8c84fa94-04c1-424b-9868-57a2d4851a1d" />
    <TestEntry testId="c0ae26bb-4aa6-2576-7297-cec0f3a612a4" executionId="a7d76a42-d0e2-495f-af4d-911e7724b7ed" testListId="8c84fa94-04c1-424b-9868-57a2d4851a1d" />
    <TestEntry testId="87a3d86e-23a1-073f-5b29-436f7987245e" executionId="17203587-5ad5-4ce9-bbaf-286989f3ac2d" testListId="8c84fa94-04c1-424b-9868-57a2d4851a1d" />
    <TestEntry testId="a48c9109-3d4c-d77f-17a9-50e808eda3ab" executionId="977ec11d-dd12-4183-90bf-aae6d6c2bed8" testListId="8c84fa94-04c1-424b-9868-57a2d4851a1d" />
    <TestEntry testId="ec5ee5bb-258f-5cfc-9619-d9029c8024e6" executionId="1e2df25d-b271-4675-8e8a-632924b4c5be" testListId="8c84fa94-04c1-424b-9868-57a2d4851a1d" />
    <TestEntry testId="fab9048e-fe4e-87e9-8830-11ebd034dcc1" executionId="a3906a5c-7181-48bb-868a-cbe1f85a423b" testListId="8c84fa94-04c1-424b-9868-57a2d4851a1d" />
    <TestEntry testId="dac8614d-1dd7-4ae3-8846-9f91e81a9eae" executionId="8e2f1b66-f673-42c6-8c1b-d67542f37719" testListId="8c84fa94-04c1-424b-9868-57a2d4851a1d" />
    <TestEntry testId="5c5b73f7-a07d-f1c1-037d-be76a89788f0" executionId="b1865c6d-d0a5-49d2-bec9-dbd296923491" testListId="8c84fa94-04c1-424b-9868-57a2d4851a1d" />
    <TestEntry testId="50a78e54-5ac3-9e99-1c17-3d4223428bf6" executionId="d71b9027-1708-4055-90fe-1eb06be5eaa1" testListId="8c84fa94-04c1-424b-9868-57a2d4851a1d" />
    <TestEntry testId="146d3766-a247-380a-3299-128828ad047a" executionId="8244db62-96ec-400f-965b-daf5db968cab" testListId="8c84fa94-04c1-424b-9868-57a2d4851a1d" />
    <TestEntry testId="d3777e88-a4b2-c15a-16ac-689cab8d110a" executionId="46b0f767-ae9e-4dc5-bd8c-b099359471a1" testListId="8c84fa94-04c1-424b-9868-57a2d4851a1d" />
    <TestEntry testId="4519d39c-c927-ebbe-8387-7a48c0939473" executionId="4b33ffd5-c25d-40dd-9880-888c0d8f4f2b" testListId="8c84fa94-04c1-424b-9868-57a2d4851a1d" />
    <TestEntry testId="ef9eb5e6-6082-e72a-83ec-bda63faf537c" executionId="87cb6d8e-7571-4e72-b196-77450d2e477e" testListId="8c84fa94-04c1-424b-9868-57a2d4851a1d" />
    <TestEntry testId="07fab1b9-7c1e-6ca8-5c0e-ad909ee83787" executionId="97f6db22-1bb9-4152-9c27-aa4565d7c983" testListId="8c84fa94-04c1-424b-9868-57a2d4851a1d" />
    <TestEntry testId="e47d038f-3164-bc02-965f-14e8eaa6dc9f" executionId="d320c651-ef64-48ba-8ad9-4901a54c927e" testListId="8c84fa94-04c1-424b-9868-57a2d4851a1d" />
    <TestEntry testId="3996c412-ecf0-044b-913c-f4318fe5e938" executionId="1640f5da-ca0c-41af-b5d5-213e9b2b5acb" testListId="8c84fa94-04c1-424b-9868-57a2d4851a1d" />
    <TestEntry testId="daf4b7df-8c6e-0191-9a55-17c7eb48cc1f" executionId="fb7051d4-9b40-4155-945f-ec30e32e7298" testListId="8c84fa94-04c1-424b-9868-57a2d4851a1d" />
    <TestEntry testId="89e25b59-9654-1d72-3770-a5400106fceb" executionId="8dfb8233-3d38-435b-81a5-fe59256e4806" testListId="8c84fa94-04c1-424b-9868-57a2d4851a1d" />
    <TestEntry testId="2b89cc76-aeb2-cae0-013e-7a623f2cbcb9" executionId="1d2b2eef-85dd-4054-b2ee-38a81eae77c3" testListId="8c84fa94-04c1-424b-9868-57a2d4851a1d" />
    <TestEntry testId="5035986a-30f9-b125-6d60-ea8bfc589830" executionId="d75162e0-2414-4556-abb3-b736fa6600f6" testListId="8c84fa94-04c1-424b-9868-57a2d4851a1d" />
    <TestEntry testId="0daede12-2352-8e90-5f26-da6e6ff844b7" executionId="a461c8d0-b1f1-41a3-b52a-e4440cdbc2f4" testListId="8c84fa94-04c1-424b-9868-57a2d4851a1d" />
    <TestEntry testId="e216c37e-f9d3-53f5-4021-ae4d1f426d48" executionId="b1d76337-1dd4-463a-bb49-172dfc61d620" testListId="8c84fa94-04c1-424b-9868-57a2d4851a1d" />
    <TestEntry testId="70769f16-4e8b-3601-8af2-ecb48372a8fd" executionId="6f880b77-386b-45f2-89ab-1b8de23925e6" testListId="8c84fa94-04c1-424b-9868-57a2d4851a1d" />
    <TestEntry testId="18ff3271-956f-7d37-33d0-75a89d4af87c" executionId="4606cb62-326f-4d5d-b086-aaf8a14b0d34" testListId="8c84fa94-04c1-424b-9868-57a2d4851a1d" />
    <TestEntry testId="8412a2bf-dbd0-b5cb-7bd1-09b88932398a" executionId="72eee0ac-2436-4ee9-8b46-b16687ae3aa5" testListId="8c84fa94-04c1-424b-9868-57a2d4851a1d" />
    <TestEntry testId="a69446e2-4ee4-5ec2-c827-f8539bbb6752" executionId="8466fda4-ff5f-4de9-96df-2a239d5cd21a" testListId="8c84fa94-04c1-424b-9868-57a2d4851a1d" />
    <TestEntry testId="7c0cdb0c-a25b-9dc8-9e17-82afe0871238" executionId="8df7b909-b6e1-4932-a25e-49456b31881c" testListId="8c84fa94-04c1-424b-9868-57a2d4851a1d" />
    <TestEntry testId="9d5d21de-4da2-15db-5d31-a300d50ec9df" executionId="0756a13f-edcc-4bd3-bcd7-16e3764e249b" testListId="8c84fa94-04c1-424b-9868-57a2d4851a1d" />
    <TestEntry testId="de3d051d-683d-9a20-ce7e-c2370f41e5f0" executionId="0184651f-2ad1-4a03-82e7-9c6227cc77f9" testListId="8c84fa94-04c1-424b-9868-57a2d4851a1d" />
    <TestEntry testId="54311d25-5a07-8c00-6902-b1dc60a9de5a" executionId="09c46bc9-bb68-480f-a0bc-7b27636d8f8c" testListId="8c84fa94-04c1-424b-9868-57a2d4851a1d" />
    <TestEntry testId="d93960ac-1702-bf7b-e74f-4b984d158b5d" executionId="2b19ee85-b40d-42c8-a30a-b9ec8ff4f3fe" testListId="8c84fa94-04c1-424b-9868-57a2d4851a1d" />
    <TestEntry testId="97d33781-3bca-0061-4e20-2e00a902501f" executionId="6ae7fe92-8beb-4e04-857b-89e75194098c" testListId="8c84fa94-04c1-424b-9868-57a2d4851a1d" />
    <TestEntry testId="a554fdca-55c7-a5a2-f7e9-1a8cd195e99c" executionId="188dd9f6-3f3d-406c-b8ca-3c908cdf9280" testListId="8c84fa94-04c1-424b-9868-57a2d4851a1d" />
    <TestEntry testId="f1a94246-3816-9370-fe80-3e3e37a0f53e" executionId="06f205d9-0a43-4fef-a71f-27e366762371" testListId="8c84fa94-04c1-424b-9868-57a2d4851a1d" />
    <TestEntry testId="30f41284-1f0d-1527-e688-6188a0f7ff2c" executionId="cbf56e4b-5182-48d4-828d-1e8bbf78eb8b" testListId="8c84fa94-04c1-424b-9868-57a2d4851a1d" />
    <TestEntry testId="b7faa8a8-d41a-9072-8ac4-8e9683c38622" executionId="08ea29ef-cfd4-4e9b-b44f-f85acdb60fd0" testListId="8c84fa94-04c1-424b-9868-57a2d4851a1d" />
    <TestEntry testId="f40a06fe-6d9e-48a5-2b6d-160a02f8dfe0" executionId="64d51ba5-3ba7-4e2d-a75a-09a35e0fbff0" testListId="8c84fa94-04c1-424b-9868-57a2d4851a1d" />
    <TestEntry testId="46d9882f-4546-bfa2-4aaa-c2b46e66f983" executionId="93da35df-89e2-4c72-a0ea-d3bfa633acbb" testListId="8c84fa94-04c1-424b-9868-57a2d4851a1d" />
    <TestEntry testId="add7a457-4267-e39f-ec4c-a9b7911b9f35" executionId="e5dfc43b-620f-4cd3-aabc-7680b8434796" testListId="8c84fa94-04c1-424b-9868-57a2d4851a1d" />
    <TestEntry testId="93ee3ef4-c43a-288d-4087-b1b77816ba21" executionId="e8a343ac-9217-4597-b307-e6a2e35b6105" testListId="8c84fa94-04c1-424b-9868-57a2d4851a1d" />
    <TestEntry testId="7e996e7e-0c11-519b-2759-1625bf0ff4c4" executionId="3e5dbdbd-6c04-4fd0-a1d8-2fcd45246e92" testListId="8c84fa94-04c1-424b-9868-57a2d4851a1d" />
    <TestEntry testId="10cd180b-23cd-305f-ab98-29626d4cbff6" executionId="614e56a9-fd0a-4d0e-8abe-fed64e7bcb49" testListId="8c84fa94-04c1-424b-9868-57a2d4851a1d" />
    <TestEntry testId="8ba2c262-ef18-583c-63d7-23cfca3106a3" executionId="1c694f4a-fb82-4415-893e-a649b51d0d6c" testListId="8c84fa94-04c1-424b-9868-57a2d4851a1d" />
    <TestEntry testId="06d9e881-e014-6c2c-f05f-3314528c3518" executionId="ba37d3a0-1dba-43a6-b97c-04c9b24d9c7b" testListId="8c84fa94-04c1-424b-9868-57a2d4851a1d" />
    <TestEntry testId="2292f52e-5248-45de-b31b-6529d8243c67" executionId="1fb637d0-326c-4c43-a622-60b16ad95c8f" testListId="8c84fa94-04c1-424b-9868-57a2d4851a1d" />
    <TestEntry testId="286ca48c-634b-f262-ba32-8ef1b30d6a4b" executionId="afb4e51c-0f2b-4bd3-8960-85c53d716e9d" testListId="8c84fa94-04c1-424b-9868-57a2d4851a1d" />
    <TestEntry testId="afb22a7c-3659-de2a-6ff4-9044458fd2cf" executionId="481ae748-4fc6-4b6f-b929-e386c1b392f9" testListId="8c84fa94-04c1-424b-9868-57a2d4851a1d" />
    <TestEntry testId="24c3341d-9785-9c7b-638c-a35225afa71f" executionId="7bdb14c8-a248-4d40-adb4-29de5377aac3" testListId="8c84fa94-04c1-424b-9868-57a2d4851a1d" />
    <TestEntry testId="a65a3a15-46d3-df5f-3811-18740f7a06b1" executionId="17c25e3f-81e6-4d63-aece-83287fe07e56" testListId="8c84fa94-04c1-424b-9868-57a2d4851a1d" />
    <TestEntry testId="84c4fbab-71a8-a0df-ba75-de1e74d3f9b7" executionId="a3d413dc-69d4-47a7-b36d-6bd6eb95dc91" testListId="8c84fa94-04c1-424b-9868-57a2d4851a1d" />
  </TestEntries>
  <TestLists>
    <TestList name="Wyniki, których nie ma na liście" id="8c84fa94-04c1-424b-9868-57a2d4851a1d" />
    <TestList name="Wszystkie załadowane wyniki" id="19431567-8539-422a-85d7-44ee4e166bda" />
  </TestLists>
  <ResultSummary outcome="Completed">
    <Counters total="174" executed="174" passed="174" failed="0" error="0" timeout="0" aborted="0" inconclusive="0" passedButRunAborted="0" notRunnable="0" notExecuted="0" disconnected="0" warning="0" completed="0" inProgress="0" pending="0" />
    <Output>
      <StdOut>[xUnit.net 00:00:00.00] xUnit.net VSTest Adapter v2.8.2+699d445a1a (64-bit .NET 10.0.5)&#xD;
[xUnit.net 00:00:00.73]   Discovering: RestAll.Desktop.Tests&#xD;
[xUnit.net 00:00:00.78]   Discovered:  RestAll.Desktop.Tests&#xD;
[xUnit.net 00:00:00.78]   Starting:    RestAll.Desktop.Tests&#xD;
[xUnit.net 00:00:02.24]   Finished:    RestAll.Desktop.Tests&#xD;
</StdOut>
    </Output>
  </ResultSummary>
</TestRun>